[33mWARNING [0m juju.client.connection:connection.py:654 RPC: Connection closed, reconnecting
[1m[31mERROR   [0m juju.client.connection:connection.py:662 RPC: Automatic reconnect failed
[33mWARNING [0m juju.client.connection:connection.py:654 RPC: Connection closed, reconnecting
[1m[31mERROR   [0m juju.client.connection:connection.py:662 RPC: Automatic reconnect failed
[33mWARNING [0m juju.client.connection:connection.py:654 RPC: Connection closed, reconnecting
[1m[31mERROR   [0m juju.client.connection:connection.py:662 RPC: Automatic reconnect failed
[33mWARNING [0m juju.client.connection:connection.py:654 RPC: Connection closed, reconnecting
[1m[31mERROR   [0m juju.client.connection:connection.py:662 RPC: Automatic reconnect failed
[33mWARNING [0m juju.client.connection:connection.py:654 RPC: Connection closed, reconnecting
[1m[31mERROR   [0m juju.client.connection:connection.py:662 RPC: Automatic reconnect failed
[33mWARNING [0m juju.client.connection:connection.py:654 RPC: Connection closed, reconnecting
[1m[31mERROR   [0m juju.client.connection:connection.py:662 RPC: Automatic reconnect failed
[33mWARNING [0m juju.client.connection:connection.py:654 RPC: Connection closed, reconnecting
[1m[31mERROR   [0m juju.client.connection:connection.py:662 RPC: Automatic reconnect failed
[33mWARNING [0m juju.client.connection:connection.py:654 RPC: Connection closed, reconnecting
[1m[31mERROR   [0m juju.client.connection:connection.py:662 RPC: Automatic reconnect failed
[33mWARNING [0m juju.client.connection:connection.py:654 RPC: Connection closed, reconnecting
[1m[31mERROR   [0m juju.client.connection:connection.py:662 RPC: Automatic reconnect failed
[33mWARNING [0m juju.client.connection:connection.py:654 RPC: Connection closed, reconnecting
[1m[31mERROR   [0m juju.client.connection:connection.py:662 RPC: Automatic reconnect failed
[33mWARNING [0m juju.client.connection:connection.py:654 RPC: Connection closed, reconnecting
[1m[31mERROR   [0m juju.client.connection:connection.py:662 RPC: Automatic reconnect failed
[33mWARNING [0m juju.client.connection:connection.py:654 RPC: Connection closed, reconnecting
[1m[31mERROR   [0m juju.client.connection:connection.py:662 RPC: Automatic reconnect failed
[33mWARNING [0m juju.client.connection:connection.py:654 RPC: Connection closed, reconnecting
[1m[31mERROR   [0m juju.client.connection:connection.py:662 RPC: Automatic reconnect failed
[33mWARNING [0m juju.client.connection:connection.py:654 RPC: Connection closed, reconnecting
[1m[31mERROR   [0m juju.client.connection:connection.py:662 RPC: Automatic reconnect failed
[33mWARNING [0m juju.client.connection:connection.py:654 RPC: Connection closed, reconnecting
[1m[31mERROR   [0m juju.client.connection:connection.py:662 RPC: Automatic reconnect failed
[33mWARNING [0m juju.client.connection:connection.py:654 RPC: Connection closed, reconnecting
[1m[31mERROR   [0m juju.client.connection:connection.py:662 RPC: Automatic reconnect failed
[33mWARNING [0m juju.client.connection:connection.py:654 RPC: Connection closed, reconnecting
[1m[31mERROR   [0m juju.client.connection:connection.py:662 RPC: Automatic reconnect failed
[33mWARNING [0m juju.client.connection:connection.py:654 RPC: Connection closed, reconnecting
[1m[31mERROR   [0m juju.client.connection:connection.py:662 RPC: Automatic reconnect failed
[33mWARNING [0m juju.client.connection:connection.py:654 RPC: Connection closed, reconnecting
[1m[31mERROR   [0m juju.client.connection:connection.py:662 RPC: Automatic reconnect failed
[33mWARNING [0m juju.client.connection:connection.py:654 RPC: Connection closed, reconnecting
[1m[31mERROR   [0m juju.client.connection:connection.py:662 RPC: Automatic reconnect failed
[33mWARNING [0m juju.client.connection:connection.py:654 RPC: Connection closed, reconnecting
[1m[31mERROR   [0m juju.client.connection:connection.py:662 RPC: Automatic reconnect failed
[33mWARNING [0m juju.client.connection:connection.py:654 RPC: Connection closed, reconnecting
[1m[31mERROR   [0m juju.client.connection:connection.py:662 RPC: Automatic reconnect failed
[33mWARNING [0m juju.client.connection:connection.py:654 RPC: Connection closed, reconnecting
[1m[31mERROR   [0m juju.client.connection:connection.py:662 RPC: Automatic reconnect failed
[33mWARNING [0m juju.client.connection:connection.py:654 RPC: Connection closed, reconnecting
[1m[31mERROR   [0m juju.client.connection:connection.py:662 RPC: Automatic reconnect failed
[33mWARNING [0m juju.client.connection:connection.py:654 RPC: Connection closed, reconnecting
[1m[31mERROR   [0m juju.client.connection:connection.py:662 RPC: Automatic reconnect failed
[33mWARNING [0m juju.client.connection:connection.py:654 RPC: Connection closed, reconnecting
[1m[31mERROR   [0m juju.client.connection:connection.py:662 RPC: Automatic reconnect failed
[33mWARNING [0m juju.client.connection:connection.py:654 RPC: Connection closed, reconnecting
[1m[31mERROR   [0m juju.client.connection:connection.py:662 RPC: Automatic reconnect failed
[33mWARNING [0m juju.client.connection:connection.py:654 RPC: Connection closed, reconnecting
[1m[31mERROR   [0m juju.client.connection:connection.py:662 RPC: Automatic reconnect failed
[33mWARNING [0m juju.client.connection:connection.py:654 RPC: Connection closed, reconnecting
[1m[31mERROR   [0m juju.client.connection:connection.py:662 RPC: Automatic reconnect failed
[33mWARNING [0m juju.client.connection:connection.py:654 RPC: Connection closed, reconnecting
[1m[31mERROR   [0m juju.client.connection:connection.py:662 RPC: Automatic reconnect failed
[33mWARNING [0m juju.client.connection:connection.py:654 RPC: Connection closed, reconnecting
[1m[31mERROR   [0m juju.client.connection:connection.py:662 RPC: Automatic reconnect failed
[33mWARNING [0m juju.client.connection:connection.py:654 RPC: Connection closed, reconnecting
[1m[31mERROR   [0m juju.client.connection:connection.py:662 RPC: Automatic reconnect failed
[33mWARNING [0m juju.client.connection:connection.py:654 RPC: Connection closed, reconnecting
[1m[31mERROR   [0m juju.client.connection:connection.py:662 RPC: Automatic reconnect failed
[33mWARNING [0m juju.client.connection:connection.py:654 RPC: Connection closed, reconnecting
[1m[31mERROR   [0m juju.client.connection:connection.py:662 RPC: Automatic reconnect failed
[33mWARNING [0m juju.client.connection:connection.py:654 RPC: Connection closed, reconnecting
[1m[31mERROR   [0m juju.client.connection:connection.py:662 RPC: Automatic reconnect failed
[33mWARNING [0m juju.client.connection:connection.py:654 RPC: Connection closed, reconnecting
[1m[31mERROR   [0m juju.client.connection:connection.py:662 RPC: Automatic reconnect failed
[33mWARNING [0m juju.client.connection:connection.py:654 RPC: Connection closed, reconnecting
[1m[31mERROR   [0m juju.client.connection:connection.py:662 RPC: Automatic reconnect failed
[33mWARNING [0m juju.client.connection:connection.py:654 RPC: Connection closed, reconnecting
[1m[31mERROR   [0m juju.client.connection:connection.py:662 RPC: Automatic reconnect failed
[33mWARNING [0m juju.client.connection:connection.py:654 RPC: Connection closed, reconnecting
[1m[31mERROR   [0m juju.client.connection:connection.py:662 RPC: Automatic reconnect failed
[33mWARNING [0m juju.client.connection:connection.py:654 RPC: Connection closed, reconnecting
[1m[31mERROR   [0m juju.client.connection:connection.py:662 RPC: Automatic reconnect failed
[33mWARNING [0m juju.client.connection:connection.py:654 RPC: Connection closed, reconnecting
[1m[31mERROR   [0m juju.client.connection:connection.py:662 RPC: Automatic reconnect failed
[33mWARNING [0m juju.client.connection:connection.py:654 RPC: Connection closed, reconnecting
[1m[31mERROR   [0m juju.client.connection:connection.py:662 RPC: Automatic reconnect failed
[33mWARNING [0m juju.client.connection:connection.py:654 RPC: Connection closed, reconnecting
[1m[31mERROR   [0m juju.client.connection:connection.py:662 RPC: Automatic reconnect failed
[33mWARNING [0m juju.client.connection:connection.py:654 RPC: Connection closed, reconnecting
[1m[31mERROR   [0m juju.client.connection:connection.py:662 RPC: Automatic reconnect failed
[33mWARNING [0m juju.client.connection:connection.py:654 RPC: Connection closed, reconnecting
[1m[31mERROR   [0m juju.client.connection:connection.py:662 RPC: Automatic reconnect failed
[33mWARNING [0m juju.client.connection:connection.py:654 RPC: Connection closed, reconnecting
[1m[31mERROR   [0m juju.client.connection:connection.py:662 RPC: Automatic reconnect failed
[33mWARNING [0m juju.client.connection:connection.py:654 RPC: Connection closed, reconnecting
[1m[31mERROR   [0m juju.client.connection:connection.py:662 RPC: Automatic reconnect failed
[33mWARNING [0m juju.client.connection:connection.py:654 RPC: Connection closed, reconnecting
[1m[31mERROR   [0m juju.client.connection:connection.py:662 RPC: Automatic reconnect failed
[33mWARNING [0m juju.client.connection:connection.py:654 RPC: Connection closed, reconnecting
[1m[31mERROR   [0m juju.client.connection:connection.py:662 RPC: Automatic reconnect failed
[33mWARNING [0m juju.client.connection:connection.py:654 RPC: Connection closed, reconnecting
[1m[31mERROR   [0m juju.client.connection:connection.py:662 RPC: Automatic reconnect failed
[33mWARNING [0m juju.client.connection:connection.py:654 RPC: Connection closed, reconnecting
[1m[31mERROR   [0m juju.client.connection:connection.py:662 RPC: Automatic reconnect failed
[33mWARNING [0m juju.client.connection:connection.py:654 RPC: Connection closed, reconnecting
[1m[31mERROR   [0m juju.client.connection:connection.py:662 RPC: Automatic reconnect failed
[33mWARNING [0m juju.client.connection:connection.py:654 RPC: Connection closed, reconnecting
[1m[31mERROR   [0m juju.client.connection:connection.py:662 RPC: Automatic reconnect failed
[33mWARNING [0m juju.client.connection:connection.py:654 RPC: Connection closed, reconnecting
[1m[31mERROR   [0m juju.client.connection:connection.py:662 RPC: Automatic reconnect failed
[33mWARNING [0m juju.client.connection:connection.py:654 RPC: Connection closed, reconnecting
[1m[31mERROR   [0m juju.client.connection:connection.py:662 RPC: Automatic reconnect failed
[33mWARNING [0m juju.client.connection:connection.py:654 RPC: Connection closed, reconnecting
[1m[31mERROR   [0m juju.client.connection:connection.py:662 RPC: Automatic reconnect failed
[33mWARNING [0m juju.client.connection:connection.py:654 RPC: Connection closed, reconnecting
[1m[31mERROR   [0m juju.client.connection:connection.py:662 RPC: Automatic reconnect failed
[33mWARNING [0m juju.client.connection:connection.py:654 RPC: Connection closed, reconnecting
[1m[31mERROR   [0m juju.client.connection:connection.py:662 RPC: Automatic reconnect failed
[33mWARNING [0m juju.client.connection:connection.py:654 RPC: Connection closed, reconnecting
[1m[31mERROR   [0m juju.client.connection:connection.py:662 RPC: Automatic reconnect failed
[33mWARNING [0m juju.client.connection:connection.py:654 RPC: Connection closed, reconnecting
[1m[31mERROR   [0m juju.client.connection:connection.py:662 RPC: Automatic reconnect failed
[33mWARNING [0m juju.client.connection:connection.py:654 RPC: Connection closed, reconnecting
[1m[31mERROR   [0m juju.client.connection:connection.py:662 RPC: Automatic reconnect failed
[33mWARNING [0m juju.client.connection:connection.py:654 RPC: Connection closed, reconnecting
[1m[31mERROR   [0m juju.client.connection:connection.py:662 RPC: Automatic reconnect failed
[33mWARNING [0m juju.client.connection:connection.py:654 RPC: Connection closed, reconnecting
[1m[31mERROR   [0m juju.client.connection:connection.py:662 RPC: Automatic reconnect failed
[33mWARNING [0m juju.client.connection:connection.py:654 RPC: Connection closed, reconnecting
[1m[31mERROR   [0m juju.client.connection:connection.py:662 RPC: Automatic reconnect failed
[33mWARNING [0m juju.client.connection:connection.py:654 RPC: Connection closed, reconnecting
[1m[31mERROR   [0m juju.client.connection:connection.py:662 RPC: Automatic reconnect failed
[33mWARNING [0m juju.client.connection:connection.py:654 RPC: Connection closed, reconnecting
[1m[31mERROR   [0m juju.client.connection:connection.py:662 RPC: Automatic reconnect failed
[33mWARNING [0m juju.client.connection:connection.py:654 RPC: Connection closed, reconnecting
[1m[31mERROR   [0m juju.client.connection:connection.py:662 RPC: Automatic reconnect failed
[33mWARNING [0m juju.client.connection:connection.py:654 RPC: Connection closed, reconnecting
[1m[31mERROR   [0m juju.client.connection:connection.py:662 RPC: Automatic reconnect failed
[33mWARNING [0m juju.client.connection:connection.py:654 RPC: Connection closed, reconnecting
[1m[31mERROR   [0m juju.client.connection:connection.py:662 RPC: Automatic reconnect failed
[33mWARNING [0m juju.client.connection:connection.py:654 RPC: Connection closed, reconnecting
[1m[31mERROR   [0m juju.client.connection:connection.py:662 RPC: Automatic reconnect failed
[33mWARNING [0m juju.client.connection:connection.py:654 RPC: Connection closed, reconnecting
[1m[31mERROR   [0m juju.client.connection:connection.py:662 RPC: Automatic reconnect failed
[33mWARNING [0m juju.client.connection:connection.py:654 RPC: Connection closed, reconnecting
[1m[31mERROR   [0m juju.client.connection:connection.py:662 RPC: Automatic reconnect failed
[33mWARNING [0m juju.client.connection:connection.py:654 RPC: Connection closed, reconnecting
[1m[31mERROR   [0m juju.client.connection:connection.py:662 RPC: Automatic reconnect failed
[33mWARNING [0m juju.client.connection:connection.py:654 RPC: Connection closed, reconnecting
[1m[31mERROR   [0m juju.client.connection:connection.py:662 RPC: Automatic reconnect failed
[33mWARNING [0m juju.client.connection:connection.py:654 RPC: Connection closed, reconnecting
[1m[31mERROR   [0m juju.client.connection:connection.py:662 RPC: Automatic reconnect failed
[33mWARNING [0m juju.client.connection:connection.py:654 RPC: Connection closed, reconnecting
[1m[31mERROR   [0m juju.client.connection:connection.py:662 RPC: Automatic reconnect failed
[33mWARNING [0m juju.client.connection:connection.py:654 RPC: Connection closed, reconnecting
[1m[31mERROR   [0m juju.client.connection:connection.py:662 RPC: Automatic reconnect failed
[33mWARNING [0m juju.client.connection:connection.py:654 RPC: Connection closed, reconnecting
[1m[31mERROR   [0m juju.client.connection:connection.py:662 RPC: Automatic reconnect failed
[33mWARNING [0m juju.client.connection:connection.py:654 RPC: Connection closed, reconnecting
[1m[31mERROR   [0m juju.client.connection:connection.py:662 RPC: Automatic reconnect failed
[33mWARNING [0m juju.client.connection:connection.py:654 RPC: Connection closed, reconnecting
[1m[31mERROR   [0m juju.client.connection:connection.py:662 RPC: Automatic reconnect failed
[33mWARNING [0m juju.client.connection:connection.py:654 RPC: Connection closed, reconnecting
[1m[31mERROR   [0m juju.client.connection:connection.py:662 RPC: Automatic reconnect failed
[33mWARNING [0m juju.client.connection:connection.py:654 RPC: Connection closed, reconnecting
[1m[31mERROR   [0m juju.client.connection:connection.py:662 RPC: Automatic reconnect failed
[33mWARNING [0m juju.client.connection:connection.py:654 RPC: Connection closed, reconnecting
[1m[31mERROR   [0m juju.client.connection:connection.py:662 RPC: Automatic reconnect failed
[33mWARNING [0m juju.client.connection:connection.py:654 RPC: Connection closed, reconnecting
[1m[31mERROR   [0m juju.client.connection:connection.py:662 RPC: Automatic reconnect failed
[33mWARNING [0m juju.client.connection:connection.py:654 RPC: Connection closed, reconnecting
[1m[31mERROR   [0m juju.client.connection:connection.py:662 RPC: Automatic reconnect failed
[33mWARNING [0m juju.client.connection:connection.py:654 RPC: Connection closed, reconnecting
[1m[31mERROR   [0m juju.client.connection:connection.py:662 RPC: Automatic reconnect failed
[33mWARNING [0m juju.client.connection:connection.py:654 RPC: Connection closed, reconnecting
[1m[31mERROR   [0m juju.client.connection:connection.py:662 RPC: Automatic reconnect failed
[33mWARNING [0m juju.client.connection:connection.py:654 RPC: Connection closed, reconnecting
[1m[31mERROR   [0m juju.client.connection:connection.py:662 RPC: Automatic reconnect failed
[33mWARNING [0m juju.client.connection:connection.py:654 RPC: Connection closed, reconnecting
[1m[31mERROR   [0m juju.client.connection:connection.py:662 RPC: Automatic reconnect failed
[33mWARNING [0m juju.client.connection:connection.py:654 RPC: Connection closed, reconnecting
[1m[31mERROR   [0m juju.client.connection:connection.py:662 RPC: Automatic reconnect failed
[33mWARNING [0m juju.client.connection:connection.py:654 RPC: Connection closed, reconnecting
[1m[31mERROR   [0m juju.client.connection:connection.py:662 RPC: Automatic reconnect failed
[33mWARNING [0m juju.client.connection:connection.py:654 RPC: Connection closed, reconnecting
[1m[31mERROR   [0m juju.client.connection:connection.py:662 RPC: Automatic reconnect failed
[33mWARNING [0m juju.client.connection:connection.py:654 RPC: Connection closed, reconnecting
[1m[31mERROR   [0m juju.client.connection:connection.py:662 RPC: Automatic reconnect failed
[33mWARNING [0m juju.client.connection:connection.py:654 RPC: Connection closed, reconnecting
[1m[31mERROR   [0m juju.client.connection:connection.py:662 RPC: Automatic reconnect failed
[33mWARNING [0m juju.client.connection:connection.py:654 RPC: Connection closed, reconnecting
[1m[31mERROR   [0m juju.client.connection:connection.py:662 RPC: Automatic reconnect failed
[33mWARNING [0m juju.client.connection:connection.py:654 RPC: Connection closed, reconnecting
[1m[31mERROR   [0m juju.client.connection:connection.py:662 RPC: Automatic reconnect failed
[33mWARNING [0m juju.client.connection:connection.py:654 RPC: Connection closed, reconnecting
[1m[31mERROR   [0m juju.client.connection:connection.py:662 RPC: Automatic reconnect failed
[33mWARNING [0m juju.client.connection:connection.py:654 RPC: Connection closed, reconnecting
[1m[31mERROR   [0m juju.client.connection:connection.py:662 RPC: Automatic reconnect failed
[33mWARNING [0m juju.client.connection:connection.py:654 RPC: Connection closed, reconnecting
[1m[31mERROR   [0m juju.client.connection:connection.py:662 RPC: Automatic reconnect failed
[33mWARNING [0m juju.client.connection:connection.py:654 RPC: Connection closed, reconnecting
[1m[31mERROR   [0m juju.client.connection:connection.py:662 RPC: Automatic reconnect failed
[33mWARNING [0m juju.client.connection:connection.py:654 RPC: Connection closed, reconnecting
[1m[31mERROR   [0m juju.client.connection:connection.py:662 RPC: Automatic reconnect failed
[33mWARNING [0m juju.client.connection:connection.py:654 RPC: Connection closed, reconnecting
[1m[31mERROR   [0m juju.client.connection:connection.py:662 RPC: Automatic reconnect failed
[33mWARNING [0m juju.client.connection:connection.py:654 RPC: Connection closed, reconnecting
[1m[31mERROR   [0m juju.client.connection:connection.py:662 RPC: Automatic reconnect failed
[33mWARNING [0m juju.client.connection:connection.py:654 RPC: Connection closed, reconnecting
[1m[31mERROR   [0m juju.client.connection:connection.py:662 RPC: Automatic reconnect failed
[33mWARNING [0m juju.client.connection:connection.py:654 RPC: Connection closed, reconnecting
[1m[31mERROR   [0m juju.client.connection:connection.py:662 RPC: Automatic reconnect failed
[33mWARNING [0m juju.client.connection:connection.py:654 RPC: Connection closed, reconnecting
[1m[31mERROR   [0m juju.client.connection:connection.py:662 RPC: Automatic reconnect failed
[33mWARNING [0m juju.client.connection:connection.py:654 RPC: Connection closed, reconnecting
[1m[31mERROR   [0m juju.client.connection:connection.py:662 RPC: Automatic reconnect failed
[33mWARNING [0m juju.client.connection:connection.py:654 RPC: Connection closed, reconnecting
[1m[31mERROR   [0m juju.client.connection:connection.py:662 RPC: Automatic reconnect failed
[33mWARNING [0m juju.client.connection:connection.py:654 RPC: Connection closed, reconnecting
[1m[31mERROR   [0m juju.client.connection:connection.py:662 RPC: Automatic reconnect failed
[33mWARNING [0m juju.client.connection:connection.py:654 RPC: Connection closed, reconnecting
[1m[31mERROR   [0m juju.client.connection:connection.py:662 RPC: Automatic reconnect failed
[33mWARNING [0m juju.client.connection:connection.py:654 RPC: Connection closed, reconnecting
[1m[31mERROR   [0m juju.client.connection:connection.py:662 RPC: Automatic reconnect failed
[33mWARNING [0m juju.client.connection:connection.py:654 RPC: Connection closed, reconnecting
[1m[31mERROR   [0m juju.client.connection:connection.py:662 RPC: Automatic reconnect failed
[33mWARNING [0m juju.client.connection:connection.py:654 RPC: Connection closed, reconnecting
[1m[31mERROR   [0m juju.client.connection:connection.py:662 RPC: Automatic reconnect failed
[33mWARNING [0m juju.client.connection:connection.py:654 RPC: Connection closed, reconnecting
[1m[31mERROR   [0m juju.client.connection:connection.py:662 RPC: Automatic reconnect failed
[33mWARNING [0m juju.client.connection:connection.py:654 RPC: Connection closed, reconnecting
[1m[31mERROR   [0m juju.client.connection:connection.py:662 RPC: Automatic reconnect failed
[33mWARNING [0m juju.client.connection:connection.py:654 RPC: Connection closed, reconnecting
[1m[31mERROR   [0m juju.client.connection:connection.py:662 RPC: Automatic reconnect failed
[33mWARNING [0m juju.client.connection:connection.py:654 RPC: Connection closed, reconnecting
[1m[31mERROR   [0m juju.client.connection:connection.py:662 RPC: Automatic reconnect failed
[33mWARNING [0m juju.client.connection:connection.py:654 RPC: Connection closed, reconnecting
[1m[31mERROR   [0m juju.client.connection:connection.py:662 RPC: Automatic reconnect failed
[33mWARNING [0m juju.client.connection:connection.py:654 RPC: Connection closed, reconnecting
[1m[31mERROR   [0m juju.client.connection:connection.py:662 RPC: Automatic reconnect failed
[33mWARNING [0m juju.client.connection:connection.py:654 RPC: Connection closed, reconnecting
[1m[31mERROR   [0m juju.client.connection:connection.py:662 RPC: Automatic reconnect failed
[33mWARNING [0m juju.client.connection:connection.py:654 RPC: Connection closed, reconnecting
[1m[31mERROR   [0m juju.client.connection:connection.py:662 RPC: Automatic reconnect failed
[33mWARNING [0m juju.client.connection:connection.py:654 RPC: Connection closed, reconnecting
[1m[31mERROR   [0m juju.client.connection:connection.py:662 RPC: Automatic reconnect failed
[33mWARNING [0m juju.client.connection:connection.py:654 RPC: Connection closed, reconnecting
[1m[31mERROR   [0m juju.client.connection:connection.py:662 RPC: Automatic reconnect failed
[32mINFO    [0m pytest_operator.plugin:plugin.py:862 Model status:

Model  Controller          Cloud/Region        Version  SLA          Timestamp
test   microk8s-localhost  microk8s/localhost  3.1.8    unsupported  02:25:24Z

App                  Version  Status   Scale  Charm                Channel  Rev  Address         Exposed  Message
postgresql-k8s       14.11    waiting      3  postgresql-k8s                  0  10.152.183.186  no       installing agent
postgresql-test-app           active       1  postgresql-test-app  edge     173  10.152.183.252  no       

Unit                    Workload     Agent  Address     Ports  Message
postgresql-k8s/0*       maintenance  idle   10.1.83.76         stopping charm software
postgresql-k8s/1        active       idle   10.1.83.75         
postgresql-k8s/2        maintenance  idle   10.1.83.77         
postgresql-test-app/0*  active       idle   10.1.83.78         

[32mINFO    [0m pytest_operator.plugin:plugin.py:868 Juju error logs:

unit-postgresql-k8s-2: 01:37:44 ERROR unit.postgresql-k8s/2.juju-log failed to change plugins: 
Traceback (most recent call last):
  File "/var/lib/juju/agents/unit-postgresql-k8s-2/charm/lib/charms/postgresql_k8s/v0/postgresql.py", line 303, in enable_disable_extensions
    with self._connect_to_database() as connection, connection.cursor() as cursor:
  File "/var/lib/juju/agents/unit-postgresql-k8s-2/charm/lib/charms/tempo_k8s/v1/charm_tracing.py", line 544, in wrapped_function
    return callable(*args, **kwargs)  # type: ignore
  File "/var/lib/juju/agents/unit-postgresql-k8s-2/charm/lib/charms/postgresql_k8s/v0/postgresql.py", line 127, in _connect_to_database
    connection = psycopg2.connect(
  File "/var/lib/juju/agents/unit-postgresql-k8s-2/charm/venv/psycopg2/__init__.py", line 122, in connect
    conn = _connect(dsn, connection_factory=connection_factory, **kwasync)
psycopg2.OperationalError: connection to server at "postgresql-k8s-primary.test.svc.cluster.local" (10.152.183.41), port 5432 failed: Connection refused
	Is the server running on that host and accepting TCP/IP connections?


During handling of the above exception, another exception occurred:

Traceback (most recent call last):
  File "/var/lib/juju/agents/unit-postgresql-k8s-2/charm/./src/charm.py", line 639, in enable_disable_extensions
    self.postgresql.enable_disable_extensions(extensions, database)
  File "/var/lib/juju/agents/unit-postgresql-k8s-2/charm/lib/charms/tempo_k8s/v1/charm_tracing.py", line 544, in wrapped_function
    return callable(*args, **kwargs)  # type: ignore
  File "/var/lib/juju/agents/unit-postgresql-k8s-2/charm/lib/charms/postgresql_k8s/v0/postgresql.py", line 327, in enable_disable_extensions
    raise PostgreSQLEnableDisableExtensionError()
charms.postgresql_k8s.v0.postgresql.PostgreSQLEnableDisableExtensionError
unit-postgresql-test-app-0: 01:54:40 ERROR unit.postgresql-test-app/0.juju-log Unable to drop table
Traceback (most recent call last):
  File "/var/lib/juju/agents/unit-postgresql-test-app-0/charm/./src/charm.py", line 281, in _on_clear_continuous_writes_action
    with psycopg2.connect(
  File "/var/lib/juju/agents/unit-postgresql-test-app-0/charm/venv/psycopg2/__init__.py", line 122, in connect
    conn = _connect(dsn, connection_factory=connection_factory, **kwasync)
psycopg2.OperationalError: connection to server at "postgresql-k8s-primary.test.svc.cluster.local" (10.152.183.41), port 5432 failed: Connection refused
	Is the server running on that host and accepting TCP/IP connections?

unit-postgresql-test-app-0: 01:54:40 ERROR unit.postgresql-test-app/0.juju-log Uncaught exception while in charm code:
Traceback (most recent call last):
  File "/var/lib/juju/agents/unit-postgresql-test-app-0/charm/./src/charm.py", line 504, in <module>
    main(ApplicationCharm)
  File "/var/lib/juju/agents/unit-postgresql-test-app-0/charm/venv/ops/main.py", line 548, in main
    manager.run()
  File "/var/lib/juju/agents/unit-postgresql-test-app-0/charm/venv/ops/main.py", line 527, in run
    self._emit()
  File "/var/lib/juju/agents/unit-postgresql-test-app-0/charm/venv/ops/main.py", line 516, in _emit
    _emit_charm_event(self.charm, self.dispatcher.event_name)
  File "/var/lib/juju/agents/unit-postgresql-test-app-0/charm/venv/ops/main.py", line 147, in _emit_charm_event
    event_to_emit.emit(*args, **kwargs)
  File "/var/lib/juju/agents/unit-postgresql-test-app-0/charm/venv/ops/framework.py", line 348, in emit
    framework._emit(event)
  File "/var/lib/juju/agents/unit-postgresql-test-app-0/charm/venv/ops/framework.py", line 860, in _emit
    self._reemit(event_path)
  File "/var/lib/juju/agents/unit-postgresql-test-app-0/charm/venv/ops/framework.py", line 950, in _reemit
    custom_handler(event)
  File "/var/lib/juju/agents/unit-postgresql-test-app-0/charm/./src/charm.py", line 290, in _on_clear_continuous_writes_action
    connection.close()
UnboundLocalError: local variable 'connection' referenced before assignment
unit-postgresql-k8s-1: 01:56:19 ERROR juju.worker.uniter pebble poll failed for container "postgresql": failed to send pebble-ready event: terminated
unit-postgresql-k8s-1: 01:56:55 ERROR juju.worker.dependency "migration-inactive-flag" manifold worker returned unexpected error: connection is shut down
unit-postgresql-k8s-1: 01:56:56 ERROR juju.worker.uniter.operation after executing operation "run pebble-ready hook" for postgresql-k8s/1 for postgresql-k8s/1: writing state: connection is shut down
unit-postgresql-k8s-1: 01:56:56 ERROR juju.worker.caasunitterminationworker error while terminating unit: connection is shut down
unit-postgresql-k8s-1: 01:56:57 ERROR juju.worker.dependency "upgrader" manifold worker returned unexpected error: connection is shut down
unit-postgresql-k8s-1: 01:56:57 ERROR juju.worker.dependency "migration-minion" manifold worker returned unexpected error: connection is shut down
unit-postgresql-k8s-1: 01:56:57 ERROR juju.worker.dependency "api-caller" manifold worker returned unexpected error: api connection broken unexpectedly
controller-0: 01:57:09 ERROR juju.worker.caasapplicationprovisioner.runner exited "postgresql-test-app": refreshing application status for "postgresql-test-app": Get "https://10.152.183.1:443/api/v1/namespaces/test/pods?labelSelector=app.kubernetes.io%2Fname%3Dpostgresql-test-app": http2: client connection lost
controller-0: 01:57:09 ERROR juju.worker.caasapplicationprovisioner.runner exited "postgresql-k8s": refreshing application status for "postgresql-k8s": Get "https://10.152.183.1:443/apis/apps/v1/namespaces/test/statefulsets/postgresql-k8s": http2: client connection lost
model-b4a250b6-6e7a-429b-8d62-8b6fe3fe759f: 01:57:17 ERROR juju.kubernetes.klog github.com/juju/juju/worker/caasrbacmapper/mapper.go:79: Failed to watch *v1.ServiceAccount: failed to list *v1.ServiceAccount: Get "https://10.152.183.1:443/api/v1/namespaces/test/serviceaccounts?resourceVersion=5643": dial tcp 10.152.183.1:443: connect: connection refused - error from a previous attempt: read tcp 10.1.83.70:56890->10.152.183.1:443: read: connection reset by peer
controller-0: 01:57:17 ERROR juju.worker.caasapplicationprovisioner.runner exited "postgresql-k8s": checking if "postgresql-k8s" has an operator pod due to upgrading the charm from a pod-spec charm to a sidecar charm: Get "https://10.152.183.1:443/apis/apps/v1/namespaces/test/statefulsets/postgresql-k8s-operator": dial tcp 10.152.183.1:443: connect: connection refused
controller-0: 01:57:17 ERROR juju.worker.caasapplicationprovisioner.runner exited "postgresql-test-app": checking if "postgresql-test-app" has an operator pod due to upgrading the charm from a pod-spec charm to a sidecar charm: Get "https://10.152.183.1:443/apis/apps/v1/namespaces/test/statefulsets/postgresql-test-app-operator": dial tcp 10.152.183.1:443: connect: connection refused
model-b4a250b6-6e7a-429b-8d62-8b6fe3fe759f: 01:57:19 ERROR juju.kubernetes.klog github.com/juju/juju/worker/caasrbacmapper/mapper.go:79: Failed to watch *v1.ServiceAccount: failed to list *v1.ServiceAccount: Get "https://10.152.183.1:443/api/v1/namespaces/test/serviceaccounts?resourceVersion=5643": dial tcp 10.152.183.1:443: connect: connection refused
controller-0: 01:57:21 ERROR juju.worker.caasapplicationprovisioner.runner exited "postgresql-k8s": checking if "postgresql-k8s" has an operator pod due to upgrading the charm from a pod-spec charm to a sidecar charm: Get "https://10.152.183.1:443/apis/apps/v1/namespaces/test/statefulsets/postgresql-k8s-operator": dial tcp 10.152.183.1:443: connect: connection refused
controller-0: 01:57:21 ERROR juju.worker.caasapplicationprovisioner.runner exited "postgresql-test-app": checking if "postgresql-test-app" has an operator pod due to upgrading the charm from a pod-spec charm to a sidecar charm: Get "https://10.152.183.1:443/apis/apps/v1/namespaces/test/statefulsets/postgresql-test-app-operator": dial tcp 10.152.183.1:443: connect: connection refused
model-b4a250b6-6e7a-429b-8d62-8b6fe3fe759f: 01:57:24 ERROR juju.kubernetes.klog github.com/juju/juju/worker/caasrbacmapper/mapper.go:79: Failed to watch *v1.ServiceAccount: failed to list *v1.ServiceAccount: Get "https://10.152.183.1:443/api/v1/namespaces/test/serviceaccounts?resourceVersion=5643": dial tcp 10.152.183.1:443: connect: connection refused
unit-postgresql-k8s-2: 01:57:24 ERROR unit.postgresql-k8s/2.juju-log Uncaught exception while in charm code:
Traceback (most recent call last):
  File "/var/lib/juju/agents/unit-postgresql-k8s-2/charm/./src/charm.py", line 1837, in <module>
    main(PostgresqlOperatorCharm, use_juju_for_storage=True)
  File "/var/lib/juju/agents/unit-postgresql-k8s-2/charm/venv/ops/main.py", line 548, in main
    manager.run()
  File "/var/lib/juju/agents/unit-postgresql-k8s-2/charm/venv/ops/main.py", line 527, in run
    self._emit()
  File "/var/lib/juju/agents/unit-postgresql-k8s-2/charm/venv/ops/main.py", line 516, in _emit
    _emit_charm_event(self.charm, self.dispatcher.event_name)
  File "/var/lib/juju/agents/unit-postgresql-k8s-2/charm/venv/ops/main.py", line 147, in _emit_charm_event
    event_to_emit.emit(*args, **kwargs)
  File "/var/lib/juju/agents/unit-postgresql-k8s-2/charm/venv/ops/framework.py", line 348, in emit
    framework._emit(event)
  File "/var/lib/juju/agents/unit-postgresql-k8s-2/charm/venv/ops/framework.py", line 860, in _emit
    self._reemit(event_path)
  File "/var/lib/juju/agents/unit-postgresql-k8s-2/charm/venv/ops/framework.py", line 950, in _reemit
    custom_handler(event)
  File "/var/lib/juju/agents/unit-postgresql-k8s-2/charm/lib/charms/tempo_k8s/v1/charm_tracing.py", line 544, in wrapped_function
    return callable(*args, **kwargs)  # type: ignore
  File "/var/lib/juju/agents/unit-postgresql-k8s-2/charm/./src/charm.py", line 1271, in _on_update_status
    if self._handle_processes_failures():
  File "/var/lib/juju/agents/unit-postgresql-k8s-2/charm/lib/charms/tempo_k8s/v1/charm_tracing.py", line 544, in wrapped_function
    return callable(*args, **kwargs)  # type: ignore
  File "/var/lib/juju/agents/unit-postgresql-k8s-2/charm/./src/charm.py", line 1290, in _handle_processes_failures
    if not self._patroni.member_started and self._patroni.is_database_running:
  File "/var/lib/juju/agents/unit-postgresql-k8s-2/charm/src/patroni.py", line 338, in is_database_running
    output = container.exec(["ps", "aux"]).wait_output()
  File "/var/lib/juju/agents/unit-postgresql-k8s-2/charm/venv/ops/model.py", line 2824, in exec
    return self._pebble.exec(
  File "/var/lib/juju/agents/unit-postgresql-k8s-2/charm/venv/ops/pebble.py", line 2748, in exec
    resp = self._request('POST', '/v1/exec', body=body)
  File "/var/lib/juju/agents/unit-postgresql-k8s-2/charm/venv/ops/pebble.py", line 1859, in _request
    response = self._request_raw(method, path, query, headers, data)
  File "/var/lib/juju/agents/unit-postgresql-k8s-2/charm/venv/ops/pebble.py", line 1912, in _request_raw
    raise ConnectionError(
ops.pebble.ConnectionError: Could not connect to Pebble: socket not found at '/charm/containers/postgresql/pebble.socket' (container restarted?)
controller-0: 01:57:25 ERROR juju.worker.caasapplicationprovisioner.runner exited "postgresql-k8s": checking if "postgresql-k8s" has an operator pod due to upgrading the charm from a pod-spec charm to a sidecar charm: Get "https://10.152.183.1:443/apis/apps/v1/namespaces/test/statefulsets/postgresql-k8s-operator": dial tcp 10.152.183.1:443: connect: connection refused
controller-0: 01:57:25 ERROR juju.worker.caasapplicationprovisioner.runner exited "postgresql-test-app": checking if "postgresql-test-app" has an operator pod due to upgrading the charm from a pod-spec charm to a sidecar charm: Get "https://10.152.183.1:443/apis/apps/v1/namespaces/test/statefulsets/postgresql-test-app-operator": dial tcp 10.152.183.1:443: connect: connection refused
unit-postgresql-test-app-0: 01:57:26 ERROR unit.postgresql-test-app/0.juju-log Uncaught exception while in charm code:
Traceback (most recent call last):
  File "/var/lib/juju/agents/unit-postgresql-test-app-0/charm/venv/ops/model.py", line 3180, in _run
    result = subprocess.run(args, **kwargs)  # type: ignore
  File "/usr/lib/python3.10/subprocess.py", line 526, in run
    raise CalledProcessError(retcode, process.args,
subprocess.CalledProcessError: Command '('/var/lib/juju/tools/unit-postgresql-test-app-0/secret-get', '--label', 'first-database.4.user.secret', '--format=json')' returned non-zero exit status 1.

The above exception was the direct cause of the following exception:

Traceback (most recent call last):
  File "/var/lib/juju/agents/unit-postgresql-test-app-0/charm/./src/charm.py", line 504, in <module>
    main(ApplicationCharm)
  File "/var/lib/juju/agents/unit-postgresql-test-app-0/charm/venv/ops/main.py", line 548, in main
    manager.run()
  File "/var/lib/juju/agents/unit-postgresql-test-app-0/charm/venv/ops/main.py", line 527, in run
    self._emit()
  File "/var/lib/juju/agents/unit-postgresql-test-app-0/charm/venv/ops/main.py", line 516, in _emit
    _emit_charm_event(self.charm, self.dispatcher.event_name)
  File "/var/lib/juju/agents/unit-postgresql-test-app-0/charm/venv/ops/main.py", line 147, in _emit_charm_event
    event_to_emit.emit(*args, **kwargs)
  File "/var/lib/juju/agents/unit-postgresql-test-app-0/charm/venv/ops/framework.py", line 348, in emit
    framework._emit(event)
  File "/var/lib/juju/agents/unit-postgresql-test-app-0/charm/venv/ops/framework.py", line 860, in _emit
    self._reemit(event_path)
  File "/var/lib/juju/agents/unit-postgresql-test-app-0/charm/venv/ops/framework.py", line 950, in _reemit
    custom_handler(event)
  File "/var/lib/juju/agents/unit-postgresql-test-app-0/charm/./src/charm.py", line 269, in _on_clear_continuous_writes_action
    if self._connection_string is None:
  File "/var/lib/juju/agents/unit-postgresql-test-app-0/charm/./src/charm.py", line 240, in _connection_string
    data = list(self.first_database.fetch_relation_data().values())[0]
  File "/var/lib/juju/agents/unit-postgresql-test-app-0/charm/lib/charms/data_platform_libs/v0/data_interfaces.py", line 1211, in fetch_relation_data
    data[relation.id] = self._fetch_specific_relation_data(relation, fields)
  File "/var/lib/juju/agents/unit-postgresql-test-app-0/charm/lib/charms/data_platform_libs/v0/data_interfaces.py", line 1673, in _fetch_specific_relation_data
    return self._fetch_relation_data_with_secrets(
  File "/var/lib/juju/agents/unit-postgresql-test-app-0/charm/lib/charms/data_platform_libs/v0/data_interfaces.py", line 1123, in _fetch_relation_data_with_secrets
    result, normal_fields = self._process_secret_fields(
  File "/var/lib/juju/agents/unit-postgresql-test-app-0/charm/lib/charms/data_platform_libs/v0/data_interfaces.py", line 1067, in _process_secret_fields
    if group_result := operation(relation, group, secret_fields, *args, **kwargs):
  File "/var/lib/juju/agents/unit-postgresql-test-app-0/charm/lib/charms/data_platform_libs/v0/data_interfaces.py", line 1000, in _get_group_secret_contents
    if (secret := self._get_relation_secret(relation.id, group)) and (
  File "/var/lib/juju/agents/unit-postgresql-test-app-0/charm/lib/charms/data_platform_libs/v0/data_interfaces.py", line 506, in wrapper
    return f(self, *args, **kwargs)
  File "/var/lib/juju/agents/unit-postgresql-test-app-0/charm/lib/charms/data_platform_libs/v0/data_interfaces.py", line 1665, in _get_relation_secret
    return self.secrets.get(label)
  File "/var/lib/juju/agents/unit-postgresql-test-app-0/charm/lib/charms/data_platform_libs/v0/data_interfaces.py", line 706, in get
    if secret.meta:
  File "/var/lib/juju/agents/unit-postgresql-test-app-0/charm/lib/charms/data_platform_libs/v0/data_interfaces.py", line 605, in meta
    self._secret_meta = self._model.get_secret(label=label)
  File "/var/lib/juju/agents/unit-postgresql-test-app-0/charm/venv/ops/model.py", line 291, in get_secret
    content = self._backend.secret_get(id=id, label=label)
  File "/var/lib/juju/agents/unit-postgresql-test-app-0/charm/venv/ops/model.py", line 3545, in secret_get
    result = self._run('secret-get', *args, return_output=True, use_json=True)
  File "/var/lib/juju/agents/unit-postgresql-test-app-0/charm/venv/ops/model.py", line 3182, in _run
    raise ModelError(e.stderr) from e
ops.model.ModelError: ERROR unable to determine legacy status for namespace "test": Get "https://10.152.183.1:443/api/v1/namespaces/test": dial tcp 10.152.183.1:443: connect: connection refused

unit-postgresql-k8s-2: 01:57:27 ERROR juju.worker.uniter.operation hook "update-status" (via hook dispatching script: dispatch) failed: exit status 1
controller-0: 01:57:28 ERROR juju.worker.caasapplicationprovisioner.runner exited "postgresql-test-app": checking if "postgresql-test-app" has an operator pod due to upgrading the charm from a pod-spec charm to a sidecar charm: Get "https://10.152.183.1:443/apis/apps/v1/namespaces/test/statefulsets/postgresql-test-app-operator": dial tcp 10.152.183.1:443: connect: connection refused
controller-0: 01:57:28 ERROR juju.worker.caasapplicationprovisioner.runner exited "postgresql-k8s": checking if "postgresql-k8s" has an operator pod due to upgrading the charm from a pod-spec charm to a sidecar charm: Get "https://10.152.183.1:443/apis/apps/v1/namespaces/test/statefulsets/postgresql-k8s-operator": dial tcp 10.152.183.1:443: connect: connection refused
controller-0: 01:57:31 ERROR juju.worker.caasapplicationprovisioner.runner exited "postgresql-test-app": checking if "postgresql-test-app" has an operator pod due to upgrading the charm from a pod-spec charm to a sidecar charm: Get "https://10.152.183.1:443/apis/apps/v1/namespaces/test/statefulsets/postgresql-test-app-operator": dial tcp 10.152.183.1:443: connect: connection refused
controller-0: 01:57:31 ERROR juju.worker.caasapplicationprovisioner.runner exited "postgresql-k8s": checking if "postgresql-k8s" has an operator pod due to upgrading the charm from a pod-spec charm to a sidecar charm: Get "https://10.152.183.1:443/apis/apps/v1/namespaces/test/statefulsets/postgresql-k8s-operator": dial tcp 10.152.183.1:443: connect: connection refused
model-b4a250b6-6e7a-429b-8d62-8b6fe3fe759f: 01:57:33 ERROR juju.kubernetes.klog github.com/juju/juju/worker/caasrbacmapper/mapper.go:79: Failed to watch *v1.ServiceAccount: failed to list *v1.ServiceAccount: Get "https://10.152.183.1:443/api/v1/namespaces/test/serviceaccounts?resourceVersion=5643": dial tcp 10.152.183.1:443: connect: connection refused
controller-0: 01:57:34 ERROR juju.worker.caasapplicationprovisioner.runner exited "postgresql-k8s": checking if "postgresql-k8s" has an operator pod due to upgrading the charm from a pod-spec charm to a sidecar charm: Get "https://10.152.183.1:443/apis/apps/v1/namespaces/test/statefulsets/postgresql-k8s-operator": dial tcp 10.152.183.1:443: connect: connection refused
controller-0: 01:57:34 ERROR juju.worker.caasapplicationprovisioner.runner exited "postgresql-test-app": checking if "postgresql-test-app" has an operator pod due to upgrading the charm from a pod-spec charm to a sidecar charm: Get "https://10.152.183.1:443/apis/apps/v1/namespaces/test/statefulsets/postgresql-test-app-operator": dial tcp 10.152.183.1:443: connect: connection refused
controller-0: 01:57:37 ERROR juju.worker.caasapplicationprovisioner.runner exited "postgresql-k8s": checking if "postgresql-k8s" has an operator pod due to upgrading the charm from a pod-spec charm to a sidecar charm: Get "https://10.152.183.1:443/apis/apps/v1/namespaces/test/statefulsets/postgresql-k8s-operator": dial tcp 10.152.183.1:443: connect: connection refused
controller-0: 01:57:37 ERROR juju.worker.caasapplicationprovisioner.runner exited "postgresql-test-app": checking if "postgresql-test-app" has an operator pod due to upgrading the charm from a pod-spec charm to a sidecar charm: Get "https://10.152.183.1:443/apis/apps/v1/namespaces/test/statefulsets/postgresql-test-app-operator": dial tcp 10.152.183.1:443: connect: connection refused
unit-postgresql-k8s-0: 01:57:38 ERROR unit.postgresql-k8s/0.juju-log Uncaught exception while in charm code:
Traceback (most recent call last):
  File "/var/lib/juju/agents/unit-postgresql-k8s-0/charm/venv/ops/model.py", line 3139, in _run
    result = subprocess.run(args, **kwargs)  # type: ignore
  File "/usr/lib/python3.10/subprocess.py", line 526, in run
    raise CalledProcessError(retcode, process.args,
subprocess.CalledProcessError: Command '('/var/lib/juju/tools/unit-postgresql-k8s-0/secret-get', '--label', 'database-peers.postgresql-k8s.app', '--format=json')' returned non-zero exit status 1.

The above exception was the direct cause of the following exception:

Traceback (most recent call last):
  File "/var/lib/juju/agents/unit-postgresql-k8s-0/charm/./src/charm.py", line 1837, in <module>
    main(PostgresqlOperatorCharm, use_juju_for_storage=True)
  File "/var/lib/juju/agents/unit-postgresql-k8s-0/charm/venv/ops/main.py", line 548, in main
    manager.run()
  File "/var/lib/juju/agents/unit-postgresql-k8s-0/charm/venv/ops/main.py", line 527, in run
    self._emit()
  File "/var/lib/juju/agents/unit-postgresql-k8s-0/charm/venv/ops/main.py", line 516, in _emit
    _emit_charm_event(self.charm, self.dispatcher.event_name)
  File "/var/lib/juju/agents/unit-postgresql-k8s-0/charm/venv/ops/main.py", line 147, in _emit_charm_event
    event_to_emit.emit(*args, **kwargs)
  File "/var/lib/juju/agents/unit-postgresql-k8s-0/charm/venv/ops/framework.py", line 348, in emit
    framework._emit(event)
  File "/var/lib/juju/agents/unit-postgresql-k8s-0/charm/venv/ops/framework.py", line 860, in _emit
    self._reemit(event_path)
  File "/var/lib/juju/agents/unit-postgresql-k8s-0/charm/venv/ops/framework.py", line 950, in _reemit
    custom_handler(event)
  File "/var/lib/juju/agents/unit-postgresql-k8s-0/charm/lib/charms/tempo_k8s/v1/charm_tracing.py", line 544, in wrapped_function
    return callable(*args, **kwargs)  # type: ignore
  File "/var/lib/juju/agents/unit-postgresql-k8s-0/charm/./src/charm.py", line 1271, in _on_update_status
    if self._handle_processes_failures():
  File "/var/lib/juju/agents/unit-postgresql-k8s-0/charm/lib/charms/tempo_k8s/v1/charm_tracing.py", line 544, in wrapped_function
    return callable(*args, **kwargs)  # type: ignore
  File "/var/lib/juju/agents/unit-postgresql-k8s-0/charm/./src/charm.py", line 1290, in _handle_processes_failures
    if not self._patroni.member_started and self._patroni.is_database_running:
  File "/var/lib/juju/agents/unit-postgresql-k8s-0/charm/./src/charm.py", line 1334, in _patroni
    self.get_secret(APP_SCOPE, USER_PASSWORD_KEY),
  File "/var/lib/juju/agents/unit-postgresql-k8s-0/charm/lib/charms/tempo_k8s/v1/charm_tracing.py", line 544, in wrapped_function
    return callable(*args, **kwargs)  # type: ignore
  File "/var/lib/juju/agents/unit-postgresql-k8s-0/charm/./src/charm.py", line 300, in get_secret
    if result := self.peer_relation_data(scope).fetch_my_relation_field(peers.id, key):
  File "/var/lib/juju/agents/unit-postgresql-k8s-0/charm/lib/charms/data_platform_libs/v0/data_interfaces.py", line 1260, in fetch_my_relation_field
    if relation_data := self.fetch_my_relation_data([relation_id], [field], relation_name):
  File "/var/lib/juju/agents/unit-postgresql-k8s-0/charm/lib/charms/data_platform_libs/v0/data_interfaces.py", line 1249, in fetch_my_relation_data
    data[relation.id] = self._fetch_my_specific_relation_data(relation, fields)
  File "/var/lib/juju/agents/unit-postgresql-k8s-0/charm/lib/charms/data_platform_libs/v0/data_interfaces.py", line 534, in wrapper
    return f(self, *args, **kwargs)
  File "/var/lib/juju/agents/unit-postgresql-k8s-0/charm/lib/charms/data_platform_libs/v0/data_interfaces.py", line 2083, in _fetch_my_specific_relation_data
    self.component, self.secret_fields, relation, fields
  File "/var/lib/juju/agents/unit-postgresql-k8s-0/charm/lib/charms/data_platform_libs/v0/data_interfaces.py", line 1817, in secret_fields
    self.static_secret_fields if self.static_secret_fields else self.current_secret_fields
  File "/var/lib/juju/agents/unit-postgresql-k8s-0/charm/lib/charms/data_platform_libs/v0/data_interfaces.py", line 1836, in current_secret_fields
    if content := self._get_group_secret_contents(relation, group):
  File "/var/lib/juju/agents/unit-postgresql-k8s-0/charm/lib/charms/data_platform_libs/v0/data_interfaces.py", line 2070, in _get_group_secret_contents
    result = super()._get_group_secret_contents(relation, group, secret_fields)
  File "/var/lib/juju/agents/unit-postgresql-k8s-0/charm/lib/charms/data_platform_libs/v0/data_interfaces.py", line 1000, in _get_group_secret_contents
    if (secret := self._get_relation_secret(relation.id, group)) and (
  File "/var/lib/juju/agents/unit-postgresql-k8s-0/charm/lib/charms/data_platform_libs/v0/data_interfaces.py", line 506, in wrapper
    return f(self, *args, **kwargs)
  File "/var/lib/juju/agents/unit-postgresql-k8s-0/charm/lib/charms/data_platform_libs/v0/data_interfaces.py", line 2059, in _get_relation_secret
    return self.secrets.get(label, secret_uri, legacy_labels=self._previous_labels())
  File "/var/lib/juju/agents/unit-postgresql-k8s-0/charm/lib/charms/data_platform_libs/v0/data_interfaces.py", line 706, in get
    if secret.meta:
  File "/var/lib/juju/agents/unit-postgresql-k8s-0/charm/lib/charms/data_platform_libs/v0/data_interfaces.py", line 605, in meta
    self._secret_meta = self._model.get_secret(label=label)
  File "/var/lib/juju/agents/unit-postgresql-k8s-0/charm/venv/ops/model.py", line 285, in get_secret
    content = self._backend.secret_get(id=id, label=label)
  File "/var/lib/juju/agents/unit-postgresql-k8s-0/charm/venv/ops/model.py", line 3504, in secret_get
    result = self._run('secret-get', *args, return_output=True, use_json=True)
  File "/var/lib/juju/agents/unit-postgresql-k8s-0/charm/venv/ops/model.py", line 3141, in _run
    raise ModelError(e.stderr) from e
ops.model.ModelError: ERROR unable to determine legacy status for namespace "test": Get "https://10.152.183.1:443/api/v1/namespaces/test": dial tcp 10.152.183.1:443: connect: connection refused

unit-postgresql-k8s-0: 01:57:39 ERROR juju.worker.uniter.operation hook "update-status" (via hook dispatching script: dispatch) failed: exit status 1
controller-0: 01:57:42 ERROR juju.worker.caasapplicationprovisioner.runner exited "postgresql-test-app": checking if "postgresql-test-app" has an operator pod due to upgrading the charm from a pod-spec charm to a sidecar charm: Get "https://10.152.183.1:443/apis/apps/v1/namespaces/test/statefulsets/postgresql-test-app-operator": dial tcp 10.152.183.1:443: connect: connection refused
controller-0: 01:57:42 ERROR juju.worker.caasapplicationprovisioner.runner exited "postgresql-k8s": checking if "postgresql-k8s" has an operator pod due to upgrading the charm from a pod-spec charm to a sidecar charm: Get "https://10.152.183.1:443/apis/apps/v1/namespaces/test/statefulsets/postgresql-k8s-operator": dial tcp 10.152.183.1:443: connect: connection refused
controller-0: 01:57:45 ERROR juju.worker.caasapplicationprovisioner.runner exited "postgresql-test-app": checking if "postgresql-test-app" has an operator pod due to upgrading the charm from a pod-spec charm to a sidecar charm: Get "https://10.152.183.1:443/apis/apps/v1/namespaces/test/statefulsets/postgresql-test-app-operator": dial tcp 10.152.183.1:443: connect: connection refused
controller-0: 01:57:45 ERROR juju.worker.caasapplicationprovisioner.runner exited "postgresql-k8s": checking if "postgresql-k8s" has an operator pod due to upgrading the charm from a pod-spec charm to a sidecar charm: Get "https://10.152.183.1:443/apis/apps/v1/namespaces/test/statefulsets/postgresql-k8s-operator": dial tcp 10.152.183.1:443: connect: connection refused
model-b4a250b6-6e7a-429b-8d62-8b6fe3fe759f: 01:57:47 ERROR juju.kubernetes.klog github.com/juju/juju/worker/caasrbacmapper/mapper.go:79: Failed to watch *v1.ServiceAccount: failed to list *v1.ServiceAccount: Get "https://10.152.183.1:443/api/v1/namespaces/test/serviceaccounts?resourceVersion=5643": dial tcp 10.152.183.1:443: connect: connection refused
unit-postgresql-k8s-2: 01:57:47 ERROR unit.postgresql-k8s/2.juju-log Uncaught exception while in charm code:
Traceback (most recent call last):
  File "/var/lib/juju/agents/unit-postgresql-k8s-2/charm/venv/httpx/_transports/default.py", line 69, in map_httpcore_exceptions
    yield
  File "/var/lib/juju/agents/unit-postgresql-k8s-2/charm/venv/httpx/_transports/default.py", line 233, in handle_request
    resp = self._pool.handle_request(req)
  File "/var/lib/juju/agents/unit-postgresql-k8s-2/charm/venv/httpcore/_sync/connection_pool.py", line 216, in handle_request
    raise exc from None
  File "/var/lib/juju/agents/unit-postgresql-k8s-2/charm/venv/httpcore/_sync/connection_pool.py", line 196, in handle_request
    response = connection.handle_request(
  File "/var/lib/juju/agents/unit-postgresql-k8s-2/charm/venv/httpcore/_sync/connection.py", line 99, in handle_request
    raise exc
  File "/var/lib/juju/agents/unit-postgresql-k8s-2/charm/venv/httpcore/_sync/connection.py", line 76, in handle_request
    stream = self._connect(request)
  File "/var/lib/juju/agents/unit-postgresql-k8s-2/charm/venv/httpcore/_sync/connection.py", line 122, in _connect
    stream = self._network_backend.connect_tcp(**kwargs)
  File "/var/lib/juju/agents/unit-postgresql-k8s-2/charm/venv/httpcore/_backends/sync.py", line 205, in connect_tcp
    with map_exceptions(exc_map):
  File "/usr/lib/python3.10/contextlib.py", line 153, in __exit__
    self.gen.throw(typ, value, traceback)
  File "/var/lib/juju/agents/unit-postgresql-k8s-2/charm/venv/httpcore/_exceptions.py", line 14, in map_exceptions
    raise to_exc(exc) from exc
httpcore.ConnectError: [Errno 111] Connection refused

The above exception was the direct cause of the following exception:

Traceback (most recent call last):
  File "/var/lib/juju/agents/unit-postgresql-k8s-2/charm/./src/charm.py", line 1837, in <module>
    main(PostgresqlOperatorCharm, use_juju_for_storage=True)
  File "/var/lib/juju/agents/unit-postgresql-k8s-2/charm/venv/ops/main.py", line 548, in main
    manager.run()
  File "/var/lib/juju/agents/unit-postgresql-k8s-2/charm/venv/ops/main.py", line 527, in run
    self._emit()
  File "/var/lib/juju/agents/unit-postgresql-k8s-2/charm/venv/ops/main.py", line 516, in _emit
    _emit_charm_event(self.charm, self.dispatcher.event_name)
  File "/var/lib/juju/agents/unit-postgresql-k8s-2/charm/venv/ops/main.py", line 147, in _emit_charm_event
    event_to_emit.emit(*args, **kwargs)
  File "/var/lib/juju/agents/unit-postgresql-k8s-2/charm/venv/ops/framework.py", line 348, in emit
    framework._emit(event)
  File "/var/lib/juju/agents/unit-postgresql-k8s-2/charm/venv/ops/framework.py", line 860, in _emit
    self._reemit(event_path)
  File "/var/lib/juju/agents/unit-postgresql-k8s-2/charm/venv/ops/framework.py", line 950, in _reemit
    custom_handler(event)
  File "/var/lib/juju/agents/unit-postgresql-k8s-2/charm/lib/charms/observability_libs/v1/kubernetes_service_patch.py", line 277, in _patch
    if self._is_patched(client):
  File "/var/lib/juju/agents/unit-postgresql-k8s-2/charm/lib/charms/observability_libs/v1/kubernetes_service_patch.py", line 309, in _is_patched
    service = client.get(Service, name=self.service_name, namespace=self._namespace)
  File "/var/lib/juju/agents/unit-postgresql-k8s-2/charm/venv/lightkube/core/client.py", line 140, in get
    return self._client.request("get", res=res, name=name, namespace=namespace)
  File "/var/lib/juju/agents/unit-postgresql-k8s-2/charm/venv/lightkube/core/generic_client.py", line 244, in request
    resp = self.send(req)
  File "/var/lib/juju/agents/unit-postgresql-k8s-2/charm/venv/lightkube/core/generic_client.py", line 216, in send
    return self._client.send(req, stream=stream)
  File "/var/lib/juju/agents/unit-postgresql-k8s-2/charm/venv/httpx/_client.py", line 914, in send
    response = self._send_handling_auth(
  File "/var/lib/juju/agents/unit-postgresql-k8s-2/charm/venv/httpx/_client.py", line 942, in _send_handling_auth
    response = self._send_handling_redirects(
  File "/var/lib/juju/agents/unit-postgresql-k8s-2/charm/venv/httpx/_client.py", line 979, in _send_handling_redirects
    response = self._send_single_request(request)
  File "/var/lib/juju/agents/unit-postgresql-k8s-2/charm/venv/httpx/_client.py", line 1015, in _send_single_request
    response = transport.handle_request(request)
  File "/var/lib/juju/agents/unit-postgresql-k8s-2/charm/venv/httpx/_transports/default.py", line 232, in handle_request
    with map_httpcore_exceptions():
  File "/usr/lib/python3.10/contextlib.py", line 153, in __exit__
    self.gen.throw(typ, value, traceback)
  File "/var/lib/juju/agents/unit-postgresql-k8s-2/charm/venv/httpx/_transports/default.py", line 86, in map_httpcore_exceptions
    raise mapped_exc(message) from exc
httpx.ConnectError: [Errno 111] Connection refused
unit-postgresql-k8s-2: 01:57:48 ERROR juju.worker.uniter.operation hook "update-status" (via hook dispatching script: dispatch) failed: exit status 1
controller-0: 01:57:49 ERROR juju.worker.caasapplicationprovisioner.runner exited "postgresql-k8s": checking if "postgresql-k8s" has an operator pod due to upgrading the charm from a pod-spec charm to a sidecar charm: Get "https://10.152.183.1:443/apis/apps/v1/namespaces/test/statefulsets/postgresql-k8s-operator": dial tcp 10.152.183.1:443: connect: connection refused
controller-0: 01:57:49 ERROR juju.worker.caasapplicationprovisioner.runner exited "postgresql-test-app": checking if "postgresql-test-app" has an operator pod due to upgrading the charm from a pod-spec charm to a sidecar charm: Get "https://10.152.183.1:443/apis/apps/v1/namespaces/test/statefulsets/postgresql-test-app-operator": dial tcp 10.152.183.1:443: connect: connection refused
controller-0: 01:57:52 ERROR juju.worker.caasapplicationprovisioner.runner exited "postgresql-test-app": checking if "postgresql-test-app" has an operator pod due to upgrading the charm from a pod-spec charm to a sidecar charm: Get "https://10.152.183.1:443/apis/apps/v1/namespaces/test/statefulsets/postgresql-test-app-operator": dial tcp 10.152.183.1:443: connect: connection refused
controller-0: 01:57:52 ERROR juju.worker.caasapplicationprovisioner.runner exited "postgresql-k8s": checking if "postgresql-k8s" has an operator pod due to upgrading the charm from a pod-spec charm to a sidecar charm: Get "https://10.152.183.1:443/apis/apps/v1/namespaces/test/statefulsets/postgresql-k8s-operator": dial tcp 10.152.183.1:443: connect: connection refused
controller-0: 01:57:56 ERROR juju.worker.caasapplicationprovisioner.runner exited "postgresql-test-app": checking if "postgresql-test-app" has an operator pod due to upgrading the charm from a pod-spec charm to a sidecar charm: Get "https://10.152.183.1:443/apis/apps/v1/namespaces/test/statefulsets/postgresql-test-app-operator": dial tcp 10.152.183.1:443: connect: connection refused
controller-0: 01:57:56 ERROR juju.worker.caasapplicationprovisioner.runner exited "postgresql-k8s": checking if "postgresql-k8s" has an operator pod due to upgrading the charm from a pod-spec charm to a sidecar charm: Get "https://10.152.183.1:443/apis/apps/v1/namespaces/test/statefulsets/postgresql-k8s-operator": dial tcp 10.152.183.1:443: connect: connection refused
controller-0: 01:57:59 ERROR juju.worker.caasapplicationprovisioner.runner exited "postgresql-test-app": checking if "postgresql-test-app" has an operator pod due to upgrading the charm from a pod-spec charm to a sidecar charm: Get "https://10.152.183.1:443/apis/apps/v1/namespaces/test/statefulsets/postgresql-test-app-operator": dial tcp 10.152.183.1:443: connect: connection refused
controller-0: 01:57:59 ERROR juju.worker.caasapplicationprovisioner.runner exited "postgresql-k8s": checking if "postgresql-k8s" has an operator pod due to upgrading the charm from a pod-spec charm to a sidecar charm: Get "https://10.152.183.1:443/apis/apps/v1/namespaces/test/statefulsets/postgresql-k8s-operator": dial tcp 10.152.183.1:443: connect: connection refused
controller-0: 01:58:02 ERROR juju.worker.caasapplicationprovisioner.runner exited "postgresql-test-app": checking if "postgresql-test-app" has an operator pod due to upgrading the charm from a pod-spec charm to a sidecar charm: Get "https://10.152.183.1:443/apis/apps/v1/namespaces/test/statefulsets/postgresql-test-app-operator": dial tcp 10.152.183.1:443: connect: connection refused
controller-0: 01:58:02 ERROR juju.worker.caasapplicationprovisioner.runner exited "postgresql-k8s": checking if "postgresql-k8s" has an operator pod due to upgrading the charm from a pod-spec charm to a sidecar charm: Get "https://10.152.183.1:443/apis/apps/v1/namespaces/test/statefulsets/postgresql-k8s-operator": dial tcp 10.152.183.1:443: connect: connection refused
unit-postgresql-k8s-0: 01:58:02 ERROR unit.postgresql-k8s/0.juju-log Uncaught exception while in charm code:
Traceback (most recent call last):
  File "/var/lib/juju/agents/unit-postgresql-k8s-0/charm/venv/ops/model.py", line 3139, in _run
    result = subprocess.run(args, **kwargs)  # type: ignore
  File "/usr/lib/python3.10/subprocess.py", line 526, in run
    raise CalledProcessError(retcode, process.args,
subprocess.CalledProcessError: Command '('/var/lib/juju/tools/unit-postgresql-k8s-0/secret-get', '--label', 'database-peers.postgresql-k8s.app', '--format=json')' returned non-zero exit status 1.

The above exception was the direct cause of the following exception:

Traceback (most recent call last):
  File "/var/lib/juju/agents/unit-postgresql-k8s-0/charm/./src/charm.py", line 1837, in <module>
    main(PostgresqlOperatorCharm, use_juju_for_storage=True)
  File "/var/lib/juju/agents/unit-postgresql-k8s-0/charm/venv/ops/main.py", line 548, in main
    manager.run()
  File "/var/lib/juju/agents/unit-postgresql-k8s-0/charm/venv/ops/main.py", line 527, in run
    self._emit()
  File "/var/lib/juju/agents/unit-postgresql-k8s-0/charm/venv/ops/main.py", line 516, in _emit
    _emit_charm_event(self.charm, self.dispatcher.event_name)
  File "/var/lib/juju/agents/unit-postgresql-k8s-0/charm/venv/ops/main.py", line 147, in _emit_charm_event
    event_to_emit.emit(*args, **kwargs)
  File "/var/lib/juju/agents/unit-postgresql-k8s-0/charm/venv/ops/framework.py", line 348, in emit
    framework._emit(event)
  File "/var/lib/juju/agents/unit-postgresql-k8s-0/charm/venv/ops/framework.py", line 860, in _emit
    self._reemit(event_path)
  File "/var/lib/juju/agents/unit-postgresql-k8s-0/charm/venv/ops/framework.py", line 950, in _reemit
    custom_handler(event)
  File "/var/lib/juju/agents/unit-postgresql-k8s-0/charm/lib/charms/tempo_k8s/v1/charm_tracing.py", line 544, in wrapped_function
    return callable(*args, **kwargs)  # type: ignore
  File "/var/lib/juju/agents/unit-postgresql-k8s-0/charm/./src/charm.py", line 1271, in _on_update_status
    if self._handle_processes_failures():
  File "/var/lib/juju/agents/unit-postgresql-k8s-0/charm/lib/charms/tempo_k8s/v1/charm_tracing.py", line 544, in wrapped_function
    return callable(*args, **kwargs)  # type: ignore
  File "/var/lib/juju/agents/unit-postgresql-k8s-0/charm/./src/charm.py", line 1290, in _handle_processes_failures
    if not self._patroni.member_started and self._patroni.is_database_running:
  File "/var/lib/juju/agents/unit-postgresql-k8s-0/charm/./src/charm.py", line 1334, in _patroni
    self.get_secret(APP_SCOPE, USER_PASSWORD_KEY),
  File "/var/lib/juju/agents/unit-postgresql-k8s-0/charm/lib/charms/tempo_k8s/v1/charm_tracing.py", line 544, in wrapped_function
    return callable(*args, **kwargs)  # type: ignore
  File "/var/lib/juju/agents/unit-postgresql-k8s-0/charm/./src/charm.py", line 300, in get_secret
    if result := self.peer_relation_data(scope).fetch_my_relation_field(peers.id, key):
  File "/var/lib/juju/agents/unit-postgresql-k8s-0/charm/lib/charms/data_platform_libs/v0/data_interfaces.py", line 1260, in fetch_my_relation_field
    if relation_data := self.fetch_my_relation_data([relation_id], [field], relation_name):
  File "/var/lib/juju/agents/unit-postgresql-k8s-0/charm/lib/charms/data_platform_libs/v0/data_interfaces.py", line 1249, in fetch_my_relation_data
    data[relation.id] = self._fetch_my_specific_relation_data(relation, fields)
  File "/var/lib/juju/agents/unit-postgresql-k8s-0/charm/lib/charms/data_platform_libs/v0/data_interfaces.py", line 534, in wrapper
    return f(self, *args, **kwargs)
  File "/var/lib/juju/agents/unit-postgresql-k8s-0/charm/lib/charms/data_platform_libs/v0/data_interfaces.py", line 2083, in _fetch_my_specific_relation_data
    self.component, self.secret_fields, relation, fields
  File "/var/lib/juju/agents/unit-postgresql-k8s-0/charm/lib/charms/data_platform_libs/v0/data_interfaces.py", line 1817, in secret_fields
    self.static_secret_fields if self.static_secret_fields else self.current_secret_fields
  File "/var/lib/juju/agents/unit-postgresql-k8s-0/charm/lib/charms/data_platform_libs/v0/data_interfaces.py", line 1836, in current_secret_fields
    if content := self._get_group_secret_contents(relation, group):
  File "/var/lib/juju/agents/unit-postgresql-k8s-0/charm/lib/charms/data_platform_libs/v0/data_interfaces.py", line 2070, in _get_group_secret_contents
    result = super()._get_group_secret_contents(relation, group, secret_fields)
  File "/var/lib/juju/agents/unit-postgresql-k8s-0/charm/lib/charms/data_platform_libs/v0/data_interfaces.py", line 1000, in _get_group_secret_contents
    if (secret := self._get_relation_secret(relation.id, group)) and (
  File "/var/lib/juju/agents/unit-postgresql-k8s-0/charm/lib/charms/data_platform_libs/v0/data_interfaces.py", line 506, in wrapper
    return f(self, *args, **kwargs)
  File "/var/lib/juju/agents/unit-postgresql-k8s-0/charm/lib/charms/data_platform_libs/v0/data_interfaces.py", line 2059, in _get_relation_secret
    return self.secrets.get(label, secret_uri, legacy_labels=self._previous_labels())
  File "/var/lib/juju/agents/unit-postgresql-k8s-0/charm/lib/charms/data_platform_libs/v0/data_interfaces.py", line 706, in get
    if secret.meta:
  File "/var/lib/juju/agents/unit-postgresql-k8s-0/charm/lib/charms/data_platform_libs/v0/data_interfaces.py", line 605, in meta
    self._secret_meta = self._model.get_secret(label=label)
  File "/var/lib/juju/agents/unit-postgresql-k8s-0/charm/venv/ops/model.py", line 285, in get_secret
    content = self._backend.secret_get(id=id, label=label)
  File "/var/lib/juju/agents/unit-postgresql-k8s-0/charm/venv/ops/model.py", line 3504, in secret_get
    result = self._run('secret-get', *args, return_output=True, use_json=True)
  File "/var/lib/juju/agents/unit-postgresql-k8s-0/charm/venv/ops/model.py", line 3141, in _run
    raise ModelError(e.stderr) from e
ops.model.ModelError: ERROR unable to determine legacy status for namespace "test": Get "https://10.152.183.1:443/api/v1/namespaces/test": dial tcp 10.152.183.1:443: connect: connection refused

unit-postgresql-k8s-0: 01:58:02 ERROR juju.worker.uniter.operation hook "update-status" (via hook dispatching script: dispatch) failed: exit status 1
controller-0: 01:58:05 ERROR juju.worker.caasapplicationprovisioner.runner exited "postgresql-test-app": checking if "postgresql-test-app" has an operator pod due to upgrading the charm from a pod-spec charm to a sidecar charm: Get "https://10.152.183.1:443/apis/apps/v1/namespaces/test/statefulsets/postgresql-test-app-operator": dial tcp 10.152.183.1:443: connect: connection refused
controller-0: 01:58:05 ERROR juju.worker.caasapplicationprovisioner.runner exited "postgresql-k8s": checking if "postgresql-k8s" has an operator pod due to upgrading the charm from a pod-spec charm to a sidecar charm: Get "https://10.152.183.1:443/apis/apps/v1/namespaces/test/statefulsets/postgresql-k8s-operator": dial tcp 10.152.183.1:443: connect: connection refused
unit-postgresql-k8s-2: 02:00:36 ERROR unit.postgresql-k8s/2.juju-log Uncaught exception while in charm code:
Traceback (most recent call last):
  File "/var/lib/juju/agents/unit-postgresql-k8s-2/charm/./src/charm.py", line 1837, in <module>
    main(PostgresqlOperatorCharm, use_juju_for_storage=True)
  File "/var/lib/juju/agents/unit-postgresql-k8s-2/charm/venv/ops/main.py", line 548, in main
    manager.run()
  File "/var/lib/juju/agents/unit-postgresql-k8s-2/charm/venv/ops/main.py", line 527, in run
    self._emit()
  File "/var/lib/juju/agents/unit-postgresql-k8s-2/charm/venv/ops/main.py", line 516, in _emit
    _emit_charm_event(self.charm, self.dispatcher.event_name)
  File "/var/lib/juju/agents/unit-postgresql-k8s-2/charm/venv/ops/main.py", line 147, in _emit_charm_event
    event_to_emit.emit(*args, **kwargs)
  File "/var/lib/juju/agents/unit-postgresql-k8s-2/charm/venv/ops/framework.py", line 348, in emit
    framework._emit(event)
  File "/var/lib/juju/agents/unit-postgresql-k8s-2/charm/venv/ops/framework.py", line 860, in _emit
    self._reemit(event_path)
  File "/var/lib/juju/agents/unit-postgresql-k8s-2/charm/venv/ops/framework.py", line 950, in _reemit
    custom_handler(event)
  File "/var/lib/juju/agents/unit-postgresql-k8s-2/charm/lib/charms/tempo_k8s/v1/charm_tracing.py", line 544, in wrapped_function
    return callable(*args, **kwargs)  # type: ignore
  File "/var/lib/juju/agents/unit-postgresql-k8s-2/charm/./src/charm.py", line 827, in _on_postgresql_pebble_ready
    self.unit.set_workload_version(self._patroni.rock_postgresql_version)
  File "/var/lib/juju/agents/unit-postgresql-k8s-2/charm/venv/ops/model.py", line 607, in set_workload_version
    raise TypeError(
TypeError: workload version must be a str, not NoneType: None
unit-postgresql-k8s-2: 02:00:37 ERROR juju.worker.uniter.operation hook "postgresql-pebble-ready" (via hook dispatching script: dispatch) failed: exit status 1
unit-postgresql-k8s-2: 02:00:37 ERROR juju.worker.uniter pebble poll failed for container "postgresql": failed to send pebble-ready event: hook failed
unit-postgresql-test-app-0: 02:01:29 ERROR juju.worker.dependency "api-caller" manifold worker returned unexpected error: [b4a250] "unit-postgresql-test-app-0" cannot open api: unable to connect to API: dial tcp 10.152.183.99:17070: connect: connection refused
unit-postgresql-k8s-1: 02:05:58 ERROR juju.worker.uniter pebble poll failed for container "postgresql": failed to send pebble-ready event: terminated
unit-postgresql-k8s-2: 02:10:47 ERROR unit.postgresql-k8s/2.juju-log failed to change plugins: 
Traceback (most recent call last):
  File "/var/lib/juju/agents/unit-postgresql-k8s-2/charm/lib/charms/postgresql_k8s/v0/postgresql.py", line 303, in enable_disable_extensions
    with self._connect_to_database() as connection, connection.cursor() as cursor:
  File "/var/lib/juju/agents/unit-postgresql-k8s-2/charm/lib/charms/tempo_k8s/v1/charm_tracing.py", line 544, in wrapped_function
    return callable(*args, **kwargs)  # type: ignore
  File "/var/lib/juju/agents/unit-postgresql-k8s-2/charm/lib/charms/postgresql_k8s/v0/postgresql.py", line 127, in _connect_to_database
    connection = psycopg2.connect(
  File "/var/lib/juju/agents/unit-postgresql-k8s-2/charm/venv/psycopg2/__init__.py", line 122, in connect
    conn = _connect(dsn, connection_factory=connection_factory, **kwasync)
psycopg2.OperationalError: connection to server at "postgresql-k8s-primary.test.svc.cluster.local" (10.152.183.41), port 5432 failed: Connection refused
	Is the server running on that host and accepting TCP/IP connections?


During handling of the above exception, another exception occurred:

Traceback (most recent call last):
  File "/var/lib/juju/agents/unit-postgresql-k8s-2/charm/./src/charm.py", line 639, in enable_disable_extensions
    self.postgresql.enable_disable_extensions(extensions, database)
  File "/var/lib/juju/agents/unit-postgresql-k8s-2/charm/lib/charms/tempo_k8s/v1/charm_tracing.py", line 544, in wrapped_function
    return callable(*args, **kwargs)  # type: ignore
  File "/var/lib/juju/agents/unit-postgresql-k8s-2/charm/lib/charms/postgresql_k8s/v0/postgresql.py", line 327, in enable_disable_extensions
    raise PostgreSQLEnableDisableExtensionError()
charms.postgresql_k8s.v0.postgresql.PostgreSQLEnableDisableExtensionError
unit-postgresql-k8s-1: 02:12:45 ERROR unit.postgresql-k8s/1.juju-log failed to change plugins: 
Traceback (most recent call last):
  File "/var/lib/juju/agents/unit-postgresql-k8s-1/charm/lib/charms/postgresql_k8s/v0/postgresql.py", line 303, in enable_disable_extensions
    with self._connect_to_database() as connection, connection.cursor() as cursor:
  File "/var/lib/juju/agents/unit-postgresql-k8s-1/charm/lib/charms/tempo_k8s/v1/charm_tracing.py", line 544, in wrapped_function
    return callable(*args, **kwargs)  # type: ignore
  File "/var/lib/juju/agents/unit-postgresql-k8s-1/charm/lib/charms/postgresql_k8s/v0/postgresql.py", line 127, in _connect_to_database
    connection = psycopg2.connect(
  File "/var/lib/juju/agents/unit-postgresql-k8s-1/charm/venv/psycopg2/__init__.py", line 122, in connect
    conn = _connect(dsn, connection_factory=connection_factory, **kwasync)
psycopg2.OperationalError: connection to server at "postgresql-k8s-primary.test.svc.cluster.local" (10.152.183.41), port 5432 failed: Connection refused
	Is the server running on that host and accepting TCP/IP connections?


During handling of the above exception, another exception occurred:

Traceback (most recent call last):
  File "/var/lib/juju/agents/unit-postgresql-k8s-1/charm/./src/charm.py", line 639, in enable_disable_extensions
    self.postgresql.enable_disable_extensions(extensions, database)
  File "/var/lib/juju/agents/unit-postgresql-k8s-1/charm/lib/charms/tempo_k8s/v1/charm_tracing.py", line 544, in wrapped_function
    return callable(*args, **kwargs)  # type: ignore
  File "/var/lib/juju/agents/unit-postgresql-k8s-1/charm/lib/charms/postgresql_k8s/v0/postgresql.py", line 327, in enable_disable_extensions
    raise PostgreSQLEnableDisableExtensionError()
charms.postgresql_k8s.v0.postgresql.PostgreSQLEnableDisableExtensionError
unit-postgresql-k8s-2: 02:25:20 ERROR juju.worker.uniter pebble poll failed for container "postgresql": failed to send pebble-ready event: terminated

[32mINFO    [0m pytest_operator.plugin:plugin.py:947 Forgetting model main...