[32mINFO    [0m juju.model:model.py:2097 Deploying local:jammy/postgresql-k8s-2
[32mINFO    [0m juju.model:model.py:2971 Waiting for model:
  test-storage-postgresql-k8s/0 [allocating] waiting: installing agent
[32mINFO    [0m juju.model:model.py:2971 Waiting for model:
  test-storage-postgresql-k8s/0 [idle] maintenance: installing charm software
[32mINFO    [0m juju.model:model.py:2971 Waiting for model:
  test-storage-postgresql-k8s/0 [executing] waiting: awaiting for primary endpoint to be ready
[32mINFO    [0m juju.model:model.py:2971 Waiting for model:
  test-storage-postgresql-k8s/0 [executing] waiting: awaiting for primary endpoint to be ready
[32mINFO    [0m juju.model:model.py:2971 Waiting for model:
  test-storage-postgresql-k8s/0 [executing] waiting: awaiting for primary endpoint to be ready
[32mINFO    [0m juju.model:model.py:2971 Waiting for model:
  test-storage-postgresql-k8s/0 [idle] active: Primary
[32mINFO    [0m pytest_operator.plugin:plugin.py:862 Model status:

Model  Controller          Cloud/Region        Version  SLA          Timestamp
test   microk8s-localhost  microk8s/localhost  3.1.8    unsupported  02:20:44Z

App                          Version  Status  Scale  Charm           Channel  Rev  Address         Exposed  Message
test-storage-postgresql-k8s  14.11    active      1  postgresql-k8s             2  10.152.183.118  no       Primary

Unit                            Workload  Agent  Address     Ports  Message
test-storage-postgresql-k8s/0*  active    idle   10.1.50.19         Primary

[32mINFO    [0m pytest_operator.plugin:plugin.py:868 Juju error logs:

unit-postgresql-k8s-1: 01:46:16 ERROR unit.postgresql-k8s/1.juju-log Cluster upgrade failed, ensure pre-upgrade checks are ran first.
unit-postgresql-k8s-1: 01:49:45 ERROR unit.postgresql-k8s/1.juju-log restart:2: failed to change plugins: 
Traceback (most recent call last):
  File "/var/lib/juju/agents/unit-postgresql-k8s-1/charm/lib/charms/postgresql_k8s/v0/postgresql.py", line 303, in enable_disable_extensions
    with self._connect_to_database() as connection, connection.cursor() as cursor:
  File "/var/lib/juju/agents/unit-postgresql-k8s-1/charm/lib/charms/tempo_k8s/v1/charm_tracing.py", line 544, in wrapped_function
    return callable(*args, **kwargs)  # type: ignore
  File "/var/lib/juju/agents/unit-postgresql-k8s-1/charm/lib/charms/postgresql_k8s/v0/postgresql.py", line 127, in _connect_to_database
    connection = psycopg2.connect(
  File "/var/lib/juju/agents/unit-postgresql-k8s-1/charm/venv/psycopg2/__init__.py", line 122, in connect
    conn = _connect(dsn, connection_factory=connection_factory, **kwasync)
psycopg2.OperationalError: connection to server at "postgresql-k8s-primary.test.svc.cluster.local" (10.152.183.176), port 5432 failed: Connection refused
	Is the server running on that host and accepting TCP/IP connections?


During handling of the above exception, another exception occurred:

Traceback (most recent call last):
  File "/var/lib/juju/agents/unit-postgresql-k8s-1/charm/./src/charm.py", line 639, in enable_disable_extensions
    self.postgresql.enable_disable_extensions(extensions, database)
  File "/var/lib/juju/agents/unit-postgresql-k8s-1/charm/lib/charms/tempo_k8s/v1/charm_tracing.py", line 544, in wrapped_function
    return callable(*args, **kwargs)  # type: ignore
  File "/var/lib/juju/agents/unit-postgresql-k8s-1/charm/lib/charms/postgresql_k8s/v0/postgresql.py", line 327, in enable_disable_extensions
    raise PostgreSQLEnableDisableExtensionError()
charms.postgresql_k8s.v0.postgresql.PostgreSQLEnableDisableExtensionError
unit-postgresql-k8s-0: 01:49:56 ERROR unit.postgresql-k8s/0.juju-log restart:2: failed to change plugins: 
Traceback (most recent call last):
  File "/var/lib/juju/agents/unit-postgresql-k8s-0/charm/lib/charms/postgresql_k8s/v0/postgresql.py", line 303, in enable_disable_extensions
    with self._connect_to_database() as connection, connection.cursor() as cursor:
  File "/var/lib/juju/agents/unit-postgresql-k8s-0/charm/lib/charms/tempo_k8s/v1/charm_tracing.py", line 544, in wrapped_function
    return callable(*args, **kwargs)  # type: ignore
  File "/var/lib/juju/agents/unit-postgresql-k8s-0/charm/lib/charms/postgresql_k8s/v0/postgresql.py", line 127, in _connect_to_database
    connection = psycopg2.connect(
  File "/var/lib/juju/agents/unit-postgresql-k8s-0/charm/venv/psycopg2/__init__.py", line 122, in connect
    conn = _connect(dsn, connection_factory=connection_factory, **kwasync)
psycopg2.OperationalError: connection to server at "postgresql-k8s-primary.test.svc.cluster.local" (10.152.183.176), port 5432 failed: Connection refused
	Is the server running on that host and accepting TCP/IP connections?


During handling of the above exception, another exception occurred:

Traceback (most recent call last):
  File "/var/lib/juju/agents/unit-postgresql-k8s-0/charm/./src/charm.py", line 639, in enable_disable_extensions
    self.postgresql.enable_disable_extensions(extensions, database)
  File "/var/lib/juju/agents/unit-postgresql-k8s-0/charm/lib/charms/tempo_k8s/v1/charm_tracing.py", line 544, in wrapped_function
    return callable(*args, **kwargs)  # type: ignore
  File "/var/lib/juju/agents/unit-postgresql-k8s-0/charm/lib/charms/postgresql_k8s/v0/postgresql.py", line 327, in enable_disable_extensions
    raise PostgreSQLEnableDisableExtensionError()
charms.postgresql_k8s.v0.postgresql.PostgreSQLEnableDisableExtensionError
unit-postgresql-k8s-0: 01:55:52 ERROR juju.worker.uniter pebble poll failed for container "postgresql": failed to send pebble-ready event: terminated
unit-postgresql-k8s-3: 02:01:59 ERROR juju.worker.dependency "log-sender" manifold worker returned unexpected error: sending log message: write tcp 10.1.50.17:40566->10.152.183.63:17070: i/o timeout: write tcp 10.1.50.17:40566->10.152.183.63:17070: i/o timeout
unit-postgresql-k8s-2: 02:02:38 ERROR unit.postgresql-k8s/2.juju-log failed to change plugins: 
Traceback (most recent call last):
  File "/var/lib/juju/agents/unit-postgresql-k8s-2/charm/lib/charms/postgresql_k8s/v0/postgresql.py", line 303, in enable_disable_extensions
    with self._connect_to_database() as connection, connection.cursor() as cursor:
  File "/var/lib/juju/agents/unit-postgresql-k8s-2/charm/lib/charms/tempo_k8s/v1/charm_tracing.py", line 544, in wrapped_function
    return callable(*args, **kwargs)  # type: ignore
  File "/var/lib/juju/agents/unit-postgresql-k8s-2/charm/lib/charms/postgresql_k8s/v0/postgresql.py", line 127, in _connect_to_database
    connection = psycopg2.connect(
  File "/var/lib/juju/agents/unit-postgresql-k8s-2/charm/venv/psycopg2/__init__.py", line 122, in connect
    conn = _connect(dsn, connection_factory=connection_factory, **kwasync)
psycopg2.OperationalError: connection to server at "postgresql-k8s-primary.test.svc.cluster.local" (10.152.183.176), port 5432 failed: Connection refused
	Is the server running on that host and accepting TCP/IP connections?


During handling of the above exception, another exception occurred:

Traceback (most recent call last):
  File "/var/lib/juju/agents/unit-postgresql-k8s-2/charm/./src/charm.py", line 639, in enable_disable_extensions
    self.postgresql.enable_disable_extensions(extensions, database)
  File "/var/lib/juju/agents/unit-postgresql-k8s-2/charm/lib/charms/tempo_k8s/v1/charm_tracing.py", line 544, in wrapped_function
    return callable(*args, **kwargs)  # type: ignore
  File "/var/lib/juju/agents/unit-postgresql-k8s-2/charm/lib/charms/postgresql_k8s/v0/postgresql.py", line 327, in enable_disable_extensions
    raise PostgreSQLEnableDisableExtensionError()
charms.postgresql_k8s.v0.postgresql.PostgreSQLEnableDisableExtensionError
unit-postgresql-k8s-2: 02:04:19 ERROR juju.worker.dependency "log-sender" manifold worker returned unexpected error: sending log message: websocket: close 1005 (no status): websocket: close sent
unit-postgresql-k8s-3: 02:05:07 ERROR unit.postgresql-k8s/3.juju-log Uncaught exception while in charm code:
Traceback (most recent call last):
  File "/var/lib/juju/agents/unit-postgresql-k8s-3/charm/venv/urllib3/connection.py", line 196, in _new_conn
    sock = connection.create_connection(
  File "/var/lib/juju/agents/unit-postgresql-k8s-3/charm/venv/urllib3/util/connection.py", line 85, in create_connection
    raise err
  File "/var/lib/juju/agents/unit-postgresql-k8s-3/charm/venv/urllib3/util/connection.py", line 73, in create_connection
    sock.connect(sa)
ConnectionRefusedError: [Errno 111] Connection refused

The above exception was the direct cause of the following exception:

Traceback (most recent call last):
  File "/var/lib/juju/agents/unit-postgresql-k8s-3/charm/venv/urllib3/connectionpool.py", line 789, in urlopen
    response = self._make_request(
  File "/var/lib/juju/agents/unit-postgresql-k8s-3/charm/venv/urllib3/connectionpool.py", line 495, in _make_request
    conn.request(
  File "/var/lib/juju/agents/unit-postgresql-k8s-3/charm/venv/urllib3/connection.py", line 398, in request
    self.endheaders()
  File "/usr/lib/python3.10/http/client.py", line 1278, in endheaders
    self._send_output(message_body, encode_chunked=encode_chunked)
  File "/usr/lib/python3.10/http/client.py", line 1038, in _send_output
    self.send(msg)
  File "/usr/lib/python3.10/http/client.py", line 976, in send
    self.connect()
  File "/var/lib/juju/agents/unit-postgresql-k8s-3/charm/venv/urllib3/connection.py", line 236, in connect
    self.sock = self._new_conn()
  File "/var/lib/juju/agents/unit-postgresql-k8s-3/charm/venv/urllib3/connection.py", line 211, in _new_conn
    raise NewConnectionError(
urllib3.exceptions.NewConnectionError: <urllib3.connection.HTTPConnection object at 0xffff86df1c60>: Failed to establish a new connection: [Errno 111] Connection refused

The above exception was the direct cause of the following exception:

Traceback (most recent call last):
  File "/var/lib/juju/agents/unit-postgresql-k8s-3/charm/venv/requests/adapters.py", line 667, in send
    resp = conn.urlopen(
  File "/var/lib/juju/agents/unit-postgresql-k8s-3/charm/venv/urllib3/connectionpool.py", line 843, in urlopen
    retries = retries.increment(
  File "/var/lib/juju/agents/unit-postgresql-k8s-3/charm/venv/urllib3/util/retry.py", line 519, in increment
    raise MaxRetryError(_pool, url, reason) from reason  # type: ignore[arg-type]
urllib3.exceptions.MaxRetryError: HTTPConnectionPool(host='postgresql-k8s-3.postgresql-k8s-endpoints', port=8008): Max retries exceeded with url: /config (Caused by NewConnectionError('<urllib3.connection.HTTPConnection object at 0xffff86df1c60>: Failed to establish a new connection: [Errno 111] Connection refused'))

During handling of the above exception, another exception occurred:

Traceback (most recent call last):
  File "/var/lib/juju/agents/unit-postgresql-k8s-3/charm/venv/tenacity/__init__.py", line 472, in __call__
    result = fn(*args, **kwargs)
  File "/var/lib/juju/agents/unit-postgresql-k8s-3/charm/src/patroni.py", line 353, in bulk_update_parameters_controller_by_patroni
    requests.patch(
  File "/var/lib/juju/agents/unit-postgresql-k8s-3/charm/venv/requests/api.py", line 145, in patch
    return request("patch", url, data=data, **kwargs)
  File "/var/lib/juju/agents/unit-postgresql-k8s-3/charm/venv/requests/api.py", line 59, in request
    return session.request(method=method, url=url, **kwargs)
  File "/var/lib/juju/agents/unit-postgresql-k8s-3/charm/venv/requests/sessions.py", line 589, in request
    resp = self.send(prep, **send_kwargs)
  File "/var/lib/juju/agents/unit-postgresql-k8s-3/charm/venv/requests/sessions.py", line 703, in send
    r = adapter.send(request, **kwargs)
  File "/var/lib/juju/agents/unit-postgresql-k8s-3/charm/venv/requests/adapters.py", line 700, in send
    raise ConnectionError(e, request=request)
requests.exceptions.ConnectionError: HTTPConnectionPool(host='postgresql-k8s-3.postgresql-k8s-endpoints', port=8008): Max retries exceeded with url: /config (Caused by NewConnectionError('<urllib3.connection.HTTPConnection object at 0xffff86df1c60>: Failed to establish a new connection: [Errno 111] Connection refused'))

The above exception was the direct cause of the following exception:

Traceback (most recent call last):
  File "/var/lib/juju/agents/unit-postgresql-k8s-3/charm/./src/charm.py", line 1837, in <module>
    main(PostgresqlOperatorCharm, use_juju_for_storage=True)
  File "/var/lib/juju/agents/unit-postgresql-k8s-3/charm/venv/ops/main.py", line 548, in main
    manager.run()
  File "/var/lib/juju/agents/unit-postgresql-k8s-3/charm/venv/ops/main.py", line 527, in run
    self._emit()
  File "/var/lib/juju/agents/unit-postgresql-k8s-3/charm/venv/ops/main.py", line 513, in _emit
    self.framework.reemit()
  File "/var/lib/juju/agents/unit-postgresql-k8s-3/charm/venv/ops/framework.py", line 870, in reemit
    self._reemit()
  File "/var/lib/juju/agents/unit-postgresql-k8s-3/charm/venv/ops/framework.py", line 950, in _reemit
    custom_handler(event)
  File "/var/lib/juju/agents/unit-postgresql-k8s-3/charm/lib/charms/tempo_k8s/v1/charm_tracing.py", line 544, in wrapped_function
    return callable(*args, **kwargs)  # type: ignore
  File "/var/lib/juju/agents/unit-postgresql-k8s-3/charm/./src/charm.py", line 864, in _on_postgresql_pebble_ready
    self.update_config()
  File "/var/lib/juju/agents/unit-postgresql-k8s-3/charm/lib/charms/tempo_k8s/v1/charm_tracing.py", line 544, in wrapped_function
    return callable(*args, **kwargs)  # type: ignore
  File "/var/lib/juju/agents/unit-postgresql-k8s-3/charm/./src/charm.py", line 1648, in update_config
    self._patroni.bulk_update_parameters_controller_by_patroni({
  File "/var/lib/juju/agents/unit-postgresql-k8s-3/charm/lib/charms/tempo_k8s/v1/charm_tracing.py", line 544, in wrapped_function
    return callable(*args, **kwargs)  # type: ignore
  File "/var/lib/juju/agents/unit-postgresql-k8s-3/charm/venv/tenacity/__init__.py", line 332, in wrapped_f
    return self(f, *args, **kw)
  File "/var/lib/juju/agents/unit-postgresql-k8s-3/charm/venv/tenacity/__init__.py", line 469, in __call__
    do = self.iter(retry_state=retry_state)
  File "/var/lib/juju/agents/unit-postgresql-k8s-3/charm/venv/tenacity/__init__.py", line 370, in iter
    result = action(retry_state)
  File "/var/lib/juju/agents/unit-postgresql-k8s-3/charm/venv/tenacity/__init__.py", line 413, in exc_check
    raise retry_exc from fut.exception()
tenacity.RetryError: RetryError[<Future at 0xffff86df0610 state=finished raised ConnectionError>]
unit-postgresql-k8s-3: 02:05:10 ERROR juju.worker.uniter.operation hook "leader-settings-changed" (via hook dispatching script: dispatch) failed: exit status 1
unit-postgresql-k8s-3: 02:09:22 ERROR juju.worker.uniter pebble poll failed for container "postgresql": failed to send pebble-ready event: terminated
unit-postgresql-k8s-0: 02:09:26 ERROR unit.postgresql-k8s/0.juju-log database-peers:1: Uncaught exception while in charm code:
Traceback (most recent call last):
  File "/var/lib/juju/agents/unit-postgresql-k8s-0/charm/./src/charm.py", line 1837, in <module>
    main(PostgresqlOperatorCharm, use_juju_for_storage=True)
  File "/var/lib/juju/agents/unit-postgresql-k8s-0/charm/venv/ops/main.py", line 548, in main
    manager.run()
  File "/var/lib/juju/agents/unit-postgresql-k8s-0/charm/venv/ops/main.py", line 527, in run
    self._emit()
  File "/var/lib/juju/agents/unit-postgresql-k8s-0/charm/venv/ops/main.py", line 516, in _emit
    _emit_charm_event(self.charm, self.dispatcher.event_name)
  File "/var/lib/juju/agents/unit-postgresql-k8s-0/charm/venv/ops/main.py", line 147, in _emit_charm_event
    event_to_emit.emit(*args, **kwargs)
  File "/var/lib/juju/agents/unit-postgresql-k8s-0/charm/venv/ops/framework.py", line 348, in emit
    framework._emit(event)
  File "/var/lib/juju/agents/unit-postgresql-k8s-0/charm/venv/ops/framework.py", line 860, in _emit
    self._reemit(event_path)
  File "/var/lib/juju/agents/unit-postgresql-k8s-0/charm/venv/ops/framework.py", line 950, in _reemit
    custom_handler(event)
  File "/var/lib/juju/agents/unit-postgresql-k8s-0/charm/lib/charms/tempo_k8s/v1/charm_tracing.py", line 544, in wrapped_function
    return callable(*args, **kwargs)  # type: ignore
  File "/var/lib/juju/agents/unit-postgresql-k8s-0/charm/./src/charm.py", line 501, in _on_peer_relation_changed
    self.update_config()
  File "/var/lib/juju/agents/unit-postgresql-k8s-0/charm/lib/charms/tempo_k8s/v1/charm_tracing.py", line 544, in wrapped_function
    return callable(*args, **kwargs)  # type: ignore
  File "/var/lib/juju/agents/unit-postgresql-k8s-0/charm/./src/charm.py", line 1658, in update_config
    current_layer = container.get_plan()
  File "/var/lib/juju/agents/unit-postgresql-k8s-0/charm/venv/ops/model.py", line 2274, in get_plan
    return self._pebble.get_plan()
  File "/var/lib/juju/agents/unit-postgresql-k8s-0/charm/venv/ops/pebble.py", line 2219, in get_plan
    resp = self._request('GET', '/v1/plan', {'format': 'yaml'})
  File "/var/lib/juju/agents/unit-postgresql-k8s-0/charm/venv/ops/pebble.py", line 1859, in _request
    response = self._request_raw(method, path, query, headers, data)
  File "/var/lib/juju/agents/unit-postgresql-k8s-0/charm/venv/ops/pebble.py", line 1912, in _request_raw
    raise ConnectionError(
ops.pebble.ConnectionError: Could not connect to Pebble: socket not found at '/charm/containers/postgresql/pebble.socket' (container restarted?)
unit-postgresql-k8s-0: 02:09:27 ERROR juju.worker.uniter.operation hook "database-peers-relation-changed" (via hook dispatching script: dispatch) failed: exit status 1
unit-postgresql-k8s-0: 02:15:42 ERROR unit.postgresql-k8s/0.juju-log database-peers:1: Uncaught exception while in charm code:
Traceback (most recent call last):
  File "/var/lib/juju/agents/unit-postgresql-k8s-0/charm/./src/charm.py", line 1837, in <module>
    main(PostgresqlOperatorCharm, use_juju_for_storage=True)
  File "/var/lib/juju/agents/unit-postgresql-k8s-0/charm/venv/ops/main.py", line 548, in main
    manager.run()
  File "/var/lib/juju/agents/unit-postgresql-k8s-0/charm/venv/ops/main.py", line 527, in run
    self._emit()
  File "/var/lib/juju/agents/unit-postgresql-k8s-0/charm/venv/ops/main.py", line 513, in _emit
    self.framework.reemit()
  File "/var/lib/juju/agents/unit-postgresql-k8s-0/charm/venv/ops/framework.py", line 870, in reemit
    self._reemit()
  File "/var/lib/juju/agents/unit-postgresql-k8s-0/charm/venv/ops/framework.py", line 950, in _reemit
    custom_handler(event)
  File "/var/lib/juju/agents/unit-postgresql-k8s-0/charm/lib/charms/tempo_k8s/v1/charm_tracing.py", line 544, in wrapped_function
    return callable(*args, **kwargs)  # type: ignore
  File "/var/lib/juju/agents/unit-postgresql-k8s-0/charm/./src/charm.py", line 469, in _on_peer_relation_changed
    if "cluster_initialised" not in self._peers.data[self.app]:
AttributeError: 'NoneType' object has no attribute 'data'
unit-postgresql-k8s-0: 02:15:43 ERROR juju.worker.uniter.operation hook "database-peers-relation-broken" (via hook dispatching script: dispatch) failed: exit status 1
unit-postgresql-k8s-0: 02:15:50 ERROR unit.postgresql-k8s/0.juju-log database-peers:1: Uncaught exception while in charm code:
Traceback (most recent call last):
  File "/var/lib/juju/agents/unit-postgresql-k8s-0/charm/./src/charm.py", line 1837, in <module>
    main(PostgresqlOperatorCharm, use_juju_for_storage=True)
  File "/var/lib/juju/agents/unit-postgresql-k8s-0/charm/venv/ops/main.py", line 548, in main
    manager.run()
  File "/var/lib/juju/agents/unit-postgresql-k8s-0/charm/venv/ops/main.py", line 527, in run
    self._emit()
  File "/var/lib/juju/agents/unit-postgresql-k8s-0/charm/venv/ops/main.py", line 513, in _emit
    self.framework.reemit()
  File "/var/lib/juju/agents/unit-postgresql-k8s-0/charm/venv/ops/framework.py", line 870, in reemit
    self._reemit()
  File "/var/lib/juju/agents/unit-postgresql-k8s-0/charm/venv/ops/framework.py", line 950, in _reemit
    custom_handler(event)
  File "/var/lib/juju/agents/unit-postgresql-k8s-0/charm/lib/charms/tempo_k8s/v1/charm_tracing.py", line 544, in wrapped_function
    return callable(*args, **kwargs)  # type: ignore
  File "/var/lib/juju/agents/unit-postgresql-k8s-0/charm/./src/charm.py", line 469, in _on_peer_relation_changed
    if "cluster_initialised" not in self._peers.data[self.app]:
AttributeError: 'NoneType' object has no attribute 'data'
unit-postgresql-k8s-0: 02:15:51 ERROR juju.worker.uniter.operation hook "database-peers-relation-broken" (via hook dispatching script: dispatch) failed: exit status 1
unit-postgresql-k8s-0: 02:16:02 ERROR unit.postgresql-k8s/0.juju-log database-peers:1: Uncaught exception while in charm code:
Traceback (most recent call last):
  File "/var/lib/juju/agents/unit-postgresql-k8s-0/charm/./src/charm.py", line 1837, in <module>
    main(PostgresqlOperatorCharm, use_juju_for_storage=True)
  File "/var/lib/juju/agents/unit-postgresql-k8s-0/charm/venv/ops/main.py", line 548, in main
    manager.run()
  File "/var/lib/juju/agents/unit-postgresql-k8s-0/charm/venv/ops/main.py", line 527, in run
    self._emit()
  File "/var/lib/juju/agents/unit-postgresql-k8s-0/charm/venv/ops/main.py", line 513, in _emit
    self.framework.reemit()
  File "/var/lib/juju/agents/unit-postgresql-k8s-0/charm/venv/ops/framework.py", line 870, in reemit
    self._reemit()
  File "/var/lib/juju/agents/unit-postgresql-k8s-0/charm/venv/ops/framework.py", line 950, in _reemit
    custom_handler(event)
  File "/var/lib/juju/agents/unit-postgresql-k8s-0/charm/lib/charms/tempo_k8s/v1/charm_tracing.py", line 544, in wrapped_function
    return callable(*args, **kwargs)  # type: ignore
  File "/var/lib/juju/agents/unit-postgresql-k8s-0/charm/./src/charm.py", line 469, in _on_peer_relation_changed
    if "cluster_initialised" not in self._peers.data[self.app]:
AttributeError: 'NoneType' object has no attribute 'data'
unit-postgresql-k8s-0: 02:16:03 ERROR juju.worker.uniter.operation hook "database-peers-relation-broken" (via hook dispatching script: dispatch) failed: exit status 1
unit-postgresql-k8s-0: 02:16:24 ERROR unit.postgresql-k8s/0.juju-log database-peers:1: Uncaught exception while in charm code:
Traceback (most recent call last):
  File "/var/lib/juju/agents/unit-postgresql-k8s-0/charm/./src/charm.py", line 1837, in <module>
    main(PostgresqlOperatorCharm, use_juju_for_storage=True)
  File "/var/lib/juju/agents/unit-postgresql-k8s-0/charm/venv/ops/main.py", line 548, in main
    manager.run()
  File "/var/lib/juju/agents/unit-postgresql-k8s-0/charm/venv/ops/main.py", line 527, in run
    self._emit()
  File "/var/lib/juju/agents/unit-postgresql-k8s-0/charm/venv/ops/main.py", line 513, in _emit
    self.framework.reemit()
  File "/var/lib/juju/agents/unit-postgresql-k8s-0/charm/venv/ops/framework.py", line 870, in reemit
    self._reemit()
  File "/var/lib/juju/agents/unit-postgresql-k8s-0/charm/venv/ops/framework.py", line 950, in _reemit
    custom_handler(event)
  File "/var/lib/juju/agents/unit-postgresql-k8s-0/charm/lib/charms/tempo_k8s/v1/charm_tracing.py", line 544, in wrapped_function
    return callable(*args, **kwargs)  # type: ignore
  File "/var/lib/juju/agents/unit-postgresql-k8s-0/charm/./src/charm.py", line 469, in _on_peer_relation_changed
    if "cluster_initialised" not in self._peers.data[self.app]:
AttributeError: 'NoneType' object has no attribute 'data'
unit-postgresql-k8s-0: 02:16:24 ERROR juju.worker.uniter.operation hook "database-peers-relation-broken" (via hook dispatching script: dispatch) failed: exit status 1
unit-postgresql-k8s-0: 02:17:08 ERROR unit.postgresql-k8s/0.juju-log database-peers:1: Uncaught exception while in charm code:
Traceback (most recent call last):
  File "/var/lib/juju/agents/unit-postgresql-k8s-0/charm/./src/charm.py", line 1837, in <module>
    main(PostgresqlOperatorCharm, use_juju_for_storage=True)
  File "/var/lib/juju/agents/unit-postgresql-k8s-0/charm/venv/ops/main.py", line 548, in main
    manager.run()
  File "/var/lib/juju/agents/unit-postgresql-k8s-0/charm/venv/ops/main.py", line 527, in run
    self._emit()
  File "/var/lib/juju/agents/unit-postgresql-k8s-0/charm/venv/ops/main.py", line 513, in _emit
    self.framework.reemit()
  File "/var/lib/juju/agents/unit-postgresql-k8s-0/charm/venv/ops/framework.py", line 870, in reemit
    self._reemit()
  File "/var/lib/juju/agents/unit-postgresql-k8s-0/charm/venv/ops/framework.py", line 950, in _reemit
    custom_handler(event)
  File "/var/lib/juju/agents/unit-postgresql-k8s-0/charm/lib/charms/tempo_k8s/v1/charm_tracing.py", line 544, in wrapped_function
    return callable(*args, **kwargs)  # type: ignore
  File "/var/lib/juju/agents/unit-postgresql-k8s-0/charm/./src/charm.py", line 469, in _on_peer_relation_changed
    if "cluster_initialised" not in self._peers.data[self.app]:
AttributeError: 'NoneType' object has no attribute 'data'
unit-postgresql-k8s-0: 02:17:08 ERROR juju.worker.uniter.operation hook "database-peers-relation-broken" (via hook dispatching script: dispatch) failed: exit status 1
controller-0: 02:17:19 ERROR juju.worker.caasapplicationprovisioner.runner exited "postgresql-k8s": cannot scale dying application to 0: application "postgresql-k8s" not found

[32mINFO    [0m pytest_operator.plugin:plugin.py:947 Forgetting model main...