[32mINFO    [0m integration.ha_tests.test_self_healing:test_self_healing.py:420 scaling database to zero units
[32mINFO    [0m integration.ha_tests.test_self_healing:test_self_healing.py:424 scaling database to three units
[32mINFO    [0m juju.model:model.py:2971 Waiting for model:
  postgresql-k8s (waiting for exactly 3 units, current : 0)
[32mINFO    [0m juju.model:model.py:2971 Waiting for model:
  postgresql-k8s/0 [allocating] waiting: agent initialising
  postgresql-k8s/1 [allocating] waiting: agent initialising
  postgresql-k8s/2 [allocating] waiting: agent initialising
[32mINFO    [0m juju.model:model.py:2971 Waiting for model:
  postgresql-k8s/0 [executing] waiting: awaiting for cluster to start
  postgresql-k8s/1 [executing] unknown: 
  postgresql-k8s/2 [executing] unknown: 
[32mINFO    [0m juju.model:model.py:2971 Waiting for model:
  postgresql-k8s/0 [executing] waiting: awaiting for primary endpoint to be ready
  postgresql-k8s/1 [idle] unknown: 
  postgresql-k8s/2 [idle] unknown: 
[32mINFO    [0m juju.model:model.py:2971 Waiting for model:
  postgresql-k8s/0 [executing] waiting: awaiting for primary endpoint to be ready
  postgresql-k8s/1 [idle] unknown: 
  postgresql-k8s/2 [idle] unknown: 
[32mINFO    [0m juju.model:model.py:2971 Waiting for model:
  postgresql-k8s/0 [idle] waiting: awaiting for primary endpoint to be ready
  postgresql-k8s/1 [idle] unknown: 
  postgresql-k8s/2 [executing] unknown: 
[32mINFO    [0m juju.model:model.py:2971 Waiting for model:
  postgresql-k8s/0 [idle] active: Primary
  postgresql-k8s/1 [executing] unknown: 
  postgresql-k8s/2 [idle] unknown: 
[32mINFO    [0m juju.model:model.py:2971 Waiting for model:
  postgresql-k8s/0 [idle] active: Primary
  postgresql-k8s/1 [idle] unknown: 
  postgresql-k8s/2 [idle] unknown: 
[32mINFO    [0m juju.model:model.py:2971 Waiting for model:
  postgresql-k8s/0 [idle] active: Primary
  postgresql-k8s/1 [idle] unknown: 
  postgresql-k8s/2 [idle] unknown: 
[32mINFO    [0m juju.model:model.py:2971 Waiting for model:
  postgresql-k8s/0 [idle] active: Primary
  postgresql-k8s/1 [idle] unknown: 
  postgresql-k8s/2 [idle] waiting: awaiting for cluster to start
[32mINFO    [0m juju.model:model.py:2971 Waiting for model:
  postgresql-k8s/0 [idle] maintenance: reconfiguring cluster
  postgresql-k8s/1 [idle] active: 
  postgresql-k8s/2 [idle] active: 
[32mINFO    [0m juju.model:model.py:2971 Waiting for model:
  postgresql-k8s/0 [idle] active: Primary
  postgresql-k8s/2 [idle] active: 
[32mINFO    [0m juju.model:model.py:2971 Waiting for model:
  postgresql-k8s/2 [idle] active: 
[32mINFO    [0m juju.model:model.py:2971 Waiting for model:
  postgresql-k8s/0 [idle] active: Primary
  postgresql-k8s/1 [executing] active: 
  postgresql-k8s/2 [idle] maintenance: reinitialising replica
[32mINFO    [0m juju.model:model.py:2971 Waiting for model:
  postgresql-k8s/0 [idle] active: Primary
  postgresql-k8s/1 [idle] active: 
  postgresql-k8s/2 [idle] maintenance: reinitialising replica
[32mINFO    [0m juju.model:model.py:2971 Waiting for model:
  postgresql-k8s/0 [idle] active: Primary
  postgresql-k8s/1 [idle] active: 
  postgresql-k8s/2 [idle] maintenance: reinitialising replica
[32mINFO    [0m juju.model:model.py:2971 Waiting for model:
  postgresql-k8s/0 [idle] active: Primary
  postgresql-k8s/1 [idle] active: 
  postgresql-k8s/2 [idle] maintenance: reinitialising replica
[32mINFO    [0m juju.model:model.py:2971 Waiting for model:
  postgresql-k8s/0 [idle] active: Primary
  postgresql-k8s/1 [idle] active: 
  postgresql-k8s/2 [idle] maintenance: reinitialising replica
[32mINFO    [0m juju.model:model.py:2971 Waiting for model:
  postgresql-k8s/0 [idle] active: Primary
  postgresql-k8s/1 [idle] active: 
  postgresql-k8s/2 [idle] maintenance: reinitialising replica
[32mINFO    [0m juju.model:model.py:2971 Waiting for model:
  postgresql-k8s/0 [idle] active: Primary
  postgresql-k8s/1 [idle] active: 
  postgresql-k8s/2 [idle] active: 
[32mINFO    [0m integration.ha_tests.test_self_healing:test_self_healing.py:428 waiting for the database service to start in all units
[32mINFO    [0m integration.ha_tests.test_self_healing:test_self_healing.py:434 checking whether writes are increasing
[32mINFO    [0m httpx:_client.py:1026 HTTP Request: GET https://10.145.225.67:16443/api/v1/namespaces/test/pods/postgresql-k8s-0 "HTTP/1.1 200 OK"
[32mINFO    [0m httpx:_client.py:1026 HTTP Request: GET https://10.145.225.67:16443/api/v1/namespaces/test/pods/postgresql-k8s-1 "HTTP/1.1 200 OK"
[32mINFO    [0m httpx:_client.py:1026 HTTP Request: GET https://10.145.225.67:16443/api/v1/namespaces/test/pods/postgresql-k8s-0 "HTTP/1.1 200 OK"
[32mINFO    [0m httpx:_client.py:1026 HTTP Request: GET https://10.145.225.67:16443/api/v1/namespaces/test/pods/postgresql-k8s-1 "HTTP/1.1 200 OK"
[32mINFO    [0m httpx:_client.py:1026 HTTP Request: GET https://10.145.225.67:16443/api/v1/namespaces/test/pods/postgresql-k8s-0 "HTTP/1.1 200 OK"
[32mINFO    [0m httpx:_client.py:1026 HTTP Request: GET https://10.145.225.67:16443/api/v1/namespaces/test/pods/postgresql-k8s-1 "HTTP/1.1 200 OK"
[32mINFO    [0m integration.ha_tests.test_self_healing:test_self_healing.py:438 checking whether all units are part of the same cluster
[32mINFO    [0m httpx:_client.py:1026 HTTP Request: GET https://10.145.225.67:16443/api/v1/namespaces/test/pods/postgresql-k8s-0 "HTTP/1.1 200 OK"
[32mINFO    [0m httpx:_client.py:1026 HTTP Request: GET https://10.145.225.67:16443/api/v1/namespaces/test/pods/postgresql-k8s-1 "HTTP/1.1 200 OK"
[32mINFO    [0m httpx:_client.py:1026 HTTP Request: GET https://10.145.225.67:16443/api/v1/namespaces/test/pods/postgresql-k8s-2 "HTTP/1.1 200 OK"
[32mINFO    [0m httpx:_client.py:1026 HTTP Request: GET https://10.145.225.67:16443/api/v1/namespaces/test/pods/postgresql-k8s-0 "HTTP/1.1 200 OK"
[32mINFO    [0m httpx:_client.py:1026 HTTP Request: GET https://10.145.225.67:16443/api/v1/namespaces/test/pods/postgresql-k8s-1 "HTTP/1.1 200 OK"
[32mINFO    [0m httpx:_client.py:1026 HTTP Request: GET https://10.145.225.67:16443/api/v1/namespaces/test/pods/postgresql-k8s-2 "HTTP/1.1 200 OK"
[32mINFO    [0m httpx:_client.py:1026 HTTP Request: GET https://10.145.225.67:16443/api/v1/namespaces/test/pods/postgresql-k8s-0 "HTTP/1.1 200 OK"
[32mINFO    [0m httpx:_client.py:1026 HTTP Request: GET https://10.145.225.67:16443/api/v1/namespaces/test/pods/postgresql-k8s-1 "HTTP/1.1 200 OK"
[32mINFO    [0m httpx:_client.py:1026 HTTP Request: GET https://10.145.225.67:16443/api/v1/namespaces/test/pods/postgresql-k8s-2 "HTTP/1.1 200 OK"
[32mINFO    [0m integration.ha_tests.test_self_healing:test_self_healing.py:447 checking whether no writes to the database were missed after stopping the writes
[32mINFO    [0m httpx:_client.py:1026 HTTP Request: GET https://10.145.225.67:16443/api/v1/namespaces/test/pods/postgresql-k8s-0 "HTTP/1.1 200 OK"
[32mINFO    [0m httpx:_client.py:1026 HTTP Request: GET https://10.145.225.67:16443/api/v1/namespaces/test/pods/postgresql-k8s-1 "HTTP/1.1 200 OK"
[32mINFO    [0m pytest_operator.plugin:plugin.py:862 Model status:

Model  Controller          Cloud/Region        Version  SLA          Timestamp
test   microk8s-localhost  microk8s/localhost  3.1.8    unsupported  02:17:31Z

App                  Version  Status  Scale  Charm                Channel  Rev  Address         Exposed  Message
postgresql-k8s       14.11    active      3  postgresql-k8s                  0  10.152.183.92   no       
postgresql-test-app           active      1  postgresql-test-app  edge     173  10.152.183.116  no       received database credentials of the first database

Unit                    Workload  Agent  Address      Ports  Message
postgresql-k8s/0*       active    idle   10.1.87.211         Primary
postgresql-k8s/1        active    idle   10.1.87.212         
postgresql-k8s/2        active    idle   10.1.87.213         
postgresql-test-app/0*  active    idle   10.1.87.203         received database credentials of the first database

[32mINFO    [0m pytest_operator.plugin:plugin.py:868 Juju error logs:

unit-postgresql-k8s-2: 01:46:01 ERROR unit.postgresql-k8s/2.juju-log failed to change plugins: 
Traceback (most recent call last):
  File "/var/lib/juju/agents/unit-postgresql-k8s-2/charm/lib/charms/postgresql_k8s/v0/postgresql.py", line 303, in enable_disable_extensions
    with self._connect_to_database() as connection, connection.cursor() as cursor:
  File "/var/lib/juju/agents/unit-postgresql-k8s-2/charm/lib/charms/tempo_k8s/v1/charm_tracing.py", line 544, in wrapped_function
    return callable(*args, **kwargs)  # type: ignore
  File "/var/lib/juju/agents/unit-postgresql-k8s-2/charm/lib/charms/postgresql_k8s/v0/postgresql.py", line 127, in _connect_to_database
    connection = psycopg2.connect(
  File "/var/lib/juju/agents/unit-postgresql-k8s-2/charm/venv/psycopg2/__init__.py", line 122, in connect
    conn = _connect(dsn, connection_factory=connection_factory, **kwasync)
psycopg2.OperationalError: connection to server at "postgresql-k8s-primary.test.svc.cluster.local" (10.152.183.243), port 5432 failed: timeout expired


During handling of the above exception, another exception occurred:

Traceback (most recent call last):
  File "/var/lib/juju/agents/unit-postgresql-k8s-2/charm/./src/charm.py", line 639, in enable_disable_extensions
    self.postgresql.enable_disable_extensions(extensions, database)
  File "/var/lib/juju/agents/unit-postgresql-k8s-2/charm/lib/charms/tempo_k8s/v1/charm_tracing.py", line 544, in wrapped_function
    return callable(*args, **kwargs)  # type: ignore
  File "/var/lib/juju/agents/unit-postgresql-k8s-2/charm/lib/charms/postgresql_k8s/v0/postgresql.py", line 327, in enable_disable_extensions
    raise PostgreSQLEnableDisableExtensionError()
charms.postgresql_k8s.v0.postgresql.PostgreSQLEnableDisableExtensionError

[32mINFO    [0m pytest_operator.plugin:plugin.py:947 Forgetting model main...