[32mINFO    [0m integration.test_backups:test_backups.py:88 deleting the previously created backups
[1m[31mERROR   [0m asyncio:base_events.py:1758 Task exception was never retrieved
future: <Task finished name='Task-1194' coro=<Connection.reconnect() done, defined at /home/ubuntu/actions-runner/_work/test-runners-2-is-arm64-postgresql-k8s-operator/test-runners-2-is-arm64-postgresql-k8s-operator/.tox/integration/lib/python3.10/site-packages/juju/client/connection.py:779> exception=OSError(9, 'Bad file descriptor')>
Traceback (most recent call last):
  File "/home/ubuntu/actions-runner/_work/test-runners-2-is-arm64-postgresql-k8s-operator/test-runners-2-is-arm64-postgresql-k8s-operator/.tox/integration/lib/python3.10/site-packages/juju/client/connection.py", line 788, in reconnect
    res = await connector(
  File "/home/ubuntu/actions-runner/_work/test-runners-2-is-arm64-postgresql-k8s-operator/test-runners-2-is-arm64-postgresql-k8s-operator/.tox/integration/lib/python3.10/site-packages/juju/client/connection.py", line 868, in _connect_with_login
    await self._connect(endpoints)
  File "/home/ubuntu/actions-runner/_work/test-runners-2-is-arm64-postgresql-k8s-operator/test-runners-2-is-arm64-postgresql-k8s-operator/.tox/integration/lib/python3.10/site-packages/juju/client/connection.py", line 817, in _connect
    result = await task
  File "/usr/lib/python3.10/asyncio/tasks.py", line 571, in _wait_for_one
    return f.result()  # May raise f.exception().
  File "/home/ubuntu/actions-runner/_work/test-runners-2-is-arm64-postgresql-k8s-operator/test-runners-2-is-arm64-postgresql-k8s-operator/.tox/integration/lib/python3.10/site-packages/juju/client/connection.py", line 806, in _try_endpoint
    return await self._open(endpoint, cacert)
  File "/home/ubuntu/actions-runner/_work/test-runners-2-is-arm64-postgresql-k8s-operator/test-runners-2-is-arm64-postgresql-k8s-operator/.tox/integration/lib/python3.10/site-packages/juju/client/connection.py", line 427, in _open
    return (await websockets.connect(
  File "/home/ubuntu/actions-runner/_work/test-runners-2-is-arm64-postgresql-k8s-operator/test-runners-2-is-arm64-postgresql-k8s-operator/.tox/integration/lib/python3.10/site-packages/websockets/legacy/client.py", line 647, in __await_impl_timeout__
    return await self.__await_impl__()
  File "/home/ubuntu/actions-runner/_work/test-runners-2-is-arm64-postgresql-k8s-operator/test-runners-2-is-arm64-postgresql-k8s-operator/.tox/integration/lib/python3.10/site-packages/websockets/legacy/client.py", line 651, in __await_impl__
    _transport, _protocol = await self._create_connection()
  File "/usr/lib/python3.10/asyncio/base_events.py", line 1103, in create_connection
    transport, protocol = await self._create_connection_transport(
  File "/usr/lib/python3.10/asyncio/base_events.py", line 1119, in _create_connection_transport
    sock.setblocking(False)
OSError: [Errno 9] Bad file descriptor
[33mWARNING [0m juju.client.connection:connection.py:578 Receiver: Connection closed, reconnecting
[1m[31mERROR   [0m asyncio:base_events.py:1758 Task exception was never retrieved
future: <Task finished name='Task-1202' coro=<Connection.reconnect() done, defined at /home/ubuntu/actions-runner/_work/test-runners-2-is-arm64-postgresql-k8s-operator/test-runners-2-is-arm64-postgresql-k8s-operator/.tox/integration/lib/python3.10/site-packages/juju/client/connection.py:779> exception=OSError(9, 'Bad file descriptor')>
Traceback (most recent call last):
  File "/home/ubuntu/actions-runner/_work/test-runners-2-is-arm64-postgresql-k8s-operator/test-runners-2-is-arm64-postgresql-k8s-operator/.tox/integration/lib/python3.10/site-packages/juju/client/connection.py", line 788, in reconnect
    res = await connector(
  File "/home/ubuntu/actions-runner/_work/test-runners-2-is-arm64-postgresql-k8s-operator/test-runners-2-is-arm64-postgresql-k8s-operator/.tox/integration/lib/python3.10/site-packages/juju/client/connection.py", line 868, in _connect_with_login
    await self._connect(endpoints)
  File "/home/ubuntu/actions-runner/_work/test-runners-2-is-arm64-postgresql-k8s-operator/test-runners-2-is-arm64-postgresql-k8s-operator/.tox/integration/lib/python3.10/site-packages/juju/client/connection.py", line 817, in _connect
    result = await task
  File "/usr/lib/python3.10/asyncio/tasks.py", line 571, in _wait_for_one
    return f.result()  # May raise f.exception().
  File "/home/ubuntu/actions-runner/_work/test-runners-2-is-arm64-postgresql-k8s-operator/test-runners-2-is-arm64-postgresql-k8s-operator/.tox/integration/lib/python3.10/site-packages/juju/client/connection.py", line 806, in _try_endpoint
    return await self._open(endpoint, cacert)
  File "/home/ubuntu/actions-runner/_work/test-runners-2-is-arm64-postgresql-k8s-operator/test-runners-2-is-arm64-postgresql-k8s-operator/.tox/integration/lib/python3.10/site-packages/juju/client/connection.py", line 427, in _open
    return (await websockets.connect(
  File "/home/ubuntu/actions-runner/_work/test-runners-2-is-arm64-postgresql-k8s-operator/test-runners-2-is-arm64-postgresql-k8s-operator/.tox/integration/lib/python3.10/site-packages/websockets/legacy/client.py", line 647, in __await_impl_timeout__
    return await self.__await_impl__()
  File "/home/ubuntu/actions-runner/_work/test-runners-2-is-arm64-postgresql-k8s-operator/test-runners-2-is-arm64-postgresql-k8s-operator/.tox/integration/lib/python3.10/site-packages/websockets/legacy/client.py", line 651, in __await_impl__
    _transport, _protocol = await self._create_connection()
  File "/usr/lib/python3.10/asyncio/base_events.py", line 1103, in create_connection
    transport, protocol = await self._create_connection_transport(
  File "/usr/lib/python3.10/asyncio/base_events.py", line 1119, in _create_connection_transport
    sock.setblocking(False)
OSError: [Errno 9] Bad file descriptor
[32mINFO    [0m pytest_operator.plugin:plugin.py:862 Model status:

Model  Controller          Cloud/Region        Version  SLA          Timestamp
test   microk8s-localhost  microk8s/localhost  3.4.4    unsupported  01:36:14Z

App                       Version  Status   Scale  Charm                     Channel        Rev  Address         Exposed  Message
postgresql-k8s-gcp        14.12    waiting      2  postgresql-k8s                             0  10.152.183.130  no       installing agent
s3-integrator                      waiting      1  s3-integrator             latest/stable   23  10.152.183.229  no       installing agent
self-signed-certificates           active       1  self-signed-certificates  latest/edge    162  10.152.183.132  no       

Unit                         Workload     Agent      Address       Ports  Message
postgresql-k8s-gcp/0         maintenance  executing  10.1.117.140         (start) installing charm software
postgresql-k8s-gcp/1*        maintenance  executing  10.1.117.141         (leader-elected) installing charm software
s3-integrator/0*             blocked      idle       10.1.117.136         Missing parameters: ['access-key', 'secret-key']
self-signed-certificates/0*  active       idle       10.1.117.137         

[32mINFO    [0m pytest_operator.plugin:plugin.py:868 Juju error logs:

controller-0: 01:34:20 ERROR juju.worker.caasapplicationprovisioner.runner exited "s3-integrator": refreshing application status for "s3-integrator": Get "https://10.152.183.1:443/apis/apps/v1/namespaces/test/statefulsets/s3-integrator": dial tcp 10.152.183.1:443: connect: connection refused - error from a previous attempt: unexpected EOF
controller-0: 01:34:20 ERROR juju.worker.caasapplicationprovisioner.runner exited "postgresql-k8s-gcp": refreshing application status for "postgresql-k8s-gcp": Get "https://10.152.183.1:443/api/v1/namespaces/test/pods?labelSelector=app.kubernetes.io%2Fname%3Dpostgresql-k8s-gcp": dial tcp 10.152.183.1:443: connect: connection refused - error from a previous attempt: unexpected EOF
controller-0: 01:34:20 ERROR juju.worker.caasapplicationprovisioner.runner exited "self-signed-certificates": refreshing application status for "self-signed-certificates": Get "https://10.152.183.1:443/api/v1/namespaces/test/pods?labelSelector=app.kubernetes.io%2Fname%3Dself-signed-certificates": dial tcp 10.152.183.1:443: connect: connection refused - error from a previous attempt: unexpected EOF
unit-self-signed-certificates-0: 01:34:21 ERROR unit.self-signed-certificates/0.juju-log Uncaught exception while in charm code:
Traceback (most recent call last):
  File "/var/lib/juju/agents/unit-self-signed-certificates-0/charm/venv/ops/model.py", line 3180, in _run
    result = subprocess.run(args, **kwargs)  # type: ignore
  File "/usr/lib/python3.10/subprocess.py", line 526, in run
    raise CalledProcessError(retcode, process.args,
subprocess.CalledProcessError: Command '('/var/lib/juju/tools/unit-self-signed-certificates-0/secret-get', '--label', 'ca-certificates', '--format=json')' returned non-zero exit status 1.

The above exception was the direct cause of the following exception:

Traceback (most recent call last):
  File "/var/lib/juju/agents/unit-self-signed-certificates-0/charm/./src/charm.py", line 341, in <module>
    main(SelfSignedCertificatesCharm)
  File "/var/lib/juju/agents/unit-self-signed-certificates-0/charm/venv/ops/main.py", line 548, in main
    manager.run()
  File "/var/lib/juju/agents/unit-self-signed-certificates-0/charm/venv/ops/main.py", line 527, in run
    self._emit()
  File "/var/lib/juju/agents/unit-self-signed-certificates-0/charm/venv/ops/main.py", line 516, in _emit
    _emit_charm_event(self.charm, self.dispatcher.event_name)
  File "/var/lib/juju/agents/unit-self-signed-certificates-0/charm/venv/ops/main.py", line 147, in _emit_charm_event
    event_to_emit.emit(*args, **kwargs)
  File "/var/lib/juju/agents/unit-self-signed-certificates-0/charm/venv/ops/framework.py", line 348, in emit
    framework._emit(event)
  File "/var/lib/juju/agents/unit-self-signed-certificates-0/charm/venv/ops/framework.py", line 860, in _emit
    self._reemit(event_path)
  File "/var/lib/juju/agents/unit-self-signed-certificates-0/charm/venv/ops/framework.py", line 950, in _reemit
    custom_handler(event)
  File "/var/lib/juju/agents/unit-self-signed-certificates-0/charm/lib/charms/tempo_k8s/v1/charm_tracing.py", line 647, in wrapped_function
    return callable(*args, **kwargs)  # type: ignore
  File "/var/lib/juju/agents/unit-self-signed-certificates-0/charm/./src/charm.py", line 196, in _configure
    if not self._root_certificate_is_stored or not self._root_certificate_matches_config():
  File "/var/lib/juju/agents/unit-self-signed-certificates-0/charm/./src/charm.py", line 147, in _root_certificate_is_stored
    self.model.get_secret(label=CA_CERTIFICATES_SECRET_LABEL)
  File "/var/lib/juju/agents/unit-self-signed-certificates-0/charm/venv/ops/model.py", line 291, in get_secret
    content = self._backend.secret_get(id=id, label=label)
  File "/var/lib/juju/agents/unit-self-signed-certificates-0/charm/venv/ops/model.py", line 3545, in secret_get
    result = self._run('secret-get', *args, return_output=True, use_json=True)
  File "/var/lib/juju/agents/unit-self-signed-certificates-0/charm/venv/ops/model.py", line 3182, in _run
    raise ModelError(e.stderr) from e
ops.model.ModelError: ERROR unable to determine legacy status for namespace "test": Get "https://10.152.183.1:443/api/v1/namespaces/test": dial tcp 10.152.183.1:443: connect: connection refused - error from a previous attempt: unexpected EOF

unit-self-signed-certificates-0: 01:34:22 ERROR juju.worker.uniter.operation hook "update-status" (via hook dispatching script: dispatch) failed: exit status 1
controller-0: 01:34:26 ERROR juju.worker.caasapplicationprovisioner.runner exited "self-signed-certificates": checking if "self-signed-certificates" has an operator pod due to upgrading the charm from a pod-spec charm to a sidecar charm: Get "https://10.152.183.1:443/apis/apps/v1/namespaces/test/statefulsets/self-signed-certificates-operator": dial tcp 10.152.183.1:443: connect: connection refused
controller-0: 01:34:26 ERROR juju.worker.caasapplicationprovisioner.runner exited "s3-integrator": checking if "s3-integrator" has an operator pod due to upgrading the charm from a pod-spec charm to a sidecar charm: Get "https://10.152.183.1:443/apis/apps/v1/namespaces/test/statefulsets/s3-integrator-operator": dial tcp 10.152.183.1:443: connect: connection refused
controller-0: 01:34:27 ERROR juju.worker.caasapplicationprovisioner.runner exited "postgresql-k8s-gcp": checking if "postgresql-k8s-gcp" has an operator pod due to upgrading the charm from a pod-spec charm to a sidecar charm: Get "https://10.152.183.1:443/apis/apps/v1/namespaces/test/statefulsets/postgresql-k8s-gcp-operator": dial tcp 10.152.183.1:443: connect: connection refused
controller-0: 01:34:30 ERROR juju.worker.caasapplicationprovisioner.runner exited "self-signed-certificates": checking if "self-signed-certificates" has an operator pod due to upgrading the charm from a pod-spec charm to a sidecar charm: Get "https://10.152.183.1:443/apis/apps/v1/namespaces/test/statefulsets/self-signed-certificates-operator": dial tcp 10.152.183.1:443: connect: connection refused
controller-0: 01:34:30 ERROR juju.worker.caasapplicationprovisioner.runner exited "s3-integrator": checking if "s3-integrator" has an operator pod due to upgrading the charm from a pod-spec charm to a sidecar charm: Get "https://10.152.183.1:443/apis/apps/v1/namespaces/test/statefulsets/s3-integrator-operator": dial tcp 10.152.183.1:443: connect: connection refused
controller-0: 01:34:32 ERROR juju.worker.caasapplicationprovisioner.runner exited "postgresql-k8s-gcp": checking if "postgresql-k8s-gcp" has an operator pod due to upgrading the charm from a pod-spec charm to a sidecar charm: Get "https://10.152.183.1:443/apis/apps/v1/namespaces/test/statefulsets/postgresql-k8s-gcp-operator": dial tcp 10.152.183.1:443: connect: connection refused
controller-0: 01:34:33 ERROR juju.worker.caasapplicationprovisioner.runner exited "s3-integrator": checking if "s3-integrator" has an operator pod due to upgrading the charm from a pod-spec charm to a sidecar charm: Get "https://10.152.183.1:443/apis/apps/v1/namespaces/test/statefulsets/s3-integrator-operator": dial tcp 10.152.183.1:443: connect: connection refused
controller-0: 01:34:33 ERROR juju.worker.caasapplicationprovisioner.runner exited "self-signed-certificates": checking if "self-signed-certificates" has an operator pod due to upgrading the charm from a pod-spec charm to a sidecar charm: Get "https://10.152.183.1:443/apis/apps/v1/namespaces/test/statefulsets/self-signed-certificates-operator": dial tcp 10.152.183.1:443: connect: connection refused
controller-0: 01:34:35 ERROR juju.worker.caasapplicationprovisioner.runner exited "postgresql-k8s-gcp": checking if "postgresql-k8s-gcp" has an operator pod due to upgrading the charm from a pod-spec charm to a sidecar charm: Get "https://10.152.183.1:443/apis/apps/v1/namespaces/test/statefulsets/postgresql-k8s-gcp-operator": dial tcp 10.152.183.1:443: connect: connection refused
unit-postgresql-k8s-gcp-1: 01:34:35 ERROR unit.postgresql-k8s-gcp/1.juju-log Uncaught exception while in charm code:
Traceback (most recent call last):
  File "/var/lib/juju/agents/unit-postgresql-k8s-gcp-1/charm/venv/httpx/_transports/default.py", line 69, in map_httpcore_exceptions
    yield
  File "/var/lib/juju/agents/unit-postgresql-k8s-gcp-1/charm/venv/httpx/_transports/default.py", line 233, in handle_request
    resp = self._pool.handle_request(req)
  File "/var/lib/juju/agents/unit-postgresql-k8s-gcp-1/charm/venv/httpcore/_sync/connection_pool.py", line 216, in handle_request
    raise exc from None
  File "/var/lib/juju/agents/unit-postgresql-k8s-gcp-1/charm/venv/httpcore/_sync/connection_pool.py", line 196, in handle_request
    response = connection.handle_request(
  File "/var/lib/juju/agents/unit-postgresql-k8s-gcp-1/charm/venv/httpcore/_sync/connection.py", line 99, in handle_request
    raise exc
  File "/var/lib/juju/agents/unit-postgresql-k8s-gcp-1/charm/venv/httpcore/_sync/connection.py", line 76, in handle_request
    stream = self._connect(request)
  File "/var/lib/juju/agents/unit-postgresql-k8s-gcp-1/charm/venv/httpcore/_sync/connection.py", line 122, in _connect
    stream = self._network_backend.connect_tcp(**kwargs)
  File "/var/lib/juju/agents/unit-postgresql-k8s-gcp-1/charm/venv/httpcore/_backends/sync.py", line 205, in connect_tcp
    with map_exceptions(exc_map):
  File "/usr/lib/python3.10/contextlib.py", line 153, in __exit__
    self.gen.throw(typ, value, traceback)
  File "/var/lib/juju/agents/unit-postgresql-k8s-gcp-1/charm/venv/httpcore/_exceptions.py", line 14, in map_exceptions
    raise to_exc(exc) from exc
httpcore.ConnectError: [Errno 111] Connection refused

The above exception was the direct cause of the following exception:

Traceback (most recent call last):
  File "/var/lib/juju/agents/unit-postgresql-k8s-gcp-1/charm/./src/charm.py", line 1837, in <module>
    main(PostgresqlOperatorCharm, use_juju_for_storage=True)
  File "/var/lib/juju/agents/unit-postgresql-k8s-gcp-1/charm/venv/ops/main.py", line 548, in main
    manager.run()
  File "/var/lib/juju/agents/unit-postgresql-k8s-gcp-1/charm/venv/ops/main.py", line 527, in run
    self._emit()
  File "/var/lib/juju/agents/unit-postgresql-k8s-gcp-1/charm/venv/ops/main.py", line 516, in _emit
    _emit_charm_event(self.charm, self.dispatcher.event_name)
  File "/var/lib/juju/agents/unit-postgresql-k8s-gcp-1/charm/venv/ops/main.py", line 147, in _emit_charm_event
    event_to_emit.emit(*args, **kwargs)
  File "/var/lib/juju/agents/unit-postgresql-k8s-gcp-1/charm/venv/ops/framework.py", line 348, in emit
    framework._emit(event)
  File "/var/lib/juju/agents/unit-postgresql-k8s-gcp-1/charm/venv/ops/framework.py", line 860, in _emit
    self._reemit(event_path)
  File "/var/lib/juju/agents/unit-postgresql-k8s-gcp-1/charm/venv/ops/framework.py", line 950, in _reemit
    custom_handler(event)
  File "/var/lib/juju/agents/unit-postgresql-k8s-gcp-1/charm/lib/charms/tempo_k8s/v1/charm_tracing.py", line 647, in wrapped_function
    return callable(*args, **kwargs)  # type: ignore
  File "/var/lib/juju/agents/unit-postgresql-k8s-gcp-1/charm/./src/charm.py", line 760, in _on_leader_elected
    self._cleanup_old_cluster_resources()
  File "/var/lib/juju/agents/unit-postgresql-k8s-gcp-1/charm/lib/charms/tempo_k8s/v1/charm_tracing.py", line 647, in wrapped_function
    return callable(*args, **kwargs)  # type: ignore
  File "/var/lib/juju/agents/unit-postgresql-k8s-gcp-1/charm/./src/charm.py", line 1038, in _cleanup_old_cluster_resources
    client.delete(
  File "/var/lib/juju/agents/unit-postgresql-k8s-gcp-1/charm/venv/lightkube/core/client.py", line 86, in delete
    return self._client.request("delete", res=res, name=name, namespace=namespace, params={
  File "/var/lib/juju/agents/unit-postgresql-k8s-gcp-1/charm/venv/lightkube/core/generic_client.py", line 244, in request
    resp = self.send(req)
  File "/var/lib/juju/agents/unit-postgresql-k8s-gcp-1/charm/venv/lightkube/core/generic_client.py", line 216, in send
    return self._client.send(req, stream=stream)
  File "/var/lib/juju/agents/unit-postgresql-k8s-gcp-1/charm/venv/httpx/_client.py", line 914, in send
    response = self._send_handling_auth(
  File "/var/lib/juju/agents/unit-postgresql-k8s-gcp-1/charm/venv/httpx/_client.py", line 942, in _send_handling_auth
    response = self._send_handling_redirects(
  File "/var/lib/juju/agents/unit-postgresql-k8s-gcp-1/charm/venv/httpx/_client.py", line 979, in _send_handling_redirects
    response = self._send_single_request(request)
  File "/var/lib/juju/agents/unit-postgresql-k8s-gcp-1/charm/venv/httpx/_client.py", line 1015, in _send_single_request
    response = transport.handle_request(request)
  File "/var/lib/juju/agents/unit-postgresql-k8s-gcp-1/charm/venv/httpx/_transports/default.py", line 232, in handle_request
    with map_httpcore_exceptions():
  File "/usr/lib/python3.10/contextlib.py", line 153, in __exit__
    self.gen.throw(typ, value, traceback)
  File "/var/lib/juju/agents/unit-postgresql-k8s-gcp-1/charm/venv/httpx/_transports/default.py", line 86, in map_httpcore_exceptions
    raise mapped_exc(message) from exc
httpx.ConnectError: [Errno 111] Connection refused
controller-0: 01:34:36 ERROR juju.worker.caasapplicationprovisioner.runner exited "s3-integrator": checking if "s3-integrator" has an operator pod due to upgrading the charm from a pod-spec charm to a sidecar charm: Get "https://10.152.183.1:443/apis/apps/v1/namespaces/test/statefulsets/s3-integrator-operator": dial tcp 10.152.183.1:443: connect: connection refused
controller-0: 01:34:36 ERROR juju.worker.caasapplicationprovisioner.runner exited "self-signed-certificates": checking if "self-signed-certificates" has an operator pod due to upgrading the charm from a pod-spec charm to a sidecar charm: Get "https://10.152.183.1:443/apis/apps/v1/namespaces/test/statefulsets/self-signed-certificates-operator": dial tcp 10.152.183.1:443: connect: connection refused
controller-0: 01:34:38 ERROR juju.worker.caasapplicationprovisioner.runner exited "postgresql-k8s-gcp": checking if "postgresql-k8s-gcp" has an operator pod due to upgrading the charm from a pod-spec charm to a sidecar charm: Get "https://10.152.183.1:443/apis/apps/v1/namespaces/test/statefulsets/postgresql-k8s-gcp-operator": dial tcp 10.152.183.1:443: connect: connection refused
controller-0: 01:34:40 ERROR juju.worker.caasapplicationprovisioner.runner exited "s3-integrator": checking if "s3-integrator" has an operator pod due to upgrading the charm from a pod-spec charm to a sidecar charm: Get "https://10.152.183.1:443/apis/apps/v1/namespaces/test/statefulsets/s3-integrator-operator": dial tcp 10.152.183.1:443: connect: connection refused
controller-0: 01:34:40 ERROR juju.worker.caasapplicationprovisioner.runner exited "self-signed-certificates": checking if "self-signed-certificates" has an operator pod due to upgrading the charm from a pod-spec charm to a sidecar charm: Get "https://10.152.183.1:443/apis/apps/v1/namespaces/test/statefulsets/self-signed-certificates-operator": dial tcp 10.152.183.1:443: connect: connection refused
unit-postgresql-k8s-gcp-1: 01:34:41 ERROR juju.worker.uniter.operation hook "leader-elected" (via hook dispatching script: dispatch) failed: exit status 1
unit-self-signed-certificates-0: 01:34:41 ERROR unit.self-signed-certificates/0.juju-log Uncaught exception while in charm code:
Traceback (most recent call last):
  File "/var/lib/juju/agents/unit-self-signed-certificates-0/charm/venv/ops/model.py", line 3180, in _run
    result = subprocess.run(args, **kwargs)  # type: ignore
  File "/usr/lib/python3.10/subprocess.py", line 526, in run
    raise CalledProcessError(retcode, process.args,
subprocess.CalledProcessError: Command '('/var/lib/juju/tools/unit-self-signed-certificates-0/secret-get', '--label', 'ca-certificates', '--format=json')' returned non-zero exit status 1.

The above exception was the direct cause of the following exception:

Traceback (most recent call last):
  File "/var/lib/juju/agents/unit-self-signed-certificates-0/charm/./src/charm.py", line 341, in <module>
    main(SelfSignedCertificatesCharm)
  File "/var/lib/juju/agents/unit-self-signed-certificates-0/charm/venv/ops/main.py", line 548, in main
    manager.run()
  File "/var/lib/juju/agents/unit-self-signed-certificates-0/charm/venv/ops/main.py", line 527, in run
    self._emit()
  File "/var/lib/juju/agents/unit-self-signed-certificates-0/charm/venv/ops/main.py", line 516, in _emit
    _emit_charm_event(self.charm, self.dispatcher.event_name)
  File "/var/lib/juju/agents/unit-self-signed-certificates-0/charm/venv/ops/main.py", line 147, in _emit_charm_event
    event_to_emit.emit(*args, **kwargs)
  File "/var/lib/juju/agents/unit-self-signed-certificates-0/charm/venv/ops/framework.py", line 348, in emit
    framework._emit(event)
  File "/var/lib/juju/agents/unit-self-signed-certificates-0/charm/venv/ops/framework.py", line 860, in _emit
    self._reemit(event_path)
  File "/var/lib/juju/agents/unit-self-signed-certificates-0/charm/venv/ops/framework.py", line 950, in _reemit
    custom_handler(event)
  File "/var/lib/juju/agents/unit-self-signed-certificates-0/charm/lib/charms/tempo_k8s/v1/charm_tracing.py", line 647, in wrapped_function
    return callable(*args, **kwargs)  # type: ignore
  File "/var/lib/juju/agents/unit-self-signed-certificates-0/charm/./src/charm.py", line 196, in _configure
    if not self._root_certificate_is_stored or not self._root_certificate_matches_config():
  File "/var/lib/juju/agents/unit-self-signed-certificates-0/charm/./src/charm.py", line 147, in _root_certificate_is_stored
    self.model.get_secret(label=CA_CERTIFICATES_SECRET_LABEL)
  File "/var/lib/juju/agents/unit-self-signed-certificates-0/charm/venv/ops/model.py", line 291, in get_secret
    content = self._backend.secret_get(id=id, label=label)
  File "/var/lib/juju/agents/unit-self-signed-certificates-0/charm/venv/ops/model.py", line 3545, in secret_get
    result = self._run('secret-get', *args, return_output=True, use_json=True)
  File "/var/lib/juju/agents/unit-self-signed-certificates-0/charm/venv/ops/model.py", line 3182, in _run
    raise ModelError(e.stderr) from e
ops.model.ModelError: ERROR unable to determine legacy status for namespace "test": Get "https://10.152.183.1:443/api/v1/namespaces/test": dial tcp 10.152.183.1:443: connect: connection refused

controller-0: 01:34:41 ERROR juju.worker.caasapplicationprovisioner.runner exited "postgresql-k8s-gcp": checking if "postgresql-k8s-gcp" has an operator pod due to upgrading the charm from a pod-spec charm to a sidecar charm: Get "https://10.152.183.1:443/apis/apps/v1/namespaces/test/statefulsets/postgresql-k8s-gcp-operator": dial tcp 10.152.183.1:443: connect: connection refused
unit-self-signed-certificates-0: 01:34:41 ERROR juju.worker.uniter.operation hook "update-status" (via hook dispatching script: dispatch) failed: exit status 1
controller-0: 01:34:43 ERROR juju.worker.caasapplicationprovisioner.runner exited "s3-integrator": checking if "s3-integrator" has an operator pod due to upgrading the charm from a pod-spec charm to a sidecar charm: Get "https://10.152.183.1:443/apis/apps/v1/namespaces/test/statefulsets/s3-integrator-operator": dial tcp 10.152.183.1:443: connect: connection refused
controller-0: 01:34:43 ERROR juju.worker.caasapplicationprovisioner.runner exited "self-signed-certificates": checking if "self-signed-certificates" has an operator pod due to upgrading the charm from a pod-spec charm to a sidecar charm: Get "https://10.152.183.1:443/apis/apps/v1/namespaces/test/statefulsets/self-signed-certificates-operator": dial tcp 10.152.183.1:443: connect: connection refused
controller-0: 01:34:44 ERROR juju.worker.caasapplicationprovisioner.runner exited "postgresql-k8s-gcp": checking if "postgresql-k8s-gcp" has an operator pod due to upgrading the charm from a pod-spec charm to a sidecar charm: Get "https://10.152.183.1:443/apis/apps/v1/namespaces/test/statefulsets/postgresql-k8s-gcp-operator": dial tcp 10.152.183.1:443: connect: connection refused
controller-0: 01:34:46 ERROR juju.worker.caasapplicationprovisioner.runner exited "s3-integrator": checking if "s3-integrator" has an operator pod due to upgrading the charm from a pod-spec charm to a sidecar charm: Get "https://10.152.183.1:443/apis/apps/v1/namespaces/test/statefulsets/s3-integrator-operator": dial tcp 10.152.183.1:443: connect: connection refused
controller-0: 01:34:46 ERROR juju.worker.caasapplicationprovisioner.runner exited "self-signed-certificates": checking if "self-signed-certificates" has an operator pod due to upgrading the charm from a pod-spec charm to a sidecar charm: Get "https://10.152.183.1:443/apis/apps/v1/namespaces/test/statefulsets/self-signed-certificates-operator": dial tcp 10.152.183.1:443: connect: connection refused
controller-0: 01:34:47 ERROR juju.worker.caasapplicationprovisioner.runner exited "postgresql-k8s-gcp": checking if "postgresql-k8s-gcp" has an operator pod due to upgrading the charm from a pod-spec charm to a sidecar charm: Get "https://10.152.183.1:443/apis/apps/v1/namespaces/test/statefulsets/postgresql-k8s-gcp-operator": dial tcp 10.152.183.1:443: connect: connection refused
controller-0: 01:34:49 ERROR juju.worker.caasapplicationprovisioner.runner exited "s3-integrator": checking if "s3-integrator" has an operator pod due to upgrading the charm from a pod-spec charm to a sidecar charm: Get "https://10.152.183.1:443/apis/apps/v1/namespaces/test/statefulsets/s3-integrator-operator": dial tcp 10.152.183.1:443: connect: connection refused
controller-0: 01:34:49 ERROR juju.worker.caasapplicationprovisioner.runner exited "self-signed-certificates": checking if "self-signed-certificates" has an operator pod due to upgrading the charm from a pod-spec charm to a sidecar charm: Get "https://10.152.183.1:443/apis/apps/v1/namespaces/test/statefulsets/self-signed-certificates-operator": dial tcp 10.152.183.1:443: connect: connection refused
controller-0: 01:34:50 ERROR juju.worker.caasapplicationprovisioner.runner exited "postgresql-k8s-gcp": checking if "postgresql-k8s-gcp" has an operator pod due to upgrading the charm from a pod-spec charm to a sidecar charm: Get "https://10.152.183.1:443/apis/apps/v1/namespaces/test/statefulsets/postgresql-k8s-gcp-operator": dial tcp 10.152.183.1:443: connect: connection refused
controller-0: 01:34:52 ERROR juju.worker.caasapplicationprovisioner.runner exited "s3-integrator": checking if "s3-integrator" has an operator pod due to upgrading the charm from a pod-spec charm to a sidecar charm: Get "https://10.152.183.1:443/apis/apps/v1/namespaces/test/statefulsets/s3-integrator-operator": dial tcp 10.152.183.1:443: connect: connection refused
controller-0: 01:34:56 ERROR juju.worker.caasapplicationprovisioner.runner exited "self-signed-certificates": checking if "self-signed-certificates" has an operator pod due to upgrading the charm from a pod-spec charm to a sidecar charm: Get "https://10.152.183.1:443/apis/apps/v1/namespaces/test/statefulsets/self-signed-certificates-operator": dial tcp 10.152.183.1:443: connect: connection refused
controller-0: 01:34:56 ERROR juju.worker.caasapplicationprovisioner.runner exited "postgresql-k8s-gcp": checking if "postgresql-k8s-gcp" has an operator pod due to upgrading the charm from a pod-spec charm to a sidecar charm: Get "https://10.152.183.1:443/apis/apps/v1/namespaces/test/statefulsets/postgresql-k8s-gcp-operator": dial tcp 10.152.183.1:443: connect: connection refused
controller-0: 01:34:56 ERROR juju.worker.caasapplicationprovisioner.runner exited "s3-integrator": checking if "s3-integrator" has an operator pod due to upgrading the charm from a pod-spec charm to a sidecar charm: Get "https://10.152.183.1:443/apis/apps/v1/namespaces/test/statefulsets/s3-integrator-operator": dial tcp 10.152.183.1:443: connect: connection refused
unit-self-signed-certificates-0: 01:34:57 ERROR unit.self-signed-certificates/0.juju-log Uncaught exception while in charm code:
Traceback (most recent call last):
  File "/var/lib/juju/agents/unit-self-signed-certificates-0/charm/venv/ops/model.py", line 3180, in _run
    result = subprocess.run(args, **kwargs)  # type: ignore
  File "/usr/lib/python3.10/subprocess.py", line 526, in run
    raise CalledProcessError(retcode, process.args,
subprocess.CalledProcessError: Command '('/var/lib/juju/tools/unit-self-signed-certificates-0/secret-get', '--label', 'ca-certificates', '--format=json')' returned non-zero exit status 1.

The above exception was the direct cause of the following exception:

Traceback (most recent call last):
  File "/var/lib/juju/agents/unit-self-signed-certificates-0/charm/./src/charm.py", line 341, in <module>
    main(SelfSignedCertificatesCharm)
  File "/var/lib/juju/agents/unit-self-signed-certificates-0/charm/venv/ops/main.py", line 548, in main
    manager.run()
  File "/var/lib/juju/agents/unit-self-signed-certificates-0/charm/venv/ops/main.py", line 527, in run
    self._emit()
  File "/var/lib/juju/agents/unit-self-signed-certificates-0/charm/venv/ops/main.py", line 516, in _emit
    _emit_charm_event(self.charm, self.dispatcher.event_name)
  File "/var/lib/juju/agents/unit-self-signed-certificates-0/charm/venv/ops/main.py", line 147, in _emit_charm_event
    event_to_emit.emit(*args, **kwargs)
  File "/var/lib/juju/agents/unit-self-signed-certificates-0/charm/venv/ops/framework.py", line 348, in emit
    framework._emit(event)
  File "/var/lib/juju/agents/unit-self-signed-certificates-0/charm/venv/ops/framework.py", line 860, in _emit
    self._reemit(event_path)
  File "/var/lib/juju/agents/unit-self-signed-certificates-0/charm/venv/ops/framework.py", line 950, in _reemit
    custom_handler(event)
  File "/var/lib/juju/agents/unit-self-signed-certificates-0/charm/lib/charms/tempo_k8s/v1/charm_tracing.py", line 647, in wrapped_function
    return callable(*args, **kwargs)  # type: ignore
  File "/var/lib/juju/agents/unit-self-signed-certificates-0/charm/./src/charm.py", line 196, in _configure
    if not self._root_certificate_is_stored or not self._root_certificate_matches_config():
  File "/var/lib/juju/agents/unit-self-signed-certificates-0/charm/./src/charm.py", line 147, in _root_certificate_is_stored
    self.model.get_secret(label=CA_CERTIFICATES_SECRET_LABEL)
  File "/var/lib/juju/agents/unit-self-signed-certificates-0/charm/venv/ops/model.py", line 291, in get_secret
    content = self._backend.secret_get(id=id, label=label)
  File "/var/lib/juju/agents/unit-self-signed-certificates-0/charm/venv/ops/model.py", line 3545, in secret_get
    result = self._run('secret-get', *args, return_output=True, use_json=True)
  File "/var/lib/juju/agents/unit-self-signed-certificates-0/charm/venv/ops/model.py", line 3182, in _run
    raise ModelError(e.stderr) from e
ops.model.ModelError: ERROR unable to determine legacy status for namespace "test": Get "https://10.152.183.1:443/api/v1/namespaces/test": dial tcp 10.152.183.1:443: connect: connection refused

unit-self-signed-certificates-0: 01:34:58 ERROR juju.worker.uniter.operation hook "update-status" (via hook dispatching script: dispatch) failed: exit status 1
controller-0: 01:34:59 ERROR juju.worker.caasapplicationprovisioner.runner exited "self-signed-certificates": checking if "self-signed-certificates" has an operator pod due to upgrading the charm from a pod-spec charm to a sidecar charm: Get "https://10.152.183.1:443/apis/apps/v1/namespaces/test/statefulsets/self-signed-certificates-operator": dial tcp 10.152.183.1:443: connect: connection refused
controller-0: 01:34:59 ERROR juju.worker.caasapplicationprovisioner.runner exited "postgresql-k8s-gcp": checking if "postgresql-k8s-gcp" has an operator pod due to upgrading the charm from a pod-spec charm to a sidecar charm: Get "https://10.152.183.1:443/apis/apps/v1/namespaces/test/statefulsets/postgresql-k8s-gcp-operator": dial tcp 10.152.183.1:443: connect: connection refused
controller-0: 01:34:59 ERROR juju.worker.caasapplicationprovisioner.runner exited "s3-integrator": checking if "s3-integrator" has an operator pod due to upgrading the charm from a pod-spec charm to a sidecar charm: Get "https://10.152.183.1:443/apis/apps/v1/namespaces/test/statefulsets/s3-integrator-operator": dial tcp 10.152.183.1:443: connect: connection refused
controller-0: 01:35:02 ERROR juju.worker.caasapplicationprovisioner.runner exited "s3-integrator": checking if "s3-integrator" has an operator pod due to upgrading the charm from a pod-spec charm to a sidecar charm: Get "https://10.152.183.1:443/apis/apps/v1/namespaces/test/statefulsets/s3-integrator-operator": dial tcp 10.152.183.1:443: connect: connection refused
controller-0: 01:35:02 ERROR juju.worker.caasapplicationprovisioner.runner exited "self-signed-certificates": checking if "self-signed-certificates" has an operator pod due to upgrading the charm from a pod-spec charm to a sidecar charm: Get "https://10.152.183.1:443/apis/apps/v1/namespaces/test/statefulsets/self-signed-certificates-operator": dial tcp 10.152.183.1:443: connect: connection refused
controller-0: 01:35:02 ERROR juju.worker.caasapplicationprovisioner.runner exited "postgresql-k8s-gcp": checking if "postgresql-k8s-gcp" has an operator pod due to upgrading the charm from a pod-spec charm to a sidecar charm: Get "https://10.152.183.1:443/apis/apps/v1/namespaces/test/statefulsets/postgresql-k8s-gcp-operator": dial tcp 10.152.183.1:443: connect: connection refused
controller-0: 01:35:06 ERROR juju.worker.caasapplicationprovisioner.runner exited "self-signed-certificates": checking if "self-signed-certificates" has an operator pod due to upgrading the charm from a pod-spec charm to a sidecar charm: Get "https://10.152.183.1:443/apis/apps/v1/namespaces/test/statefulsets/self-signed-certificates-operator": dial tcp 10.152.183.1:443: connect: connection refused
controller-0: 01:35:06 ERROR juju.worker.caasapplicationprovisioner.runner exited "postgresql-k8s-gcp": checking if "postgresql-k8s-gcp" has an operator pod due to upgrading the charm from a pod-spec charm to a sidecar charm: Get "https://10.152.183.1:443/apis/apps/v1/namespaces/test/statefulsets/postgresql-k8s-gcp-operator": dial tcp 10.152.183.1:443: connect: connection refused
controller-0: 01:35:06 ERROR juju.worker.caasapplicationprovisioner.runner exited "s3-integrator": checking if "s3-integrator" has an operator pod due to upgrading the charm from a pod-spec charm to a sidecar charm: Get "https://10.152.183.1:443/apis/apps/v1/namespaces/test/statefulsets/s3-integrator-operator": dial tcp 10.152.183.1:443: connect: connection refused
unit-postgresql-k8s-gcp-1: 01:35:06 ERROR unit.postgresql-k8s-gcp/1.juju-log Uncaught exception while in charm code:
Traceback (most recent call last):
  File "/var/lib/juju/agents/unit-postgresql-k8s-gcp-1/charm/venv/httpx/_transports/default.py", line 69, in map_httpcore_exceptions
    yield
  File "/var/lib/juju/agents/unit-postgresql-k8s-gcp-1/charm/venv/httpx/_transports/default.py", line 233, in handle_request
    resp = self._pool.handle_request(req)
  File "/var/lib/juju/agents/unit-postgresql-k8s-gcp-1/charm/venv/httpcore/_sync/connection_pool.py", line 216, in handle_request
    raise exc from None
  File "/var/lib/juju/agents/unit-postgresql-k8s-gcp-1/charm/venv/httpcore/_sync/connection_pool.py", line 196, in handle_request
    response = connection.handle_request(
  File "/var/lib/juju/agents/unit-postgresql-k8s-gcp-1/charm/venv/httpcore/_sync/connection.py", line 99, in handle_request
    raise exc
  File "/var/lib/juju/agents/unit-postgresql-k8s-gcp-1/charm/venv/httpcore/_sync/connection.py", line 76, in handle_request
    stream = self._connect(request)
  File "/var/lib/juju/agents/unit-postgresql-k8s-gcp-1/charm/venv/httpcore/_sync/connection.py", line 122, in _connect
    stream = self._network_backend.connect_tcp(**kwargs)
  File "/var/lib/juju/agents/unit-postgresql-k8s-gcp-1/charm/venv/httpcore/_backends/sync.py", line 205, in connect_tcp
    with map_exceptions(exc_map):
  File "/usr/lib/python3.10/contextlib.py", line 153, in __exit__
    self.gen.throw(typ, value, traceback)
  File "/var/lib/juju/agents/unit-postgresql-k8s-gcp-1/charm/venv/httpcore/_exceptions.py", line 14, in map_exceptions
    raise to_exc(exc) from exc
httpcore.ConnectError: [Errno 111] Connection refused

The above exception was the direct cause of the following exception:

Traceback (most recent call last):
  File "/var/lib/juju/agents/unit-postgresql-k8s-gcp-1/charm/./src/charm.py", line 1837, in <module>
    main(PostgresqlOperatorCharm, use_juju_for_storage=True)
  File "/var/lib/juju/agents/unit-postgresql-k8s-gcp-1/charm/venv/ops/main.py", line 548, in main
    manager.run()
  File "/var/lib/juju/agents/unit-postgresql-k8s-gcp-1/charm/venv/ops/main.py", line 527, in run
    self._emit()
  File "/var/lib/juju/agents/unit-postgresql-k8s-gcp-1/charm/venv/ops/main.py", line 516, in _emit
    _emit_charm_event(self.charm, self.dispatcher.event_name)
  File "/var/lib/juju/agents/unit-postgresql-k8s-gcp-1/charm/venv/ops/main.py", line 147, in _emit_charm_event
    event_to_emit.emit(*args, **kwargs)
  File "/var/lib/juju/agents/unit-postgresql-k8s-gcp-1/charm/venv/ops/framework.py", line 348, in emit
    framework._emit(event)
  File "/var/lib/juju/agents/unit-postgresql-k8s-gcp-1/charm/venv/ops/framework.py", line 860, in _emit
    self._reemit(event_path)
  File "/var/lib/juju/agents/unit-postgresql-k8s-gcp-1/charm/venv/ops/framework.py", line 950, in _reemit
    custom_handler(event)
  File "/var/lib/juju/agents/unit-postgresql-k8s-gcp-1/charm/lib/charms/tempo_k8s/v1/charm_tracing.py", line 647, in wrapped_function
    return callable(*args, **kwargs)  # type: ignore
  File "/var/lib/juju/agents/unit-postgresql-k8s-gcp-1/charm/./src/charm.py", line 760, in _on_leader_elected
    self._cleanup_old_cluster_resources()
  File "/var/lib/juju/agents/unit-postgresql-k8s-gcp-1/charm/lib/charms/tempo_k8s/v1/charm_tracing.py", line 647, in wrapped_function
    return callable(*args, **kwargs)  # type: ignore
  File "/var/lib/juju/agents/unit-postgresql-k8s-gcp-1/charm/./src/charm.py", line 1038, in _cleanup_old_cluster_resources
    client.delete(
  File "/var/lib/juju/agents/unit-postgresql-k8s-gcp-1/charm/venv/lightkube/core/client.py", line 86, in delete
    return self._client.request("delete", res=res, name=name, namespace=namespace, params={
  File "/var/lib/juju/agents/unit-postgresql-k8s-gcp-1/charm/venv/lightkube/core/generic_client.py", line 244, in request
    resp = self.send(req)
  File "/var/lib/juju/agents/unit-postgresql-k8s-gcp-1/charm/venv/lightkube/core/generic_client.py", line 216, in send
    return self._client.send(req, stream=stream)
  File "/var/lib/juju/agents/unit-postgresql-k8s-gcp-1/charm/venv/httpx/_client.py", line 914, in send
    response = self._send_handling_auth(
  File "/var/lib/juju/agents/unit-postgresql-k8s-gcp-1/charm/venv/httpx/_client.py", line 942, in _send_handling_auth
    response = self._send_handling_redirects(
  File "/var/lib/juju/agents/unit-postgresql-k8s-gcp-1/charm/venv/httpx/_client.py", line 979, in _send_handling_redirects
    response = self._send_single_request(request)
  File "/var/lib/juju/agents/unit-postgresql-k8s-gcp-1/charm/venv/httpx/_client.py", line 1015, in _send_single_request
    response = transport.handle_request(request)
  File "/var/lib/juju/agents/unit-postgresql-k8s-gcp-1/charm/venv/httpx/_transports/default.py", line 232, in handle_request
    with map_httpcore_exceptions():
  File "/usr/lib/python3.10/contextlib.py", line 153, in __exit__
    self.gen.throw(typ, value, traceback)
  File "/var/lib/juju/agents/unit-postgresql-k8s-gcp-1/charm/venv/httpx/_transports/default.py", line 86, in map_httpcore_exceptions
    raise mapped_exc(message) from exc
httpx.ConnectError: [Errno 111] Connection refused
unit-postgresql-k8s-gcp-1: 01:35:07 ERROR juju.worker.uniter.operation hook "leader-elected" (via hook dispatching script: dispatch) failed: exit status 1

[32mINFO    [0m pytest_operator.plugin:plugin.py:947 Forgetting model main...