[1m[31mERROR   [0m asyncio:base_events.py:1758 Task exception was never retrieved
future: <Task finished name='Task-2949' coro=<Connection.reconnect() done, defined at /home/ubuntu/actions-runner/_work/test-runners-2-is-arm64-postgresql-k8s-operator/test-runners-2-is-arm64-postgresql-k8s-operator/.tox/integration/lib/python3.10/site-packages/juju/client/connection.py:779> exception=OSError(9, 'Bad file descriptor')>
Traceback (most recent call last):
  File "/home/ubuntu/actions-runner/_work/test-runners-2-is-arm64-postgresql-k8s-operator/test-runners-2-is-arm64-postgresql-k8s-operator/.tox/integration/lib/python3.10/site-packages/juju/client/connection.py", line 788, in reconnect
    res = await connector(
  File "/home/ubuntu/actions-runner/_work/test-runners-2-is-arm64-postgresql-k8s-operator/test-runners-2-is-arm64-postgresql-k8s-operator/.tox/integration/lib/python3.10/site-packages/juju/client/connection.py", line 868, in _connect_with_login
    await self._connect(endpoints)
  File "/home/ubuntu/actions-runner/_work/test-runners-2-is-arm64-postgresql-k8s-operator/test-runners-2-is-arm64-postgresql-k8s-operator/.tox/integration/lib/python3.10/site-packages/juju/client/connection.py", line 817, in _connect
    result = await task
  File "/usr/lib/python3.10/asyncio/tasks.py", line 571, in _wait_for_one
    return f.result()  # May raise f.exception().
  File "/home/ubuntu/actions-runner/_work/test-runners-2-is-arm64-postgresql-k8s-operator/test-runners-2-is-arm64-postgresql-k8s-operator/.tox/integration/lib/python3.10/site-packages/juju/client/connection.py", line 806, in _try_endpoint
    return await self._open(endpoint, cacert)
  File "/home/ubuntu/actions-runner/_work/test-runners-2-is-arm64-postgresql-k8s-operator/test-runners-2-is-arm64-postgresql-k8s-operator/.tox/integration/lib/python3.10/site-packages/juju/client/connection.py", line 427, in _open
    return (await websockets.connect(
  File "/home/ubuntu/actions-runner/_work/test-runners-2-is-arm64-postgresql-k8s-operator/test-runners-2-is-arm64-postgresql-k8s-operator/.tox/integration/lib/python3.10/site-packages/websockets/legacy/client.py", line 647, in __await_impl_timeout__
    return await self.__await_impl__()
  File "/home/ubuntu/actions-runner/_work/test-runners-2-is-arm64-postgresql-k8s-operator/test-runners-2-is-arm64-postgresql-k8s-operator/.tox/integration/lib/python3.10/site-packages/websockets/legacy/client.py", line 651, in __await_impl__
    _transport, _protocol = await self._create_connection()
  File "/usr/lib/python3.10/asyncio/base_events.py", line 1103, in create_connection
    transport, protocol = await self._create_connection_transport(
  File "/usr/lib/python3.10/asyncio/base_events.py", line 1119, in _create_connection_transport
    sock.setblocking(False)
OSError: [Errno 9] Bad file descriptor
[32mINFO    [0m pytest_operator.plugin:plugin.py:862 Model status:

Model  Controller          Cloud/Region        Version  SLA          Timestamp
test   microk8s-localhost  microk8s/localhost  3.4.4    unsupported  01:59:57Z

App             Version  Status   Scale  Charm           Channel  Rev  Address        Exposed  Message
postgresql-k8s  14.12    waiting      3  postgresql-k8s             0  10.152.183.84  no       installing agent

Unit               Workload  Agent  Address      Ports  Message
postgresql-k8s/0   unknown   idle   10.1.127.13         
postgresql-k8s/1*  active    idle   10.1.127.12         Primary
postgresql-k8s/2   error     idle   10.1.127.11         hook failed: "update-status"

[32mINFO    [0m pytest_operator.plugin:plugin.py:868 Juju error logs:

unit-postgresql-k8s-2: 01:57:32 ERROR juju.worker.dependency "api-caller" manifold worker returned unexpected error: [4e32b2] "unit-postgresql-k8s-2" cannot open api: cannot resolve "controller-service.controller-microk8s-localhost.svc.cluster.local": lookup controller-service.controller-microk8s-localhost.svc.cluster.local: i/o timeout
unit-postgresql-k8s-2: 01:57:39 ERROR juju.worker.dependency "api-caller" manifold worker returned unexpected error: [4e32b2] "unit-postgresql-k8s-2" cannot open api: cannot resolve "controller-service.controller-microk8s-localhost.svc.cluster.local": lookup controller-service.controller-microk8s-localhost.svc.cluster.local: i/o timeout
unit-postgresql-k8s-0: 01:59:40 ERROR unit.postgresql-k8s/0.juju-log Uncaught exception while in charm code:
Traceback (most recent call last):
  File "/var/lib/juju/agents/unit-postgresql-k8s-0/charm/venv/ops/model.py", line 3180, in _run
    result = subprocess.run(args, **kwargs)  # type: ignore
  File "/usr/lib/python3.10/subprocess.py", line 526, in run
    raise CalledProcessError(retcode, process.args,
subprocess.CalledProcessError: Command '('/var/lib/juju/tools/unit-postgresql-k8s-0/secret-get', '--label', 'database-peers.postgresql-k8s.app', '--refresh', '--format=json')' returned non-zero exit status 1.

The above exception was the direct cause of the following exception:

Traceback (most recent call last):
  File "/var/lib/juju/agents/unit-postgresql-k8s-0/charm/./src/charm.py", line 1837, in <module>
    main(PostgresqlOperatorCharm, use_juju_for_storage=True)
  File "/var/lib/juju/agents/unit-postgresql-k8s-0/charm/venv/ops/main.py", line 548, in main
    manager.run()
  File "/var/lib/juju/agents/unit-postgresql-k8s-0/charm/venv/ops/main.py", line 527, in run
    self._emit()
  File "/var/lib/juju/agents/unit-postgresql-k8s-0/charm/venv/ops/main.py", line 513, in _emit
    self.framework.reemit()
  File "/var/lib/juju/agents/unit-postgresql-k8s-0/charm/venv/ops/framework.py", line 870, in reemit
    self._reemit()
  File "/var/lib/juju/agents/unit-postgresql-k8s-0/charm/venv/ops/framework.py", line 950, in _reemit
    custom_handler(event)
  File "/var/lib/juju/agents/unit-postgresql-k8s-0/charm/lib/charms/tempo_k8s/v1/charm_tracing.py", line 647, in wrapped_function
    return callable(*args, **kwargs)  # type: ignore
  File "/var/lib/juju/agents/unit-postgresql-k8s-0/charm/./src/charm.py", line 827, in _on_postgresql_pebble_ready
    self.unit.set_workload_version(self._patroni.rock_postgresql_version)
  File "/var/lib/juju/agents/unit-postgresql-k8s-0/charm/./src/charm.py", line 1334, in _patroni
    self.get_secret(APP_SCOPE, USER_PASSWORD_KEY),
  File "/var/lib/juju/agents/unit-postgresql-k8s-0/charm/lib/charms/tempo_k8s/v1/charm_tracing.py", line 647, in wrapped_function
    return callable(*args, **kwargs)  # type: ignore
  File "/var/lib/juju/agents/unit-postgresql-k8s-0/charm/./src/charm.py", line 300, in get_secret
    if result := self.peer_relation_data(scope).fetch_my_relation_field(peers.id, key):
  File "/var/lib/juju/agents/unit-postgresql-k8s-0/charm/lib/charms/data_platform_libs/v0/data_interfaces.py", line 1260, in fetch_my_relation_field
    if relation_data := self.fetch_my_relation_data([relation_id], [field], relation_name):
  File "/var/lib/juju/agents/unit-postgresql-k8s-0/charm/lib/charms/data_platform_libs/v0/data_interfaces.py", line 1249, in fetch_my_relation_data
    data[relation.id] = self._fetch_my_specific_relation_data(relation, fields)
  File "/var/lib/juju/agents/unit-postgresql-k8s-0/charm/lib/charms/data_platform_libs/v0/data_interfaces.py", line 534, in wrapper
    return f(self, *args, **kwargs)
  File "/var/lib/juju/agents/unit-postgresql-k8s-0/charm/lib/charms/data_platform_libs/v0/data_interfaces.py", line 2083, in _fetch_my_specific_relation_data
    self.component, self.secret_fields, relation, fields
  File "/var/lib/juju/agents/unit-postgresql-k8s-0/charm/lib/charms/data_platform_libs/v0/data_interfaces.py", line 1817, in secret_fields
    self.static_secret_fields if self.static_secret_fields else self.current_secret_fields
  File "/var/lib/juju/agents/unit-postgresql-k8s-0/charm/lib/charms/data_platform_libs/v0/data_interfaces.py", line 1836, in current_secret_fields
    if content := self._get_group_secret_contents(relation, group):
  File "/var/lib/juju/agents/unit-postgresql-k8s-0/charm/lib/charms/data_platform_libs/v0/data_interfaces.py", line 2070, in _get_group_secret_contents
    result = super()._get_group_secret_contents(relation, group, secret_fields)
  File "/var/lib/juju/agents/unit-postgresql-k8s-0/charm/lib/charms/data_platform_libs/v0/data_interfaces.py", line 1001, in _get_group_secret_contents
    secret_data := secret.get_content()
  File "/var/lib/juju/agents/unit-postgresql-k8s-0/charm/lib/charms/data_platform_libs/v0/data_interfaces.py", line 623, in get_content
    self._secret_content = self.meta.get_content(refresh=True)
  File "/var/lib/juju/agents/unit-postgresql-k8s-0/charm/venv/ops/model.py", line 1392, in get_content
    self._content = self._backend.secret_get(id=self.id, label=self.label, refresh=refresh)
  File "/var/lib/juju/agents/unit-postgresql-k8s-0/charm/venv/ops/model.py", line 3545, in secret_get
    result = self._run('secret-get', *args, return_output=True, use_json=True)
  File "/var/lib/juju/agents/unit-postgresql-k8s-0/charm/venv/ops/model.py", line 3182, in _run
    raise ModelError(e.stderr) from e
ops.model.ModelError: ERROR cannot ensure service account "unit-postgresql-k8s-0": Internal error occurred: resource quota evaluation timed out

controller-0: 01:59:40 ERROR juju.worker.caasapplicationprovisioner.runner exited "postgresql-k8s": refreshing application status for "postgresql-k8s": Get "https://10.152.183.1:443/apis/apps/v1/namespaces/test/statefulsets/postgresql-k8s": dial tcp 10.152.183.1:443: connect: connection refused - error from a previous attempt: unexpected EOF
model-4e32b24e-64a2-4453-8246-77fa5fdfa557: 01:59:41 ERROR juju.kubernetes.klog /build/snapcraft-juju-c90e67be988b0e4d002ce9f34fba0b99/parts/jujud/build/worker/caasrbacmapper/mapper.go:79: Failed to watch *v1.ServiceAccount: failed to list *v1.ServiceAccount: Get "https://10.152.183.1:443/api/v1/namespaces/test/serviceaccounts?resourceVersion=2392": dial tcp 10.152.183.1:443: connect: connection refused - error from a previous attempt: write tcp 10.1.127.7:47214->10.152.183.1:443: write: connection reset by peer
controller-0: 01:59:43 ERROR juju.worker.caasapplicationprovisioner.runner exited "postgresql-k8s": checking if "postgresql-k8s" has an operator pod due to upgrading the charm from a pod-spec charm to a sidecar charm: Get "https://10.152.183.1:443/apis/apps/v1/namespaces/test/statefulsets/postgresql-k8s-operator": dial tcp 10.152.183.1:443: connect: connection refused
unit-postgresql-k8s-0: 01:59:43 ERROR juju.worker.uniter.operation hook "update-status" (via hook dispatching script: dispatch) failed: exit status 1
model-4e32b24e-64a2-4453-8246-77fa5fdfa557: 01:59:44 ERROR juju.kubernetes.klog /build/snapcraft-juju-c90e67be988b0e4d002ce9f34fba0b99/parts/jujud/build/worker/caasrbacmapper/mapper.go:79: Failed to watch *v1.ServiceAccount: failed to list *v1.ServiceAccount: Get "https://10.152.183.1:443/api/v1/namespaces/test/serviceaccounts?resourceVersion=2392": dial tcp 10.152.183.1:443: connect: connection refused
unit-postgresql-k8s-2: 01:59:46 ERROR unit.postgresql-k8s/2.juju-log Uncaught exception while in charm code:
Traceback (most recent call last):
  File "/var/lib/juju/agents/unit-postgresql-k8s-2/charm/venv/ops/model.py", line 3180, in _run
    result = subprocess.run(args, **kwargs)  # type: ignore
  File "/usr/lib/python3.10/subprocess.py", line 526, in run
    raise CalledProcessError(retcode, process.args,
subprocess.CalledProcessError: Command '('/var/lib/juju/tools/unit-postgresql-k8s-2/secret-get', '--label', 'database-peers.postgresql-k8s.app', '--format=json')' returned non-zero exit status 1.

The above exception was the direct cause of the following exception:

Traceback (most recent call last):
  File "/var/lib/juju/agents/unit-postgresql-k8s-2/charm/./src/charm.py", line 1837, in <module>
    main(PostgresqlOperatorCharm, use_juju_for_storage=True)
  File "/var/lib/juju/agents/unit-postgresql-k8s-2/charm/venv/ops/main.py", line 548, in main
    manager.run()
  File "/var/lib/juju/agents/unit-postgresql-k8s-2/charm/venv/ops/main.py", line 527, in run
    self._emit()
  File "/var/lib/juju/agents/unit-postgresql-k8s-2/charm/venv/ops/main.py", line 513, in _emit
    self.framework.reemit()
  File "/var/lib/juju/agents/unit-postgresql-k8s-2/charm/venv/ops/framework.py", line 870, in reemit
    self._reemit()
  File "/var/lib/juju/agents/unit-postgresql-k8s-2/charm/venv/ops/framework.py", line 950, in _reemit
    custom_handler(event)
  File "/var/lib/juju/agents/unit-postgresql-k8s-2/charm/lib/charms/tempo_k8s/v1/charm_tracing.py", line 647, in wrapped_function
    return callable(*args, **kwargs)  # type: ignore
  File "/var/lib/juju/agents/unit-postgresql-k8s-2/charm/./src/charm.py", line 827, in _on_postgresql_pebble_ready
    self.unit.set_workload_version(self._patroni.rock_postgresql_version)
  File "/var/lib/juju/agents/unit-postgresql-k8s-2/charm/./src/charm.py", line 1334, in _patroni
    self.get_secret(APP_SCOPE, USER_PASSWORD_KEY),
  File "/var/lib/juju/agents/unit-postgresql-k8s-2/charm/lib/charms/tempo_k8s/v1/charm_tracing.py", line 647, in wrapped_function
    return callable(*args, **kwargs)  # type: ignore
  File "/var/lib/juju/agents/unit-postgresql-k8s-2/charm/./src/charm.py", line 300, in get_secret
    if result := self.peer_relation_data(scope).fetch_my_relation_field(peers.id, key):
  File "/var/lib/juju/agents/unit-postgresql-k8s-2/charm/lib/charms/data_platform_libs/v0/data_interfaces.py", line 1260, in fetch_my_relation_field
    if relation_data := self.fetch_my_relation_data([relation_id], [field], relation_name):
  File "/var/lib/juju/agents/unit-postgresql-k8s-2/charm/lib/charms/data_platform_libs/v0/data_interfaces.py", line 1249, in fetch_my_relation_data
    data[relation.id] = self._fetch_my_specific_relation_data(relation, fields)
  File "/var/lib/juju/agents/unit-postgresql-k8s-2/charm/lib/charms/data_platform_libs/v0/data_interfaces.py", line 534, in wrapper
    return f(self, *args, **kwargs)
  File "/var/lib/juju/agents/unit-postgresql-k8s-2/charm/lib/charms/data_platform_libs/v0/data_interfaces.py", line 2083, in _fetch_my_specific_relation_data
    self.component, self.secret_fields, relation, fields
  File "/var/lib/juju/agents/unit-postgresql-k8s-2/charm/lib/charms/data_platform_libs/v0/data_interfaces.py", line 1817, in secret_fields
    self.static_secret_fields if self.static_secret_fields else self.current_secret_fields
  File "/var/lib/juju/agents/unit-postgresql-k8s-2/charm/lib/charms/data_platform_libs/v0/data_interfaces.py", line 1836, in current_secret_fields
    if content := self._get_group_secret_contents(relation, group):
  File "/var/lib/juju/agents/unit-postgresql-k8s-2/charm/lib/charms/data_platform_libs/v0/data_interfaces.py", line 2070, in _get_group_secret_contents
    result = super()._get_group_secret_contents(relation, group, secret_fields)
  File "/var/lib/juju/agents/unit-postgresql-k8s-2/charm/lib/charms/data_platform_libs/v0/data_interfaces.py", line 1000, in _get_group_secret_contents
    if (secret := self._get_relation_secret(relation.id, group)) and (
  File "/var/lib/juju/agents/unit-postgresql-k8s-2/charm/lib/charms/data_platform_libs/v0/data_interfaces.py", line 506, in wrapper
    return f(self, *args, **kwargs)
  File "/var/lib/juju/agents/unit-postgresql-k8s-2/charm/lib/charms/data_platform_libs/v0/data_interfaces.py", line 2059, in _get_relation_secret
    return self.secrets.get(label, secret_uri, legacy_labels=self._previous_labels())
  File "/var/lib/juju/agents/unit-postgresql-k8s-2/charm/lib/charms/data_platform_libs/v0/data_interfaces.py", line 706, in get
    if secret.meta:
  File "/var/lib/juju/agents/unit-postgresql-k8s-2/charm/lib/charms/data_platform_libs/v0/data_interfaces.py", line 605, in meta
    self._secret_meta = self._model.get_secret(label=label)
  File "/var/lib/juju/agents/unit-postgresql-k8s-2/charm/venv/ops/model.py", line 291, in get_secret
    content = self._backend.secret_get(id=id, label=label)
  File "/var/lib/juju/agents/unit-postgresql-k8s-2/charm/venv/ops/model.py", line 3545, in secret_get
    result = self._run('secret-get', *args, return_output=True, use_json=True)
  File "/var/lib/juju/agents/unit-postgresql-k8s-2/charm/venv/ops/model.py", line 3182, in _run
    raise ModelError(e.stderr) from e
ops.model.ModelError: ERROR unable to determine legacy status for namespace "test": Get "https://10.152.183.1:443/api/v1/namespaces/test": dial tcp 10.152.183.1:443: connect: connection refused

unit-postgresql-k8s-2: 01:59:46 ERROR juju.worker.uniter.operation hook "update-status" (via hook dispatching script: dispatch) failed: exit status 1

[32mINFO    [0m pytest_operator.plugin:plugin.py:947 Forgetting model main...