{"uid":"8ff27161760e08d8","name":"test_fail_and_rollback","fullName":"tests.integration.ha_tests.test_upgrade#test_fail_and_rollback","historyId":"4b61a31bc9ec6b0bfc0d181346179a2b","time":{"start":1730598745542,"stop":1730598745542,"duration":0},"status":"skipped","statusMessage":"XFAIL reason: aborted\n\n_pytest.outcomes.XFailed: aborted","statusTrace":"Traceback (most recent call last):\n  File \"/home/ubuntu/actions-runner/_work/test-runners-2-is-arm64-postgresql-k8s-operator/test-runners-2-is-arm64-postgresql-k8s-operator/.tox/integration/lib/python3.10/site-packages/_pytest/runner.py\", line 341, in from_call\n    result: TResult | None = func()\n  File \"/home/ubuntu/actions-runner/_work/test-runners-2-is-arm64-postgresql-k8s-operator/test-runners-2-is-arm64-postgresql-k8s-operator/.tox/integration/lib/python3.10/site-packages/_pytest/runner.py\", line 242, in <lambda>\n    lambda: runtest_hook(item=item, **kwds), when=when, reraise=reraise\n  File \"/home/ubuntu/actions-runner/_work/test-runners-2-is-arm64-postgresql-k8s-operator/test-runners-2-is-arm64-postgresql-k8s-operator/.tox/integration/lib/python3.10/site-packages/pluggy/_hooks.py\", line 513, in __call__\n    return self._hookexec(self.name, self._hookimpls.copy(), kwargs, firstresult)\n  File \"/home/ubuntu/actions-runner/_work/test-runners-2-is-arm64-postgresql-k8s-operator/test-runners-2-is-arm64-postgresql-k8s-operator/.tox/integration/lib/python3.10/site-packages/pluggy/_manager.py\", line 120, in _hookexec\n    return self._inner_hookexec(hook_name, methods, kwargs, firstresult)\n  File \"/home/ubuntu/actions-runner/_work/test-runners-2-is-arm64-postgresql-k8s-operator/test-runners-2-is-arm64-postgresql-k8s-operator/.tox/integration/lib/python3.10/site-packages/pluggy/_callers.py\", line 182, in _multicall\n    return outcome.get_result()\n  File \"/home/ubuntu/actions-runner/_work/test-runners-2-is-arm64-postgresql-k8s-operator/test-runners-2-is-arm64-postgresql-k8s-operator/.tox/integration/lib/python3.10/site-packages/pluggy/_result.py\", line 100, in get_result\n    raise exc.with_traceback(exc.__traceback__)\n  File \"/home/ubuntu/actions-runner/_work/test-runners-2-is-arm64-postgresql-k8s-operator/test-runners-2-is-arm64-postgresql-k8s-operator/.tox/integration/lib/python3.10/site-packages/pluggy/_callers.py\", line 167, in _multicall\n    teardown.throw(outcome._exception)\n  File \"/home/ubuntu/actions-runner/_work/test-runners-2-is-arm64-postgresql-k8s-operator/test-runners-2-is-arm64-postgresql-k8s-operator/.tox/integration/lib/python3.10/site-packages/_pytest/unraisableexception.py\", line 90, in pytest_runtest_setup\n    yield from unraisable_exception_runtest_hook()\n  File \"/home/ubuntu/actions-runner/_work/test-runners-2-is-arm64-postgresql-k8s-operator/test-runners-2-is-arm64-postgresql-k8s-operator/.tox/integration/lib/python3.10/site-packages/_pytest/unraisableexception.py\", line 70, in unraisable_exception_runtest_hook\n    yield\n  File \"/home/ubuntu/actions-runner/_work/test-runners-2-is-arm64-postgresql-k8s-operator/test-runners-2-is-arm64-postgresql-k8s-operator/.tox/integration/lib/python3.10/site-packages/pluggy/_callers.py\", line 167, in _multicall\n    teardown.throw(outcome._exception)\n  File \"/home/ubuntu/actions-runner/_work/test-runners-2-is-arm64-postgresql-k8s-operator/test-runners-2-is-arm64-postgresql-k8s-operator/.tox/integration/lib/python3.10/site-packages/_pytest/logging.py\", line 840, in pytest_runtest_setup\n    yield from self._runtest_for(item, \"setup\")\n  File \"/home/ubuntu/actions-runner/_work/test-runners-2-is-arm64-postgresql-k8s-operator/test-runners-2-is-arm64-postgresql-k8s-operator/.tox/integration/lib/python3.10/site-packages/_pytest/logging.py\", line 829, in _runtest_for\n    yield\n  File \"/home/ubuntu/actions-runner/_work/test-runners-2-is-arm64-postgresql-k8s-operator/test-runners-2-is-arm64-postgresql-k8s-operator/.tox/integration/lib/python3.10/site-packages/pluggy/_callers.py\", line 167, in _multicall\n    teardown.throw(outcome._exception)\n  File \"/home/ubuntu/actions-runner/_work/test-runners-2-is-arm64-postgresql-k8s-operator/test-runners-2-is-arm64-postgresql-k8s-operator/.tox/integration/lib/python3.10/site-packages/_pytest/capture.py\", line 875, in pytest_runtest_setup\n    return (yield)\n  File \"/home/ubuntu/actions-runner/_work/test-runners-2-is-arm64-postgresql-k8s-operator/test-runners-2-is-arm64-postgresql-k8s-operator/.tox/integration/lib/python3.10/site-packages/pluggy/_callers.py\", line 167, in _multicall\n    teardown.throw(outcome._exception)\n  File \"/home/ubuntu/actions-runner/_work/test-runners-2-is-arm64-postgresql-k8s-operator/test-runners-2-is-arm64-postgresql-k8s-operator/.tox/integration/lib/python3.10/site-packages/_pytest/threadexception.py\", line 87, in pytest_runtest_setup\n    yield from thread_exception_runtest_hook()\n  File \"/home/ubuntu/actions-runner/_work/test-runners-2-is-arm64-postgresql-k8s-operator/test-runners-2-is-arm64-postgresql-k8s-operator/.tox/integration/lib/python3.10/site-packages/_pytest/threadexception.py\", line 68, in thread_exception_runtest_hook\n    yield\n  File \"/home/ubuntu/actions-runner/_work/test-runners-2-is-arm64-postgresql-k8s-operator/test-runners-2-is-arm64-postgresql-k8s-operator/.tox/integration/lib/python3.10/site-packages/pluggy/_callers.py\", line 103, in _multicall\n    res = hook_impl.function(*args)\n  File \"/home/ubuntu/actions-runner/_work/test-runners-2-is-arm64-postgresql-k8s-operator/test-runners-2-is-arm64-postgresql-k8s-operator/.tox/integration/lib/python3.10/site-packages/_pytest/runner.py\", line 160, in pytest_runtest_setup\n    item.session._setupstate.setup(item)\n  File \"/home/ubuntu/actions-runner/_work/test-runners-2-is-arm64-postgresql-k8s-operator/test-runners-2-is-arm64-postgresql-k8s-operator/.tox/integration/lib/python3.10/site-packages/_pytest/runner.py\", line 514, in setup\n    col.setup()\n  File \"/home/ubuntu/actions-runner/_work/test-runners-2-is-arm64-postgresql-k8s-operator/test-runners-2-is-arm64-postgresql-k8s-operator/.tox/integration/lib/python3.10/site-packages/_pytest/python.py\", line 1630, in setup\n    self._request._fillfixtures()\n  File \"/home/ubuntu/actions-runner/_work/test-runners-2-is-arm64-postgresql-k8s-operator/test-runners-2-is-arm64-postgresql-k8s-operator/.tox/integration/lib/python3.10/site-packages/_pytest/fixtures.py\", line 697, in _fillfixtures\n    item.funcargs[argname] = self.getfixturevalue(argname)\n  File \"/home/ubuntu/actions-runner/_work/test-runners-2-is-arm64-postgresql-k8s-operator/test-runners-2-is-arm64-postgresql-k8s-operator/.tox/integration/lib/python3.10/site-packages/_pytest/fixtures.py\", line 532, in getfixturevalue\n    fixturedef = self._get_active_fixturedef(argname)\n  File \"/home/ubuntu/actions-runner/_work/test-runners-2-is-arm64-postgresql-k8s-operator/test-runners-2-is-arm64-postgresql-k8s-operator/.tox/integration/lib/python3.10/site-packages/_pytest/fixtures.py\", line 617, in _get_active_fixturedef\n    fixturedef.execute(request=subrequest)\n  File \"/home/ubuntu/actions-runner/_work/test-runners-2-is-arm64-postgresql-k8s-operator/test-runners-2-is-arm64-postgresql-k8s-operator/.tox/integration/lib/python3.10/site-packages/_pytest/fixtures.py\", line 1091, in execute\n    result = ihook.pytest_fixture_setup(fixturedef=self, request=request)\n  File \"/home/ubuntu/actions-runner/_work/test-runners-2-is-arm64-postgresql-k8s-operator/test-runners-2-is-arm64-postgresql-k8s-operator/.tox/integration/lib/python3.10/site-packages/pluggy/_hooks.py\", line 513, in __call__\n    return self._hookexec(self.name, self._hookimpls.copy(), kwargs, firstresult)\n  File \"/home/ubuntu/actions-runner/_work/test-runners-2-is-arm64-postgresql-k8s-operator/test-runners-2-is-arm64-postgresql-k8s-operator/.tox/integration/lib/python3.10/site-packages/pluggy/_manager.py\", line 120, in _hookexec\n    return self._inner_hookexec(hook_name, methods, kwargs, firstresult)\n  File \"/home/ubuntu/actions-runner/_work/test-runners-2-is-arm64-postgresql-k8s-operator/test-runners-2-is-arm64-postgresql-k8s-operator/.tox/integration/lib/python3.10/site-packages/pluggy/_callers.py\", line 182, in _multicall\n    return outcome.get_result()\n  File \"/home/ubuntu/actions-runner/_work/test-runners-2-is-arm64-postgresql-k8s-operator/test-runners-2-is-arm64-postgresql-k8s-operator/.tox/integration/lib/python3.10/site-packages/pluggy/_result.py\", line 100, in get_result\n    raise exc.with_traceback(exc.__traceback__)\n  File \"/home/ubuntu/actions-runner/_work/test-runners-2-is-arm64-postgresql-k8s-operator/test-runners-2-is-arm64-postgresql-k8s-operator/.tox/integration/lib/python3.10/site-packages/pluggy/_callers.py\", line 167, in _multicall\n    teardown.throw(outcome._exception)\n  File \"/home/ubuntu/actions-runner/_work/test-runners-2-is-arm64-postgresql-k8s-operator/test-runners-2-is-arm64-postgresql-k8s-operator/.tox/integration/lib/python3.10/site-packages/_pytest/setuponly.py\", line 36, in pytest_fixture_setup\n    return (yield)\n  File \"/home/ubuntu/actions-runner/_work/test-runners-2-is-arm64-postgresql-k8s-operator/test-runners-2-is-arm64-postgresql-k8s-operator/.tox/integration/lib/python3.10/site-packages/pluggy/_callers.py\", line 103, in _multicall\n    res = hook_impl.function(*args)\n  File \"/home/ubuntu/actions-runner/_work/test-runners-2-is-arm64-postgresql-k8s-operator/test-runners-2-is-arm64-postgresql-k8s-operator/.tox/integration/lib/python3.10/site-packages/_pytest/fixtures.py\", line 1140, in pytest_fixture_setup\n    result = call_fixture_func(fixturefunc, request, kwargs)\n  File \"/home/ubuntu/actions-runner/_work/test-runners-2-is-arm64-postgresql-k8s-operator/test-runners-2-is-arm64-postgresql-k8s-operator/.tox/integration/lib/python3.10/site-packages/_pytest/fixtures.py\", line 891, in call_fixture_func\n    fixture_result = next(generator)\n  File \"/home/ubuntu/actions-runner/_work/test-runners-2-is-arm64-postgresql-k8s-operator/test-runners-2-is-arm64-postgresql-k8s-operator/.tox/integration/lib/python3.10/site-packages/pytest_operator/plugin.py\", line 234, in abort_on_fail\n    pytest.xfail(\"aborted\")\n  File \"/home/ubuntu/actions-runner/_work/test-runners-2-is-arm64-postgresql-k8s-operator/test-runners-2-is-arm64-postgresql-k8s-operator/.tox/integration/lib/python3.10/site-packages/_pytest/outcomes.py\", line 206, in xfail\n    raise XFailed(reason)\n_pytest.outcomes.XFailed: aborted","flaky":false,"newFailed":false,"newBroken":false,"newPassed":false,"retriesCount":1,"retriesStatusChange":true,"beforeStages":[{"name":"event_loop","time":{"start":1730597740327,"stop":1730597740328,"duration":1},"status":"passed","steps":[],"attachments":[],"parameters":[],"stepsCount":0,"shouldDisplayMessage":false,"attachmentsCount":0,"hasContent":false,"attachmentStep":false},{"name":"tmp_path_factory","time":{"start":1730597740328,"stop":1730597740328,"duration":0},"status":"passed","steps":[],"attachments":[],"parameters":[],"stepsCount":0,"shouldDisplayMessage":false,"attachmentsCount":0,"hasContent":false,"attachmentStep":false},{"name":"ops_test","time":{"start":1730597740328,"stop":1730597740853,"duration":525},"status":"passed","steps":[],"attachments":[],"parameters":[],"stepsCount":0,"shouldDisplayMessage":false,"attachmentsCount":0,"hasContent":false,"attachmentStep":false},{"name":"abort_on_fail","time":{"start":1730598745543,"stop":1730598745543,"duration":0},"status":"failed","statusMessage":"_pytest.outcomes.XFailed: aborted\n","statusTrace":"  File \"/home/ubuntu/actions-runner/_work/test-runners-2-is-arm64-postgresql-k8s-operator/test-runners-2-is-arm64-postgresql-k8s-operator/.tox/integration/lib/python3.10/site-packages/pluggy/_callers.py\", line 167, in _multicall\n    teardown.throw(outcome._exception)\n  File \"/home/ubuntu/actions-runner/_work/test-runners-2-is-arm64-postgresql-k8s-operator/test-runners-2-is-arm64-postgresql-k8s-operator/.tox/integration/lib/python3.10/site-packages/_pytest/setuponly.py\", line 36, in pytest_fixture_setup\n    return (yield)\n  File \"/home/ubuntu/actions-runner/_work/test-runners-2-is-arm64-postgresql-k8s-operator/test-runners-2-is-arm64-postgresql-k8s-operator/.tox/integration/lib/python3.10/site-packages/pluggy/_callers.py\", line 103, in _multicall\n    res = hook_impl.function(*args)\n  File \"/home/ubuntu/actions-runner/_work/test-runners-2-is-arm64-postgresql-k8s-operator/test-runners-2-is-arm64-postgresql-k8s-operator/.tox/integration/lib/python3.10/site-packages/_pytest/fixtures.py\", line 1140, in pytest_fixture_setup\n    result = call_fixture_func(fixturefunc, request, kwargs)\n  File \"/home/ubuntu/actions-runner/_work/test-runners-2-is-arm64-postgresql-k8s-operator/test-runners-2-is-arm64-postgresql-k8s-operator/.tox/integration/lib/python3.10/site-packages/_pytest/fixtures.py\", line 891, in call_fixture_func\n    fixture_result = next(generator)\n  File \"/home/ubuntu/actions-runner/_work/test-runners-2-is-arm64-postgresql-k8s-operator/test-runners-2-is-arm64-postgresql-k8s-operator/.tox/integration/lib/python3.10/site-packages/pytest_operator/plugin.py\", line 234, in abort_on_fail\n    pytest.xfail(\"aborted\")\n  File \"/home/ubuntu/actions-runner/_work/test-runners-2-is-arm64-postgresql-k8s-operator/test-runners-2-is-arm64-postgresql-k8s-operator/.tox/integration/lib/python3.10/site-packages/_pytest/outcomes.py\", line 206, in xfail\n    raise XFailed(reason)\n","steps":[],"attachments":[],"parameters":[],"stepsCount":0,"shouldDisplayMessage":true,"attachmentsCount":0,"hasContent":true,"attachmentStep":false}],"testStage":{"status":"skipped","statusMessage":"XFAIL reason: aborted\n\n_pytest.outcomes.XFailed: aborted","statusTrace":"Traceback (most recent call last):\n  File \"/home/ubuntu/actions-runner/_work/test-runners-2-is-arm64-postgresql-k8s-operator/test-runners-2-is-arm64-postgresql-k8s-operator/.tox/integration/lib/python3.10/site-packages/_pytest/runner.py\", line 341, in from_call\n    result: TResult | None = func()\n  File \"/home/ubuntu/actions-runner/_work/test-runners-2-is-arm64-postgresql-k8s-operator/test-runners-2-is-arm64-postgresql-k8s-operator/.tox/integration/lib/python3.10/site-packages/_pytest/runner.py\", line 242, in <lambda>\n    lambda: runtest_hook(item=item, **kwds), when=when, reraise=reraise\n  File \"/home/ubuntu/actions-runner/_work/test-runners-2-is-arm64-postgresql-k8s-operator/test-runners-2-is-arm64-postgresql-k8s-operator/.tox/integration/lib/python3.10/site-packages/pluggy/_hooks.py\", line 513, in __call__\n    return self._hookexec(self.name, self._hookimpls.copy(), kwargs, firstresult)\n  File \"/home/ubuntu/actions-runner/_work/test-runners-2-is-arm64-postgresql-k8s-operator/test-runners-2-is-arm64-postgresql-k8s-operator/.tox/integration/lib/python3.10/site-packages/pluggy/_manager.py\", line 120, in _hookexec\n    return self._inner_hookexec(hook_name, methods, kwargs, firstresult)\n  File \"/home/ubuntu/actions-runner/_work/test-runners-2-is-arm64-postgresql-k8s-operator/test-runners-2-is-arm64-postgresql-k8s-operator/.tox/integration/lib/python3.10/site-packages/pluggy/_callers.py\", line 182, in _multicall\n    return outcome.get_result()\n  File \"/home/ubuntu/actions-runner/_work/test-runners-2-is-arm64-postgresql-k8s-operator/test-runners-2-is-arm64-postgresql-k8s-operator/.tox/integration/lib/python3.10/site-packages/pluggy/_result.py\", line 100, in get_result\n    raise exc.with_traceback(exc.__traceback__)\n  File \"/home/ubuntu/actions-runner/_work/test-runners-2-is-arm64-postgresql-k8s-operator/test-runners-2-is-arm64-postgresql-k8s-operator/.tox/integration/lib/python3.10/site-packages/pluggy/_callers.py\", line 167, in _multicall\n    teardown.throw(outcome._exception)\n  File \"/home/ubuntu/actions-runner/_work/test-runners-2-is-arm64-postgresql-k8s-operator/test-runners-2-is-arm64-postgresql-k8s-operator/.tox/integration/lib/python3.10/site-packages/_pytest/unraisableexception.py\", line 90, in pytest_runtest_setup\n    yield from unraisable_exception_runtest_hook()\n  File \"/home/ubuntu/actions-runner/_work/test-runners-2-is-arm64-postgresql-k8s-operator/test-runners-2-is-arm64-postgresql-k8s-operator/.tox/integration/lib/python3.10/site-packages/_pytest/unraisableexception.py\", line 70, in unraisable_exception_runtest_hook\n    yield\n  File \"/home/ubuntu/actions-runner/_work/test-runners-2-is-arm64-postgresql-k8s-operator/test-runners-2-is-arm64-postgresql-k8s-operator/.tox/integration/lib/python3.10/site-packages/pluggy/_callers.py\", line 167, in _multicall\n    teardown.throw(outcome._exception)\n  File \"/home/ubuntu/actions-runner/_work/test-runners-2-is-arm64-postgresql-k8s-operator/test-runners-2-is-arm64-postgresql-k8s-operator/.tox/integration/lib/python3.10/site-packages/_pytest/logging.py\", line 840, in pytest_runtest_setup\n    yield from self._runtest_for(item, \"setup\")\n  File \"/home/ubuntu/actions-runner/_work/test-runners-2-is-arm64-postgresql-k8s-operator/test-runners-2-is-arm64-postgresql-k8s-operator/.tox/integration/lib/python3.10/site-packages/_pytest/logging.py\", line 829, in _runtest_for\n    yield\n  File \"/home/ubuntu/actions-runner/_work/test-runners-2-is-arm64-postgresql-k8s-operator/test-runners-2-is-arm64-postgresql-k8s-operator/.tox/integration/lib/python3.10/site-packages/pluggy/_callers.py\", line 167, in _multicall\n    teardown.throw(outcome._exception)\n  File \"/home/ubuntu/actions-runner/_work/test-runners-2-is-arm64-postgresql-k8s-operator/test-runners-2-is-arm64-postgresql-k8s-operator/.tox/integration/lib/python3.10/site-packages/_pytest/capture.py\", line 875, in pytest_runtest_setup\n    return (yield)\n  File \"/home/ubuntu/actions-runner/_work/test-runners-2-is-arm64-postgresql-k8s-operator/test-runners-2-is-arm64-postgresql-k8s-operator/.tox/integration/lib/python3.10/site-packages/pluggy/_callers.py\", line 167, in _multicall\n    teardown.throw(outcome._exception)\n  File \"/home/ubuntu/actions-runner/_work/test-runners-2-is-arm64-postgresql-k8s-operator/test-runners-2-is-arm64-postgresql-k8s-operator/.tox/integration/lib/python3.10/site-packages/_pytest/threadexception.py\", line 87, in pytest_runtest_setup\n    yield from thread_exception_runtest_hook()\n  File \"/home/ubuntu/actions-runner/_work/test-runners-2-is-arm64-postgresql-k8s-operator/test-runners-2-is-arm64-postgresql-k8s-operator/.tox/integration/lib/python3.10/site-packages/_pytest/threadexception.py\", line 68, in thread_exception_runtest_hook\n    yield\n  File \"/home/ubuntu/actions-runner/_work/test-runners-2-is-arm64-postgresql-k8s-operator/test-runners-2-is-arm64-postgresql-k8s-operator/.tox/integration/lib/python3.10/site-packages/pluggy/_callers.py\", line 103, in _multicall\n    res = hook_impl.function(*args)\n  File \"/home/ubuntu/actions-runner/_work/test-runners-2-is-arm64-postgresql-k8s-operator/test-runners-2-is-arm64-postgresql-k8s-operator/.tox/integration/lib/python3.10/site-packages/_pytest/runner.py\", line 160, in pytest_runtest_setup\n    item.session._setupstate.setup(item)\n  File \"/home/ubuntu/actions-runner/_work/test-runners-2-is-arm64-postgresql-k8s-operator/test-runners-2-is-arm64-postgresql-k8s-operator/.tox/integration/lib/python3.10/site-packages/_pytest/runner.py\", line 514, in setup\n    col.setup()\n  File \"/home/ubuntu/actions-runner/_work/test-runners-2-is-arm64-postgresql-k8s-operator/test-runners-2-is-arm64-postgresql-k8s-operator/.tox/integration/lib/python3.10/site-packages/_pytest/python.py\", line 1630, in setup\n    self._request._fillfixtures()\n  File \"/home/ubuntu/actions-runner/_work/test-runners-2-is-arm64-postgresql-k8s-operator/test-runners-2-is-arm64-postgresql-k8s-operator/.tox/integration/lib/python3.10/site-packages/_pytest/fixtures.py\", line 697, in _fillfixtures\n    item.funcargs[argname] = self.getfixturevalue(argname)\n  File \"/home/ubuntu/actions-runner/_work/test-runners-2-is-arm64-postgresql-k8s-operator/test-runners-2-is-arm64-postgresql-k8s-operator/.tox/integration/lib/python3.10/site-packages/_pytest/fixtures.py\", line 532, in getfixturevalue\n    fixturedef = self._get_active_fixturedef(argname)\n  File \"/home/ubuntu/actions-runner/_work/test-runners-2-is-arm64-postgresql-k8s-operator/test-runners-2-is-arm64-postgresql-k8s-operator/.tox/integration/lib/python3.10/site-packages/_pytest/fixtures.py\", line 617, in _get_active_fixturedef\n    fixturedef.execute(request=subrequest)\n  File \"/home/ubuntu/actions-runner/_work/test-runners-2-is-arm64-postgresql-k8s-operator/test-runners-2-is-arm64-postgresql-k8s-operator/.tox/integration/lib/python3.10/site-packages/_pytest/fixtures.py\", line 1091, in execute\n    result = ihook.pytest_fixture_setup(fixturedef=self, request=request)\n  File \"/home/ubuntu/actions-runner/_work/test-runners-2-is-arm64-postgresql-k8s-operator/test-runners-2-is-arm64-postgresql-k8s-operator/.tox/integration/lib/python3.10/site-packages/pluggy/_hooks.py\", line 513, in __call__\n    return self._hookexec(self.name, self._hookimpls.copy(), kwargs, firstresult)\n  File \"/home/ubuntu/actions-runner/_work/test-runners-2-is-arm64-postgresql-k8s-operator/test-runners-2-is-arm64-postgresql-k8s-operator/.tox/integration/lib/python3.10/site-packages/pluggy/_manager.py\", line 120, in _hookexec\n    return self._inner_hookexec(hook_name, methods, kwargs, firstresult)\n  File \"/home/ubuntu/actions-runner/_work/test-runners-2-is-arm64-postgresql-k8s-operator/test-runners-2-is-arm64-postgresql-k8s-operator/.tox/integration/lib/python3.10/site-packages/pluggy/_callers.py\", line 182, in _multicall\n    return outcome.get_result()\n  File \"/home/ubuntu/actions-runner/_work/test-runners-2-is-arm64-postgresql-k8s-operator/test-runners-2-is-arm64-postgresql-k8s-operator/.tox/integration/lib/python3.10/site-packages/pluggy/_result.py\", line 100, in get_result\n    raise exc.with_traceback(exc.__traceback__)\n  File \"/home/ubuntu/actions-runner/_work/test-runners-2-is-arm64-postgresql-k8s-operator/test-runners-2-is-arm64-postgresql-k8s-operator/.tox/integration/lib/python3.10/site-packages/pluggy/_callers.py\", line 167, in _multicall\n    teardown.throw(outcome._exception)\n  File \"/home/ubuntu/actions-runner/_work/test-runners-2-is-arm64-postgresql-k8s-operator/test-runners-2-is-arm64-postgresql-k8s-operator/.tox/integration/lib/python3.10/site-packages/_pytest/setuponly.py\", line 36, in pytest_fixture_setup\n    return (yield)\n  File \"/home/ubuntu/actions-runner/_work/test-runners-2-is-arm64-postgresql-k8s-operator/test-runners-2-is-arm64-postgresql-k8s-operator/.tox/integration/lib/python3.10/site-packages/pluggy/_callers.py\", line 103, in _multicall\n    res = hook_impl.function(*args)\n  File \"/home/ubuntu/actions-runner/_work/test-runners-2-is-arm64-postgresql-k8s-operator/test-runners-2-is-arm64-postgresql-k8s-operator/.tox/integration/lib/python3.10/site-packages/_pytest/fixtures.py\", line 1140, in pytest_fixture_setup\n    result = call_fixture_func(fixturefunc, request, kwargs)\n  File \"/home/ubuntu/actions-runner/_work/test-runners-2-is-arm64-postgresql-k8s-operator/test-runners-2-is-arm64-postgresql-k8s-operator/.tox/integration/lib/python3.10/site-packages/_pytest/fixtures.py\", line 891, in call_fixture_func\n    fixture_result = next(generator)\n  File \"/home/ubuntu/actions-runner/_work/test-runners-2-is-arm64-postgresql-k8s-operator/test-runners-2-is-arm64-postgresql-k8s-operator/.tox/integration/lib/python3.10/site-packages/pytest_operator/plugin.py\", line 234, in abort_on_fail\n    pytest.xfail(\"aborted\")\n  File \"/home/ubuntu/actions-runner/_work/test-runners-2-is-arm64-postgresql-k8s-operator/test-runners-2-is-arm64-postgresql-k8s-operator/.tox/integration/lib/python3.10/site-packages/_pytest/outcomes.py\", line 206, in xfail\n    raise XFailed(reason)\n_pytest.outcomes.XFailed: aborted","steps":[],"attachments":[{"uid":"ce6859694aa5db6c","name":"log","source":"ce6859694aa5db6c.txt","type":"text/plain","size":3247}],"parameters":[],"stepsCount":0,"shouldDisplayMessage":true,"attachmentsCount":1,"hasContent":true,"attachmentStep":false},"afterStages":[{"name":"ops_test::finalizer","time":{"start":1730598745545,"stop":1730598746098,"duration":553},"status":"passed","steps":[],"attachments":[],"parameters":[],"stepsCount":0,"shouldDisplayMessage":false,"attachmentsCount":0,"hasContent":false,"attachmentStep":false},{"name":"event_loop::2","time":{"start":1730598746099,"stop":1730598746099,"duration":0},"status":"passed","steps":[],"attachments":[],"parameters":[],"stepsCount":0,"shouldDisplayMessage":false,"attachmentsCount":0,"hasContent":false,"attachmentStep":false},{"name":"event_loop::_close_event_loop","time":{"start":1730598746099,"stop":1730598746099,"duration":0},"status":"passed","steps":[],"attachments":[],"parameters":[],"stepsCount":0,"shouldDisplayMessage":false,"attachmentsCount":0,"hasContent":false,"attachmentStep":false},{"name":"event_loop::_provide_clean_event_loop","time":{"start":1730598746099,"stop":1730598746099,"duration":0},"status":"passed","steps":[],"attachments":[],"parameters":[],"stepsCount":0,"shouldDisplayMessage":false,"attachmentsCount":0,"hasContent":false,"attachmentStep":false}],"labels":[{"name":"tag","value":"abort_on_fail"},{"name":"tag","value":"group(1)"},{"name":"tag","value":"asyncio"},{"name":"parentSuite","value":"tests.integration.ha_tests"},{"name":"suite","value":"test_upgrade"},{"name":"host","value":"github-runner"},{"name":"thread","value":"28462-MainThread"},{"name":"framework","value":"pytest"},{"name":"language","value":"cpython3"},{"name":"package","value":"tests.integration.ha_tests.test_upgrade"},{"name":"resultFormat","value":"allure2"}],"parameters":[],"links":[],"hidden":false,"retry":false,"extra":{"severity":"normal","retries":[{"uid":"93d1e7e2755ca040","status":"unknown","time":{}}],"categories":[],"history":{"statistic":{"failed":0,"broken":4,"skipped":69,"passed":34,"unknown":37,"total":144},"items":[{"uid":"133d2b49b845753a","reportUrl":"../225//#testresult/133d2b49b845753a","status":"passed","time":{"start":1730512375179,"stop":1730513112047,"duration":736868}},{"uid":"7244371e602d87c1","reportUrl":"../224//#testresult/7244371e602d87c1","status":"passed","time":{"start":1730426679258,"stop":1730427335484,"duration":656226}},{"uid":"3cb43385f6d14cbe","reportUrl":"../223//#testresult/3cb43385f6d14cbe","status":"passed","time":{"start":1730339875816,"stop":1730340509636,"duration":633820}},{"uid":"847e7a6505781b30","reportUrl":"../222//#testresult/847e7a6505781b30","status":"passed","time":{"start":1730253121640,"stop":1730253780397,"duration":658757}},{"uid":"4e3a44593fc93db5","reportUrl":"../221//#testresult/4e3a44593fc93db5","status":"skipped","statusDetails":"XFAIL reason: aborted\n\n_pytest.outcomes.XFailed: aborted","time":{"start":1730166719568,"stop":1730166719568,"duration":0}},{"uid":"20ffd7729a2f8904","reportUrl":"../220//#testresult/20ffd7729a2f8904","status":"passed","time":{"start":1730080635305,"stop":1730081285715,"duration":650410}},{"uid":"f68b058264b97471","reportUrl":"../219//#testresult/f68b058264b97471","status":"passed","time":{"start":1729993694558,"stop":1729994335358,"duration":640800}},{"uid":"acd6a88e50d1fd4e","reportUrl":"../218//#testresult/acd6a88e50d1fd4e","status":"passed","time":{"start":1729907577790,"stop":1729908308023,"duration":730233}},{"uid":"442914ed7c2676ba","reportUrl":"../217//#testresult/442914ed7c2676ba","status":"passed","time":{"start":1729820995008,"stop":1729821633181,"duration":638173}},{"uid":"7eb6871ac783d6bf","reportUrl":"../216//#testresult/7eb6871ac783d6bf","status":"passed","time":{"start":1729734694990,"stop":1729735330063,"duration":635073}},{"uid":"8ee0916c4e097471","reportUrl":"../215//#testresult/8ee0916c4e097471","status":"passed","time":{"start":1729648191279,"stop":1729648897218,"duration":705939}},{"uid":"b6906c9dc598ac5d","reportUrl":"../214//#testresult/b6906c9dc598ac5d","status":"passed","time":{"start":1729562174135,"stop":1729562871228,"duration":697093}},{"uid":"a15ef643d273f0eb","reportUrl":"../213//#testresult/a15ef643d273f0eb","status":"passed","time":{"start":1729475401919,"stop":1729476044470,"duration":642551}},{"uid":"673cdb59ff961da9","reportUrl":"../212//#testresult/673cdb59ff961da9","status":"passed","time":{"start":1729389081324,"stop":1729389788376,"duration":707052}},{"uid":"312eeb62ad8effef","reportUrl":"../211//#testresult/312eeb62ad8effef","status":"passed","time":{"start":1729302671294,"stop":1729303366627,"duration":695333}},{"uid":"4060ec3309694902","reportUrl":"../210//#testresult/4060ec3309694902","status":"passed","time":{"start":1729216287477,"stop":1729217008831,"duration":721354}},{"uid":"54a2c1d8b11e8be5","reportUrl":"../209//#testresult/54a2c1d8b11e8be5","status":"passed","time":{"start":1729130035177,"stop":1729130795048,"duration":759871}},{"uid":"d9b8a86e76ed55e5","reportUrl":"../208//#testresult/d9b8a86e76ed55e5","status":"passed","time":{"start":1729043511116,"stop":1729044158006,"duration":646890}},{"uid":"548dfa522194ad3f","reportUrl":"../207//#testresult/548dfa522194ad3f","status":"passed","time":{"start":1728957175930,"stop":1728957841943,"duration":666013}},{"uid":"517dc133005fea6e","reportUrl":"../206//#testresult/517dc133005fea6e","status":"passed","time":{"start":1728870788395,"stop":1728871504361,"duration":715966}}]},"tags":["asyncio","abort_on_fail","group(1)"]},"source":"8ff27161760e08d8.json","parameterValues":[]}