[32mINFO    [0m pytest_operator.plugin:plugin.py:734 Connecting to existing model microk8s-localhost:test on unspecified cloud
[32mINFO    [0m juju.model:model.py:2098 Deploying ch:arm64/jammy/s3-integrator-23
[32mINFO    [0m juju.model:model.py:2098 Deploying ch:arm64/jammy/self-signed-certificates-162
[32mINFO    [0m juju.model:model.py:2098 Deploying local:jammy/postgresql-k8s-0
[33mWARNING [0m juju.model:model.py:1564 relate is deprecated and will be removed. Use integrate instead.
[32mINFO    [0m juju.model:model.py:2972 Waiting for model:
  postgresql-k8s-aws/0 [allocating] waiting: installing agent
  postgresql-k8s-aws/1 [allocating] waiting: installing agent
[32mINFO    [0m juju.model:model.py:2972 Waiting for model:
  postgresql-k8s-aws/0 [allocating] waiting: agent initialising
  postgresql-k8s-aws/1 [allocating] waiting: agent initialising
[32mINFO    [0m juju.model:model.py:2972 Waiting for model:
  postgresql-k8s-aws/0 [executing] maintenance: installing charm software
  postgresql-k8s-aws/1 [executing] maintenance: installing charm software
[32mINFO    [0m juju.model:model.py:2972 Waiting for model:
  postgresql-k8s-aws/0 [executing] unknown: 
  postgresql-k8s-aws/1 [executing] waiting: awaiting for cluster to start
[32mINFO    [0m juju.model:model.py:2972 Waiting for model:
  postgresql-k8s-aws/0 [executing] unknown: 
  postgresql-k8s-aws/1 [executing] waiting: awaiting for cluster to start
[32mINFO    [0m juju.model:model.py:2972 Waiting for model:
  postgresql-k8s-aws/0 [executing] unknown: 
  postgresql-k8s-aws/1 [executing] waiting: awaiting for cluster to start
[32mINFO    [0m juju.model:model.py:2972 Waiting for model:
  postgresql-k8s-aws/0 [idle] unknown: 
  postgresql-k8s-aws/1 [executing] waiting: awaiting for cluster to start
[32mINFO    [0m juju.model:model.py:2972 Waiting for model:
  postgresql-k8s-aws/0 [idle] unknown: 
  postgresql-k8s-aws/1 [executing] waiting: awaiting for cluster to start
[32mINFO    [0m juju.model:model.py:2972 Waiting for model:
  postgresql-k8s-aws/0 [idle] unknown: 
  postgresql-k8s-aws/1 [executing] waiting: awaiting for cluster to start
[32mINFO    [0m juju.model:model.py:2972 Waiting for model:
  postgresql-k8s-aws/0 [idle] unknown: 
  postgresql-k8s-aws/1 [executing] waiting: awaiting for primary endpoint to be ready
[32mINFO    [0m juju.model:model.py:2972 Waiting for model:
  postgresql-k8s-aws/0 [idle] unknown: 
  postgresql-k8s-aws/1 [executing] waiting: awaiting for primary endpoint to be ready
[32mINFO    [0m juju.model:model.py:2972 Waiting for model:
  postgresql-k8s-aws/0 [idle] unknown: 
  postgresql-k8s-aws/1 [executing] waiting: awaiting for primary endpoint to be ready
[32mINFO    [0m juju.model:model.py:2972 Waiting for model:
  postgresql-k8s-aws/0 [idle] unknown: 
  postgresql-k8s-aws/1 [executing] waiting: awaiting for primary endpoint to be ready
[32mINFO    [0m juju.model:model.py:2972 Waiting for model:
  postgresql-k8s-aws/0 [executing] unknown: 
  postgresql-k8s-aws/1 [executing] waiting: awaiting for cluster to start
[32mINFO    [0m juju.model:model.py:2972 Waiting for model:
  postgresql-k8s-aws/0 [idle] unknown: 
  postgresql-k8s-aws/1 [idle] waiting: awaiting for cluster to start
[32mINFO    [0m juju.model:model.py:2972 Waiting for model:
  postgresql-k8s-aws/0 [idle] unknown: 
  postgresql-k8s-aws/1 [idle] active: Primary
[32mINFO    [0m juju.model:model.py:2972 Waiting for model:
  postgresql-k8s-aws/0 [idle] unknown: 
  postgresql-k8s-aws/1 [idle] active: Primary
[32mINFO    [0m juju.model:model.py:2972 Waiting for model:
  postgresql-k8s-aws/0 [idle] waiting: awaiting for cluster to start
  postgresql-k8s-aws/1 [executing] active: Primary
[32mINFO    [0m juju.model:model.py:2972 Waiting for model:
  postgresql-k8s-aws/0 [executing] maintenance: stopping charm software
  postgresql-k8s-aws/1 [idle] active: Primary
[32mINFO    [0m juju.model:model.py:2972 Waiting for model:
  postgresql-k8s-aws/0 [executing] waiting: awaiting for cluster to start
  postgresql-k8s-aws/1 [idle] waiting: awaiting for cluster to start
[32mINFO    [0m juju.model:model.py:2972 Waiting for model:
  postgresql-k8s-aws/0 [executing] maintenance: 
  postgresql-k8s-aws/1 [idle] active: Primary
[32mINFO    [0m juju.model:model.py:2972 Waiting for model:
  postgresql-k8s-aws/0 [executing] waiting: awaiting for cluster to start
  postgresql-k8s-aws/1 [idle] maintenance: Executing restart operation
[32mINFO    [0m juju.model:model.py:2972 Waiting for model:
  postgresql-k8s-aws/0 [executing] waiting: awaiting for cluster to start
  postgresql-k8s-aws/1 [idle] active: Primary
[32mINFO    [0m juju.model:model.py:2972 Waiting for model:
  postgresql-k8s-aws/0 [idle] waiting: awaiting for cluster to start
  postgresql-k8s-aws/1 [idle] active: Primary
[32mINFO    [0m juju.model:model.py:2972 Waiting for model:
  postgresql-k8s-aws/0 [idle] waiting: awaiting for cluster to start
  postgresql-k8s-aws/1 [idle] active: Primary
[32mINFO    [0m juju.model:model.py:2972 Waiting for model:
  postgresql-k8s-aws/0 [idle] waiting: awaiting for cluster to start
  postgresql-k8s-aws/1 [executing] active: Primary
[32mINFO    [0m juju.model:model.py:2972 Waiting for model:
  postgresql-k8s-aws/0 [idle] waiting: awaiting for cluster to start
  postgresql-k8s-aws/1 [idle] active: Primary
[32mINFO    [0m juju.model:model.py:2972 Waiting for model:
  postgresql-k8s-aws/0 [idle] waiting: awaiting for cluster to start
  postgresql-k8s-aws/1 [idle] active: Primary
[32mINFO    [0m juju.model:model.py:2972 Waiting for model:
  postgresql-k8s-aws/0 [idle] active: 
  postgresql-k8s-aws/1 [idle] active: Primary
[33mWARNING [0m juju.model:model.py:1564 relate is deprecated and will be removed. Use integrate instead.
[32mINFO    [0m integration.helpers:helpers.py:837 configuring S3 integrator for AWS
[32mINFO    [0m juju.model:model.py:2972 Waiting for model:
  postgresql-k8s-aws/0 [idle] active: 
  postgresql-k8s-aws/1 [executing] active: Primary
  s3-integrator/0 [executing] blocked: Missing parameters: ['access-key', 'secret-key']
[32mINFO    [0m juju.model:model.py:2972 Waiting for model:
  postgresql-k8s-aws/0 [executing] active: 
  postgresql-k8s-aws/1 [executing] maintenance: initialising stanza
[32mINFO    [0m juju.model:model.py:2972 Waiting for model:
  postgresql-k8s-aws/0 [executing] active: 
  postgresql-k8s-aws/1 [executing] maintenance: initialising stanza
[32mINFO    [0m juju.model:model.py:2972 Waiting for model:
  postgresql-k8s-aws/0 [executing] active: 
  postgresql-k8s-aws/1 [executing] maintenance: initialising stanza
[32mINFO    [0m juju.model:model.py:2972 Waiting for model:
  postgresql-k8s-aws/0 [idle] active: 
  postgresql-k8s-aws/1 [idle] active: Primary
[32mINFO    [0m juju.model:model.py:2972 Waiting for model:
  postgresql-k8s-aws/1 [idle] active: Primary
[33mWARNING [0m juju.client.connection:connection.py:578 Receiver: Connection closed, reconnecting
[32mINFO    [0m integration.test_backups:test_backups.py:88 deleting the previously created backups
[1m[31mERROR   [0m asyncio:base_events.py:1758 Task exception was never retrieved
future: <Task finished name='Task-7106' coro=<Connection.reconnect() done, defined at /home/ubuntu/actions-runner/_work/test-runners-2-is-arm64-postgresql-k8s-operator/test-runners-2-is-arm64-postgresql-k8s-operator/.tox/integration/lib/python3.10/site-packages/juju/client/connection.py:779> exception=OSError(9, 'Bad file descriptor')>
Traceback (most recent call last):
  File "/home/ubuntu/actions-runner/_work/test-runners-2-is-arm64-postgresql-k8s-operator/test-runners-2-is-arm64-postgresql-k8s-operator/.tox/integration/lib/python3.10/site-packages/juju/client/connection.py", line 788, in reconnect
    res = await connector(
  File "/home/ubuntu/actions-runner/_work/test-runners-2-is-arm64-postgresql-k8s-operator/test-runners-2-is-arm64-postgresql-k8s-operator/.tox/integration/lib/python3.10/site-packages/juju/client/connection.py", line 868, in _connect_with_login
    await self._connect(endpoints)
  File "/home/ubuntu/actions-runner/_work/test-runners-2-is-arm64-postgresql-k8s-operator/test-runners-2-is-arm64-postgresql-k8s-operator/.tox/integration/lib/python3.10/site-packages/juju/client/connection.py", line 817, in _connect
    result = await task
  File "/usr/lib/python3.10/asyncio/tasks.py", line 571, in _wait_for_one
    return f.result()  # May raise f.exception().
  File "/home/ubuntu/actions-runner/_work/test-runners-2-is-arm64-postgresql-k8s-operator/test-runners-2-is-arm64-postgresql-k8s-operator/.tox/integration/lib/python3.10/site-packages/juju/client/connection.py", line 806, in _try_endpoint
    return await self._open(endpoint, cacert)
  File "/home/ubuntu/actions-runner/_work/test-runners-2-is-arm64-postgresql-k8s-operator/test-runners-2-is-arm64-postgresql-k8s-operator/.tox/integration/lib/python3.10/site-packages/juju/client/connection.py", line 427, in _open
    return (await websockets.connect(
  File "/home/ubuntu/actions-runner/_work/test-runners-2-is-arm64-postgresql-k8s-operator/test-runners-2-is-arm64-postgresql-k8s-operator/.tox/integration/lib/python3.10/site-packages/websockets/legacy/client.py", line 647, in __await_impl_timeout__
    return await self.__await_impl__()
  File "/home/ubuntu/actions-runner/_work/test-runners-2-is-arm64-postgresql-k8s-operator/test-runners-2-is-arm64-postgresql-k8s-operator/.tox/integration/lib/python3.10/site-packages/websockets/legacy/client.py", line 651, in __await_impl__
    _transport, _protocol = await self._create_connection()
  File "/usr/lib/python3.10/asyncio/base_events.py", line 1103, in create_connection
    transport, protocol = await self._create_connection_transport(
  File "/usr/lib/python3.10/asyncio/base_events.py", line 1119, in _create_connection_transport
    sock.setblocking(False)
OSError: [Errno 9] Bad file descriptor
[32mINFO    [0m pytest_operator.plugin:plugin.py:862 Model status:


[32mINFO    [0m pytest_operator.plugin:plugin.py:868 Juju error logs:


[32mINFO    [0m pytest_operator.plugin:plugin.py:947 Forgetting model main...
[33mWARNING [0m juju.client.connection:connection.py:654 RPC: Connection closed, reconnecting
[1m[31mERROR   [0m juju.client.connection:connection.py:662 RPC: Automatic reconnect failed
[1m[31mERROR   [0m asyncio:base_events.py:1758 Task exception was never retrieved
future: <Task finished name='Task-7114' coro=<Connection._pinger.<locals>._do_ping() done, defined at /home/ubuntu/actions-runner/_work/test-runners-2-is-arm64-postgresql-k8s-operator/test-runners-2-is-arm64-postgresql-k8s-operator/.tox/integration/lib/python3.10/site-packages/juju/client/connection.py:599> exception=ConnectionClosedError(None, Close(code=<CloseCode.INTERNAL_ERROR: 1011>, reason='keepalive ping timeout'), None)>
Traceback (most recent call last):
  File "/home/ubuntu/actions-runner/_work/test-runners-2-is-arm64-postgresql-k8s-operator/test-runners-2-is-arm64-postgresql-k8s-operator/.tox/integration/lib/python3.10/site-packages/websockets/legacy/protocol.py", line 963, in transfer_data
    message = await self.read_message()
  File "/home/ubuntu/actions-runner/_work/test-runners-2-is-arm64-postgresql-k8s-operator/test-runners-2-is-arm64-postgresql-k8s-operator/.tox/integration/lib/python3.10/site-packages/websockets/legacy/protocol.py", line 1033, in read_message
    frame = await self.read_data_frame(max_size=self.max_size)
  File "/home/ubuntu/actions-runner/_work/test-runners-2-is-arm64-postgresql-k8s-operator/test-runners-2-is-arm64-postgresql-k8s-operator/.tox/integration/lib/python3.10/site-packages/websockets/legacy/protocol.py", line 1108, in read_data_frame
    frame = await self.read_frame(max_size)
  File "/home/ubuntu/actions-runner/_work/test-runners-2-is-arm64-postgresql-k8s-operator/test-runners-2-is-arm64-postgresql-k8s-operator/.tox/integration/lib/python3.10/site-packages/websockets/legacy/protocol.py", line 1165, in read_frame
    frame = await Frame.read(
  File "/home/ubuntu/actions-runner/_work/test-runners-2-is-arm64-postgresql-k8s-operator/test-runners-2-is-arm64-postgresql-k8s-operator/.tox/integration/lib/python3.10/site-packages/websockets/legacy/framing.py", line 68, in read
    data = await reader(2)
  File "/usr/lib/python3.10/asyncio/streams.py", line 708, in readexactly
    await self._wait_for_data('readexactly')
  File "/usr/lib/python3.10/asyncio/streams.py", line 501, in _wait_for_data
    await self._waiter
asyncio.exceptions.CancelledError

The above exception was the direct cause of the following exception:

Traceback (most recent call last):
  File "/home/ubuntu/actions-runner/_work/test-runners-2-is-arm64-postgresql-k8s-operator/test-runners-2-is-arm64-postgresql-k8s-operator/.tox/integration/lib/python3.10/site-packages/juju/client/connection.py", line 602, in _do_ping
    await pinger_facade.Ping()
  File "/home/ubuntu/actions-runner/_work/test-runners-2-is-arm64-postgresql-k8s-operator/test-runners-2-is-arm64-postgresql-k8s-operator/.tox/integration/lib/python3.10/site-packages/juju/client/facade.py", line 486, in wrapper
    reply = await f(*args, **kwargs)
  File "/home/ubuntu/actions-runner/_work/test-runners-2-is-arm64-postgresql-k8s-operator/test-runners-2-is-arm64-postgresql-k8s-operator/.tox/integration/lib/python3.10/site-packages/juju/client/_client1.py", line 9083, in Ping
    reply = await self.rpc(msg)
  File "/home/ubuntu/actions-runner/_work/test-runners-2-is-arm64-postgresql-k8s-operator/test-runners-2-is-arm64-postgresql-k8s-operator/.tox/integration/lib/python3.10/site-packages/juju/client/facade.py", line 659, in rpc
    result = await self.connection.rpc(msg, encoder=TypeEncoder)
  File "/home/ubuntu/actions-runner/_work/test-runners-2-is-arm64-postgresql-k8s-operator/test-runners-2-is-arm64-postgresql-k8s-operator/.tox/integration/lib/python3.10/site-packages/juju/client/connection.py", line 649, in rpc
    await self._ws.send(outgoing)
  File "/home/ubuntu/actions-runner/_work/test-runners-2-is-arm64-postgresql-k8s-operator/test-runners-2-is-arm64-postgresql-k8s-operator/.tox/integration/lib/python3.10/site-packages/websockets/legacy/protocol.py", line 635, in send
    await self.ensure_open()
  File "/home/ubuntu/actions-runner/_work/test-runners-2-is-arm64-postgresql-k8s-operator/test-runners-2-is-arm64-postgresql-k8s-operator/.tox/integration/lib/python3.10/site-packages/websockets/legacy/protocol.py", line 948, in ensure_open
    raise self.connection_closed_exc()
websockets.exceptions.ConnectionClosedError: sent 1011 (internal error) keepalive ping timeout; no close frame received