[32mINFO    [0m pytest_operator.plugin:plugin.py:903 Model status:

Model  Controller          Cloud/Region        Version  SLA          Timestamp
test   microk8s-localhost  microk8s/localhost  3.4.5    unsupported  01:54:08Z

App                      Version  Status   Scale  Charm                Channel        Rev  Address         Exposed  Message
another-application               active       1  postgresql-test-app  latest/edge    278  10.152.183.163  no       received database credentials of the first database
another-data-integrator           waiting      1  data-integrator      latest/stable   40  10.152.183.108  no       installing agent
another-database         14.13    active       3  postgresql-k8s                        0  10.152.183.203  no       
data-integrator                   waiting      1  data-integrator      latest/stable   40  10.152.183.242  no       installing agent
database                 14.13    active       3  postgresql-k8s                        1  10.152.183.29   no       
postgresql-test-app               active       2  postgresql-test-app  latest/edge    278  10.152.183.49   no       received database credentials of the first database

Unit                        Workload  Agent  Address     Ports  Message
another-application/0*      active    idle   10.1.53.22         received database credentials of the first database
another-data-integrator/0*  blocked   idle   10.1.53.26         Please relate the data-integrator with the desired product
another-database/0*         active    idle   10.1.53.19         Primary
another-database/1          active    idle   10.1.53.21         
another-database/2          active    idle   10.1.53.20         
data-integrator/0*          blocked   idle   10.1.53.25         Please relate the data-integrator with the desired product
database/0*                 active    idle   10.1.53.15         Primary
database/1                  active    idle   10.1.53.24         
database/2                  active    idle   10.1.53.23         
postgresql-test-app/0*      active    idle   10.1.53.8          received database credentials of the first database
postgresql-test-app/1       active    idle   10.1.53.9          received database credentials of the first database

[32mINFO    [0m pytest_operator.plugin:plugin.py:909 Juju error logs:

unit-another-database-1: 01:36:48 ERROR unit.another-database/1.juju-log pgdata folder not found in /var/lib/postgresql/data/pgdata
unit-another-database-2: 01:36:48 ERROR unit.another-database/2.juju-log pgdata folder not found in /var/lib/postgresql/data/pgdata
unit-database-1: 01:42:57 ERROR unit.database/1.juju-log failed to patch k8s Endpoints patroni-database
Traceback (most recent call last):
  File "/var/lib/juju/agents/unit-database-1/charm/venv/lightkube/core/generic_client.py", line 232, in raise_for_status
    resp.raise_for_status()
  File "/var/lib/juju/agents/unit-database-1/charm/venv/httpx/_models.py", line 763, in raise_for_status
    raise HTTPStatusError(message, request=request, response=self)
httpx.HTTPStatusError: Client error '409 Conflict' for url 'https://10.152.183.1/api/v1/namespaces/test/endpoints/patroni-database?force=true&fieldManager=database'
For more information check: https://developer.mozilla.org/en-US/docs/Web/HTTP/Status/409

During handling of the above exception, another exception occurred:

Traceback (most recent call last):
  File "/var/lib/juju/agents/unit-database-1/charm/./src/charm.py", line 1338, in _on_stop
    client.apply(
  File "/var/lib/juju/agents/unit-database-1/charm/venv/lightkube/core/client.py", line 754, in apply
    return self.patch(
  File "/var/lib/juju/agents/unit-database-1/charm/venv/lightkube/core/client.py", line 489, in patch
    return self._client.request(
  File "/var/lib/juju/agents/unit-database-1/charm/venv/lightkube/core/generic_client.py", line 308, in request
    return self.handle_response(method, resp, br)
  File "/var/lib/juju/agents/unit-database-1/charm/venv/lightkube/core/generic_client.py", line 248, in handle_response
    self.raise_for_status(resp)
  File "/var/lib/juju/agents/unit-database-1/charm/venv/lightkube/core/generic_client.py", line 234, in raise_for_status
    raise transform_exception(e)
lightkube.core.exceptions.ApiError: Operation cannot be fulfilled on endpoints "patroni-database": the object has been modified; please apply your changes to the latest version and try again
unit-database-0: 01:43:04 ERROR unit.database/0.juju-log Kubernetes service get failed: services "database" not found
unit-database-0: 01:43:04 ERROR unit.database/0.juju-log Kubernetes service patch failed: services "database" not found
unit-database-0: 01:43:14 ERROR unit.database/0.juju-log Kubernetes service get failed: services "database" not found
unit-database-0: 01:43:14 ERROR unit.database/0.juju-log Kubernetes service patch failed: services "database" not found
unit-database-0: 01:43:24 ERROR unit.database/0.juju-log Kubernetes service get failed: services "database" not found
unit-database-0: 01:43:24 ERROR unit.database/0.juju-log Kubernetes service patch failed: services "database" not found
unit-database-0: 01:52:52 ERROR unit.database/0.juju-log database:20: Invalid extra user roles: test
unit-database-0: 01:52:52 ERROR unit.database/0.juju-log database:20: invalid role(s) for extra user roles
Traceback (most recent call last):
  File "/var/lib/juju/agents/unit-database-0/charm/src/relations/postgresql_provider.py", line 92, in _on_database_requested
    self.charm.postgresql.create_user(user, password, extra_user_roles=extra_user_roles)
  File "/var/lib/juju/agents/unit-database-0/charm/lib/charms/tempo_k8s/v1/charm_tracing.py", line 735, in wrapped_function
    return callable(*args, **kwargs)  # type: ignore
  File "/var/lib/juju/agents/unit-database-0/charm/lib/charms/postgresql_k8s/v0/postgresql.py", line 244, in create_user
    raise PostgreSQLCreateUserError(INVALID_EXTRA_USER_ROLE_BLOCKING_MESSAGE)
charms.postgresql_k8s.v0.postgresql.PostgreSQLCreateUserError: invalid role(s) for extra user roles
unit-database-0: 01:52:59 ERROR unit.database/0.juju-log database:21: Invalid extra user roles: test
unit-database-0: 01:52:59 ERROR unit.database/0.juju-log database:21: invalid role(s) for extra user roles
Traceback (most recent call last):
  File "/var/lib/juju/agents/unit-database-0/charm/src/relations/postgresql_provider.py", line 92, in _on_database_requested
    self.charm.postgresql.create_user(user, password, extra_user_roles=extra_user_roles)
  File "/var/lib/juju/agents/unit-database-0/charm/lib/charms/tempo_k8s/v1/charm_tracing.py", line 735, in wrapped_function
    return callable(*args, **kwargs)  # type: ignore
  File "/var/lib/juju/agents/unit-database-0/charm/lib/charms/postgresql_k8s/v0/postgresql.py", line 244, in create_user
    raise PostgreSQLCreateUserError(INVALID_EXTRA_USER_ROLE_BLOCKING_MESSAGE)
charms.postgresql_k8s.v0.postgresql.PostgreSQLCreateUserError: invalid role(s) for extra user roles

[32mINFO    [0m pytest_operator.plugin:plugin.py:991 Forgetting model main...