[32mINFO    [0m pytest_operator.plugin:plugin.py:766 Connecting to existing model microk8s-localhost:test on unspecified cloud
[32mINFO    [0m juju.model:model.py:2098 Deploying ch:arm64/jammy/s3-integrator-32
[32mINFO    [0m juju.model:model.py:2098 Deploying ch:arm64/jammy/self-signed-certificates-197
[32mINFO    [0m juju.model:model.py:2098 Deploying local:jammy/postgresql-k8s-0
[33mWARNING [0m juju.model:model.py:1564 relate is deprecated and will be removed. Use integrate instead.
[32mINFO    [0m juju.model:model.py:2972 Waiting for model:
  postgresql-k8s-aws/0 [allocating] waiting: installing agent
  postgresql-k8s-aws/1 [allocating] waiting: installing agent
[32mINFO    [0m juju.model:model.py:2972 Waiting for model:
  postgresql-k8s-aws/0 [allocating] waiting: agent initialising
  postgresql-k8s-aws/1 [allocating] waiting: agent initialising
[32mINFO    [0m juju.model:model.py:2972 Waiting for model:
  postgresql-k8s-aws/0 [executing] waiting: awaiting for cluster to start
  postgresql-k8s-aws/1 [executing] unknown: 
[32mINFO    [0m juju.model:model.py:2972 Waiting for model:
  postgresql-k8s-aws/0 [executing] waiting: awaiting for primary endpoint to be ready
  postgresql-k8s-aws/1 [executing] unknown: 
[32mINFO    [0m juju.model:model.py:2972 Waiting for model:
  postgresql-k8s-aws/0 [executing] waiting: awaiting for primary endpoint to be ready
  postgresql-k8s-aws/1 [idle] unknown: 
[32mINFO    [0m juju.model:model.py:2972 Waiting for model:
  postgresql-k8s-aws/0 [idle] waiting: awaiting for primary endpoint to be ready
  postgresql-k8s-aws/1 [idle] unknown: 
[32mINFO    [0m juju.model:model.py:2972 Waiting for model:
  postgresql-k8s-aws/0 [executing] active: Primary
  postgresql-k8s-aws/1 [executing] unknown: 
[32mINFO    [0m juju.model:model.py:2972 Waiting for model:
  postgresql-k8s-aws/0 [idle] maintenance: Executing restart operation
  postgresql-k8s-aws/1 [idle] waiting: awaiting for cluster to start
[32mINFO    [0m juju.model:model.py:2972 Waiting for model:
  postgresql-k8s-aws/0 [idle] active: Primary
  postgresql-k8s-aws/1 [idle] waiting: awaiting for cluster to start
[32mINFO    [0m juju.model:model.py:2972 Waiting for model:
  postgresql-k8s-aws/0 [idle] active: Primary
  postgresql-k8s-aws/1 [idle] waiting: awaiting for cluster to start
[32mINFO    [0m juju.model:model.py:2972 Waiting for model:
  postgresql-k8s-aws/0 [executing] active: Primary
[32mINFO    [0m juju.model:model.py:2972 Waiting for model:
  postgresql-k8s-aws/1 [executing] active: 
[32mINFO    [0m juju.model:model.py:2972 Waiting for model:
  postgresql-k8s-aws/1 [executing] active: 
[33mWARNING [0m juju.model:model.py:1564 relate is deprecated and will be removed. Use integrate instead.
[32mINFO    [0m integration.test_backups_pitr:test_backups_pitr.py:123 configuring S3 integrator for aws
[32mINFO    [0m juju.model:model.py:2972 Waiting for model:
  postgresql-k8s-aws/0 [executing] active: Primary
  postgresql-k8s-aws/1 [executing] active: 
  s3-integrator/0 [executing] blocked: Missing parameters: ['access-key', 'secret-key']
[32mINFO    [0m juju.model:model.py:2972 Waiting for model:
  postgresql-k8s-aws/0 [executing] maintenance: initialising stanza
  postgresql-k8s-aws/1 [idle] active: 
[32mINFO    [0m juju.model:model.py:2972 Waiting for model:
  postgresql-k8s-aws/0 [executing] maintenance: initialising stanza
  postgresql-k8s-aws/1 [idle] active: 
[32mINFO    [0m juju.model:model.py:2972 Waiting for model:
  postgresql-k8s-aws/0 [executing] maintenance: initialising stanza
  postgresql-k8s-aws/1 [idle] active: 
[32mINFO    [0m juju.model:model.py:2972 Waiting for model:
  postgresql-k8s-aws/0 [idle] active: Primary
  postgresql-k8s-aws/1 [idle] active: 
  s3-integrator/0 [idle] active: 
[32mINFO    [0m juju.model:model.py:2972 Waiting for model:
  postgresql-k8s-aws/0 [executing] maintenance: initialising stanza
  postgresql-k8s-aws/1 [executing] active: 
[32mINFO    [0m juju.model:model.py:2972 Waiting for model:
  postgresql-k8s-aws/0 [idle] active: Primary
  postgresql-k8s-aws/1 [idle] active: 
[32mINFO    [0m juju.model:model.py:2972 Waiting for model:
  postgresql-k8s-aws/0 [executing] maintenance: initialising stanza
  postgresql-k8s-aws/1 [idle] active: 
[32mINFO    [0m integration.test_backups_pitr:test_backups_pitr.py:144 creating a table in the database
[32mINFO    [0m juju.model:model.py:2972 Waiting for model:
  s3-integrator/0 [idle] active: 
  self-signed-certificates/0 [idle] active: 
  postgresql-k8s-aws/0 [idle] active: Primary
  postgresql-k8s-aws/1 [idle] active: 
[32mINFO    [0m integration.test_backups_pitr:test_backups_pitr.py:155 creating a backup
[32mINFO    [0m juju.model:model.py:2972 Waiting for model:
  s3-integrator/0 [idle] active: 
  self-signed-certificates/0 [idle] active: 
  postgresql-k8s-aws/0 [executing] active: Primary
  postgresql-k8s-aws/1 [idle] active: 
[32mINFO    [0m juju.model:model.py:2972 Waiting for model:
  postgresql-k8s-aws/0 [idle] active: Primary
[32mINFO    [0m integration.test_backups_pitr:test_backups_pitr.py:164 listing the available backups
[32mINFO    [0m juju.model:model.py:2972 Waiting for model:
  s3-integrator/0 [idle] active: 
  self-signed-certificates/0 [idle] active: 
  postgresql-k8s-aws/0 [idle] active: Primary
  postgresql-k8s-aws/1 [idle] active: 
[32mINFO    [0m integration.test_backups_pitr:test_backups_pitr.py:173 creating after-backup data in the database
[32mINFO    [0m juju.model:model.py:2972 Waiting for model:
  postgresql-k8s-aws (waiting for exactly 1 units, current : 2)
[32mINFO    [0m juju.model:model.py:2972 Waiting for model:
  postgresql-k8s-aws (waiting for exactly 1 units, current : 2)
[32mINFO    [0m integration.test_backups_pitr:test_backups_pitr.py:203 restoring the backup with bad restore-to-time parameter
[32mINFO    [0m integration.test_backups_pitr:test_backups_pitr.py:213 restoring the backup with unreachable restore-to-time parameter
[32mINFO    [0m integration.test_backups_pitr:test_backups_pitr.py:218 waiting for the database charm to become blocked
[32mINFO    [0m integration.test_backups_pitr:test_backups_pitr.py:225 database charm become in blocked state, as supposed to be with unreachable PITR parameter
[32mINFO    [0m integration.test_backups_pitr:test_backups_pitr.py:234 restoring the backup
[32mINFO    [0m integration.test_backups_pitr:test_backups_pitr.py:253 checking that the backup was correctly restored
[32mINFO    [0m juju.model:model.py:2972 Waiting for model:
  s3-integrator/0 [idle] active: 
  self-signed-certificates/0 [idle] active: 
  postgresql-k8s-aws/0 [executing] blocked: Move restored cluster to another S3 bucket
[32mINFO    [0m juju.model:model.py:2972 Waiting for model:
  postgresql-k8s-aws/0 [executing] active:
[32mINFO    [0m integration.test_backups_pitr:test_backups_pitr.py:79 deleting the previously created backups
[32mINFO    [0m pytest_operator.plugin:plugin.py:903 Model status:

Model  Controller          Cloud/Region        Version  SLA          Timestamp
test   microk8s-localhost  microk8s/localhost  3.4.5    unsupported  01:51:39Z

App            Version  Status  Scale  Charm          Channel        Rev  Address        Exposed  Message
s3-integrator           active      1  s3-integrator  latest/stable   32  10.152.183.83  no       

Unit              Workload  Agent  Address    Ports  Message
s3-integrator/0*  active    idle   10.1.53.8         

[32mINFO    [0m pytest_operator.plugin:plugin.py:909 Juju error logs:

unit-postgresql-k8s-aws-0: 01:46:29 ERROR unit.postgresql-k8s-aws/0.juju-log Restore failed: Bad restore-to-time format
unit-postgresql-k8s-aws-0: 01:47:27 ERROR unit.postgresql-k8s-aws/0.juju-log Restore failed: database service failed to reach point-in-time-recovery target. You can launch another restore with different parameters
unit-postgresql-k8s-aws-0: 01:48:46 ERROR unit.postgresql-k8s-aws/0.juju-log Kubernetes service get failed: services "postgresql-k8s-aws" not found
unit-postgresql-k8s-aws-0: 01:48:46 ERROR unit.postgresql-k8s-aws/0.juju-log Kubernetes service patch failed: services "postgresql-k8s-aws" not found
unit-postgresql-k8s-aws-0: 01:48:55 ERROR unit.postgresql-k8s-aws/0.juju-log Kubernetes service get failed: services "postgresql-k8s-aws" not found
unit-postgresql-k8s-aws-0: 01:48:55 ERROR unit.postgresql-k8s-aws/0.juju-log Kubernetes service patch failed: services "postgresql-k8s-aws" not found
unit-postgresql-k8s-aws-0: 01:49:04 ERROR unit.postgresql-k8s-aws/0.juju-log Kubernetes service get failed: services "postgresql-k8s-aws" not found
unit-postgresql-k8s-aws-0: 01:49:04 ERROR unit.postgresql-k8s-aws/0.juju-log Kubernetes service patch failed: services "postgresql-k8s-aws" not found
unit-postgresql-k8s-aws-0: 01:49:12 ERROR unit.postgresql-k8s-aws/0.juju-log Kubernetes service get failed: services "postgresql-k8s-aws" not found
unit-postgresql-k8s-aws-0: 01:49:12 ERROR unit.postgresql-k8s-aws/0.juju-log Kubernetes service patch failed: services "postgresql-k8s-aws" not found
unit-postgresql-k8s-aws-0: 01:49:27 ERROR unit.postgresql-k8s-aws/0.juju-log Failed to get PostgreSQL last archived WAL: connection to server at "postgresql-k8s-aws-primary.test.svc.cluster.local" (10.152.183.61), port 5432 failed: Connection refused
	Is the server running on that host and accepting TCP/IP connections?

unit-postgresql-k8s-aws-0: 01:49:27 ERROR unit.postgresql-k8s-aws/0.juju-log Uncaught exception while in charm code:
Traceback (most recent call last):
  File "/var/lib/juju/agents/unit-postgresql-k8s-aws-0/charm/lib/charms/postgresql_k8s/v0/postgresql.py", line 415, in get_last_archived_wal
    with self._connect_to_database() as connection, connection.cursor() as cursor:
  File "/var/lib/juju/agents/unit-postgresql-k8s-aws-0/charm/lib/charms/tempo_k8s/v1/charm_tracing.py", line 735, in wrapped_function
    return callable(*args, **kwargs)  # type: ignore
  File "/var/lib/juju/agents/unit-postgresql-k8s-aws-0/charm/lib/charms/postgresql_k8s/v0/postgresql.py", line 150, in _connect_to_database
    connection = psycopg2.connect(
  File "/var/lib/juju/agents/unit-postgresql-k8s-aws-0/charm/venv/psycopg2/__init__.py", line 122, in connect
    conn = _connect(dsn, connection_factory=connection_factory, **kwasync)
psycopg2.OperationalError: connection to server at "postgresql-k8s-aws-primary.test.svc.cluster.local" (10.152.183.61), port 5432 failed: Connection refused
	Is the server running on that host and accepting TCP/IP connections?


During handling of the above exception, another exception occurred:

Traceback (most recent call last):
  File "/var/lib/juju/agents/unit-postgresql-k8s-aws-0/charm/./src/charm.py", line 2202, in <module>
    main(PostgresqlOperatorCharm, use_juju_for_storage=True)
  File "/var/lib/juju/agents/unit-postgresql-k8s-aws-0/charm/venv/ops/main.py", line 553, in main
    manager.run()
  File "/var/lib/juju/agents/unit-postgresql-k8s-aws-0/charm/venv/ops/main.py", line 529, in run
    self._emit()
  File "/var/lib/juju/agents/unit-postgresql-k8s-aws-0/charm/venv/ops/main.py", line 518, in _emit
    _emit_charm_event(self.charm, self.dispatcher.event_name, self._juju_context)
  File "/var/lib/juju/agents/unit-postgresql-k8s-aws-0/charm/venv/ops/main.py", line 139, in _emit_charm_event
    event_to_emit.emit(*args, **kwargs)
  File "/var/lib/juju/agents/unit-postgresql-k8s-aws-0/charm/venv/ops/framework.py", line 347, in emit
    framework._emit(event)
  File "/var/lib/juju/agents/unit-postgresql-k8s-aws-0/charm/venv/ops/framework.py", line 853, in _emit
    self._reemit(event_path)
  File "/var/lib/juju/agents/unit-postgresql-k8s-aws-0/charm/venv/ops/framework.py", line 943, in _reemit
    custom_handler(event)
  File "/var/lib/juju/agents/unit-postgresql-k8s-aws-0/charm/lib/charms/tempo_k8s/v1/charm_tracing.py", line 735, in wrapped_function
    return callable(*args, **kwargs)  # type: ignore
  File "/var/lib/juju/agents/unit-postgresql-k8s-aws-0/charm/./src/charm.py", line 1428, in _on_update_status
    ) and not self._was_restore_successful(container, services[0]):
  File "/var/lib/juju/agents/unit-postgresql-k8s-aws-0/charm/lib/charms/tempo_k8s/v1/charm_tracing.py", line 735, in wrapped_function
    return callable(*args, **kwargs)  # type: ignore
  File "/var/lib/juju/agents/unit-postgresql-k8s-aws-0/charm/./src/charm.py", line 1472, in _was_restore_successful
    can_use_s3_repository, validation_message = self.backup.can_use_s3_repository()
  File "/var/lib/juju/agents/unit-postgresql-k8s-aws-0/charm/lib/charms/tempo_k8s/v1/charm_tracing.py", line 735, in wrapped_function
    return callable(*args, **kwargs)  # type: ignore
  File "/var/lib/juju/agents/unit-postgresql-k8s-aws-0/charm/src/backups.py", line 174, in can_use_s3_repository
    return self._is_s3_wal_compatible(stanza)
  File "/var/lib/juju/agents/unit-postgresql-k8s-aws-0/charm/lib/charms/tempo_k8s/v1/charm_tracing.py", line 735, in wrapped_function
    return callable(*args, **kwargs)  # type: ignore
  File "/var/lib/juju/agents/unit-postgresql-k8s-aws-0/charm/src/backups.py", line 180, in _is_s3_wal_compatible
    charm_last_archived_wal = self.charm.postgresql.get_last_archived_wal()
  File "/var/lib/juju/agents/unit-postgresql-k8s-aws-0/charm/lib/charms/tempo_k8s/v1/charm_tracing.py", line 735, in wrapped_function
    return callable(*args, **kwargs)  # type: ignore
  File "/var/lib/juju/agents/unit-postgresql-k8s-aws-0/charm/lib/charms/postgresql_k8s/v0/postgresql.py", line 420, in get_last_archived_wal
    raise PostgreSQLGetLastArchivedWALError()
charms.postgresql_k8s.v0.postgresql.PostgreSQLGetLastArchivedWALError
unit-postgresql-k8s-aws-0: 01:49:27 ERROR juju.worker.uniter.operation hook "update-status" (via hook dispatching script: dispatch) failed: exit status 1
unit-postgresql-k8s-aws-0: 01:49:50 ERROR unit.postgresql-k8s-aws/0.juju-log Kubernetes service get failed: services "postgresql-k8s-aws" not found
unit-postgresql-k8s-aws-0: 01:49:50 ERROR unit.postgresql-k8s-aws/0.juju-log Kubernetes service patch failed: services "postgresql-k8s-aws" not found
unit-postgresql-k8s-aws-0: 01:50:29 ERROR unit.postgresql-k8s-aws/0.juju-log Kubernetes service get failed: services "postgresql-k8s-aws" not found
unit-postgresql-k8s-aws-0: 01:50:29 ERROR unit.postgresql-k8s-aws/0.juju-log Kubernetes service patch failed: services "postgresql-k8s-aws" not found
unit-postgresql-k8s-aws-0: 01:50:32 ERROR unit.postgresql-k8s-aws/0.juju-log Kubernetes service get failed: services "postgresql-k8s-aws" not found
unit-postgresql-k8s-aws-0: 01:50:32 ERROR unit.postgresql-k8s-aws/0.juju-log Kubernetes service patch failed: services "postgresql-k8s-aws" not found
unit-postgresql-k8s-aws-0: 01:50:41 ERROR unit.postgresql-k8s-aws/0.juju-log Kubernetes service get failed: services "postgresql-k8s-aws" not found
unit-postgresql-k8s-aws-0: 01:50:41 ERROR unit.postgresql-k8s-aws/0.juju-log Kubernetes service patch failed: services "postgresql-k8s-aws" not found
unit-postgresql-k8s-aws-0: 01:50:48 ERROR unit.postgresql-k8s-aws/0.juju-log Uncaught exception while in charm code:
Traceback (most recent call last):
  File "/var/lib/juju/agents/unit-postgresql-k8s-aws-0/charm/venv/ops/model.py", line 3213, in _run
    result = subprocess.run(args, **kwargs)  # type: ignore
  File "/usr/lib/python3.10/subprocess.py", line 526, in run
    raise CalledProcessError(retcode, process.args,
subprocess.CalledProcessError: Command '('/var/lib/juju/tools/unit-postgresql-k8s-aws-0/secret-get', '--label', 'database-peers.postgresql-k8s-aws.unit', '--refresh', '--format=json')' returned non-zero exit status 1.

The above exception was the direct cause of the following exception:

Traceback (most recent call last):
  File "/var/lib/juju/agents/unit-postgresql-k8s-aws-0/charm/venv/ops/model.py", line 3579, in secret_get
    result = self._run('secret-get', *args, return_output=True, use_json=True)
  File "/var/lib/juju/agents/unit-postgresql-k8s-aws-0/charm/venv/ops/model.py", line 3215, in _run
    raise ModelError(e.stderr) from e
ops.model.ModelError: ERROR secret "secret:crr0no7mp25c7a7i6520" not found


The above exception was the direct cause of the following exception:

Traceback (most recent call last):
  File "/var/lib/juju/agents/unit-postgresql-k8s-aws-0/charm/./src/charm.py", line 2202, in <module>
    main(PostgresqlOperatorCharm, use_juju_for_storage=True)
  File "/var/lib/juju/agents/unit-postgresql-k8s-aws-0/charm/venv/ops/main.py", line 551, in main
    manager = _Manager(charm_class, use_juju_for_storage=use_juju_for_storage)
  File "/var/lib/juju/agents/unit-postgresql-k8s-aws-0/charm/venv/ops/main.py", line 424, in __init__
    self.charm = self._make_charm(self.framework, self.dispatcher)
  File "/var/lib/juju/agents/unit-postgresql-k8s-aws-0/charm/venv/ops/main.py", line 427, in _make_charm
    charm = self._charm_class(framework)
  File "/var/lib/juju/agents/unit-postgresql-k8s-aws-0/charm/lib/charms/tempo_k8s/v1/charm_tracing.py", line 441, in wrap_init
    original_init(self, framework, *args, **kwargs)
  File "/var/lib/juju/agents/unit-postgresql-k8s-aws-0/charm/./src/charm.py", line 235, in __init__
    jobs=self._generate_metrics_jobs(self.is_tls_enabled),
  File "/var/lib/juju/agents/unit-postgresql-k8s-aws-0/charm/./src/charm.py", line 1556, in is_tls_enabled
    return all(self.tls.get_tls_files())
  File "/var/lib/juju/agents/unit-postgresql-k8s-aws-0/charm/lib/charms/tempo_k8s/v1/charm_tracing.py", line 735, in wrapped_function
    return callable(*args, **kwargs)  # type: ignore
  File "/var/lib/juju/agents/unit-postgresql-k8s-aws-0/charm/lib/charms/postgresql_k8s/v0/postgresql_tls.py", line 215, in get_tls_files
    ca = self.charm.get_secret(SCOPE, "ca")
  File "/var/lib/juju/agents/unit-postgresql-k8s-aws-0/charm/lib/charms/tempo_k8s/v1/charm_tracing.py", line 735, in wrapped_function
    return callable(*args, **kwargs)  # type: ignore
  File "/var/lib/juju/agents/unit-postgresql-k8s-aws-0/charm/./src/charm.py", line 347, in get_secret
    if result := self.peer_relation_data(scope).fetch_my_relation_field(peers.id, key):
  File "/var/lib/juju/agents/unit-postgresql-k8s-aws-0/charm/lib/charms/data_platform_libs/v0/data_interfaces.py", line 1393, in fetch_my_relation_field
    if relation_data := self.fetch_my_relation_data([relation_id], [field], relation_name):
  File "/var/lib/juju/agents/unit-postgresql-k8s-aws-0/charm/lib/charms/data_platform_libs/v0/data_interfaces.py", line 1382, in fetch_my_relation_data
    data[relation.id] = self._fetch_my_specific_relation_data(relation, fields)
  File "/var/lib/juju/agents/unit-postgresql-k8s-aws-0/charm/lib/charms/data_platform_libs/v0/data_interfaces.py", line 532, in wrapper
    return f(self, *args, **kwargs)
  File "/var/lib/juju/agents/unit-postgresql-k8s-aws-0/charm/lib/charms/data_platform_libs/v0/data_interfaces.py", line 2329, in _fetch_my_specific_relation_data
    self.component, self.secret_fields, relation, fields
  File "/var/lib/juju/agents/unit-postgresql-k8s-aws-0/charm/lib/charms/data_platform_libs/v0/data_interfaces.py", line 1966, in secret_fields
    self.static_secret_fields if self.static_secret_fields else self.current_secret_fields
  File "/var/lib/juju/agents/unit-postgresql-k8s-aws-0/charm/lib/charms/data_platform_libs/v0/data_interfaces.py", line 1985, in current_secret_fields
    if content := self._get_group_secret_contents(relation, group):
  File "/var/lib/juju/agents/unit-postgresql-k8s-aws-0/charm/lib/charms/data_platform_libs/v0/data_interfaces.py", line 2316, in _get_group_secret_contents
    result = super()._get_group_secret_contents(relation, group, secret_fields)
  File "/var/lib/juju/agents/unit-postgresql-k8s-aws-0/charm/lib/charms/data_platform_libs/v0/data_interfaces.py", line 1120, in _get_group_secret_contents
    secret_data := secret.get_content()
  File "/var/lib/juju/agents/unit-postgresql-k8s-aws-0/charm/lib/charms/data_platform_libs/v0/data_interfaces.py", line 746, in get_content
    self._secret_content = self.meta.get_content(refresh=True)
  File "/var/lib/juju/agents/unit-postgresql-k8s-aws-0/charm/venv/ops/model.py", line 1409, in get_content
    self._content = self._backend.secret_get(id=self.id, label=self.label, refresh=refresh)
  File "/var/lib/juju/agents/unit-postgresql-k8s-aws-0/charm/venv/ops/model.py", line 3582, in secret_get
    raise SecretNotFoundError() from e
ops.model.SecretNotFoundError
controller-0: 01:50:48 ERROR juju.worker.caasapplicationprovisioner.runner exited "postgresql-k8s-aws": getting OCI image resources: unable to fetch OCI image resources for postgresql-k8s-aws: application "postgresql-k8s-aws" dying or dead
unit-postgresql-k8s-aws-0: 01:50:48 ERROR juju.worker.uniter.operation hook "update-status" (via hook dispatching script: dispatch) failed: exit status 1
unit-postgresql-k8s-aws-0: 01:51:00 ERROR unit.postgresql-k8s-aws/0.juju-log Kubernetes service get failed: services "postgresql-k8s-aws" not found
unit-postgresql-k8s-aws-0: 01:51:00 ERROR unit.postgresql-k8s-aws/0.juju-log Kubernetes service patch failed: services "postgresql-k8s-aws" not found

[32mINFO    [0m pytest_operator.plugin:plugin.py:991 Forgetting model main...