[32mINFO    [0m pytest_operator.plugin:plugin.py:903 Model status:

Model  Controller          Cloud/Region        Version  SLA          Timestamp
test   microk8s-localhost  microk8s/localhost  3.4.5    unsupported  01:59:33Z

App                      Version  Status   Scale  Charm                Channel        Rev  Address         Exposed  Message
another-application               active       1  postgresql-test-app  latest/edge    260  10.152.183.213  no       received database credentials of the first database
another-data-integrator           waiting      1  data-integrator      latest/stable   40  10.152.183.183  no       installing agent
another-database         14.13    active       3  postgresql-k8s                        0  10.152.183.198  no       
data-integrator                   waiting      1  data-integrator      latest/stable   40  10.152.183.244  no       installing agent
database                 14.13    active       3  postgresql-k8s                        1  10.152.183.38   no       
postgresql-test-app               active       2  postgresql-test-app  latest/edge    260  10.152.183.134  no       

Unit                        Workload  Agent  Address     Ports  Message
another-application/0*      active    idle   10.1.53.22         received database credentials of the first database
another-data-integrator/0*  blocked   idle   10.1.53.26         Please relate the data-integrator with the desired product
another-database/0*         active    idle   10.1.53.19         Primary
another-database/1          active    idle   10.1.53.20         
another-database/2          active    idle   10.1.53.21         
data-integrator/0*          blocked   idle   10.1.53.25         Please relate the data-integrator with the desired product
database/0*                 active    idle   10.1.53.15         Primary
database/1                  active    idle   10.1.53.23         
database/2                  active    idle   10.1.53.24         
postgresql-test-app/0       active    idle   10.1.53.8          
postgresql-test-app/1*      active    idle   10.1.53.9          

[32mINFO    [0m pytest_operator.plugin:plugin.py:909 Juju error logs:

unit-database-0: 01:38:56 ERROR unit.database/0.juju-log Uncaught exception while in charm code:
Traceback (most recent call last):
  File "/var/lib/juju/agents/unit-database-0/charm/venv/ops/model.py", line 3213, in _run
    result = subprocess.run(args, **kwargs)  # type: ignore
  File "/usr/lib/python3.10/subprocess.py", line 526, in run
    raise CalledProcessError(retcode, process.args,
subprocess.CalledProcessError: Command '('/var/lib/juju/tools/unit-database-0/secret-get', '--label', 'database-peers.database.app', '--format=json')' returned non-zero exit status 1.

The above exception was the direct cause of the following exception:

Traceback (most recent call last):
  File "/var/lib/juju/agents/unit-database-0/charm/./src/charm.py", line 2202, in <module>
    main(PostgresqlOperatorCharm, use_juju_for_storage=True)
  File "/var/lib/juju/agents/unit-database-0/charm/venv/ops/main.py", line 553, in main
    manager.run()
  File "/var/lib/juju/agents/unit-database-0/charm/venv/ops/main.py", line 529, in run
    self._emit()
  File "/var/lib/juju/agents/unit-database-0/charm/venv/ops/main.py", line 518, in _emit
    _emit_charm_event(self.charm, self.dispatcher.event_name, self._juju_context)
  File "/var/lib/juju/agents/unit-database-0/charm/venv/ops/main.py", line 139, in _emit_charm_event
    event_to_emit.emit(*args, **kwargs)
  File "/var/lib/juju/agents/unit-database-0/charm/venv/ops/framework.py", line 347, in emit
    framework._emit(event)
  File "/var/lib/juju/agents/unit-database-0/charm/venv/ops/framework.py", line 853, in _emit
    self._reemit(event_path)
  File "/var/lib/juju/agents/unit-database-0/charm/venv/ops/framework.py", line 943, in _reemit
    custom_handler(event)
  File "/var/lib/juju/agents/unit-database-0/charm/lib/charms/tempo_k8s/v1/charm_tracing.py", line 735, in wrapped_function
    return callable(*args, **kwargs)  # type: ignore
  File "/var/lib/juju/agents/unit-database-0/charm/./src/charm.py", line 916, in _on_postgresql_pebble_ready
    self.unit.set_workload_version(self._patroni.rock_postgresql_version)
  File "/var/lib/juju/agents/unit-database-0/charm/./src/charm.py", line 1534, in _patroni
    self.get_secret(APP_SCOPE, USER_PASSWORD_KEY),
  File "/var/lib/juju/agents/unit-database-0/charm/lib/charms/tempo_k8s/v1/charm_tracing.py", line 735, in wrapped_function
    return callable(*args, **kwargs)  # type: ignore
  File "/var/lib/juju/agents/unit-database-0/charm/./src/charm.py", line 350, in get_secret
    return self.peer_relation_data(scope).get_secret(peers.id, secret_key)
  File "/var/lib/juju/agents/unit-database-0/charm/lib/charms/data_platform_libs/v0/data_interfaces.py", line 517, in wrapper
    return f(self, *args, **kwargs)
  File "/var/lib/juju/agents/unit-database-0/charm/lib/charms/data_platform_libs/v0/data_interfaces.py", line 2029, in get_secret
    and field not in self.current_secret_fields
  File "/var/lib/juju/agents/unit-database-0/charm/lib/charms/data_platform_libs/v0/data_interfaces.py", line 1985, in current_secret_fields
    if content := self._get_group_secret_contents(relation, group):
  File "/var/lib/juju/agents/unit-database-0/charm/lib/charms/data_platform_libs/v0/data_interfaces.py", line 2316, in _get_group_secret_contents
    result = super()._get_group_secret_contents(relation, group, secret_fields)
  File "/var/lib/juju/agents/unit-database-0/charm/lib/charms/data_platform_libs/v0/data_interfaces.py", line 1119, in _get_group_secret_contents
    if (secret := self._get_relation_secret(relation.id, group)) and (
  File "/var/lib/juju/agents/unit-database-0/charm/lib/charms/data_platform_libs/v0/data_interfaces.py", line 504, in wrapper
    return f(self, *args, **kwargs)
  File "/var/lib/juju/agents/unit-database-0/charm/lib/charms/data_platform_libs/v0/data_interfaces.py", line 2303, in _get_relation_secret
    return self.secrets.get(
  File "/var/lib/juju/agents/unit-database-0/charm/lib/charms/data_platform_libs/v0/data_interfaces.py", line 808, in get
    if secret.meta:
  File "/var/lib/juju/agents/unit-database-0/charm/lib/charms/data_platform_libs/v0/data_interfaces.py", line 638, in meta
    self._secret_meta = self._model.get_secret(label=self.label)
  File "/var/lib/juju/agents/unit-database-0/charm/venv/ops/model.py", line 299, in get_secret
    content = self._backend.secret_get(id=id, label=label)
  File "/var/lib/juju/agents/unit-database-0/charm/venv/ops/model.py", line 3579, in secret_get
    result = self._run('secret-get', *args, return_output=True, use_json=True)
  File "/var/lib/juju/agents/unit-database-0/charm/venv/ops/model.py", line 3215, in _run
    raise ModelError(e.stderr) from e
ops.model.ModelError: ERROR permission denied

unit-database-0: 01:38:57 ERROR juju.worker.uniter.operation hook "postgresql-pebble-ready" (via hook dispatching script: dispatch) failed: exit status 1
unit-database-0: 01:38:57 ERROR juju.worker.uniter pebble poll failed for container "postgresql": failed to send pebble-ready event: hook failed
unit-another-database-2: 01:41:16 ERROR unit.another-database/2.juju-log pgdata folder not found in /var/lib/postgresql/data/pgdata
unit-database-2: 01:41:25 ERROR unit.database/2.juju-log pgdata folder not found in /var/lib/postgresql/data/pgdata
unit-database-0: 01:41:54 ERROR unit.database/0.juju-log pgdata folder not found in /var/lib/postgresql/data/pgdata
unit-database-2: 01:41:55 ERROR unit.database/2.juju-log pgdata folder not found in /var/lib/postgresql/data/pgdata
unit-another-database-2: 01:41:55 ERROR unit.another-database/2.juju-log pgdata folder not found in /var/lib/postgresql/data/pgdata
unit-database-2: 01:42:40 ERROR unit.database/2.juju-log pgdata folder not found in /var/lib/postgresql/data/pgdata
unit-database-0: 01:47:55 ERROR unit.database/0.juju-log Kubernetes service get failed: services "database" not found
unit-database-0: 01:47:55 ERROR unit.database/0.juju-log Kubernetes service patch failed: services "database" not found
unit-database-0: 01:48:06 ERROR unit.database/0.juju-log Kubernetes service get failed: services "database" not found
unit-database-0: 01:48:06 ERROR unit.database/0.juju-log Kubernetes service patch failed: services "database" not found
unit-database-0: 01:48:26 ERROR unit.database/0.juju-log Kubernetes service get failed: services "database" not found
unit-database-0: 01:48:26 ERROR unit.database/0.juju-log Kubernetes service patch failed: services "database" not found
unit-database-0: 01:48:49 ERROR unit.database/0.juju-log Kubernetes service get failed: services "database" not found
unit-database-0: 01:48:49 ERROR unit.database/0.juju-log Kubernetes service patch failed: services "database" not found
unit-postgresql-test-app-1: 01:54:51 ERROR juju.worker.dependency "uniter" manifold worker returned unexpected error: relation scope id "f2aedee2-8e09-4b50-8b21-4c16ecf1f66d:r#16#database": settings f2aedee2-8e09-4b50-8b21-4c16ecf1f66d:r#16#database not found (not found)
unit-postgresql-test-app-0: 01:54:51 ERROR juju.worker.dependency "uniter" manifold worker returned unexpected error: relation scope id "f2aedee2-8e09-4b50-8b21-4c16ecf1f66d:r#16#database": settings f2aedee2-8e09-4b50-8b21-4c16ecf1f66d:r#16#database not found (not found)
unit-database-2: 01:54:51 ERROR juju.worker.dependency "uniter" manifold worker returned unexpected error: relation scope id "f2aedee2-8e09-4b50-8b21-4c16ecf1f66d:r#16#postgresql-test-app": settings f2aedee2-8e09-4b50-8b21-4c16ecf1f66d:r#16#postgresql-test-app not found (not found)
unit-database-0: 01:54:51 ERROR juju.worker.dependency "uniter" manifold worker returned unexpected error: relation scope id "f2aedee2-8e09-4b50-8b21-4c16ecf1f66d:r#16#postgresql-test-app": settings f2aedee2-8e09-4b50-8b21-4c16ecf1f66d:r#16#postgresql-test-app not found (not found)
unit-database-1: 01:54:51 ERROR juju.worker.dependency "uniter" manifold worker returned unexpected error: relation scope id "f2aedee2-8e09-4b50-8b21-4c16ecf1f66d:r#16#postgresql-test-app": settings f2aedee2-8e09-4b50-8b21-4c16ecf1f66d:r#16#postgresql-test-app not found (not found)
unit-database-0: 01:58:24 ERROR unit.database/0.juju-log database:20: Invalid extra user roles: test
unit-database-0: 01:58:24 ERROR unit.database/0.juju-log database:20: invalid role(s) for extra user roles
Traceback (most recent call last):
  File "/var/lib/juju/agents/unit-database-0/charm/src/relations/postgresql_provider.py", line 92, in _on_database_requested
    self.charm.postgresql.create_user(user, password, extra_user_roles=extra_user_roles)
  File "/var/lib/juju/agents/unit-database-0/charm/lib/charms/tempo_k8s/v1/charm_tracing.py", line 735, in wrapped_function
    return callable(*args, **kwargs)  # type: ignore
  File "/var/lib/juju/agents/unit-database-0/charm/lib/charms/postgresql_k8s/v0/postgresql.py", line 244, in create_user
    raise PostgreSQLCreateUserError(INVALID_EXTRA_USER_ROLE_BLOCKING_MESSAGE)
charms.postgresql_k8s.v0.postgresql.PostgreSQLCreateUserError: invalid role(s) for extra user roles
unit-database-0: 01:58:30 ERROR unit.database/0.juju-log database:21: Invalid extra user roles: test
unit-database-0: 01:58:30 ERROR unit.database/0.juju-log database:21: invalid role(s) for extra user roles
Traceback (most recent call last):
  File "/var/lib/juju/agents/unit-database-0/charm/src/relations/postgresql_provider.py", line 92, in _on_database_requested
    self.charm.postgresql.create_user(user, password, extra_user_roles=extra_user_roles)
  File "/var/lib/juju/agents/unit-database-0/charm/lib/charms/tempo_k8s/v1/charm_tracing.py", line 735, in wrapped_function
    return callable(*args, **kwargs)  # type: ignore
  File "/var/lib/juju/agents/unit-database-0/charm/lib/charms/postgresql_k8s/v0/postgresql.py", line 244, in create_user
    raise PostgreSQLCreateUserError(INVALID_EXTRA_USER_ROLE_BLOCKING_MESSAGE)
charms.postgresql_k8s.v0.postgresql.PostgreSQLCreateUserError: invalid role(s) for extra user roles

[32mINFO    [0m pytest_operator.plugin:plugin.py:991 Forgetting model main...