{"uid":"f0a6c79b5f6966c9","name":"test_reelection","fullName":"tests.integration.ha_tests.test_replication#test_reelection","historyId":"c4fc3ed629099ecebc757c8005dc7207","time":{"start":1724809675621,"stop":1724809675621,"duration":0},"description":"Kill primary unit, check reelection.","descriptionHtml":"<p>Kill primary unit, check reelection.</p>\n","status":"broken","statusMessage":"tenacity.RetryError: RetryError[<Future at 0xebaf30521390 state=finished raised RetryError>]","statusTrace":"Traceback (most recent call last):\n  File \"/home/ubuntu/actions-runner/_work/test-runners-2-is-arm64-postgresql-k8s-operator/test-runners-2-is-arm64-postgresql-k8s-operator/.tox/integration/lib/python3.10/site-packages/websockets/legacy/protocol.py\", line 963, in transfer_data\n    message = await self.read_message()\n  File \"/home/ubuntu/actions-runner/_work/test-runners-2-is-arm64-postgresql-k8s-operator/test-runners-2-is-arm64-postgresql-k8s-operator/.tox/integration/lib/python3.10/site-packages/websockets/legacy/protocol.py\", line 1033, in read_message\n    frame = await self.read_data_frame(max_size=self.max_size)\n  File \"/home/ubuntu/actions-runner/_work/test-runners-2-is-arm64-postgresql-k8s-operator/test-runners-2-is-arm64-postgresql-k8s-operator/.tox/integration/lib/python3.10/site-packages/websockets/legacy/protocol.py\", line 1108, in read_data_frame\n    frame = await self.read_frame(max_size)\n  File \"/home/ubuntu/actions-runner/_work/test-runners-2-is-arm64-postgresql-k8s-operator/test-runners-2-is-arm64-postgresql-k8s-operator/.tox/integration/lib/python3.10/site-packages/websockets/legacy/protocol.py\", line 1165, in read_frame\n    frame = await Frame.read(\n  File \"/home/ubuntu/actions-runner/_work/test-runners-2-is-arm64-postgresql-k8s-operator/test-runners-2-is-arm64-postgresql-k8s-operator/.tox/integration/lib/python3.10/site-packages/websockets/legacy/framing.py\", line 68, in read\n    data = await reader(2)\n  File \"/usr/lib/python3.10/asyncio/streams.py\", line 708, in readexactly\n    await self._wait_for_data('readexactly')\n  File \"/usr/lib/python3.10/asyncio/streams.py\", line 501, in _wait_for_data\n    await self._waiter\nasyncio.exceptions.CancelledError\n\nThe above exception was the direct cause of the following exception:\n\nTraceback (most recent call last):\n  File \"/home/ubuntu/actions-runner/_work/test-runners-2-is-arm64-postgresql-k8s-operator/test-runners-2-is-arm64-postgresql-k8s-operator/.tox/integration/lib/python3.10/site-packages/tenacity/asyncio/__init__.py\", line 114, in __call__\n    result = await fn(*args, **kwargs)\n  File \"/home/ubuntu/actions-runner/_work/test-runners-2-is-arm64-postgresql-k8s-operator/test-runners-2-is-arm64-postgresql-k8s-operator/tests/integration/helpers.py\", line 482, in get_primary\n    action = await unit.run_action(\"get-primary\")\n  File \"/home/ubuntu/actions-runner/_work/test-runners-2-is-arm64-postgresql-k8s-operator/test-runners-2-is-arm64-postgresql-k8s-operator/.tox/integration/lib/python3.10/site-packages/juju/unit.py\", line 292, in run_action\n    res = await op(actions=[client.Action(\n  File \"/home/ubuntu/actions-runner/_work/test-runners-2-is-arm64-postgresql-k8s-operator/test-runners-2-is-arm64-postgresql-k8s-operator/.tox/integration/lib/python3.10/site-packages/juju/client/facade.py\", line 486, in wrapper\n    reply = await f(*args, **kwargs)\n  File \"/home/ubuntu/actions-runner/_work/test-runners-2-is-arm64-postgresql-k8s-operator/test-runners-2-is-arm64-postgresql-k8s-operator/.tox/integration/lib/python3.10/site-packages/juju/client/_client7.py\", line 313, in EnqueueOperation\n    reply = await self.rpc(msg)\n  File \"/home/ubuntu/actions-runner/_work/test-runners-2-is-arm64-postgresql-k8s-operator/test-runners-2-is-arm64-postgresql-k8s-operator/.tox/integration/lib/python3.10/site-packages/juju/client/facade.py\", line 659, in rpc\n    result = await self.connection.rpc(msg, encoder=TypeEncoder)\n  File \"/home/ubuntu/actions-runner/_work/test-runners-2-is-arm64-postgresql-k8s-operator/test-runners-2-is-arm64-postgresql-k8s-operator/.tox/integration/lib/python3.10/site-packages/juju/client/connection.py\", line 649, in rpc\n    await self._ws.send(outgoing)\n  File \"/home/ubuntu/actions-runner/_work/test-runners-2-is-arm64-postgresql-k8s-operator/test-runners-2-is-arm64-postgresql-k8s-operator/.tox/integration/lib/python3.10/site-packages/websockets/legacy/protocol.py\", line 635, in send\n    await self.ensure_open()\n  File \"/home/ubuntu/actions-runner/_work/test-runners-2-is-arm64-postgresql-k8s-operator/test-runners-2-is-arm64-postgresql-k8s-operator/.tox/integration/lib/python3.10/site-packages/websockets/legacy/protocol.py\", line 939, in ensure_open\n    raise self.connection_closed_exc()\nwebsockets.exceptions.ConnectionClosedError: sent 1011 (internal error) keepalive ping timeout; no close frame received\n\nThe above exception was the direct cause of the following exception:\n\nTraceback (most recent call last):\n  File \"/home/ubuntu/actions-runner/_work/test-runners-2-is-arm64-postgresql-k8s-operator/test-runners-2-is-arm64-postgresql-k8s-operator/tests/integration/ha_tests/helpers.py\", line 417, in get_patroni_setting\n    primary_name = await get_primary(ops_test, app)\n  File \"/home/ubuntu/actions-runner/_work/test-runners-2-is-arm64-postgresql-k8s-operator/test-runners-2-is-arm64-postgresql-k8s-operator/.tox/integration/lib/python3.10/site-packages/tenacity/asyncio/__init__.py\", line 189, in async_wrapped\n    return await copy(fn, *args, **kwargs)\n  File \"/home/ubuntu/actions-runner/_work/test-runners-2-is-arm64-postgresql-k8s-operator/test-runners-2-is-arm64-postgresql-k8s-operator/.tox/integration/lib/python3.10/site-packages/tenacity/asyncio/__init__.py\", line 111, in __call__\n    do = await self.iter(retry_state=retry_state)\n  File \"/home/ubuntu/actions-runner/_work/test-runners-2-is-arm64-postgresql-k8s-operator/test-runners-2-is-arm64-postgresql-k8s-operator/.tox/integration/lib/python3.10/site-packages/tenacity/asyncio/__init__.py\", line 153, in iter\n    result = await action(retry_state)\n  File \"/home/ubuntu/actions-runner/_work/test-runners-2-is-arm64-postgresql-k8s-operator/test-runners-2-is-arm64-postgresql-k8s-operator/.tox/integration/lib/python3.10/site-packages/tenacity/_utils.py\", line 99, in inner\n    return call(*args, **kwargs)\n  File \"/home/ubuntu/actions-runner/_work/test-runners-2-is-arm64-postgresql-k8s-operator/test-runners-2-is-arm64-postgresql-k8s-operator/.tox/integration/lib/python3.10/site-packages/tenacity/__init__.py\", line 419, in exc_check\n    raise retry_exc from fut.exception()\ntenacity.RetryError: RetryError[<Future at 0xebaf305235b0 state=finished raised ConnectionClosedError>]\n\nThe above exception was the direct cause of the following exception:\n\nTraceback (most recent call last):\n  File \"/home/ubuntu/actions-runner/_work/test-runners-2-is-arm64-postgresql-k8s-operator/test-runners-2-is-arm64-postgresql-k8s-operator/.tox/integration/lib/python3.10/site-packages/_pytest/runner.py\", line 341, in from_call\n    result: Optional[TResult] = func()\n  File \"/home/ubuntu/actions-runner/_work/test-runners-2-is-arm64-postgresql-k8s-operator/test-runners-2-is-arm64-postgresql-k8s-operator/.tox/integration/lib/python3.10/site-packages/_pytest/runner.py\", line 241, in <lambda>\n    lambda: runtest_hook(item=item, **kwds), when=when, reraise=reraise\n  File \"/home/ubuntu/actions-runner/_work/test-runners-2-is-arm64-postgresql-k8s-operator/test-runners-2-is-arm64-postgresql-k8s-operator/.tox/integration/lib/python3.10/site-packages/pluggy/_hooks.py\", line 513, in __call__\n    return self._hookexec(self.name, self._hookimpls.copy(), kwargs, firstresult)\n  File \"/home/ubuntu/actions-runner/_work/test-runners-2-is-arm64-postgresql-k8s-operator/test-runners-2-is-arm64-postgresql-k8s-operator/.tox/integration/lib/python3.10/site-packages/pluggy/_manager.py\", line 120, in _hookexec\n    return self._inner_hookexec(hook_name, methods, kwargs, firstresult)\n  File \"/home/ubuntu/actions-runner/_work/test-runners-2-is-arm64-postgresql-k8s-operator/test-runners-2-is-arm64-postgresql-k8s-operator/.tox/integration/lib/python3.10/site-packages/pluggy/_callers.py\", line 182, in _multicall\n    return outcome.get_result()\n  File \"/home/ubuntu/actions-runner/_work/test-runners-2-is-arm64-postgresql-k8s-operator/test-runners-2-is-arm64-postgresql-k8s-operator/.tox/integration/lib/python3.10/site-packages/pluggy/_result.py\", line 100, in get_result\n    raise exc.with_traceback(exc.__traceback__)\n  File \"/home/ubuntu/actions-runner/_work/test-runners-2-is-arm64-postgresql-k8s-operator/test-runners-2-is-arm64-postgresql-k8s-operator/.tox/integration/lib/python3.10/site-packages/pluggy/_callers.py\", line 167, in _multicall\n    teardown.throw(outcome._exception)\n  File \"/home/ubuntu/actions-runner/_work/test-runners-2-is-arm64-postgresql-k8s-operator/test-runners-2-is-arm64-postgresql-k8s-operator/.tox/integration/lib/python3.10/site-packages/_pytest/unraisableexception.py\", line 85, in pytest_runtest_setup\n    yield from unraisable_exception_runtest_hook()\n  File \"/home/ubuntu/actions-runner/_work/test-runners-2-is-arm64-postgresql-k8s-operator/test-runners-2-is-arm64-postgresql-k8s-operator/.tox/integration/lib/python3.10/site-packages/_pytest/unraisableexception.py\", line 65, in unraisable_exception_runtest_hook\n    yield\n  File \"/home/ubuntu/actions-runner/_work/test-runners-2-is-arm64-postgresql-k8s-operator/test-runners-2-is-arm64-postgresql-k8s-operator/.tox/integration/lib/python3.10/site-packages/pluggy/_callers.py\", line 167, in _multicall\n    teardown.throw(outcome._exception)\n  File \"/home/ubuntu/actions-runner/_work/test-runners-2-is-arm64-postgresql-k8s-operator/test-runners-2-is-arm64-postgresql-k8s-operator/.tox/integration/lib/python3.10/site-packages/_pytest/logging.py\", line 844, in pytest_runtest_setup\n    yield from self._runtest_for(item, \"setup\")\n  File \"/home/ubuntu/actions-runner/_work/test-runners-2-is-arm64-postgresql-k8s-operator/test-runners-2-is-arm64-postgresql-k8s-operator/.tox/integration/lib/python3.10/site-packages/_pytest/logging.py\", line 833, in _runtest_for\n    yield\n  File \"/home/ubuntu/actions-runner/_work/test-runners-2-is-arm64-postgresql-k8s-operator/test-runners-2-is-arm64-postgresql-k8s-operator/.tox/integration/lib/python3.10/site-packages/pluggy/_callers.py\", line 167, in _multicall\n    teardown.throw(outcome._exception)\n  File \"/home/ubuntu/actions-runner/_work/test-runners-2-is-arm64-postgresql-k8s-operator/test-runners-2-is-arm64-postgresql-k8s-operator/.tox/integration/lib/python3.10/site-packages/_pytest/capture.py\", line 873, in pytest_runtest_setup\n    return (yield)\n  File \"/home/ubuntu/actions-runner/_work/test-runners-2-is-arm64-postgresql-k8s-operator/test-runners-2-is-arm64-postgresql-k8s-operator/.tox/integration/lib/python3.10/site-packages/pluggy/_callers.py\", line 167, in _multicall\n    teardown.throw(outcome._exception)\n  File \"/home/ubuntu/actions-runner/_work/test-runners-2-is-arm64-postgresql-k8s-operator/test-runners-2-is-arm64-postgresql-k8s-operator/.tox/integration/lib/python3.10/site-packages/_pytest/threadexception.py\", line 82, in pytest_runtest_setup\n    yield from thread_exception_runtest_hook()\n  File \"/home/ubuntu/actions-runner/_work/test-runners-2-is-arm64-postgresql-k8s-operator/test-runners-2-is-arm64-postgresql-k8s-operator/.tox/integration/lib/python3.10/site-packages/_pytest/threadexception.py\", line 63, in thread_exception_runtest_hook\n    yield\n  File \"/home/ubuntu/actions-runner/_work/test-runners-2-is-arm64-postgresql-k8s-operator/test-runners-2-is-arm64-postgresql-k8s-operator/.tox/integration/lib/python3.10/site-packages/pluggy/_callers.py\", line 103, in _multicall\n    res = hook_impl.function(*args)\n  File \"/home/ubuntu/actions-runner/_work/test-runners-2-is-arm64-postgresql-k8s-operator/test-runners-2-is-arm64-postgresql-k8s-operator/.tox/integration/lib/python3.10/site-packages/_pytest/runner.py\", line 159, in pytest_runtest_setup\n    item.session._setupstate.setup(item)\n  File \"/home/ubuntu/actions-runner/_work/test-runners-2-is-arm64-postgresql-k8s-operator/test-runners-2-is-arm64-postgresql-k8s-operator/.tox/integration/lib/python3.10/site-packages/_pytest/runner.py\", line 517, in setup\n    raise exc\n  File \"/home/ubuntu/actions-runner/_work/test-runners-2-is-arm64-postgresql-k8s-operator/test-runners-2-is-arm64-postgresql-k8s-operator/.tox/integration/lib/python3.10/site-packages/_pytest/runner.py\", line 514, in setup\n    col.setup()\n  File \"/home/ubuntu/actions-runner/_work/test-runners-2-is-arm64-postgresql-k8s-operator/test-runners-2-is-arm64-postgresql-k8s-operator/.tox/integration/lib/python3.10/site-packages/_pytest/python.py\", line 1635, in setup\n    self._request._fillfixtures()\n  File \"/home/ubuntu/actions-runner/_work/test-runners-2-is-arm64-postgresql-k8s-operator/test-runners-2-is-arm64-postgresql-k8s-operator/.tox/integration/lib/python3.10/site-packages/_pytest/fixtures.py\", line 686, in _fillfixtures\n    item.funcargs[argname] = self.getfixturevalue(argname)\n  File \"/home/ubuntu/actions-runner/_work/test-runners-2-is-arm64-postgresql-k8s-operator/test-runners-2-is-arm64-postgresql-k8s-operator/.tox/integration/lib/python3.10/site-packages/_pytest/fixtures.py\", line 521, in getfixturevalue\n    fixturedef = self._get_active_fixturedef(argname)\n  File \"/home/ubuntu/actions-runner/_work/test-runners-2-is-arm64-postgresql-k8s-operator/test-runners-2-is-arm64-postgresql-k8s-operator/.tox/integration/lib/python3.10/site-packages/_pytest/fixtures.py\", line 606, in _get_active_fixturedef\n    fixturedef.execute(request=subrequest)\n  File \"/home/ubuntu/actions-runner/_work/test-runners-2-is-arm64-postgresql-k8s-operator/test-runners-2-is-arm64-postgresql-k8s-operator/.tox/integration/lib/python3.10/site-packages/_pytest/fixtures.py\", line 1076, in execute\n    result = ihook.pytest_fixture_setup(fixturedef=self, request=request)\n  File \"/home/ubuntu/actions-runner/_work/test-runners-2-is-arm64-postgresql-k8s-operator/test-runners-2-is-arm64-postgresql-k8s-operator/.tox/integration/lib/python3.10/site-packages/pluggy/_hooks.py\", line 513, in __call__\n    return self._hookexec(self.name, self._hookimpls.copy(), kwargs, firstresult)\n  File \"/home/ubuntu/actions-runner/_work/test-runners-2-is-arm64-postgresql-k8s-operator/test-runners-2-is-arm64-postgresql-k8s-operator/.tox/integration/lib/python3.10/site-packages/pluggy/_manager.py\", line 120, in _hookexec\n    return self._inner_hookexec(hook_name, methods, kwargs, firstresult)\n  File \"/home/ubuntu/actions-runner/_work/test-runners-2-is-arm64-postgresql-k8s-operator/test-runners-2-is-arm64-postgresql-k8s-operator/.tox/integration/lib/python3.10/site-packages/pluggy/_callers.py\", line 182, in _multicall\n    return outcome.get_result()\n  File \"/home/ubuntu/actions-runner/_work/test-runners-2-is-arm64-postgresql-k8s-operator/test-runners-2-is-arm64-postgresql-k8s-operator/.tox/integration/lib/python3.10/site-packages/pluggy/_result.py\", line 100, in get_result\n    raise exc.with_traceback(exc.__traceback__)\n  File \"/home/ubuntu/actions-runner/_work/test-runners-2-is-arm64-postgresql-k8s-operator/test-runners-2-is-arm64-postgresql-k8s-operator/.tox/integration/lib/python3.10/site-packages/pluggy/_callers.py\", line 167, in _multicall\n    teardown.throw(outcome._exception)\n  File \"/home/ubuntu/actions-runner/_work/test-runners-2-is-arm64-postgresql-k8s-operator/test-runners-2-is-arm64-postgresql-k8s-operator/.tox/integration/lib/python3.10/site-packages/_pytest/setuponly.py\", line 36, in pytest_fixture_setup\n    return (yield)\n  File \"/home/ubuntu/actions-runner/_work/test-runners-2-is-arm64-postgresql-k8s-operator/test-runners-2-is-arm64-postgresql-k8s-operator/.tox/integration/lib/python3.10/site-packages/pluggy/_callers.py\", line 103, in _multicall\n    res = hook_impl.function(*args)\n  File \"/home/ubuntu/actions-runner/_work/test-runners-2-is-arm64-postgresql-k8s-operator/test-runners-2-is-arm64-postgresql-k8s-operator/.tox/integration/lib/python3.10/site-packages/_pytest/fixtures.py\", line 1125, in pytest_fixture_setup\n    result = call_fixture_func(fixturefunc, request, kwargs)\n  File \"/home/ubuntu/actions-runner/_work/test-runners-2-is-arm64-postgresql-k8s-operator/test-runners-2-is-arm64-postgresql-k8s-operator/.tox/integration/lib/python3.10/site-packages/_pytest/fixtures.py\", line 887, in call_fixture_func\n    fixture_result = fixturefunc(**kwargs)\n  File \"/home/ubuntu/actions-runner/_work/test-runners-2-is-arm64-postgresql-k8s-operator/test-runners-2-is-arm64-postgresql-k8s-operator/.tox/integration/lib/python3.10/site-packages/pytest_asyncio/plugin.py\", line 302, in _asyncgen_fixture_wrapper\n    result = event_loop.run_until_complete(setup())\n  File \"/usr/lib/python3.10/asyncio/base_events.py\", line 649, in run_until_complete\n    return future.result()\n  File \"/home/ubuntu/actions-runner/_work/test-runners-2-is-arm64-postgresql-k8s-operator/test-runners-2-is-arm64-postgresql-k8s-operator/.tox/integration/lib/python3.10/site-packages/pytest_asyncio/plugin.py\", line 284, in setup\n    res = await gen_obj.__anext__()\n  File \"/home/ubuntu/actions-runner/_work/test-runners-2-is-arm64-postgresql-k8s-operator/test-runners-2-is-arm64-postgresql-k8s-operator/tests/integration/ha_tests/conftest.py\", line 64, in primary_start_timeout\n    initial_primary_start_timeout = await get_patroni_setting(ops_test, \"primary_start_timeout\")\n  File \"/home/ubuntu/actions-runner/_work/test-runners-2-is-arm64-postgresql-k8s-operator/test-runners-2-is-arm64-postgresql-k8s-operator/tests/integration/ha_tests/helpers.py\", line 414, in get_patroni_setting\n    for attempt in Retrying(stop=stop_after_delay(30 * 2), wait=wait_fixed(3)):\n  File \"/home/ubuntu/actions-runner/_work/test-runners-2-is-arm64-postgresql-k8s-operator/test-runners-2-is-arm64-postgresql-k8s-operator/.tox/integration/lib/python3.10/site-packages/tenacity/__init__.py\", line 443, in __iter__\n    do = self.iter(retry_state=retry_state)\n  File \"/home/ubuntu/actions-runner/_work/test-runners-2-is-arm64-postgresql-k8s-operator/test-runners-2-is-arm64-postgresql-k8s-operator/.tox/integration/lib/python3.10/site-packages/tenacity/__init__.py\", line 376, in iter\n    result = action(retry_state)\n  File \"/home/ubuntu/actions-runner/_work/test-runners-2-is-arm64-postgresql-k8s-operator/test-runners-2-is-arm64-postgresql-k8s-operator/.tox/integration/lib/python3.10/site-packages/tenacity/__init__.py\", line 419, in exc_check\n    raise retry_exc from fut.exception()\ntenacity.RetryError: RetryError[<Future at 0xebaf30521390 state=finished raised RetryError>]","flaky":false,"newFailed":false,"newBroken":false,"newPassed":false,"retriesCount":1,"retriesStatusChange":true,"beforeStages":[{"name":"event_loop","time":{"start":1724809625062,"stop":1724809625085,"duration":23},"status":"passed","steps":[],"attachments":[],"parameters":[],"stepsCount":0,"shouldDisplayMessage":false,"attachmentsCount":0,"hasContent":false,"attachmentStep":false},{"name":"tmp_path_factory","time":{"start":1724809625085,"stop":1724809625085,"duration":0},"status":"passed","steps":[],"attachments":[],"parameters":[],"stepsCount":0,"shouldDisplayMessage":false,"attachmentsCount":0,"hasContent":false,"attachmentStep":false},{"name":"ops_test","time":{"start":1724809625085,"stop":1724809626261,"duration":1176},"status":"passed","steps":[],"attachments":[],"parameters":[],"stepsCount":0,"shouldDisplayMessage":false,"attachmentsCount":0,"hasContent":false,"attachmentStep":false},{"name":"primary_start_timeout","time":{"start":1724809675623,"stop":1724809940593,"duration":264970},"status":"broken","statusMessage":"tenacity.RetryError: RetryError[<Future at 0xebaf30521390 state=finished raised RetryError>]\n","statusTrace":"  File \"/home/ubuntu/actions-runner/_work/test-runners-2-is-arm64-postgresql-k8s-operator/test-runners-2-is-arm64-postgresql-k8s-operator/.tox/integration/lib/python3.10/site-packages/pluggy/_callers.py\", line 167, in _multicall\n    teardown.throw(outcome._exception)\n  File \"/home/ubuntu/actions-runner/_work/test-runners-2-is-arm64-postgresql-k8s-operator/test-runners-2-is-arm64-postgresql-k8s-operator/.tox/integration/lib/python3.10/site-packages/_pytest/setuponly.py\", line 36, in pytest_fixture_setup\n    return (yield)\n  File \"/home/ubuntu/actions-runner/_work/test-runners-2-is-arm64-postgresql-k8s-operator/test-runners-2-is-arm64-postgresql-k8s-operator/.tox/integration/lib/python3.10/site-packages/pluggy/_callers.py\", line 103, in _multicall\n    res = hook_impl.function(*args)\n  File \"/home/ubuntu/actions-runner/_work/test-runners-2-is-arm64-postgresql-k8s-operator/test-runners-2-is-arm64-postgresql-k8s-operator/.tox/integration/lib/python3.10/site-packages/_pytest/fixtures.py\", line 1125, in pytest_fixture_setup\n    result = call_fixture_func(fixturefunc, request, kwargs)\n  File \"/home/ubuntu/actions-runner/_work/test-runners-2-is-arm64-postgresql-k8s-operator/test-runners-2-is-arm64-postgresql-k8s-operator/.tox/integration/lib/python3.10/site-packages/_pytest/fixtures.py\", line 887, in call_fixture_func\n    fixture_result = fixturefunc(**kwargs)\n  File \"/home/ubuntu/actions-runner/_work/test-runners-2-is-arm64-postgresql-k8s-operator/test-runners-2-is-arm64-postgresql-k8s-operator/.tox/integration/lib/python3.10/site-packages/pytest_asyncio/plugin.py\", line 302, in _asyncgen_fixture_wrapper\n    result = event_loop.run_until_complete(setup())\n  File \"/usr/lib/python3.10/asyncio/base_events.py\", line 649, in run_until_complete\n    return future.result()\n  File \"/home/ubuntu/actions-runner/_work/test-runners-2-is-arm64-postgresql-k8s-operator/test-runners-2-is-arm64-postgresql-k8s-operator/.tox/integration/lib/python3.10/site-packages/pytest_asyncio/plugin.py\", line 284, in setup\n    res = await gen_obj.__anext__()\n  File \"/home/ubuntu/actions-runner/_work/test-runners-2-is-arm64-postgresql-k8s-operator/test-runners-2-is-arm64-postgresql-k8s-operator/tests/integration/ha_tests/conftest.py\", line 64, in primary_start_timeout\n    initial_primary_start_timeout = await get_patroni_setting(ops_test, \"primary_start_timeout\")\n  File \"/home/ubuntu/actions-runner/_work/test-runners-2-is-arm64-postgresql-k8s-operator/test-runners-2-is-arm64-postgresql-k8s-operator/tests/integration/ha_tests/helpers.py\", line 414, in get_patroni_setting\n    for attempt in Retrying(stop=stop_after_delay(30 * 2), wait=wait_fixed(3)):\n  File \"/home/ubuntu/actions-runner/_work/test-runners-2-is-arm64-postgresql-k8s-operator/test-runners-2-is-arm64-postgresql-k8s-operator/.tox/integration/lib/python3.10/site-packages/tenacity/__init__.py\", line 443, in __iter__\n    do = self.iter(retry_state=retry_state)\n  File \"/home/ubuntu/actions-runner/_work/test-runners-2-is-arm64-postgresql-k8s-operator/test-runners-2-is-arm64-postgresql-k8s-operator/.tox/integration/lib/python3.10/site-packages/tenacity/__init__.py\", line 376, in iter\n    result = action(retry_state)\n  File \"/home/ubuntu/actions-runner/_work/test-runners-2-is-arm64-postgresql-k8s-operator/test-runners-2-is-arm64-postgresql-k8s-operator/.tox/integration/lib/python3.10/site-packages/tenacity/__init__.py\", line 419, in exc_check\n    raise retry_exc from fut.exception()\n","steps":[],"attachments":[],"parameters":[],"stepsCount":0,"shouldDisplayMessage":true,"attachmentsCount":0,"hasContent":true,"attachmentStep":false},{"name":"abort_on_fail","time":{"start":1724809940621,"stop":1724809940621,"duration":0},"status":"failed","statusMessage":"_pytest.outcomes.XFailed: aborted\n","statusTrace":"  File \"/home/ubuntu/actions-runner/_work/test-runners-2-is-arm64-postgresql-k8s-operator/test-runners-2-is-arm64-postgresql-k8s-operator/.tox/integration/lib/python3.10/site-packages/pluggy/_callers.py\", line 167, in _multicall\n    teardown.throw(outcome._exception)\n  File \"/home/ubuntu/actions-runner/_work/test-runners-2-is-arm64-postgresql-k8s-operator/test-runners-2-is-arm64-postgresql-k8s-operator/.tox/integration/lib/python3.10/site-packages/_pytest/setuponly.py\", line 36, in pytest_fixture_setup\n    return (yield)\n  File \"/home/ubuntu/actions-runner/_work/test-runners-2-is-arm64-postgresql-k8s-operator/test-runners-2-is-arm64-postgresql-k8s-operator/.tox/integration/lib/python3.10/site-packages/pluggy/_callers.py\", line 103, in _multicall\n    res = hook_impl.function(*args)\n  File \"/home/ubuntu/actions-runner/_work/test-runners-2-is-arm64-postgresql-k8s-operator/test-runners-2-is-arm64-postgresql-k8s-operator/.tox/integration/lib/python3.10/site-packages/_pytest/fixtures.py\", line 1125, in pytest_fixture_setup\n    result = call_fixture_func(fixturefunc, request, kwargs)\n  File \"/home/ubuntu/actions-runner/_work/test-runners-2-is-arm64-postgresql-k8s-operator/test-runners-2-is-arm64-postgresql-k8s-operator/.tox/integration/lib/python3.10/site-packages/_pytest/fixtures.py\", line 880, in call_fixture_func\n    fixture_result = next(generator)\n  File \"/home/ubuntu/actions-runner/_work/test-runners-2-is-arm64-postgresql-k8s-operator/test-runners-2-is-arm64-postgresql-k8s-operator/.tox/integration/lib/python3.10/site-packages/pytest_operator/plugin.py\", line 228, in abort_on_fail\n    pytest.xfail(\"aborted\")\n  File \"/home/ubuntu/actions-runner/_work/test-runners-2-is-arm64-postgresql-k8s-operator/test-runners-2-is-arm64-postgresql-k8s-operator/.tox/integration/lib/python3.10/site-packages/_pytest/outcomes.py\", line 205, in xfail\n    raise XFailed(reason)\n","steps":[],"attachments":[],"parameters":[],"stepsCount":0,"shouldDisplayMessage":true,"attachmentsCount":0,"hasContent":true,"attachmentStep":false}],"testStage":{"description":"Kill primary unit, check reelection.","status":"broken","statusMessage":"tenacity.RetryError: RetryError[<Future at 0xebaf30521390 state=finished raised RetryError>]","statusTrace":"Traceback (most recent call last):\n  File \"/home/ubuntu/actions-runner/_work/test-runners-2-is-arm64-postgresql-k8s-operator/test-runners-2-is-arm64-postgresql-k8s-operator/.tox/integration/lib/python3.10/site-packages/websockets/legacy/protocol.py\", line 963, in transfer_data\n    message = await self.read_message()\n  File \"/home/ubuntu/actions-runner/_work/test-runners-2-is-arm64-postgresql-k8s-operator/test-runners-2-is-arm64-postgresql-k8s-operator/.tox/integration/lib/python3.10/site-packages/websockets/legacy/protocol.py\", line 1033, in read_message\n    frame = await self.read_data_frame(max_size=self.max_size)\n  File \"/home/ubuntu/actions-runner/_work/test-runners-2-is-arm64-postgresql-k8s-operator/test-runners-2-is-arm64-postgresql-k8s-operator/.tox/integration/lib/python3.10/site-packages/websockets/legacy/protocol.py\", line 1108, in read_data_frame\n    frame = await self.read_frame(max_size)\n  File \"/home/ubuntu/actions-runner/_work/test-runners-2-is-arm64-postgresql-k8s-operator/test-runners-2-is-arm64-postgresql-k8s-operator/.tox/integration/lib/python3.10/site-packages/websockets/legacy/protocol.py\", line 1165, in read_frame\n    frame = await Frame.read(\n  File \"/home/ubuntu/actions-runner/_work/test-runners-2-is-arm64-postgresql-k8s-operator/test-runners-2-is-arm64-postgresql-k8s-operator/.tox/integration/lib/python3.10/site-packages/websockets/legacy/framing.py\", line 68, in read\n    data = await reader(2)\n  File \"/usr/lib/python3.10/asyncio/streams.py\", line 708, in readexactly\n    await self._wait_for_data('readexactly')\n  File \"/usr/lib/python3.10/asyncio/streams.py\", line 501, in _wait_for_data\n    await self._waiter\nasyncio.exceptions.CancelledError\n\nThe above exception was the direct cause of the following exception:\n\nTraceback (most recent call last):\n  File \"/home/ubuntu/actions-runner/_work/test-runners-2-is-arm64-postgresql-k8s-operator/test-runners-2-is-arm64-postgresql-k8s-operator/.tox/integration/lib/python3.10/site-packages/tenacity/asyncio/__init__.py\", line 114, in __call__\n    result = await fn(*args, **kwargs)\n  File \"/home/ubuntu/actions-runner/_work/test-runners-2-is-arm64-postgresql-k8s-operator/test-runners-2-is-arm64-postgresql-k8s-operator/tests/integration/helpers.py\", line 482, in get_primary\n    action = await unit.run_action(\"get-primary\")\n  File \"/home/ubuntu/actions-runner/_work/test-runners-2-is-arm64-postgresql-k8s-operator/test-runners-2-is-arm64-postgresql-k8s-operator/.tox/integration/lib/python3.10/site-packages/juju/unit.py\", line 292, in run_action\n    res = await op(actions=[client.Action(\n  File \"/home/ubuntu/actions-runner/_work/test-runners-2-is-arm64-postgresql-k8s-operator/test-runners-2-is-arm64-postgresql-k8s-operator/.tox/integration/lib/python3.10/site-packages/juju/client/facade.py\", line 486, in wrapper\n    reply = await f(*args, **kwargs)\n  File \"/home/ubuntu/actions-runner/_work/test-runners-2-is-arm64-postgresql-k8s-operator/test-runners-2-is-arm64-postgresql-k8s-operator/.tox/integration/lib/python3.10/site-packages/juju/client/_client7.py\", line 313, in EnqueueOperation\n    reply = await self.rpc(msg)\n  File \"/home/ubuntu/actions-runner/_work/test-runners-2-is-arm64-postgresql-k8s-operator/test-runners-2-is-arm64-postgresql-k8s-operator/.tox/integration/lib/python3.10/site-packages/juju/client/facade.py\", line 659, in rpc\n    result = await self.connection.rpc(msg, encoder=TypeEncoder)\n  File \"/home/ubuntu/actions-runner/_work/test-runners-2-is-arm64-postgresql-k8s-operator/test-runners-2-is-arm64-postgresql-k8s-operator/.tox/integration/lib/python3.10/site-packages/juju/client/connection.py\", line 649, in rpc\n    await self._ws.send(outgoing)\n  File \"/home/ubuntu/actions-runner/_work/test-runners-2-is-arm64-postgresql-k8s-operator/test-runners-2-is-arm64-postgresql-k8s-operator/.tox/integration/lib/python3.10/site-packages/websockets/legacy/protocol.py\", line 635, in send\n    await self.ensure_open()\n  File \"/home/ubuntu/actions-runner/_work/test-runners-2-is-arm64-postgresql-k8s-operator/test-runners-2-is-arm64-postgresql-k8s-operator/.tox/integration/lib/python3.10/site-packages/websockets/legacy/protocol.py\", line 939, in ensure_open\n    raise self.connection_closed_exc()\nwebsockets.exceptions.ConnectionClosedError: sent 1011 (internal error) keepalive ping timeout; no close frame received\n\nThe above exception was the direct cause of the following exception:\n\nTraceback (most recent call last):\n  File \"/home/ubuntu/actions-runner/_work/test-runners-2-is-arm64-postgresql-k8s-operator/test-runners-2-is-arm64-postgresql-k8s-operator/tests/integration/ha_tests/helpers.py\", line 417, in get_patroni_setting\n    primary_name = await get_primary(ops_test, app)\n  File \"/home/ubuntu/actions-runner/_work/test-runners-2-is-arm64-postgresql-k8s-operator/test-runners-2-is-arm64-postgresql-k8s-operator/.tox/integration/lib/python3.10/site-packages/tenacity/asyncio/__init__.py\", line 189, in async_wrapped\n    return await copy(fn, *args, **kwargs)\n  File \"/home/ubuntu/actions-runner/_work/test-runners-2-is-arm64-postgresql-k8s-operator/test-runners-2-is-arm64-postgresql-k8s-operator/.tox/integration/lib/python3.10/site-packages/tenacity/asyncio/__init__.py\", line 111, in __call__\n    do = await self.iter(retry_state=retry_state)\n  File \"/home/ubuntu/actions-runner/_work/test-runners-2-is-arm64-postgresql-k8s-operator/test-runners-2-is-arm64-postgresql-k8s-operator/.tox/integration/lib/python3.10/site-packages/tenacity/asyncio/__init__.py\", line 153, in iter\n    result = await action(retry_state)\n  File \"/home/ubuntu/actions-runner/_work/test-runners-2-is-arm64-postgresql-k8s-operator/test-runners-2-is-arm64-postgresql-k8s-operator/.tox/integration/lib/python3.10/site-packages/tenacity/_utils.py\", line 99, in inner\n    return call(*args, **kwargs)\n  File \"/home/ubuntu/actions-runner/_work/test-runners-2-is-arm64-postgresql-k8s-operator/test-runners-2-is-arm64-postgresql-k8s-operator/.tox/integration/lib/python3.10/site-packages/tenacity/__init__.py\", line 419, in exc_check\n    raise retry_exc from fut.exception()\ntenacity.RetryError: RetryError[<Future at 0xebaf305235b0 state=finished raised ConnectionClosedError>]\n\nThe above exception was the direct cause of the following exception:\n\nTraceback (most recent call last):\n  File \"/home/ubuntu/actions-runner/_work/test-runners-2-is-arm64-postgresql-k8s-operator/test-runners-2-is-arm64-postgresql-k8s-operator/.tox/integration/lib/python3.10/site-packages/_pytest/runner.py\", line 341, in from_call\n    result: Optional[TResult] = func()\n  File \"/home/ubuntu/actions-runner/_work/test-runners-2-is-arm64-postgresql-k8s-operator/test-runners-2-is-arm64-postgresql-k8s-operator/.tox/integration/lib/python3.10/site-packages/_pytest/runner.py\", line 241, in <lambda>\n    lambda: runtest_hook(item=item, **kwds), when=when, reraise=reraise\n  File \"/home/ubuntu/actions-runner/_work/test-runners-2-is-arm64-postgresql-k8s-operator/test-runners-2-is-arm64-postgresql-k8s-operator/.tox/integration/lib/python3.10/site-packages/pluggy/_hooks.py\", line 513, in __call__\n    return self._hookexec(self.name, self._hookimpls.copy(), kwargs, firstresult)\n  File \"/home/ubuntu/actions-runner/_work/test-runners-2-is-arm64-postgresql-k8s-operator/test-runners-2-is-arm64-postgresql-k8s-operator/.tox/integration/lib/python3.10/site-packages/pluggy/_manager.py\", line 120, in _hookexec\n    return self._inner_hookexec(hook_name, methods, kwargs, firstresult)\n  File \"/home/ubuntu/actions-runner/_work/test-runners-2-is-arm64-postgresql-k8s-operator/test-runners-2-is-arm64-postgresql-k8s-operator/.tox/integration/lib/python3.10/site-packages/pluggy/_callers.py\", line 182, in _multicall\n    return outcome.get_result()\n  File \"/home/ubuntu/actions-runner/_work/test-runners-2-is-arm64-postgresql-k8s-operator/test-runners-2-is-arm64-postgresql-k8s-operator/.tox/integration/lib/python3.10/site-packages/pluggy/_result.py\", line 100, in get_result\n    raise exc.with_traceback(exc.__traceback__)\n  File \"/home/ubuntu/actions-runner/_work/test-runners-2-is-arm64-postgresql-k8s-operator/test-runners-2-is-arm64-postgresql-k8s-operator/.tox/integration/lib/python3.10/site-packages/pluggy/_callers.py\", line 167, in _multicall\n    teardown.throw(outcome._exception)\n  File \"/home/ubuntu/actions-runner/_work/test-runners-2-is-arm64-postgresql-k8s-operator/test-runners-2-is-arm64-postgresql-k8s-operator/.tox/integration/lib/python3.10/site-packages/_pytest/unraisableexception.py\", line 85, in pytest_runtest_setup\n    yield from unraisable_exception_runtest_hook()\n  File \"/home/ubuntu/actions-runner/_work/test-runners-2-is-arm64-postgresql-k8s-operator/test-runners-2-is-arm64-postgresql-k8s-operator/.tox/integration/lib/python3.10/site-packages/_pytest/unraisableexception.py\", line 65, in unraisable_exception_runtest_hook\n    yield\n  File \"/home/ubuntu/actions-runner/_work/test-runners-2-is-arm64-postgresql-k8s-operator/test-runners-2-is-arm64-postgresql-k8s-operator/.tox/integration/lib/python3.10/site-packages/pluggy/_callers.py\", line 167, in _multicall\n    teardown.throw(outcome._exception)\n  File \"/home/ubuntu/actions-runner/_work/test-runners-2-is-arm64-postgresql-k8s-operator/test-runners-2-is-arm64-postgresql-k8s-operator/.tox/integration/lib/python3.10/site-packages/_pytest/logging.py\", line 844, in pytest_runtest_setup\n    yield from self._runtest_for(item, \"setup\")\n  File \"/home/ubuntu/actions-runner/_work/test-runners-2-is-arm64-postgresql-k8s-operator/test-runners-2-is-arm64-postgresql-k8s-operator/.tox/integration/lib/python3.10/site-packages/_pytest/logging.py\", line 833, in _runtest_for\n    yield\n  File \"/home/ubuntu/actions-runner/_work/test-runners-2-is-arm64-postgresql-k8s-operator/test-runners-2-is-arm64-postgresql-k8s-operator/.tox/integration/lib/python3.10/site-packages/pluggy/_callers.py\", line 167, in _multicall\n    teardown.throw(outcome._exception)\n  File \"/home/ubuntu/actions-runner/_work/test-runners-2-is-arm64-postgresql-k8s-operator/test-runners-2-is-arm64-postgresql-k8s-operator/.tox/integration/lib/python3.10/site-packages/_pytest/capture.py\", line 873, in pytest_runtest_setup\n    return (yield)\n  File \"/home/ubuntu/actions-runner/_work/test-runners-2-is-arm64-postgresql-k8s-operator/test-runners-2-is-arm64-postgresql-k8s-operator/.tox/integration/lib/python3.10/site-packages/pluggy/_callers.py\", line 167, in _multicall\n    teardown.throw(outcome._exception)\n  File \"/home/ubuntu/actions-runner/_work/test-runners-2-is-arm64-postgresql-k8s-operator/test-runners-2-is-arm64-postgresql-k8s-operator/.tox/integration/lib/python3.10/site-packages/_pytest/threadexception.py\", line 82, in pytest_runtest_setup\n    yield from thread_exception_runtest_hook()\n  File \"/home/ubuntu/actions-runner/_work/test-runners-2-is-arm64-postgresql-k8s-operator/test-runners-2-is-arm64-postgresql-k8s-operator/.tox/integration/lib/python3.10/site-packages/_pytest/threadexception.py\", line 63, in thread_exception_runtest_hook\n    yield\n  File \"/home/ubuntu/actions-runner/_work/test-runners-2-is-arm64-postgresql-k8s-operator/test-runners-2-is-arm64-postgresql-k8s-operator/.tox/integration/lib/python3.10/site-packages/pluggy/_callers.py\", line 103, in _multicall\n    res = hook_impl.function(*args)\n  File \"/home/ubuntu/actions-runner/_work/test-runners-2-is-arm64-postgresql-k8s-operator/test-runners-2-is-arm64-postgresql-k8s-operator/.tox/integration/lib/python3.10/site-packages/_pytest/runner.py\", line 159, in pytest_runtest_setup\n    item.session._setupstate.setup(item)\n  File \"/home/ubuntu/actions-runner/_work/test-runners-2-is-arm64-postgresql-k8s-operator/test-runners-2-is-arm64-postgresql-k8s-operator/.tox/integration/lib/python3.10/site-packages/_pytest/runner.py\", line 517, in setup\n    raise exc\n  File \"/home/ubuntu/actions-runner/_work/test-runners-2-is-arm64-postgresql-k8s-operator/test-runners-2-is-arm64-postgresql-k8s-operator/.tox/integration/lib/python3.10/site-packages/_pytest/runner.py\", line 514, in setup\n    col.setup()\n  File \"/home/ubuntu/actions-runner/_work/test-runners-2-is-arm64-postgresql-k8s-operator/test-runners-2-is-arm64-postgresql-k8s-operator/.tox/integration/lib/python3.10/site-packages/_pytest/python.py\", line 1635, in setup\n    self._request._fillfixtures()\n  File \"/home/ubuntu/actions-runner/_work/test-runners-2-is-arm64-postgresql-k8s-operator/test-runners-2-is-arm64-postgresql-k8s-operator/.tox/integration/lib/python3.10/site-packages/_pytest/fixtures.py\", line 686, in _fillfixtures\n    item.funcargs[argname] = self.getfixturevalue(argname)\n  File \"/home/ubuntu/actions-runner/_work/test-runners-2-is-arm64-postgresql-k8s-operator/test-runners-2-is-arm64-postgresql-k8s-operator/.tox/integration/lib/python3.10/site-packages/_pytest/fixtures.py\", line 521, in getfixturevalue\n    fixturedef = self._get_active_fixturedef(argname)\n  File \"/home/ubuntu/actions-runner/_work/test-runners-2-is-arm64-postgresql-k8s-operator/test-runners-2-is-arm64-postgresql-k8s-operator/.tox/integration/lib/python3.10/site-packages/_pytest/fixtures.py\", line 606, in _get_active_fixturedef\n    fixturedef.execute(request=subrequest)\n  File \"/home/ubuntu/actions-runner/_work/test-runners-2-is-arm64-postgresql-k8s-operator/test-runners-2-is-arm64-postgresql-k8s-operator/.tox/integration/lib/python3.10/site-packages/_pytest/fixtures.py\", line 1076, in execute\n    result = ihook.pytest_fixture_setup(fixturedef=self, request=request)\n  File \"/home/ubuntu/actions-runner/_work/test-runners-2-is-arm64-postgresql-k8s-operator/test-runners-2-is-arm64-postgresql-k8s-operator/.tox/integration/lib/python3.10/site-packages/pluggy/_hooks.py\", line 513, in __call__\n    return self._hookexec(self.name, self._hookimpls.copy(), kwargs, firstresult)\n  File \"/home/ubuntu/actions-runner/_work/test-runners-2-is-arm64-postgresql-k8s-operator/test-runners-2-is-arm64-postgresql-k8s-operator/.tox/integration/lib/python3.10/site-packages/pluggy/_manager.py\", line 120, in _hookexec\n    return self._inner_hookexec(hook_name, methods, kwargs, firstresult)\n  File \"/home/ubuntu/actions-runner/_work/test-runners-2-is-arm64-postgresql-k8s-operator/test-runners-2-is-arm64-postgresql-k8s-operator/.tox/integration/lib/python3.10/site-packages/pluggy/_callers.py\", line 182, in _multicall\n    return outcome.get_result()\n  File \"/home/ubuntu/actions-runner/_work/test-runners-2-is-arm64-postgresql-k8s-operator/test-runners-2-is-arm64-postgresql-k8s-operator/.tox/integration/lib/python3.10/site-packages/pluggy/_result.py\", line 100, in get_result\n    raise exc.with_traceback(exc.__traceback__)\n  File \"/home/ubuntu/actions-runner/_work/test-runners-2-is-arm64-postgresql-k8s-operator/test-runners-2-is-arm64-postgresql-k8s-operator/.tox/integration/lib/python3.10/site-packages/pluggy/_callers.py\", line 167, in _multicall\n    teardown.throw(outcome._exception)\n  File \"/home/ubuntu/actions-runner/_work/test-runners-2-is-arm64-postgresql-k8s-operator/test-runners-2-is-arm64-postgresql-k8s-operator/.tox/integration/lib/python3.10/site-packages/_pytest/setuponly.py\", line 36, in pytest_fixture_setup\n    return (yield)\n  File \"/home/ubuntu/actions-runner/_work/test-runners-2-is-arm64-postgresql-k8s-operator/test-runners-2-is-arm64-postgresql-k8s-operator/.tox/integration/lib/python3.10/site-packages/pluggy/_callers.py\", line 103, in _multicall\n    res = hook_impl.function(*args)\n  File \"/home/ubuntu/actions-runner/_work/test-runners-2-is-arm64-postgresql-k8s-operator/test-runners-2-is-arm64-postgresql-k8s-operator/.tox/integration/lib/python3.10/site-packages/_pytest/fixtures.py\", line 1125, in pytest_fixture_setup\n    result = call_fixture_func(fixturefunc, request, kwargs)\n  File \"/home/ubuntu/actions-runner/_work/test-runners-2-is-arm64-postgresql-k8s-operator/test-runners-2-is-arm64-postgresql-k8s-operator/.tox/integration/lib/python3.10/site-packages/_pytest/fixtures.py\", line 887, in call_fixture_func\n    fixture_result = fixturefunc(**kwargs)\n  File \"/home/ubuntu/actions-runner/_work/test-runners-2-is-arm64-postgresql-k8s-operator/test-runners-2-is-arm64-postgresql-k8s-operator/.tox/integration/lib/python3.10/site-packages/pytest_asyncio/plugin.py\", line 302, in _asyncgen_fixture_wrapper\n    result = event_loop.run_until_complete(setup())\n  File \"/usr/lib/python3.10/asyncio/base_events.py\", line 649, in run_until_complete\n    return future.result()\n  File \"/home/ubuntu/actions-runner/_work/test-runners-2-is-arm64-postgresql-k8s-operator/test-runners-2-is-arm64-postgresql-k8s-operator/.tox/integration/lib/python3.10/site-packages/pytest_asyncio/plugin.py\", line 284, in setup\n    res = await gen_obj.__anext__()\n  File \"/home/ubuntu/actions-runner/_work/test-runners-2-is-arm64-postgresql-k8s-operator/test-runners-2-is-arm64-postgresql-k8s-operator/tests/integration/ha_tests/conftest.py\", line 64, in primary_start_timeout\n    initial_primary_start_timeout = await get_patroni_setting(ops_test, \"primary_start_timeout\")\n  File \"/home/ubuntu/actions-runner/_work/test-runners-2-is-arm64-postgresql-k8s-operator/test-runners-2-is-arm64-postgresql-k8s-operator/tests/integration/ha_tests/helpers.py\", line 414, in get_patroni_setting\n    for attempt in Retrying(stop=stop_after_delay(30 * 2), wait=wait_fixed(3)):\n  File \"/home/ubuntu/actions-runner/_work/test-runners-2-is-arm64-postgresql-k8s-operator/test-runners-2-is-arm64-postgresql-k8s-operator/.tox/integration/lib/python3.10/site-packages/tenacity/__init__.py\", line 443, in __iter__\n    do = self.iter(retry_state=retry_state)\n  File \"/home/ubuntu/actions-runner/_work/test-runners-2-is-arm64-postgresql-k8s-operator/test-runners-2-is-arm64-postgresql-k8s-operator/.tox/integration/lib/python3.10/site-packages/tenacity/__init__.py\", line 376, in iter\n    result = action(retry_state)\n  File \"/home/ubuntu/actions-runner/_work/test-runners-2-is-arm64-postgresql-k8s-operator/test-runners-2-is-arm64-postgresql-k8s-operator/.tox/integration/lib/python3.10/site-packages/tenacity/__init__.py\", line 419, in exc_check\n    raise retry_exc from fut.exception()\ntenacity.RetryError: RetryError[<Future at 0xebaf30521390 state=finished raised RetryError>]","steps":[],"attachments":[{"uid":"af310228934056be","name":"log","source":"af310228934056be.txt","type":"text/plain","size":7602}],"parameters":[],"stepsCount":0,"shouldDisplayMessage":true,"attachmentsCount":1,"hasContent":true,"attachmentStep":false},"afterStages":[{"name":"ops_test::finalizer","time":{"start":1724809940632,"stop":1724809941745,"duration":1113},"status":"passed","steps":[],"attachments":[],"parameters":[],"stepsCount":0,"shouldDisplayMessage":false,"attachmentsCount":0,"hasContent":false,"attachmentStep":false},{"name":"event_loop::2","time":{"start":1724809941747,"stop":1724809941747,"duration":0},"status":"passed","steps":[],"attachments":[],"parameters":[],"stepsCount":0,"shouldDisplayMessage":false,"attachmentsCount":0,"hasContent":false,"attachmentStep":false},{"name":"event_loop::_close_event_loop","time":{"start":1724809941747,"stop":1724809941747,"duration":0},"status":"passed","steps":[],"attachments":[],"parameters":[],"stepsCount":0,"shouldDisplayMessage":false,"attachmentsCount":0,"hasContent":false,"attachmentStep":false},{"name":"event_loop::_provide_clean_event_loop","time":{"start":1724809941747,"stop":1724809941747,"duration":0},"status":"passed","steps":[],"attachments":[],"parameters":[],"stepsCount":0,"shouldDisplayMessage":false,"attachmentsCount":0,"hasContent":false,"attachmentStep":false}],"labels":[{"name":"tag","value":"group(1)"},{"name":"tag","value":"asyncio"},{"name":"parentSuite","value":"tests.integration.ha_tests"},{"name":"suite","value":"test_replication"},{"name":"host","value":"github-runner"},{"name":"thread","value":"20728-MainThread"},{"name":"framework","value":"pytest"},{"name":"language","value":"cpython3"},{"name":"package","value":"tests.integration.ha_tests.test_replication"},{"name":"resultFormat","value":"allure2"}],"parameters":[],"links":[],"hidden":false,"retry":false,"extra":{"severity":"normal","retries":[{"uid":"cac923d47b80fba4","status":"unknown","time":{}}],"categories":[{"name":"Test defects","matchedStatuses":[],"flaky":false}],"history":{"statistic":{"failed":0,"broken":27,"skipped":7,"passed":3,"unknown":40,"total":77},"items":[{"uid":"16e217291414d5a3","reportUrl":"../156//#testresult/16e217291414d5a3","status":"unknown","time":{}},{"uid":"5e1fb74e8e80a1c2","reportUrl":"../155//#testresult/5e1fb74e8e80a1c2","status":"unknown","time":{}},{"uid":"7812703fa57e1899","reportUrl":"../154//#testresult/7812703fa57e1899","status":"broken","statusDetails":"juju.errors.JujuAPIError: application \"postgresql-test-app\" has no \"first-database\" relation","time":{"start":1724550907059,"stop":1724550907138,"duration":79}},{"uid":"3efd8a879c57a573","reportUrl":"../153//#testresult/3efd8a879c57a573","status":"broken","statusDetails":"tenacity.RetryError: RetryError[<Future at 0xeb9dddf229b0 state=finished raised ConnectionClosedError>]","time":{"start":1724464379015,"stop":1724464379015,"duration":0}},{"uid":"4062acc6aacb4b37","reportUrl":"../152//#testresult/4062acc6aacb4b37","status":"broken","statusDetails":"tenacity.RetryError: RetryError[<Future at 0xfa7bd4a2bfd0 state=finished raised ConnectionClosedError>]","time":{"start":1724377895496,"stop":1724377895496,"duration":0}},{"uid":"4737c757d48ff080","reportUrl":"../151//#testresult/4737c757d48ff080","status":"broken","statusDetails":"juju.errors.JujuAPIError: application \"postgresql-test-app\" has no \"first-database\" relation","time":{"start":1724293109399,"stop":1724293109492,"duration":93}},{"uid":"b96b26d6fbe11e9c","reportUrl":"../150//#testresult/b96b26d6fbe11e9c","status":"unknown","time":{}},{"uid":"ef10e6cd6f47046a","reportUrl":"../149//#testresult/ef10e6cd6f47046a","status":"broken","statusDetails":"tenacity.RetryError: RetryError[<Future at 0xf1c003ab7b20 state=finished raised ConnectionClosedError>]","time":{"start":1724119388911,"stop":1724119388911,"duration":0}},{"uid":"783c3fd075bc432a","reportUrl":"../148//#testresult/783c3fd075bc432a","status":"broken","statusDetails":"juju.errors.JujuAPIError: application \"postgresql-test-app\" has no \"first-database\" relation","time":{"start":1724039562399,"stop":1724039562452,"duration":53}},{"uid":"81bfa6388268f509","reportUrl":"../147//#testresult/81bfa6388268f509","status":"broken","statusDetails":"tenacity.RetryError: RetryError[<Future at 0xffffa70a3ee0 state=finished raised RetryError>]","time":{"start":1723945731751,"stop":1723945731751,"duration":0}},{"uid":"390e0ebd77773804","reportUrl":"../146//#testresult/390e0ebd77773804","status":"broken","statusDetails":"juju.errors.JujuAPIError: application \"postgresql-test-app\" has no \"first-database\" relation","time":{"start":1723859709471,"stop":1723859709597,"duration":126}},{"uid":"be58b251fe1114b1","reportUrl":"../145//#testresult/be58b251fe1114b1","status":"unknown","time":{}},{"uid":"77c8f756fb7a66bc","reportUrl":"../144//#testresult/77c8f756fb7a66bc","status":"broken","statusDetails":"tenacity.RetryError: RetryError[<Future at 0xffffaed663e0 state=finished raised ConnectionClosedError>]","time":{"start":1723687049054,"stop":1723687049054,"duration":0}},{"uid":"1977863e5d0acf82","reportUrl":"../143//#testresult/1977863e5d0acf82","status":"broken","statusDetails":"tenacity.RetryError: RetryError[<Future at 0xffff82d6ba90 state=finished raised ConnectionClosedError>]","time":{"start":1723600825686,"stop":1723600825686,"duration":0}},{"uid":"e0c25600c80ff05b","reportUrl":"../142//#testresult/e0c25600c80ff05b","status":"unknown","time":{}},{"uid":"b5294f0de2768ac","reportUrl":"../141//#testresult/b5294f0de2768ac","status":"unknown","time":{}},{"uid":"fc498b7d345417e0","reportUrl":"../140//#testresult/fc498b7d345417e0","status":"unknown","time":{}},{"uid":"40bbcd057675f21d","reportUrl":"../139//#testresult/40bbcd057675f21d","status":"unknown","time":{}},{"uid":"65a5761cceffedc1","reportUrl":"../138//#testresult/65a5761cceffedc1","status":"broken","statusDetails":"juju.errors.JujuAPIError: application \"postgresql-test-app\" has no \"first-database\" relation","time":{"start":1723169184504,"stop":1723169184660,"duration":156}},{"uid":"bf6615a2d3050e35","reportUrl":"../137//#testresult/bf6615a2d3050e35","status":"unknown","time":{}}]},"tags":["asyncio","group(1)"]},"source":"f0a6c79b5f6966c9.json","parameterValues":[]}