[32mINFO    [0m pytest_operator.plugin:plugin.py:766 Connecting to existing model microk8s-localhost:test on unspecified cloud
[32mINFO    [0m juju.model:model.py:2098 Deploying ch:arm64/jammy/s3-integrator-32
[32mINFO    [0m juju.model:model.py:2098 Deploying ch:arm64/jammy/self-signed-certificates-201
[32mINFO    [0m juju.model:model.py:2098 Deploying local:jammy/postgresql-k8s-0
[33mWARNING [0m juju.model:model.py:1564 relate is deprecated and will be removed. Use integrate instead.
[32mINFO    [0m juju.model:model.py:2972 Waiting for model:
  postgresql-k8s-aws/0 [allocating] waiting: installing agent
  postgresql-k8s-aws/1 [allocating] waiting: installing agent
[32mINFO    [0m juju.model:model.py:2972 Waiting for model:
  postgresql-k8s-aws/0 [allocating] waiting: agent initialising
  postgresql-k8s-aws/1 [allocating] waiting: agent initialising
[32mINFO    [0m juju.model:model.py:2972 Waiting for model:
  postgresql-k8s-aws/0 [executing] unknown: 
  postgresql-k8s-aws/1 [executing] unknown: 
[32mINFO    [0m juju.model:model.py:2972 Waiting for model:
  postgresql-k8s-aws/0 [executing] waiting: awaiting for primary endpoint to be ready
  postgresql-k8s-aws/1 [executing] unknown: 
[32mINFO    [0m juju.model:model.py:2972 Waiting for model:
  postgresql-k8s-aws/0 [executing] waiting: awaiting for primary endpoint to be ready
  postgresql-k8s-aws/1 [executing] unknown: 
[32mINFO    [0m juju.model:model.py:2972 Waiting for model:
  postgresql-k8s-aws/0 [executing] waiting: awaiting for primary endpoint to be ready
  postgresql-k8s-aws/1 [executing] unknown: 
[32mINFO    [0m juju.model:model.py:2972 Waiting for model:
  postgresql-k8s-aws/0 [idle] waiting: awaiting for cluster to start
  postgresql-k8s-aws/1 [idle] unknown: 
[32mINFO    [0m juju.model:model.py:2972 Waiting for model:
  postgresql-k8s-aws/0 [idle] active: Primary
  postgresql-k8s-aws/1 [idle] unknown: 
[32mINFO    [0m juju.model:model.py:2972 Waiting for model:
  postgresql-k8s-aws/0 [idle] active: Primary
  postgresql-k8s-aws/1 [idle] waiting: awaiting for member to start
[32mINFO    [0m juju.model:model.py:2972 Waiting for model:
  postgresql-k8s-aws/0 [executing] active: Primary
  postgresql-k8s-aws/1 [idle] waiting: awaiting for member to start
[32mINFO    [0m juju.model:model.py:2972 Waiting for model:
  postgresql-k8s-aws/0 [executing] active: Primary
  postgresql-k8s-aws/1 [idle] waiting: awaiting for member to start
[32mINFO    [0m juju.model:model.py:2972 Waiting for model:
  postgresql-k8s-aws/0 [executing] active: 
  postgresql-k8s-aws/1 [idle] waiting: awaiting for member to start
[32mINFO    [0m juju.model:model.py:2972 Waiting for model:
  postgresql-k8s-aws/0 [executing] maintenance: Executing restart operation
  postgresql-k8s-aws/1 [idle] waiting: awaiting for member to start
[32mINFO    [0m juju.model:model.py:2972 Waiting for model:
  postgresql-k8s-aws/0 [idle] active: Primary
  postgresql-k8s-aws/1 [idle] waiting: awaiting for member to start
[32mINFO    [0m juju.model:model.py:2972 Waiting for model:
  postgresql-k8s-aws/0 [idle] maintenance: Executing restart operation
  postgresql-k8s-aws/1 [idle] active: 
[32mINFO    [0m juju.model:model.py:2972 Waiting for model:
  postgresql-k8s-aws/0 [idle] active: 
  postgresql-k8s-aws/1 [idle] active: 
[32mINFO    [0m juju.model:model.py:2972 Waiting for model:
  postgresql-k8s-aws/0 [idle] active: 
  postgresql-k8s-aws/1 [idle] active: 
[32mINFO    [0m juju.model:model.py:2972 Waiting for model:
  postgresql-k8s-aws/0 [idle] active: Primary
  postgresql-k8s-aws/1 [idle] active: 
[32mINFO    [0m juju.model:model.py:2972 Waiting for model:
  postgresql-k8s-aws/0 [idle] active: Primary
  postgresql-k8s-aws/1 [idle] active: 
[32mINFO    [0m juju.model:model.py:2972 Waiting for model:
  postgresql-k8s-aws/0 [idle] active: Primary
  postgresql-k8s-aws/1 [idle] active: 
[32mINFO    [0m juju.model:model.py:2972 Waiting for model:
  postgresql-k8s-aws/0 [idle] active: Primary
  postgresql-k8s-aws/1 [idle] maintenance: Executing restart operation
[33mWARNING [0m juju.model:model.py:1564 relate is deprecated and will be removed. Use integrate instead.
[32mINFO    [0m integration.test_backups_pitr:test_backups_pitr.py:123 configuring S3 integrator for aws
[32mINFO    [0m juju.model:model.py:2972 Waiting for model:
  postgresql-k8s-aws/0 [executing] active: Primary
  postgresql-k8s-aws/1 [executing] active: 
  s3-integrator/0 [executing] active: 
[32mINFO    [0m juju.model:model.py:2972 Waiting for model:
  postgresql-k8s-aws/0 [idle] maintenance: initialising stanza
  postgresql-k8s-aws/1 [idle] active: 
[32mINFO    [0m juju.model:model.py:2972 Waiting for model:
  postgresql-k8s-aws/0 [idle] maintenance: initialising stanza
  postgresql-k8s-aws/1 [idle] active: 
[32mINFO    [0m juju.model:model.py:2972 Waiting for model:
  postgresql-k8s-aws/0 [executing] maintenance: initialising stanza
  postgresql-k8s-aws/1 [idle] active: 
[32mINFO    [0m juju.model:model.py:2972 Waiting for model:
  postgresql-k8s-aws/0 [executing] maintenance: initialising stanza
  postgresql-k8s-aws/1 [executing] active: 
[32mINFO    [0m juju.model:model.py:2972 Waiting for model:
  postgresql-k8s-aws/0 [executing] active: Primary
  postgresql-k8s-aws/1 [executing] active: 
[32mINFO    [0m juju.model:model.py:2972 Waiting for model:
  postgresql-k8s-aws/0 [executing] maintenance: initialising stanza
  postgresql-k8s-aws/1 [executing] active: 
[32mINFO    [0m juju.model:model.py:2972 Waiting for model:
  postgresql-k8s-aws/0 [idle] active: Primary
  postgresql-k8s-aws/1 [idle] active: 
[32mINFO    [0m integration.test_backups_pitr:test_backups_pitr.py:144 creating a table in the database
[32mINFO    [0m juju.model:model.py:2972 Waiting for model:
  s3-integrator/0 [idle] active: 
  self-signed-certificates/0 [idle] active: 
  postgresql-k8s-aws/0 [idle] active: Primary
  postgresql-k8s-aws/1 [idle] active: 
[32mINFO    [0m integration.test_backups_pitr:test_backups_pitr.py:155 creating a backup
[32mINFO    [0m juju.model:model.py:2972 Waiting for model:
  s3-integrator/0 [idle] active: 
  self-signed-certificates/0 [idle] active: 
  postgresql-k8s-aws/0 [executing] active: Primary
  postgresql-k8s-aws/1 [idle] active: 
[32mINFO    [0m juju.model:model.py:2972 Waiting for model:
  postgresql-k8s-aws/0 [idle] active: Primary
[32mINFO    [0m integration.test_backups_pitr:test_backups_pitr.py:164 listing the available backups
[32mINFO    [0m juju.model:model.py:2972 Waiting for model:
  s3-integrator/0 [idle] active: 
  self-signed-certificates/0 [idle] active: 
  postgresql-k8s-aws/0 [idle] active: Primary
  postgresql-k8s-aws/1 [idle] active: 
[32mINFO    [0m integration.test_backups_pitr:test_backups_pitr.py:173 creating after-backup data in the database
[32mINFO    [0m juju.model:model.py:2972 Waiting for model:
  postgresql-k8s-aws (waiting for exactly 1 units, current : 2)
[32mINFO    [0m juju.model:model.py:2972 Waiting for model:
  postgresql-k8s-aws (waiting for exactly 1 units, current : 2)
[32mINFO    [0m juju.model:model.py:2972 Waiting for model:
  postgresql-k8s-aws/0 [idle] active: Primary
[32mINFO    [0m juju.model:model.py:2972 Waiting for model:
  postgresql-k8s-aws/0 [executing] active: Primary
[32mINFO    [0m integration.test_backups_pitr:test_backups_pitr.py:203 restoring the backup with bad restore-to-time parameter
[32mINFO    [0m integration.test_backups_pitr:test_backups_pitr.py:213 restoring the backup with unreachable restore-to-time parameter
[32mINFO    [0m integration.test_backups_pitr:test_backups_pitr.py:218 waiting for the database charm to become blocked
[32mINFO    [0m integration.test_backups_pitr:test_backups_pitr.py:225 database charm become in blocked state, as supposed to be with unreachable PITR parameter
[32mINFO    [0m integration.test_backups_pitr:test_backups_pitr.py:234 restoring the backup
[32mINFO    [0m integration.test_backups_pitr:test_backups_pitr.py:253 checking that the backup was correctly restored
[32mINFO    [0m juju.model:model.py:2972 Waiting for model:
  s3-integrator/0 [idle] active: 
  self-signed-certificates/0 [idle] active: 
  postgresql-k8s-aws/0 [executing] blocked: Move restored cluster to another S3 bucket
[32mINFO    [0m juju.model:model.py:2972 Waiting for model:
  postgresql-k8s-aws/0 [executing] active:
[32mINFO    [0m integration.test_backups_pitr:test_backups_pitr.py:79 deleting the previously created backups
[32mINFO    [0m pytest_operator.plugin:plugin.py:903 Model status:

Model  Controller          Cloud/Region        Version  SLA          Timestamp
test   microk8s-localhost  microk8s/localhost  3.4.5    unsupported  01:59:54Z

App            Version  Status  Scale  Charm          Channel        Rev  Address         Exposed  Message
s3-integrator           active      1  s3-integrator  latest/stable   32  10.152.183.196  no       

Unit              Workload  Agent  Address    Ports  Message
s3-integrator/0*  active    idle   10.1.53.8         

[32mINFO    [0m pytest_operator.plugin:plugin.py:909 Juju error logs:

unit-postgresql-k8s-aws-1: 01:36:18 ERROR unit.postgresql-k8s-aws/1.juju-log certificates:4: Cannot push TLS certificates: <ops.pebble.ConnectionError ("Could not connect to Pebble: socket not found at '/charm/containers/postgresql/pebble.socket' (container restarted?)",)>
unit-postgresql-k8s-aws-1: 01:36:20 ERROR unit.postgresql-k8s-aws/1.juju-log Cannot push TLS certificates: <ops.pebble.ConnectionError ("Could not connect to Pebble: socket not found at '/charm/containers/postgresql/pebble.socket' (container restarted?)",)>
unit-postgresql-k8s-aws-1: 01:36:23 ERROR unit.postgresql-k8s-aws/1.juju-log Cannot push TLS certificates: <ops.pebble.ConnectionError ("Could not connect to Pebble: socket not found at '/charm/containers/postgresql/pebble.socket' (container restarted?)",)>
unit-postgresql-k8s-aws-1: 01:36:26 ERROR unit.postgresql-k8s-aws/1.juju-log Cannot push TLS certificates: <ops.pebble.ConnectionError ("Could not connect to Pebble: socket not found at '/charm/containers/postgresql/pebble.socket' (container restarted?)",)>
unit-postgresql-k8s-aws-1: 01:36:28 ERROR unit.postgresql-k8s-aws/1.juju-log Cannot push TLS certificates: <ops.pebble.ConnectionError ("Could not connect to Pebble: socket not found at '/charm/containers/postgresql/pebble.socket' (container restarted?)",)>
unit-postgresql-k8s-aws-1: 01:36:31 ERROR unit.postgresql-k8s-aws/1.juju-log Cannot push TLS certificates: <ops.pebble.ConnectionError ("Could not connect to Pebble: socket not found at '/charm/containers/postgresql/pebble.socket' (container restarted?)",)>
unit-postgresql-k8s-aws-1: 01:36:34 ERROR unit.postgresql-k8s-aws/1.juju-log Cannot push TLS certificates: <ops.pebble.ConnectionError ("Could not connect to Pebble: socket not found at '/charm/containers/postgresql/pebble.socket' (container restarted?)",)>
unit-postgresql-k8s-aws-1: 01:36:36 ERROR unit.postgresql-k8s-aws/1.juju-log Cannot push TLS certificates: <ops.pebble.ConnectionError ("Could not connect to Pebble: socket not found at '/charm/containers/postgresql/pebble.socket' (container restarted?)",)>
unit-postgresql-k8s-aws-1: 01:36:39 ERROR unit.postgresql-k8s-aws/1.juju-log Cannot push TLS certificates: <ops.pebble.ConnectionError ("Could not connect to Pebble: socket not found at '/charm/containers/postgresql/pebble.socket' (container restarted?)",)>
unit-postgresql-k8s-aws-1: 01:36:42 ERROR unit.postgresql-k8s-aws/1.juju-log Cannot push TLS certificates: <ops.pebble.ConnectionError ("Could not connect to Pebble: socket not found at '/charm/containers/postgresql/pebble.socket' (container restarted?)",)>
unit-postgresql-k8s-aws-1: 01:36:45 ERROR unit.postgresql-k8s-aws/1.juju-log Cannot push TLS certificates: <ops.pebble.ConnectionError ("Could not connect to Pebble: socket not found at '/charm/containers/postgresql/pebble.socket' (container restarted?)",)>
unit-postgresql-k8s-aws-1: 01:36:48 ERROR unit.postgresql-k8s-aws/1.juju-log Cannot push TLS certificates: <ops.pebble.ConnectionError ("Could not connect to Pebble: socket not found at '/charm/containers/postgresql/pebble.socket' (container restarted?)",)>
unit-postgresql-k8s-aws-1: 01:36:51 ERROR unit.postgresql-k8s-aws/1.juju-log Cannot push TLS certificates: <ops.pebble.ConnectionError ("Could not connect to Pebble: socket not found at '/charm/containers/postgresql/pebble.socket' (container restarted?)",)>
unit-postgresql-k8s-aws-1: 01:36:54 ERROR unit.postgresql-k8s-aws/1.juju-log Cannot push TLS certificates: <ops.pebble.ConnectionError ("Could not connect to Pebble: socket not found at '/charm/containers/postgresql/pebble.socket' (container restarted?)",)>
unit-postgresql-k8s-aws-1: 01:36:57 ERROR unit.postgresql-k8s-aws/1.juju-log Cannot push TLS certificates: <ops.pebble.ConnectionError ("Could not connect to Pebble: socket not found at '/charm/containers/postgresql/pebble.socket' (container restarted?)",)>
unit-postgresql-k8s-aws-1: 01:41:19 ERROR unit.postgresql-k8s-aws/1.juju-log database-peers:1: failed to change plugins: 
Traceback (most recent call last):
  File "/var/lib/juju/agents/unit-postgresql-k8s-aws-1/charm/lib/charms/postgresql_k8s/v0/postgresql.py", line 326, in enable_disable_extensions
    with self._connect_to_database() as connection, connection.cursor() as cursor:
  File "/var/lib/juju/agents/unit-postgresql-k8s-aws-1/charm/lib/charms/tempo_k8s/v1/charm_tracing.py", line 735, in wrapped_function
    return callable(*args, **kwargs)  # type: ignore
  File "/var/lib/juju/agents/unit-postgresql-k8s-aws-1/charm/lib/charms/postgresql_k8s/v0/postgresql.py", line 150, in _connect_to_database
    connection = psycopg2.connect(
  File "/var/lib/juju/agents/unit-postgresql-k8s-aws-1/charm/venv/psycopg2/__init__.py", line 122, in connect
    conn = _connect(dsn, connection_factory=connection_factory, **kwasync)
psycopg2.OperationalError: connection to server at "postgresql-k8s-aws-primary.test.svc.cluster.local" (10.152.183.26), port 5432 failed: Connection refused
	Is the server running on that host and accepting TCP/IP connections?


During handling of the above exception, another exception occurred:

Traceback (most recent call last):
  File "/var/lib/juju/agents/unit-postgresql-k8s-aws-1/charm/./src/charm.py", line 707, in _handle_enable_disable_extensions
    self.postgresql.enable_disable_extensions(extensions, database)
  File "/var/lib/juju/agents/unit-postgresql-k8s-aws-1/charm/lib/charms/tempo_k8s/v1/charm_tracing.py", line 735, in wrapped_function
    return callable(*args, **kwargs)  # type: ignore
  File "/var/lib/juju/agents/unit-postgresql-k8s-aws-1/charm/lib/charms/postgresql_k8s/v0/postgresql.py", line 353, in enable_disable_extensions
    raise PostgreSQLEnableDisableExtensionError()
charms.postgresql_k8s.v0.postgresql.PostgreSQLEnableDisableExtensionError
unit-postgresql-k8s-aws-0: 01:53:20 ERROR unit.postgresql-k8s-aws/0.juju-log Restore failed: Bad restore-to-time format
unit-postgresql-k8s-aws-0: 01:54:35 ERROR unit.postgresql-k8s-aws/0.juju-log Kubernetes service get failed: services "postgresql-k8s-aws" not found
unit-postgresql-k8s-aws-0: 01:54:35 ERROR unit.postgresql-k8s-aws/0.juju-log Kubernetes service patch failed: services "postgresql-k8s-aws" not found
unit-postgresql-k8s-aws-0: 01:55:09 ERROR unit.postgresql-k8s-aws/0.juju-log Kubernetes service get failed: services "postgresql-k8s-aws" not found
unit-postgresql-k8s-aws-0: 01:55:09 ERROR unit.postgresql-k8s-aws/0.juju-log Kubernetes service patch failed: services "postgresql-k8s-aws" not found
unit-postgresql-k8s-aws-0: 01:55:44 ERROR unit.postgresql-k8s-aws/0.juju-log Kubernetes service get failed: services "postgresql-k8s-aws" not found
unit-postgresql-k8s-aws-0: 01:55:44 ERROR unit.postgresql-k8s-aws/0.juju-log Kubernetes service patch failed: services "postgresql-k8s-aws" not found
unit-postgresql-k8s-aws-0: 01:55:47 ERROR unit.postgresql-k8s-aws/0.juju-log pgdata folder not found in /var/lib/postgresql/data/pgdata
unit-postgresql-k8s-aws-0: 01:55:50 ERROR unit.postgresql-k8s-aws/0.juju-log Restore failed: database service failed to reach point-in-time-recovery target. You can launch another restore with different parameters
unit-postgresql-k8s-aws-0: 01:55:50 ERROR unit.postgresql-k8s-aws/0.juju-log Kubernetes service get failed: services "postgresql-k8s-aws" not found
unit-postgresql-k8s-aws-0: 01:55:50 ERROR unit.postgresql-k8s-aws/0.juju-log Kubernetes service patch failed: services "postgresql-k8s-aws" not found
unit-postgresql-k8s-aws-0: 01:56:14 ERROR unit.postgresql-k8s-aws/0.juju-log Kubernetes service get failed: services "postgresql-k8s-aws" not found
unit-postgresql-k8s-aws-0: 01:56:14 ERROR unit.postgresql-k8s-aws/0.juju-log Kubernetes service patch failed: services "postgresql-k8s-aws" not found
unit-postgresql-k8s-aws-0: 01:56:24 ERROR unit.postgresql-k8s-aws/0.juju-log Kubernetes service get failed: services "postgresql-k8s-aws" not found
unit-postgresql-k8s-aws-0: 01:56:24 ERROR unit.postgresql-k8s-aws/0.juju-log Kubernetes service patch failed: services "postgresql-k8s-aws" not found
unit-postgresql-k8s-aws-0: 01:56:34 ERROR unit.postgresql-k8s-aws/0.juju-log Kubernetes service get failed: services "postgresql-k8s-aws" not found
unit-postgresql-k8s-aws-0: 01:56:34 ERROR unit.postgresql-k8s-aws/0.juju-log Kubernetes service patch failed: services "postgresql-k8s-aws" not found
unit-postgresql-k8s-aws-0: 01:56:45 ERROR unit.postgresql-k8s-aws/0.juju-log Kubernetes service get failed: services "postgresql-k8s-aws" not found
unit-postgresql-k8s-aws-0: 01:56:45 ERROR unit.postgresql-k8s-aws/0.juju-log Kubernetes service patch failed: services "postgresql-k8s-aws" not found
unit-postgresql-k8s-aws-0: 01:56:56 ERROR unit.postgresql-k8s-aws/0.juju-log Kubernetes service get failed: services "postgresql-k8s-aws" not found
unit-postgresql-k8s-aws-0: 01:56:56 ERROR unit.postgresql-k8s-aws/0.juju-log Kubernetes service patch failed: services "postgresql-k8s-aws" not found
unit-postgresql-k8s-aws-0: 01:57:06 ERROR unit.postgresql-k8s-aws/0.juju-log Kubernetes service get failed: services "postgresql-k8s-aws" not found
unit-postgresql-k8s-aws-0: 01:57:06 ERROR unit.postgresql-k8s-aws/0.juju-log Kubernetes service patch failed: services "postgresql-k8s-aws" not found
unit-postgresql-k8s-aws-0: 01:57:16 ERROR unit.postgresql-k8s-aws/0.juju-log Kubernetes service get failed: services "postgresql-k8s-aws" not found
unit-postgresql-k8s-aws-0: 01:57:16 ERROR unit.postgresql-k8s-aws/0.juju-log Kubernetes service patch failed: services "postgresql-k8s-aws" not found
unit-postgresql-k8s-aws-0: 01:57:24 ERROR unit.postgresql-k8s-aws/0.juju-log Kubernetes service get failed: services "postgresql-k8s-aws" not found
unit-postgresql-k8s-aws-0: 01:57:24 ERROR unit.postgresql-k8s-aws/0.juju-log Kubernetes service patch failed: services "postgresql-k8s-aws" not found
unit-postgresql-k8s-aws-0: 01:57:33 ERROR unit.postgresql-k8s-aws/0.juju-log Kubernetes service get failed: services "postgresql-k8s-aws" not found
unit-postgresql-k8s-aws-0: 01:57:33 ERROR unit.postgresql-k8s-aws/0.juju-log Kubernetes service patch failed: services "postgresql-k8s-aws" not found
unit-postgresql-k8s-aws-0: 01:57:44 ERROR unit.postgresql-k8s-aws/0.juju-log Kubernetes service get failed: services "postgresql-k8s-aws" not found
unit-postgresql-k8s-aws-0: 01:57:44 ERROR unit.postgresql-k8s-aws/0.juju-log Kubernetes service patch failed: services "postgresql-k8s-aws" not found
unit-postgresql-k8s-aws-0: 01:58:00 ERROR unit.postgresql-k8s-aws/0.juju-log Kubernetes service get failed: services "postgresql-k8s-aws" not found
unit-postgresql-k8s-aws-0: 01:58:00 ERROR unit.postgresql-k8s-aws/0.juju-log Kubernetes service patch failed: services "postgresql-k8s-aws" not found
unit-postgresql-k8s-aws-0: 01:58:46 ERROR unit.postgresql-k8s-aws/0.juju-log Kubernetes service get failed: services "postgresql-k8s-aws" not found
unit-postgresql-k8s-aws-0: 01:58:46 ERROR unit.postgresql-k8s-aws/0.juju-log Kubernetes service patch failed: services "postgresql-k8s-aws" not found
unit-postgresql-k8s-aws-0: 01:58:55 ERROR unit.postgresql-k8s-aws/0.juju-log Kubernetes service get failed: services "postgresql-k8s-aws" not found
unit-postgresql-k8s-aws-0: 01:58:55 ERROR unit.postgresql-k8s-aws/0.juju-log Kubernetes service patch failed: services "postgresql-k8s-aws" not found
controller-0: 01:59:03 ERROR juju.worker.caasapplicationprovisioner.runner exited "postgresql-k8s-aws": getting OCI image resources: unable to fetch OCI image resources for postgresql-k8s-aws: application "postgresql-k8s-aws" dying or dead
unit-postgresql-k8s-aws-0: 01:59:04 ERROR unit.postgresql-k8s-aws/0.juju-log Kubernetes service get failed: services "postgresql-k8s-aws" not found
unit-postgresql-k8s-aws-0: 01:59:04 ERROR unit.postgresql-k8s-aws/0.juju-log Kubernetes service patch failed: services "postgresql-k8s-aws" not found

[32mINFO    [0m pytest_operator.plugin:plugin.py:991 Forgetting model main...