{"uid":"7b828cdec351455d","name":"test_exporter_is_up[2]","fullName":"tests.integration.test_charm#test_exporter_is_up","historyId":"770fd59a8ae273e6dd527894d16a9c09","time":{"start":1725934234628,"stop":1725934234628,"duration":0},"status":"skipped","statusMessage":"XFAIL reason: aborted\n\n_pytest.outcomes.XFailed: aborted","statusTrace":"Traceback (most recent call last):\n  File \"/home/ubuntu/actions-runner/_work/test-runners-2-is-arm64-postgresql-k8s-operator/test-runners-2-is-arm64-postgresql-k8s-operator/.tox/integration/lib/python3.10/site-packages/_pytest/runner.py\", line 341, in from_call\n    result: Optional[TResult] = func()\n  File \"/home/ubuntu/actions-runner/_work/test-runners-2-is-arm64-postgresql-k8s-operator/test-runners-2-is-arm64-postgresql-k8s-operator/.tox/integration/lib/python3.10/site-packages/_pytest/runner.py\", line 241, in <lambda>\n    lambda: runtest_hook(item=item, **kwds), when=when, reraise=reraise\n  File \"/home/ubuntu/actions-runner/_work/test-runners-2-is-arm64-postgresql-k8s-operator/test-runners-2-is-arm64-postgresql-k8s-operator/.tox/integration/lib/python3.10/site-packages/pluggy/_hooks.py\", line 513, in __call__\n    return self._hookexec(self.name, self._hookimpls.copy(), kwargs, firstresult)\n  File \"/home/ubuntu/actions-runner/_work/test-runners-2-is-arm64-postgresql-k8s-operator/test-runners-2-is-arm64-postgresql-k8s-operator/.tox/integration/lib/python3.10/site-packages/pluggy/_manager.py\", line 120, in _hookexec\n    return self._inner_hookexec(hook_name, methods, kwargs, firstresult)\n  File \"/home/ubuntu/actions-runner/_work/test-runners-2-is-arm64-postgresql-k8s-operator/test-runners-2-is-arm64-postgresql-k8s-operator/.tox/integration/lib/python3.10/site-packages/pluggy/_callers.py\", line 182, in _multicall\n    return outcome.get_result()\n  File \"/home/ubuntu/actions-runner/_work/test-runners-2-is-arm64-postgresql-k8s-operator/test-runners-2-is-arm64-postgresql-k8s-operator/.tox/integration/lib/python3.10/site-packages/pluggy/_result.py\", line 100, in get_result\n    raise exc.with_traceback(exc.__traceback__)\n  File \"/home/ubuntu/actions-runner/_work/test-runners-2-is-arm64-postgresql-k8s-operator/test-runners-2-is-arm64-postgresql-k8s-operator/.tox/integration/lib/python3.10/site-packages/pluggy/_callers.py\", line 167, in _multicall\n    teardown.throw(outcome._exception)\n  File \"/home/ubuntu/actions-runner/_work/test-runners-2-is-arm64-postgresql-k8s-operator/test-runners-2-is-arm64-postgresql-k8s-operator/.tox/integration/lib/python3.10/site-packages/_pytest/unraisableexception.py\", line 85, in pytest_runtest_setup\n    yield from unraisable_exception_runtest_hook()\n  File \"/home/ubuntu/actions-runner/_work/test-runners-2-is-arm64-postgresql-k8s-operator/test-runners-2-is-arm64-postgresql-k8s-operator/.tox/integration/lib/python3.10/site-packages/_pytest/unraisableexception.py\", line 65, in unraisable_exception_runtest_hook\n    yield\n  File \"/home/ubuntu/actions-runner/_work/test-runners-2-is-arm64-postgresql-k8s-operator/test-runners-2-is-arm64-postgresql-k8s-operator/.tox/integration/lib/python3.10/site-packages/pluggy/_callers.py\", line 167, in _multicall\n    teardown.throw(outcome._exception)\n  File \"/home/ubuntu/actions-runner/_work/test-runners-2-is-arm64-postgresql-k8s-operator/test-runners-2-is-arm64-postgresql-k8s-operator/.tox/integration/lib/python3.10/site-packages/_pytest/logging.py\", line 844, in pytest_runtest_setup\n    yield from self._runtest_for(item, \"setup\")\n  File \"/home/ubuntu/actions-runner/_work/test-runners-2-is-arm64-postgresql-k8s-operator/test-runners-2-is-arm64-postgresql-k8s-operator/.tox/integration/lib/python3.10/site-packages/_pytest/logging.py\", line 833, in _runtest_for\n    yield\n  File \"/home/ubuntu/actions-runner/_work/test-runners-2-is-arm64-postgresql-k8s-operator/test-runners-2-is-arm64-postgresql-k8s-operator/.tox/integration/lib/python3.10/site-packages/pluggy/_callers.py\", line 167, in _multicall\n    teardown.throw(outcome._exception)\n  File \"/home/ubuntu/actions-runner/_work/test-runners-2-is-arm64-postgresql-k8s-operator/test-runners-2-is-arm64-postgresql-k8s-operator/.tox/integration/lib/python3.10/site-packages/_pytest/capture.py\", line 873, in pytest_runtest_setup\n    return (yield)\n  File \"/home/ubuntu/actions-runner/_work/test-runners-2-is-arm64-postgresql-k8s-operator/test-runners-2-is-arm64-postgresql-k8s-operator/.tox/integration/lib/python3.10/site-packages/pluggy/_callers.py\", line 167, in _multicall\n    teardown.throw(outcome._exception)\n  File \"/home/ubuntu/actions-runner/_work/test-runners-2-is-arm64-postgresql-k8s-operator/test-runners-2-is-arm64-postgresql-k8s-operator/.tox/integration/lib/python3.10/site-packages/_pytest/threadexception.py\", line 82, in pytest_runtest_setup\n    yield from thread_exception_runtest_hook()\n  File \"/home/ubuntu/actions-runner/_work/test-runners-2-is-arm64-postgresql-k8s-operator/test-runners-2-is-arm64-postgresql-k8s-operator/.tox/integration/lib/python3.10/site-packages/_pytest/threadexception.py\", line 63, in thread_exception_runtest_hook\n    yield\n  File \"/home/ubuntu/actions-runner/_work/test-runners-2-is-arm64-postgresql-k8s-operator/test-runners-2-is-arm64-postgresql-k8s-operator/.tox/integration/lib/python3.10/site-packages/pluggy/_callers.py\", line 103, in _multicall\n    res = hook_impl.function(*args)\n  File \"/home/ubuntu/actions-runner/_work/test-runners-2-is-arm64-postgresql-k8s-operator/test-runners-2-is-arm64-postgresql-k8s-operator/.tox/integration/lib/python3.10/site-packages/_pytest/runner.py\", line 159, in pytest_runtest_setup\n    item.session._setupstate.setup(item)\n  File \"/home/ubuntu/actions-runner/_work/test-runners-2-is-arm64-postgresql-k8s-operator/test-runners-2-is-arm64-postgresql-k8s-operator/.tox/integration/lib/python3.10/site-packages/_pytest/runner.py\", line 517, in setup\n    raise exc\n  File \"/home/ubuntu/actions-runner/_work/test-runners-2-is-arm64-postgresql-k8s-operator/test-runners-2-is-arm64-postgresql-k8s-operator/.tox/integration/lib/python3.10/site-packages/_pytest/runner.py\", line 514, in setup\n    col.setup()\n  File \"/home/ubuntu/actions-runner/_work/test-runners-2-is-arm64-postgresql-k8s-operator/test-runners-2-is-arm64-postgresql-k8s-operator/.tox/integration/lib/python3.10/site-packages/_pytest/python.py\", line 1635, in setup\n    self._request._fillfixtures()\n  File \"/home/ubuntu/actions-runner/_work/test-runners-2-is-arm64-postgresql-k8s-operator/test-runners-2-is-arm64-postgresql-k8s-operator/.tox/integration/lib/python3.10/site-packages/_pytest/fixtures.py\", line 686, in _fillfixtures\n    item.funcargs[argname] = self.getfixturevalue(argname)\n  File \"/home/ubuntu/actions-runner/_work/test-runners-2-is-arm64-postgresql-k8s-operator/test-runners-2-is-arm64-postgresql-k8s-operator/.tox/integration/lib/python3.10/site-packages/_pytest/fixtures.py\", line 521, in getfixturevalue\n    fixturedef = self._get_active_fixturedef(argname)\n  File \"/home/ubuntu/actions-runner/_work/test-runners-2-is-arm64-postgresql-k8s-operator/test-runners-2-is-arm64-postgresql-k8s-operator/.tox/integration/lib/python3.10/site-packages/_pytest/fixtures.py\", line 606, in _get_active_fixturedef\n    fixturedef.execute(request=subrequest)\n  File \"/home/ubuntu/actions-runner/_work/test-runners-2-is-arm64-postgresql-k8s-operator/test-runners-2-is-arm64-postgresql-k8s-operator/.tox/integration/lib/python3.10/site-packages/_pytest/fixtures.py\", line 1076, in execute\n    result = ihook.pytest_fixture_setup(fixturedef=self, request=request)\n  File \"/home/ubuntu/actions-runner/_work/test-runners-2-is-arm64-postgresql-k8s-operator/test-runners-2-is-arm64-postgresql-k8s-operator/.tox/integration/lib/python3.10/site-packages/pluggy/_hooks.py\", line 513, in __call__\n    return self._hookexec(self.name, self._hookimpls.copy(), kwargs, firstresult)\n  File \"/home/ubuntu/actions-runner/_work/test-runners-2-is-arm64-postgresql-k8s-operator/test-runners-2-is-arm64-postgresql-k8s-operator/.tox/integration/lib/python3.10/site-packages/pluggy/_manager.py\", line 120, in _hookexec\n    return self._inner_hookexec(hook_name, methods, kwargs, firstresult)\n  File \"/home/ubuntu/actions-runner/_work/test-runners-2-is-arm64-postgresql-k8s-operator/test-runners-2-is-arm64-postgresql-k8s-operator/.tox/integration/lib/python3.10/site-packages/pluggy/_callers.py\", line 182, in _multicall\n    return outcome.get_result()\n  File \"/home/ubuntu/actions-runner/_work/test-runners-2-is-arm64-postgresql-k8s-operator/test-runners-2-is-arm64-postgresql-k8s-operator/.tox/integration/lib/python3.10/site-packages/pluggy/_result.py\", line 100, in get_result\n    raise exc.with_traceback(exc.__traceback__)\n  File \"/home/ubuntu/actions-runner/_work/test-runners-2-is-arm64-postgresql-k8s-operator/test-runners-2-is-arm64-postgresql-k8s-operator/.tox/integration/lib/python3.10/site-packages/pluggy/_callers.py\", line 167, in _multicall\n    teardown.throw(outcome._exception)\n  File \"/home/ubuntu/actions-runner/_work/test-runners-2-is-arm64-postgresql-k8s-operator/test-runners-2-is-arm64-postgresql-k8s-operator/.tox/integration/lib/python3.10/site-packages/_pytest/setuponly.py\", line 36, in pytest_fixture_setup\n    return (yield)\n  File \"/home/ubuntu/actions-runner/_work/test-runners-2-is-arm64-postgresql-k8s-operator/test-runners-2-is-arm64-postgresql-k8s-operator/.tox/integration/lib/python3.10/site-packages/pluggy/_callers.py\", line 103, in _multicall\n    res = hook_impl.function(*args)\n  File \"/home/ubuntu/actions-runner/_work/test-runners-2-is-arm64-postgresql-k8s-operator/test-runners-2-is-arm64-postgresql-k8s-operator/.tox/integration/lib/python3.10/site-packages/_pytest/fixtures.py\", line 1125, in pytest_fixture_setup\n    result = call_fixture_func(fixturefunc, request, kwargs)\n  File \"/home/ubuntu/actions-runner/_work/test-runners-2-is-arm64-postgresql-k8s-operator/test-runners-2-is-arm64-postgresql-k8s-operator/.tox/integration/lib/python3.10/site-packages/_pytest/fixtures.py\", line 880, in call_fixture_func\n    fixture_result = next(generator)\n  File \"/home/ubuntu/actions-runner/_work/test-runners-2-is-arm64-postgresql-k8s-operator/test-runners-2-is-arm64-postgresql-k8s-operator/.tox/integration/lib/python3.10/site-packages/pytest_operator/plugin.py\", line 228, in abort_on_fail\n    pytest.xfail(\"aborted\")\n  File \"/home/ubuntu/actions-runner/_work/test-runners-2-is-arm64-postgresql-k8s-operator/test-runners-2-is-arm64-postgresql-k8s-operator/.tox/integration/lib/python3.10/site-packages/_pytest/outcomes.py\", line 205, in xfail\n    raise XFailed(reason)\n_pytest.outcomes.XFailed: aborted","flaky":false,"newFailed":false,"newBroken":false,"newPassed":false,"retriesCount":1,"retriesStatusChange":true,"beforeStages":[{"name":"event_loop","time":{"start":1725934117430,"stop":1725934117431,"duration":1},"status":"passed","steps":[],"attachments":[],"parameters":[],"stepsCount":0,"shouldDisplayMessage":false,"attachmentsCount":0,"hasContent":false,"attachmentStep":false},{"name":"ops_test","time":{"start":1725934117432,"stop":1725934118871,"duration":1439},"status":"passed","steps":[],"attachments":[],"parameters":[],"stepsCount":0,"shouldDisplayMessage":false,"attachmentsCount":0,"hasContent":false,"attachmentStep":false},{"name":"tmp_path_factory","time":{"start":1725934117432,"stop":1725934117432,"duration":0},"status":"passed","steps":[],"attachments":[],"parameters":[],"stepsCount":0,"shouldDisplayMessage":false,"attachmentsCount":0,"hasContent":false,"attachmentStep":false},{"name":"abort_on_fail","time":{"start":1725934234629,"stop":1725934234640,"duration":11},"status":"failed","statusMessage":"_pytest.outcomes.XFailed: aborted\n","statusTrace":"  File \"/home/ubuntu/actions-runner/_work/test-runners-2-is-arm64-postgresql-k8s-operator/test-runners-2-is-arm64-postgresql-k8s-operator/.tox/integration/lib/python3.10/site-packages/pluggy/_callers.py\", line 167, in _multicall\n    teardown.throw(outcome._exception)\n  File \"/home/ubuntu/actions-runner/_work/test-runners-2-is-arm64-postgresql-k8s-operator/test-runners-2-is-arm64-postgresql-k8s-operator/.tox/integration/lib/python3.10/site-packages/_pytest/setuponly.py\", line 36, in pytest_fixture_setup\n    return (yield)\n  File \"/home/ubuntu/actions-runner/_work/test-runners-2-is-arm64-postgresql-k8s-operator/test-runners-2-is-arm64-postgresql-k8s-operator/.tox/integration/lib/python3.10/site-packages/pluggy/_callers.py\", line 103, in _multicall\n    res = hook_impl.function(*args)\n  File \"/home/ubuntu/actions-runner/_work/test-runners-2-is-arm64-postgresql-k8s-operator/test-runners-2-is-arm64-postgresql-k8s-operator/.tox/integration/lib/python3.10/site-packages/_pytest/fixtures.py\", line 1125, in pytest_fixture_setup\n    result = call_fixture_func(fixturefunc, request, kwargs)\n  File \"/home/ubuntu/actions-runner/_work/test-runners-2-is-arm64-postgresql-k8s-operator/test-runners-2-is-arm64-postgresql-k8s-operator/.tox/integration/lib/python3.10/site-packages/_pytest/fixtures.py\", line 880, in call_fixture_func\n    fixture_result = next(generator)\n  File \"/home/ubuntu/actions-runner/_work/test-runners-2-is-arm64-postgresql-k8s-operator/test-runners-2-is-arm64-postgresql-k8s-operator/.tox/integration/lib/python3.10/site-packages/pytest_operator/plugin.py\", line 228, in abort_on_fail\n    pytest.xfail(\"aborted\")\n  File \"/home/ubuntu/actions-runner/_work/test-runners-2-is-arm64-postgresql-k8s-operator/test-runners-2-is-arm64-postgresql-k8s-operator/.tox/integration/lib/python3.10/site-packages/_pytest/outcomes.py\", line 205, in xfail\n    raise XFailed(reason)\n","steps":[],"attachments":[],"parameters":[],"stepsCount":0,"shouldDisplayMessage":true,"attachmentsCount":0,"hasContent":true,"attachmentStep":false}],"afterStages":[{"name":"ops_test::finalizer","time":{"start":1725934236763,"stop":1725934286948,"duration":50185},"status":"passed","steps":[],"attachments":[],"parameters":[],"stepsCount":0,"shouldDisplayMessage":false,"attachmentsCount":0,"hasContent":false,"attachmentStep":false},{"name":"event_loop::2","time":{"start":1725934286949,"stop":1725934286949,"duration":0},"status":"passed","steps":[],"attachments":[],"parameters":[],"stepsCount":0,"shouldDisplayMessage":false,"attachmentsCount":0,"hasContent":false,"attachmentStep":false},{"name":"event_loop::_close_event_loop","time":{"start":1725934286949,"stop":1725934286949,"duration":0},"status":"passed","steps":[],"attachments":[],"parameters":[],"stepsCount":0,"shouldDisplayMessage":false,"attachmentsCount":0,"hasContent":false,"attachmentStep":false},{"name":"event_loop::_provide_clean_event_loop","time":{"start":1725934286949,"stop":1725934286949,"duration":0},"status":"passed","steps":[],"attachments":[],"parameters":[],"stepsCount":0,"shouldDisplayMessage":false,"attachmentsCount":0,"hasContent":false,"attachmentStep":false}],"labels":[{"name":"tag","value":"group(1)"},{"name":"tag","value":"asyncio"},{"name":"parentSuite","value":"tests.integration"},{"name":"suite","value":"test_charm"},{"name":"host","value":"github-runner"},{"name":"thread","value":"24857-MainThread"},{"name":"framework","value":"pytest"},{"name":"language","value":"cpython3"},{"name":"package","value":"tests.integration.test_charm"},{"name":"resultFormat","value":"allure2"}],"parameters":[{"name":"unit_id","value":"2"}],"links":[],"hidden":false,"retry":false,"extra":{"severity":"normal","retries":[{"uid":"1232a13f77156af0","status":"unknown","time":{}}],"categories":[],"history":{"statistic":{"failed":0,"broken":5,"skipped":26,"passed":18,"unknown":41,"total":90},"items":[{"uid":"925666d30e653cc3","reportUrl":"../169//#testresult/925666d30e653cc3","status":"passed","time":{"start":1725846996342,"stop":1725846996427,"duration":85}},{"uid":"387f2f8d0f111ba9","reportUrl":"../168//#testresult/387f2f8d0f111ba9","status":"passed","time":{"start":1725760597329,"stop":1725760597439,"duration":110}},{"uid":"6a15ced32f75fe70","reportUrl":"../167//#testresult/6a15ced32f75fe70","status":"broken","statusDetails":"kubernetes.client.exceptions.ApiException: (0)\nReason: Connection to remote host was lost.","time":{"start":1725673763994,"stop":1725673763994,"duration":0}},{"uid":"9fd472a77abd2bb6","reportUrl":"../166//#testresult/9fd472a77abd2bb6","status":"unknown","time":{}},{"uid":"fe3264be775790f6","reportUrl":"../165//#testresult/fe3264be775790f6","status":"unknown","time":{}},{"uid":"2b1eedc39bb66944","reportUrl":"../164//#testresult/2b1eedc39bb66944","status":"unknown","time":{}},{"uid":"2d567563f9b41372","reportUrl":"../163//#testresult/2d567563f9b41372","status":"unknown","time":{}},{"uid":"1f76199a4e1292","reportUrl":"../162//#testresult/1f76199a4e1292","status":"passed","time":{"start":1725242199031,"stop":1725242199099,"duration":68}},{"uid":"15c82030abca2fff","reportUrl":"../161//#testresult/15c82030abca2fff","status":"passed","time":{"start":1725155986697,"stop":1725155986769,"duration":72}},{"uid":"35dd699a39f201cc","reportUrl":"../160//#testresult/35dd699a39f201cc","status":"passed","time":{"start":1725069337951,"stop":1725069338013,"duration":62}},{"uid":"8abe9fb8157af391","reportUrl":"../159//#testresult/8abe9fb8157af391","status":"passed","time":{"start":1724983082214,"stop":1724983082358,"duration":144}},{"uid":"44b24cf82fcd02e9","reportUrl":"../158//#testresult/44b24cf82fcd02e9","status":"unknown","time":{}},{"uid":"b4ba4ced080b043d","reportUrl":"../157//#testresult/b4ba4ced080b043d","status":"unknown","time":{}},{"uid":"8fd06c0f40e3cc73","reportUrl":"../156//#testresult/8fd06c0f40e3cc73","status":"passed","time":{"start":1724723803917,"stop":1724723804017,"duration":100}},{"uid":"495560f902513446","reportUrl":"../155//#testresult/495560f902513446","status":"unknown","time":{}},{"uid":"85e14814a218db54","reportUrl":"../154//#testresult/85e14814a218db54","status":"passed","time":{"start":1724550940878,"stop":1724550940935,"duration":57}},{"uid":"5636c843fcf7d552","reportUrl":"../153//#testresult/5636c843fcf7d552","status":"unknown","time":{}},{"uid":"9f47f8548f9a642","reportUrl":"../152//#testresult/9f47f8548f9a642","status":"broken","statusDetails":"websockets.exceptions.ConnectionClosedError: no close frame received or sent","time":{"start":1724378536563,"stop":1724378536939,"duration":376}},{"uid":"111fb8b1898e04c6","reportUrl":"../151//#testresult/111fb8b1898e04c6","status":"unknown","time":{}},{"uid":"6a0d03e5a419ff62","reportUrl":"../150//#testresult/6a0d03e5a419ff62","status":"passed","time":{"start":1724205577093,"stop":1724205577328,"duration":235}}]},"tags":["asyncio","group(1)"]},"source":"7b828cdec351455d.json","parameterValues":["2"]}