[1m[31mERROR   [0m asyncio:base_events.py:1758 Task exception was never retrieved
future: <Task finished name='Task-2654' coro=<Connection.reconnect() done, defined at /home/ubuntu/actions-runner/_work/test-runners-2-is-arm64-postgresql-k8s-operator/test-runners-2-is-arm64-postgresql-k8s-operator/.tox/integration/lib/python3.10/site-packages/juju/client/connection.py:779> exception=OSError(9, 'Bad file descriptor')>
Traceback (most recent call last):
  File "/home/ubuntu/actions-runner/_work/test-runners-2-is-arm64-postgresql-k8s-operator/test-runners-2-is-arm64-postgresql-k8s-operator/.tox/integration/lib/python3.10/site-packages/juju/client/connection.py", line 788, in reconnect
    res = await connector(
  File "/home/ubuntu/actions-runner/_work/test-runners-2-is-arm64-postgresql-k8s-operator/test-runners-2-is-arm64-postgresql-k8s-operator/.tox/integration/lib/python3.10/site-packages/juju/client/connection.py", line 868, in _connect_with_login
    await self._connect(endpoints)
  File "/home/ubuntu/actions-runner/_work/test-runners-2-is-arm64-postgresql-k8s-operator/test-runners-2-is-arm64-postgresql-k8s-operator/.tox/integration/lib/python3.10/site-packages/juju/client/connection.py", line 817, in _connect
    result = await task
  File "/usr/lib/python3.10/asyncio/tasks.py", line 571, in _wait_for_one
    return f.result()  # May raise f.exception().
  File "/home/ubuntu/actions-runner/_work/test-runners-2-is-arm64-postgresql-k8s-operator/test-runners-2-is-arm64-postgresql-k8s-operator/.tox/integration/lib/python3.10/site-packages/juju/client/connection.py", line 806, in _try_endpoint
    return await self._open(endpoint, cacert)
  File "/home/ubuntu/actions-runner/_work/test-runners-2-is-arm64-postgresql-k8s-operator/test-runners-2-is-arm64-postgresql-k8s-operator/.tox/integration/lib/python3.10/site-packages/juju/client/connection.py", line 427, in _open
    return (await websockets.connect(
  File "/home/ubuntu/actions-runner/_work/test-runners-2-is-arm64-postgresql-k8s-operator/test-runners-2-is-arm64-postgresql-k8s-operator/.tox/integration/lib/python3.10/site-packages/websockets/legacy/client.py", line 647, in __await_impl_timeout__
    return await self.__await_impl__()
  File "/home/ubuntu/actions-runner/_work/test-runners-2-is-arm64-postgresql-k8s-operator/test-runners-2-is-arm64-postgresql-k8s-operator/.tox/integration/lib/python3.10/site-packages/websockets/legacy/client.py", line 651, in __await_impl__
    _transport, _protocol = await self._create_connection()
  File "/usr/lib/python3.10/asyncio/base_events.py", line 1103, in create_connection
    transport, protocol = await self._create_connection_transport(
  File "/usr/lib/python3.10/asyncio/base_events.py", line 1119, in _create_connection_transport
    sock.setblocking(False)
OSError: [Errno 9] Bad file descriptor
[1m[31mERROR   [0m asyncio:base_events.py:1758 Task exception was never retrieved
future: <Task finished name='Task-2653' coro=<Connection._connect.<locals>._try_endpoint() done, defined at /home/ubuntu/actions-runner/_work/test-runners-2-is-arm64-postgresql-k8s-operator/test-runners-2-is-arm64-postgresql-k8s-operator/.tox/integration/lib/python3.10/site-packages/juju/client/connection.py:803> exception=OSError(9, 'Bad file descriptor')>
Traceback (most recent call last):
  File "/home/ubuntu/actions-runner/_work/test-runners-2-is-arm64-postgresql-k8s-operator/test-runners-2-is-arm64-postgresql-k8s-operator/.tox/integration/lib/python3.10/site-packages/juju/client/connection.py", line 806, in _try_endpoint
    return await self._open(endpoint, cacert)
  File "/home/ubuntu/actions-runner/_work/test-runners-2-is-arm64-postgresql-k8s-operator/test-runners-2-is-arm64-postgresql-k8s-operator/.tox/integration/lib/python3.10/site-packages/juju/client/connection.py", line 427, in _open
    return (await websockets.connect(
  File "/home/ubuntu/actions-runner/_work/test-runners-2-is-arm64-postgresql-k8s-operator/test-runners-2-is-arm64-postgresql-k8s-operator/.tox/integration/lib/python3.10/site-packages/websockets/legacy/client.py", line 647, in __await_impl_timeout__
    return await self.__await_impl__()
  File "/home/ubuntu/actions-runner/_work/test-runners-2-is-arm64-postgresql-k8s-operator/test-runners-2-is-arm64-postgresql-k8s-operator/.tox/integration/lib/python3.10/site-packages/websockets/legacy/client.py", line 651, in __await_impl__
    _transport, _protocol = await self._create_connection()
  File "/usr/lib/python3.10/asyncio/base_events.py", line 1103, in create_connection
    transport, protocol = await self._create_connection_transport(
  File "/usr/lib/python3.10/asyncio/base_events.py", line 1119, in _create_connection_transport
    sock.setblocking(False)
OSError: [Errno 9] Bad file descriptor
[32mINFO    [0m pytest_operator.plugin:plugin.py:862 Model status:

Model  Controller          Cloud/Region        Version  SLA          Timestamp
test   microk8s-localhost  microk8s/localhost  3.1.8    unsupported  01:54:05Z

App                  Version  Status   Scale  Charm                Channel  Rev  Address         Exposed  Message
another-database     14.11    waiting      3  postgresql-k8s                  0  10.152.183.179  no       installing agent
database             14.11    waiting      3  postgresql-k8s                  1  10.152.183.249  no       installing agent
postgresql-test-app           active       2  postgresql-test-app  edge     173  10.152.183.150  no       

Unit                    Workload     Agent      Address       Ports  Message
another-database/0*     active       idle       10.1.142.207         
another-database/1      maintenance  executing  10.1.142.209         
another-database/2      active       idle       10.1.142.210         Primary
database/0*             active       idle       10.1.142.211         Primary
database/1              waiting      idle       10.1.142.213         awaiting for cluster to start
database/2              waiting      executing  10.1.142.212         awaiting for cluster to start
postgresql-test-app/0   active       idle       10.1.142.201         
postgresql-test-app/1*  active       idle       10.1.142.200         

[32mINFO    [0m pytest_operator.plugin:plugin.py:868 Juju error logs:

unit-another-database-0: 01:40:55 ERROR juju.worker.uniter pebble poll failed for container "postgresql": failed to send pebble-ready event: terminated
unit-another-database-1: 01:43:21 ERROR juju.worker.uniter pebble poll failed for container "postgresql": failed to send pebble-ready event: terminated
unit-another-database-2: 01:43:51 ERROR juju.worker.dependency "api-caller" manifold worker returned unexpected error: api connection broken unexpectedly
unit-database-2: 01:43:51 ERROR juju.worker.dependency "api-caller" manifold worker returned unexpected error: api connection broken unexpectedly
unit-another-database-1: 01:43:51 ERROR juju.worker.dependency "api-caller" manifold worker returned unexpected error: api connection broken unexpectedly
unit-postgresql-test-app-0: 01:43:51 ERROR juju.worker.dependency "api-caller" manifold worker returned unexpected error: api connection broken unexpectedly
unit-postgresql-test-app-0: 01:43:51 ERROR juju.worker.caasunitterminationworker error while terminating unit: connection is shut down
unit-database-0: 01:43:52 ERROR juju.worker.dependency "api-caller" manifold worker returned unexpected error: api connection broken unexpectedly
unit-database-0: 01:43:52 ERROR juju.worker.caasunitterminationworker error while terminating unit: connection is shut down
unit-database-0: 01:43:52 ERROR juju.worker.uniter.operation after executing operation "run config-changed hook" for database/0 for database/0: writing state: connection is shut down
unit-database-1: 01:43:52 ERROR juju.worker.dependency "api-caller" manifold worker returned unexpected error: api connection broken unexpectedly
unit-database-1: 01:43:52 ERROR juju.worker.caasunitterminationworker error while terminating unit: connection is shut down
unit-database-1: 01:43:52 ERROR juju.worker.uniter.operation after executing operation "run relation-changed (4; unit: database/0) hook" for database/1 for database/1: writing state: connection is shut down
model-06c4f733-14a7-4324-8d12-13f0d3670371: 01:43:52 ERROR juju.worker.dependency "caas-broker-tracker" manifold worker returned unexpected error: connection is shut down
model-06c4f733-14a7-4324-8d12-13f0d3670371: 01:43:52 ERROR juju.worker.dependency "api-caller" manifold worker returned unexpected error: api connection broken unexpectedly
unit-database-2: 01:43:52 ERROR unit.database/2.juju-log Uncaught exception while in charm code:
Traceback (most recent call last):
  File "/var/lib/juju/agents/unit-database-2/charm/venv/ops/model.py", line 3139, in _run
    result = subprocess.run(args, **kwargs)  # type: ignore
  File "/usr/lib/python3.10/subprocess.py", line 526, in run
    raise CalledProcessError(retcode, process.args,
subprocess.CalledProcessError: Command '('/var/lib/juju/tools/unit-database-2/secret-get', '--label', 'database.unit', '--format=json')' returned non-zero exit status 1.

The above exception was the direct cause of the following exception:

Traceback (most recent call last):
  File "/var/lib/juju/agents/unit-database-2/charm/./src/charm.py", line 1837, in <module>
    main(PostgresqlOperatorCharm, use_juju_for_storage=True)
  File "/var/lib/juju/agents/unit-database-2/charm/venv/ops/main.py", line 546, in main
    manager = _Manager(charm_class, use_juju_for_storage=use_juju_for_storage)
  File "/var/lib/juju/agents/unit-database-2/charm/venv/ops/main.py", line 429, in __init__
    self.charm = self._make_charm(self.framework, self.dispatcher)
  File "/var/lib/juju/agents/unit-database-2/charm/venv/ops/main.py", line 432, in _make_charm
    charm = self._charm_class(framework)
  File "/var/lib/juju/agents/unit-database-2/charm/lib/charms/tempo_k8s/v1/charm_tracing.py", line 288, in wrap_init
    original_init(self, framework, *args, **kwargs)
  File "/var/lib/juju/agents/unit-database-2/charm/./src/charm.py", line 201, in __init__
    jobs=self._generate_metrics_jobs(self.is_tls_enabled),
  File "/var/lib/juju/agents/unit-database-2/charm/./src/charm.py", line 1355, in is_tls_enabled
    return all(self.tls.get_tls_files())
  File "/var/lib/juju/agents/unit-database-2/charm/lib/charms/tempo_k8s/v1/charm_tracing.py", line 544, in wrapped_function
    return callable(*args, **kwargs)  # type: ignore
  File "/var/lib/juju/agents/unit-database-2/charm/lib/charms/postgresql_k8s/v0/postgresql_tls.py", line 220, in get_tls_files
    cert = self.charm.get_secret(SCOPE, "cert")
  File "/var/lib/juju/agents/unit-database-2/charm/lib/charms/tempo_k8s/v1/charm_tracing.py", line 544, in wrapped_function
    return callable(*args, **kwargs)  # type: ignore
  File "/var/lib/juju/agents/unit-database-2/charm/./src/charm.py", line 300, in get_secret
    if result := self.peer_relation_data(scope).fetch_my_relation_field(peers.id, key):
  File "/var/lib/juju/agents/unit-database-2/charm/lib/charms/data_platform_libs/v0/data_interfaces.py", line 1260, in fetch_my_relation_field
    if relation_data := self.fetch_my_relation_data([relation_id], [field], relation_name):
  File "/var/lib/juju/agents/unit-database-2/charm/lib/charms/data_platform_libs/v0/data_interfaces.py", line 1249, in fetch_my_relation_data
    data[relation.id] = self._fetch_my_specific_relation_data(relation, fields)
  File "/var/lib/juju/agents/unit-database-2/charm/lib/charms/data_platform_libs/v0/data_interfaces.py", line 534, in wrapper
    return f(self, *args, **kwargs)
  File "/var/lib/juju/agents/unit-database-2/charm/lib/charms/data_platform_libs/v0/data_interfaces.py", line 2083, in _fetch_my_specific_relation_data
    self.component, self.secret_fields, relation, fields
  File "/var/lib/juju/agents/unit-database-2/charm/lib/charms/data_platform_libs/v0/data_interfaces.py", line 1817, in secret_fields
    self.static_secret_fields if self.static_secret_fields else self.current_secret_fields
  File "/var/lib/juju/agents/unit-database-2/charm/lib/charms/data_platform_libs/v0/data_interfaces.py", line 1836, in current_secret_fields
    if content := self._get_group_secret_contents(relation, group):
  File "/var/lib/juju/agents/unit-database-2/charm/lib/charms/data_platform_libs/v0/data_interfaces.py", line 2070, in _get_group_secret_contents
    result = super()._get_group_secret_contents(relation, group, secret_fields)
  File "/var/lib/juju/agents/unit-database-2/charm/lib/charms/data_platform_libs/v0/data_interfaces.py", line 1000, in _get_group_secret_contents
    if (secret := self._get_relation_secret(relation.id, group)) and (
  File "/var/lib/juju/agents/unit-database-2/charm/lib/charms/data_platform_libs/v0/data_interfaces.py", line 506, in wrapper
    return f(self, *args, **kwargs)
  File "/var/lib/juju/agents/unit-database-2/charm/lib/charms/data_platform_libs/v0/data_interfaces.py", line 2059, in _get_relation_secret
    return self.secrets.get(label, secret_uri, legacy_labels=self._previous_labels())
  File "/var/lib/juju/agents/unit-database-2/charm/lib/charms/data_platform_libs/v0/data_interfaces.py", line 706, in get
    if secret.meta:
  File "/var/lib/juju/agents/unit-database-2/charm/lib/charms/data_platform_libs/v0/data_interfaces.py", line 605, in meta
    self._secret_meta = self._model.get_secret(label=label)
  File "/var/lib/juju/agents/unit-database-2/charm/venv/ops/model.py", line 285, in get_secret
    content = self._backend.secret_get(id=id, label=label)
  File "/var/lib/juju/agents/unit-database-2/charm/venv/ops/model.py", line 3504, in secret_get
    result = self._run('secret-get', *args, return_output=True, use_json=True)
  File "/var/lib/juju/agents/unit-database-2/charm/venv/ops/model.py", line 3141, in _run
    raise ModelError(e.stderr) from e
ops.model.ModelError: ERROR connection is shut down

unit-another-database-2: 01:43:53 ERROR unit.another-database/2.juju-log Uncaught exception while in charm code:
Traceback (most recent call last):
  File "/var/lib/juju/agents/unit-another-database-2/charm/venv/ops/model.py", line 3139, in _run
    result = subprocess.run(args, **kwargs)  # type: ignore
  File "/usr/lib/python3.10/subprocess.py", line 526, in run
    raise CalledProcessError(retcode, process.args,
subprocess.CalledProcessError: Command '('/var/lib/juju/tools/unit-another-database-2/secret-get', '--label', 'another-database.unit', '--format=json')' returned non-zero exit status 1.

The above exception was the direct cause of the following exception:

Traceback (most recent call last):
  File "/var/lib/juju/agents/unit-another-database-2/charm/./src/charm.py", line 1837, in <module>
    main(PostgresqlOperatorCharm, use_juju_for_storage=True)
  File "/var/lib/juju/agents/unit-another-database-2/charm/venv/ops/main.py", line 546, in main
    manager = _Manager(charm_class, use_juju_for_storage=use_juju_for_storage)
  File "/var/lib/juju/agents/unit-another-database-2/charm/venv/ops/main.py", line 429, in __init__
    self.charm = self._make_charm(self.framework, self.dispatcher)
  File "/var/lib/juju/agents/unit-another-database-2/charm/venv/ops/main.py", line 432, in _make_charm
    charm = self._charm_class(framework)
  File "/var/lib/juju/agents/unit-another-database-2/charm/lib/charms/tempo_k8s/v1/charm_tracing.py", line 288, in wrap_init
    original_init(self, framework, *args, **kwargs)
  File "/var/lib/juju/agents/unit-another-database-2/charm/./src/charm.py", line 201, in __init__
    jobs=self._generate_metrics_jobs(self.is_tls_enabled),
  File "/var/lib/juju/agents/unit-another-database-2/charm/./src/charm.py", line 1355, in is_tls_enabled
    return all(self.tls.get_tls_files())
  File "/var/lib/juju/agents/unit-another-database-2/charm/lib/charms/tempo_k8s/v1/charm_tracing.py", line 544, in wrapped_function
    return callable(*args, **kwargs)  # type: ignore
  File "/var/lib/juju/agents/unit-another-database-2/charm/lib/charms/postgresql_k8s/v0/postgresql_tls.py", line 216, in get_tls_files
    chain = self.charm.get_secret(SCOPE, "chain")
  File "/var/lib/juju/agents/unit-another-database-2/charm/lib/charms/tempo_k8s/v1/charm_tracing.py", line 544, in wrapped_function
    return callable(*args, **kwargs)  # type: ignore
  File "/var/lib/juju/agents/unit-another-database-2/charm/./src/charm.py", line 303, in get_secret
    return self.peer_relation_data(scope).get_secret(peers.id, secret_key)
  File "/var/lib/juju/agents/unit-another-database-2/charm/lib/charms/data_platform_libs/v0/data_interfaces.py", line 519, in wrapper
    return f(self, *args, **kwargs)
  File "/var/lib/juju/agents/unit-another-database-2/charm/lib/charms/data_platform_libs/v0/data_interfaces.py", line 1875, in get_secret
    and full_field not in self.current_secret_fields
  File "/var/lib/juju/agents/unit-another-database-2/charm/lib/charms/data_platform_libs/v0/data_interfaces.py", line 1836, in current_secret_fields
    if content := self._get_group_secret_contents(relation, group):
  File "/var/lib/juju/agents/unit-another-database-2/charm/lib/charms/data_platform_libs/v0/data_interfaces.py", line 2070, in _get_group_secret_contents
    result = super()._get_group_secret_contents(relation, group, secret_fields)
  File "/var/lib/juju/agents/unit-another-database-2/charm/lib/charms/data_platform_libs/v0/data_interfaces.py", line 1000, in _get_group_secret_contents
    if (secret := self._get_relation_secret(relation.id, group)) and (
  File "/var/lib/juju/agents/unit-another-database-2/charm/lib/charms/data_platform_libs/v0/data_interfaces.py", line 506, in wrapper
    return f(self, *args, **kwargs)
  File "/var/lib/juju/agents/unit-another-database-2/charm/lib/charms/data_platform_libs/v0/data_interfaces.py", line 2059, in _get_relation_secret
    return self.secrets.get(label, secret_uri, legacy_labels=self._previous_labels())
  File "/var/lib/juju/agents/unit-another-database-2/charm/lib/charms/data_platform_libs/v0/data_interfaces.py", line 706, in get
    if secret.meta:
  File "/var/lib/juju/agents/unit-another-database-2/charm/lib/charms/data_platform_libs/v0/data_interfaces.py", line 605, in meta
    self._secret_meta = self._model.get_secret(label=label)
  File "/var/lib/juju/agents/unit-another-database-2/charm/venv/ops/model.py", line 285, in get_secret
    content = self._backend.secret_get(id=id, label=label)
  File "/var/lib/juju/agents/unit-another-database-2/charm/venv/ops/model.py", line 3504, in secret_get
    result = self._run('secret-get', *args, return_output=True, use_json=True)
  File "/var/lib/juju/agents/unit-another-database-2/charm/venv/ops/model.py", line 3141, in _run
    raise ModelError(e.stderr) from e
ops.model.ModelError: ERROR connection is shut down

unit-another-database-1: 01:43:53 ERROR unit.another-database/1.juju-log Uncaught exception while in charm code:
Traceback (most recent call last):
  File "/var/lib/juju/agents/unit-another-database-1/charm/venv/ops/model.py", line 3139, in _run
    result = subprocess.run(args, **kwargs)  # type: ignore
  File "/usr/lib/python3.10/subprocess.py", line 526, in run
    raise CalledProcessError(retcode, process.args,
subprocess.CalledProcessError: Command '('/var/lib/juju/tools/unit-another-database-1/secret-get', '--label', 'another-database.unit', '--format=json')' returned non-zero exit status 1.

The above exception was the direct cause of the following exception:

Traceback (most recent call last):
  File "/var/lib/juju/agents/unit-another-database-1/charm/./src/charm.py", line 1837, in <module>
    main(PostgresqlOperatorCharm, use_juju_for_storage=True)
  File "/var/lib/juju/agents/unit-another-database-1/charm/venv/ops/main.py", line 546, in main
    manager = _Manager(charm_class, use_juju_for_storage=use_juju_for_storage)
  File "/var/lib/juju/agents/unit-another-database-1/charm/venv/ops/main.py", line 429, in __init__
    self.charm = self._make_charm(self.framework, self.dispatcher)
  File "/var/lib/juju/agents/unit-another-database-1/charm/venv/ops/main.py", line 432, in _make_charm
    charm = self._charm_class(framework)
  File "/var/lib/juju/agents/unit-another-database-1/charm/lib/charms/tempo_k8s/v1/charm_tracing.py", line 288, in wrap_init
    original_init(self, framework, *args, **kwargs)
  File "/var/lib/juju/agents/unit-another-database-1/charm/./src/charm.py", line 201, in __init__
    jobs=self._generate_metrics_jobs(self.is_tls_enabled),
  File "/var/lib/juju/agents/unit-another-database-1/charm/./src/charm.py", line 1355, in is_tls_enabled
    return all(self.tls.get_tls_files())
  File "/var/lib/juju/agents/unit-another-database-1/charm/lib/charms/tempo_k8s/v1/charm_tracing.py", line 544, in wrapped_function
    return callable(*args, **kwargs)  # type: ignore
  File "/var/lib/juju/agents/unit-another-database-1/charm/lib/charms/postgresql_k8s/v0/postgresql_tls.py", line 219, in get_tls_files
    key = self.charm.get_secret(SCOPE, "key")
  File "/var/lib/juju/agents/unit-another-database-1/charm/lib/charms/tempo_k8s/v1/charm_tracing.py", line 544, in wrapped_function
    return callable(*args, **kwargs)  # type: ignore
  File "/var/lib/juju/agents/unit-another-database-1/charm/./src/charm.py", line 300, in get_secret
    if result := self.peer_relation_data(scope).fetch_my_relation_field(peers.id, key):
  File "/var/lib/juju/agents/unit-another-database-1/charm/lib/charms/data_platform_libs/v0/data_interfaces.py", line 1260, in fetch_my_relation_field
    if relation_data := self.fetch_my_relation_data([relation_id], [field], relation_name):
  File "/var/lib/juju/agents/unit-another-database-1/charm/lib/charms/data_platform_libs/v0/data_interfaces.py", line 1249, in fetch_my_relation_data
    data[relation.id] = self._fetch_my_specific_relation_data(relation, fields)
  File "/var/lib/juju/agents/unit-another-database-1/charm/lib/charms/data_platform_libs/v0/data_interfaces.py", line 534, in wrapper
    return f(self, *args, **kwargs)
  File "/var/lib/juju/agents/unit-another-database-1/charm/lib/charms/data_platform_libs/v0/data_interfaces.py", line 2083, in _fetch_my_specific_relation_data
    self.component, self.secret_fields, relation, fields
  File "/var/lib/juju/agents/unit-another-database-1/charm/lib/charms/data_platform_libs/v0/data_interfaces.py", line 1817, in secret_fields
    self.static_secret_fields if self.static_secret_fields else self.current_secret_fields
  File "/var/lib/juju/agents/unit-another-database-1/charm/lib/charms/data_platform_libs/v0/data_interfaces.py", line 1836, in current_secret_fields
    if content := self._get_group_secret_contents(relation, group):
  File "/var/lib/juju/agents/unit-another-database-1/charm/lib/charms/data_platform_libs/v0/data_interfaces.py", line 2070, in _get_group_secret_contents
    result = super()._get_group_secret_contents(relation, group, secret_fields)
  File "/var/lib/juju/agents/unit-another-database-1/charm/lib/charms/data_platform_libs/v0/data_interfaces.py", line 1000, in _get_group_secret_contents
    if (secret := self._get_relation_secret(relation.id, group)) and (
  File "/var/lib/juju/agents/unit-another-database-1/charm/lib/charms/data_platform_libs/v0/data_interfaces.py", line 506, in wrapper
    return f(self, *args, **kwargs)
  File "/var/lib/juju/agents/unit-another-database-1/charm/lib/charms/data_platform_libs/v0/data_interfaces.py", line 2059, in _get_relation_secret
    return self.secrets.get(label, secret_uri, legacy_labels=self._previous_labels())
  File "/var/lib/juju/agents/unit-another-database-1/charm/lib/charms/data_platform_libs/v0/data_interfaces.py", line 706, in get
    if secret.meta:
  File "/var/lib/juju/agents/unit-another-database-1/charm/lib/charms/data_platform_libs/v0/data_interfaces.py", line 605, in meta
    self._secret_meta = self._model.get_secret(label=label)
  File "/var/lib/juju/agents/unit-another-database-1/charm/venv/ops/model.py", line 285, in get_secret
    content = self._backend.secret_get(id=id, label=label)
  File "/var/lib/juju/agents/unit-another-database-1/charm/venv/ops/model.py", line 3504, in secret_get
    result = self._run('secret-get', *args, return_output=True, use_json=True)
  File "/var/lib/juju/agents/unit-another-database-1/charm/venv/ops/model.py", line 3141, in _run
    raise ModelError(e.stderr) from e
ops.model.ModelError: ERROR connection is shut down

unit-database-2: 01:43:54 ERROR juju.worker.uniter.operation hook "stop" (via hook dispatching script: dispatch) failed: exit status 1
unit-another-database-2: 01:43:54 ERROR juju.worker.uniter.operation hook "stop" (via hook dispatching script: dispatch) failed: exit status 1
unit-another-database-1: 01:43:54 ERROR juju.worker.uniter.operation hook "postgresql-pebble-ready" (via hook dispatching script: dispatch) failed: exit status 1
unit-another-database-1: 01:43:55 ERROR juju.worker.dependency "api-caller" manifold worker returned unexpected error: [06c4f7] "unit-another-database-1" cannot open api: unable to connect to API: dial tcp 10.152.183.218:17070: connect: connection refused
unit-database-0: 01:43:55 ERROR juju.worker.dependency "api-caller" manifold worker returned unexpected error: [06c4f7] "unit-database-0" cannot open api: unable to connect to API: dial tcp 10.152.183.218:17070: connect: connection refused
unit-database-1: 01:43:55 ERROR juju.worker.dependency "api-caller" manifold worker returned unexpected error: [06c4f7] "unit-database-1" cannot open api: unable to connect to API: dial tcp 10.152.183.218:17070: connect: connection refused
unit-database-2: 01:43:55 ERROR juju.worker.dependency "api-caller" manifold worker returned unexpected error: [06c4f7] "unit-database-2" cannot open api: unable to connect to API: dial tcp 10.152.183.218:17070: connect: connection refused
unit-postgresql-test-app-0: 01:43:55 ERROR juju.worker.dependency "api-caller" manifold worker returned unexpected error: [06c4f7] "unit-postgresql-test-app-0" cannot open api: unable to connect to API: dial tcp 10.152.183.218:17070: connect: connection refused
unit-postgresql-test-app-0: 01:43:55 ERROR juju.worker.uniter resolver loop error: executing operation "run update-status hook" for postgresql-test-app/0: writing state: connection is shut down
unit-postgresql-test-app-0: 01:43:55 ERROR juju.worker.uniter updating agent status: connection is shut down
model-06c4f733-14a7-4324-8d12-13f0d3670371: 01:43:55 ERROR juju.worker.dependency "api-caller" manifold worker returned unexpected error: [06c4f7] "model-06c4f733-14a7-4324-8d12-13f0d3670371" cannot open api: unable to connect to API: dial tcp 10.152.183.218:17070: connect: connection refused
unit-another-database-2: 01:43:56 ERROR juju.worker.dependency "api-caller" manifold worker returned unexpected error: [06c4f7] "unit-another-database-2" cannot open api: unable to connect to API: dial tcp 10.152.183.218:17070: connect: connection refused
unit-another-database-0: 01:43:56 ERROR juju.worker.dependency "api-caller" manifold worker returned unexpected error: [06c4f7] "unit-another-database-0" cannot open api: unable to connect to API: dial tcp 10.152.183.218:17070: connect: connection refused
unit-postgresql-test-app-1: 01:43:58 ERROR juju.worker.dependency "api-caller" manifold worker returned unexpected error: [06c4f7] "unit-postgresql-test-app-1" cannot open api: unable to connect to API: dial tcp 10.152.183.218:17070: connect: connection refused
unit-another-database-1: 01:43:58 ERROR juju.worker.dependency "api-caller" manifold worker returned unexpected error: [06c4f7] "unit-another-database-1" cannot open api: unable to connect to API: dial tcp 10.152.183.218:17070: connect: connection refused
unit-database-0: 01:43:59 ERROR juju.worker.dependency "api-caller" manifold worker returned unexpected error: [06c4f7] "unit-database-0" cannot open api: unable to connect to API: dial tcp 10.152.183.218:17070: connect: connection refused
unit-database-1: 01:43:59 ERROR juju.worker.dependency "api-caller" manifold worker returned unexpected error: [06c4f7] "unit-database-1" cannot open api: unable to connect to API: dial tcp 10.152.183.218:17070: connect: connection refused
unit-database-2: 01:43:59 ERROR juju.worker.dependency "api-caller" manifold worker returned unexpected error: [06c4f7] "unit-database-2" cannot open api: unable to connect to API: dial tcp 10.152.183.218:17070: connect: connection refused
unit-postgresql-test-app-0: 01:43:59 ERROR juju.worker.dependency "api-caller" manifold worker returned unexpected error: [06c4f7] "unit-postgresql-test-app-0" cannot open api: unable to connect to API: dial tcp 10.152.183.218:17070: connect: connection refused
model-06c4f733-14a7-4324-8d12-13f0d3670371: 01:43:59 ERROR juju.worker.dependency "api-caller" manifold worker returned unexpected error: [06c4f7] "model-06c4f733-14a7-4324-8d12-13f0d3670371" cannot open api: unable to connect to API: dial tcp 10.152.183.218:17070: connect: connection refused
unit-another-database-2: 01:43:59 ERROR juju.worker.dependency "api-caller" manifold worker returned unexpected error: [06c4f7] "unit-another-database-2" cannot open api: unable to connect to API: dial tcp 10.152.183.218:17070: connect: connection refused
unit-another-database-0: 01:44:01 ERROR juju.worker.dependency "api-caller" manifold worker returned unexpected error: [06c4f7] "unit-another-database-0" cannot open api: unable to connect to API: dial tcp 10.152.183.218:17070: connect: connection refused
unit-postgresql-test-app-1: 01:44:02 ERROR juju.worker.dependency "api-caller" manifold worker returned unexpected error: [06c4f7] "unit-postgresql-test-app-1" cannot open api: unable to connect to API: dial tcp 10.152.183.218:17070: connect: connection refused
unit-another-database-1: 01:44:02 ERROR juju.worker.dependency "api-caller" manifold worker returned unexpected error: [06c4f7] "unit-another-database-1" cannot open api: unable to connect to API: dial tcp 10.152.183.218:17070: connect: connection refused
unit-database-0: 01:44:03 ERROR juju.worker.dependency "api-caller" manifold worker returned unexpected error: [06c4f7] "unit-database-0" cannot open api: unable to connect to API: dial tcp 10.152.183.218:17070: connect: connection refused
unit-database-1: 01:44:03 ERROR juju.worker.dependency "api-caller" manifold worker returned unexpected error: [06c4f7] "unit-database-1" cannot open api: unable to connect to API: dial tcp 10.152.183.218:17070: connect: connection refused
unit-database-2: 01:44:04 ERROR juju.worker.dependency "api-caller" manifold worker returned unexpected error: [06c4f7] "unit-database-2" cannot open api: unable to connect to API: dial tcp 10.152.183.218:17070: connect: connection refused
unit-postgresql-test-app-0: 01:44:04 ERROR juju.worker.dependency "api-caller" manifold worker returned unexpected error: [06c4f7] "unit-postgresql-test-app-0" cannot open api: unable to connect to API: dial tcp 10.152.183.218:17070: connect: connection refused
unit-another-database-2: 01:44:04 ERROR juju.worker.dependency "api-caller" manifold worker returned unexpected error: [06c4f7] "unit-another-database-2" cannot open api: unable to connect to API: dial tcp 10.152.183.218:17070: connect: connection refused
model-06c4f733-14a7-4324-8d12-13f0d3670371: 01:44:04 ERROR juju.worker.dependency "api-caller" manifold worker returned unexpected error: [06c4f7] "model-06c4f733-14a7-4324-8d12-13f0d3670371" cannot open api: unable to connect to API: dial tcp 10.152.183.218:17070: connect: connection refused
unit-another-database-0: 01:44:06 ERROR juju.worker.dependency "api-caller" manifold worker returned unexpected error: [06c4f7] "unit-another-database-0" cannot open api: unable to connect to API: dial tcp 10.152.183.218:17070: connect: connection refused
unit-another-database-1: 01:44:08 ERROR juju.worker.dependency "api-caller" manifold worker returned unexpected error: [06c4f7] "unit-another-database-1" cannot open api: unable to connect to API: dial tcp 10.152.183.218:17070: connect: connection refused
unit-postgresql-test-app-1: 01:44:08 ERROR juju.worker.dependency "api-caller" manifold worker returned unexpected error: [06c4f7] "unit-postgresql-test-app-1" cannot open api: unable to connect to API: dial tcp 10.152.183.218:17070: connect: connection refused
unit-database-0: 01:44:09 ERROR juju.worker.dependency "api-caller" manifold worker returned unexpected error: [06c4f7] "unit-database-0" cannot open api: unable to connect to API: dial tcp 10.152.183.218:17070: connect: connection refused
unit-database-1: 01:44:10 ERROR juju.worker.dependency "api-caller" manifold worker returned unexpected error: [06c4f7] "unit-database-1" cannot open api: unable to connect to API: dial tcp 10.152.183.218:17070: connect: connection refused
unit-database-2: 01:44:10 ERROR juju.worker.dependency "api-caller" manifold worker returned unexpected error: [06c4f7] "unit-database-2" cannot open api: unable to connect to API: dial tcp 10.152.183.218:17070: connect: connection refused
model-06c4f733-14a7-4324-8d12-13f0d3670371: 01:44:10 ERROR juju.worker.dependency "api-caller" manifold worker returned unexpected error: [06c4f7] "model-06c4f733-14a7-4324-8d12-13f0d3670371" cannot open api: unable to connect to API: dial tcp 10.152.183.218:17070: connect: connection refused
unit-postgresql-test-app-0: 01:44:10 ERROR juju.worker.dependency "api-caller" manifold worker returned unexpected error: [06c4f7] "unit-postgresql-test-app-0" cannot open api: unable to connect to API: dial tcp 10.152.183.218:17070: connect: connection refused
unit-another-database-2: 01:44:10 ERROR juju.worker.dependency "api-caller" manifold worker returned unexpected error: [06c4f7] "unit-another-database-2" cannot open api: unable to connect to API: dial tcp 10.152.183.218:17070: connect: connection refused
unit-another-database-0: 01:50:23 ERROR juju.worker.dependency "log-sender" manifold worker returned unexpected error: sending log message: websocket: close 1005 (no status): websocket: close sent
unit-database-0: 01:51:51 ERROR juju.worker.dependency "api-caller" manifold worker returned unexpected error: api connection broken unexpectedly
unit-postgresql-test-app-1: 01:51:52 ERROR juju.worker.dependency "log-sender" manifold worker returned unexpected error: sending log message: write tcp 10.1.142.200:55652->10.152.183.218:17070: i/o timeout: write tcp 10.1.142.200:55652->10.152.183.218:17070: i/o timeout
unit-another-database-1: 01:51:54 ERROR juju.worker.dependency "log-sender" manifold worker returned unexpected error: sending log message: write tcp 10.1.142.209:35682->10.152.183.218:17070: i/o timeout: write tcp 10.1.142.209:35682->10.152.183.218:17070: i/o timeout
unit-database-0: 01:51:54 ERROR juju.worker.uniter.operation after executing operation "run start hook" for database/0 for database/0: writing state: connection is shut down
unit-postgresql-test-app-0: 01:51:54 ERROR juju.worker.dependency "log-sender" manifold worker returned unexpected error: sending log message: websocket: close 1005 (no status): websocket: close sent
unit-database-1: 01:51:55 ERROR unit.database/1.juju-log Uncaught exception while in charm code:
Traceback (most recent call last):
  File "/var/lib/juju/agents/unit-database-1/charm/venv/httpx/_transports/default.py", line 69, in map_httpcore_exceptions
    yield
  File "/var/lib/juju/agents/unit-database-1/charm/venv/httpx/_transports/default.py", line 233, in handle_request
    resp = self._pool.handle_request(req)
  File "/var/lib/juju/agents/unit-database-1/charm/venv/httpcore/_sync/connection_pool.py", line 216, in handle_request
    raise exc from None
  File "/var/lib/juju/agents/unit-database-1/charm/venv/httpcore/_sync/connection_pool.py", line 196, in handle_request
    response = connection.handle_request(
  File "/var/lib/juju/agents/unit-database-1/charm/venv/httpcore/_sync/connection.py", line 99, in handle_request
    raise exc
  File "/var/lib/juju/agents/unit-database-1/charm/venv/httpcore/_sync/connection.py", line 76, in handle_request
    stream = self._connect(request)
  File "/var/lib/juju/agents/unit-database-1/charm/venv/httpcore/_sync/connection.py", line 154, in _connect
    stream = stream.start_tls(**kwargs)
  File "/var/lib/juju/agents/unit-database-1/charm/venv/httpcore/_backends/sync.py", line 152, in start_tls
    with map_exceptions(exc_map):
  File "/usr/lib/python3.10/contextlib.py", line 153, in __exit__
    self.gen.throw(typ, value, traceback)
  File "/var/lib/juju/agents/unit-database-1/charm/venv/httpcore/_exceptions.py", line 14, in map_exceptions
    raise to_exc(exc) from exc
httpcore.ConnectError: [Errno 104] Connection reset by peer

The above exception was the direct cause of the following exception:

Traceback (most recent call last):
  File "/var/lib/juju/agents/unit-database-1/charm/./src/charm.py", line 1837, in <module>
    main(PostgresqlOperatorCharm, use_juju_for_storage=True)
  File "/var/lib/juju/agents/unit-database-1/charm/venv/ops/main.py", line 548, in main
    manager.run()
  File "/var/lib/juju/agents/unit-database-1/charm/venv/ops/main.py", line 527, in run
    self._emit()
  File "/var/lib/juju/agents/unit-database-1/charm/venv/ops/main.py", line 513, in _emit
    self.framework.reemit()
  File "/var/lib/juju/agents/unit-database-1/charm/venv/ops/framework.py", line 870, in reemit
    self._reemit()
  File "/var/lib/juju/agents/unit-database-1/charm/venv/ops/framework.py", line 950, in _reemit
    custom_handler(event)
  File "/var/lib/juju/agents/unit-database-1/charm/lib/charms/tempo_k8s/v1/charm_tracing.py", line 544, in wrapped_function
    return callable(*args, **kwargs)  # type: ignore
  File "/var/lib/juju/agents/unit-database-1/charm/./src/charm.py", line 842, in _on_postgresql_pebble_ready
    self.push_tls_files_to_workload(container)
  File "/var/lib/juju/agents/unit-database-1/charm/lib/charms/tempo_k8s/v1/charm_tracing.py", line 544, in wrapped_function
    return callable(*args, **kwargs)  # type: ignore
  File "/var/lib/juju/agents/unit-database-1/charm/./src/charm.py", line 1534, in push_tls_files_to_workload
    return self.update_config()
  File "/var/lib/juju/agents/unit-database-1/charm/lib/charms/tempo_k8s/v1/charm_tracing.py", line 544, in wrapped_function
    return callable(*args, **kwargs)  # type: ignore
  File "/var/lib/juju/agents/unit-database-1/charm/./src/charm.py", line 1605, in update_config
    available_cpu_cores, available_memory = self.get_available_resources()
  File "/var/lib/juju/agents/unit-database-1/charm/lib/charms/tempo_k8s/v1/charm_tracing.py", line 544, in wrapped_function
    return callable(*args, **kwargs)  # type: ignore
  File "/var/lib/juju/agents/unit-database-1/charm/./src/charm.py", line 1796, in get_available_resources
    cpu_cores = self.get_node_cpu_cores()
  File "/var/lib/juju/agents/unit-database-1/charm/lib/charms/tempo_k8s/v1/charm_tracing.py", line 544, in wrapped_function
    return callable(*args, **kwargs)  # type: ignore
  File "/var/lib/juju/agents/unit-database-1/charm/./src/charm.py", line 1791, in get_node_cpu_cores
    node = client.get(Node, name=self._get_node_name_for_pod(), namespace=self._namespace)
  File "/var/lib/juju/agents/unit-database-1/charm/lib/charms/tempo_k8s/v1/charm_tracing.py", line 544, in wrapped_function
    return callable(*args, **kwargs)  # type: ignore
  File "/var/lib/juju/agents/unit-database-1/charm/./src/charm.py", line 1761, in _get_node_name_for_pod
    pod = client.get(
  File "/var/lib/juju/agents/unit-database-1/charm/venv/lightkube/core/client.py", line 140, in get
    return self._client.request("get", res=res, name=name, namespace=namespace)
  File "/var/lib/juju/agents/unit-database-1/charm/venv/lightkube/core/generic_client.py", line 244, in request
    resp = self.send(req)
  File "/var/lib/juju/agents/unit-database-1/charm/venv/lightkube/core/generic_client.py", line 216, in send
    return self._client.send(req, stream=stream)
  File "/var/lib/juju/agents/unit-database-1/charm/venv/httpx/_client.py", line 914, in send
    response = self._send_handling_auth(
  File "/var/lib/juju/agents/unit-database-1/charm/venv/httpx/_client.py", line 942, in _send_handling_auth
    response = self._send_handling_redirects(
  File "/var/lib/juju/agents/unit-database-1/charm/venv/httpx/_client.py", line 979, in _send_handling_redirects
    response = self._send_single_request(request)
  File "/var/lib/juju/agents/unit-database-1/charm/venv/httpx/_client.py", line 1015, in _send_single_request
    response = transport.handle_request(request)
  File "/var/lib/juju/agents/unit-database-1/charm/venv/httpx/_transports/default.py", line 232, in handle_request
    with map_httpcore_exceptions():
  File "/usr/lib/python3.10/contextlib.py", line 153, in __exit__
    self.gen.throw(typ, value, traceback)
  File "/var/lib/juju/agents/unit-database-1/charm/venv/httpx/_transports/default.py", line 86, in map_httpcore_exceptions
    raise mapped_exc(message) from exc
httpx.ConnectError: [Errno 104] Connection reset by peer
unit-database-1: 01:51:55 ERROR juju.worker.uniter.operation hook "update-status" (via hook dispatching script: dispatch) failed: exit status 1
unit-postgresql-test-app-1: 01:51:56 ERROR juju.worker.caasunitterminationworker error while terminating unit: getting caas client: unable to determine legacy status for namespace "test": Get "https://10.152.183.1:443/api/v1/namespaces/test": dial tcp 10.152.183.1:443: connect: connection refused - error from a previous attempt: read tcp 10.1.142.197:46134->10.152.183.1:443: read: connection reset by peer
unit-postgresql-test-app-1: 01:51:56 ERROR juju.worker.dependency "caas-unit-termination-worker" manifold worker returned unexpected error: getting caas client: unable to determine legacy status for namespace "test": Get "https://10.152.183.1:443/api/v1/namespaces/test": dial tcp 10.152.183.1:443: connect: connection refused - error from a previous attempt: read tcp 10.1.142.197:46134->10.152.183.1:443: read: connection reset by peer
unit-postgresql-test-app-0: 01:51:56 ERROR juju.worker.caasunitterminationworker error while terminating unit: getting caas client: unable to determine legacy status for namespace "test": Get "https://10.152.183.1:443/api/v1/namespaces/test": dial tcp 10.152.183.1:443: connect: connection refused - error from a previous attempt: read tcp 10.1.142.197:46148->10.152.183.1:443: read: connection reset by peer
unit-postgresql-test-app-0: 01:51:56 ERROR juju.worker.dependency "caas-unit-termination-worker" manifold worker returned unexpected error: getting caas client: unable to determine legacy status for namespace "test": Get "https://10.152.183.1:443/api/v1/namespaces/test": dial tcp 10.152.183.1:443: connect: connection refused - error from a previous attempt: read tcp 10.1.142.197:46148->10.152.183.1:443: read: connection reset by peer
controller-0: 01:51:56 ERROR juju.worker.caasapplicationprovisioner.runner exited "postgresql-test-app": refreshing application status for "postgresql-test-app": Get "https://10.152.183.1:443/apis/apps/v1/namespaces/test/statefulsets/postgresql-test-app": dial tcp 10.152.183.1:443: connect: connection refused - error from a previous attempt: read tcp 10.1.142.197:46106->10.152.183.1:443: read: connection reset by peer
controller-0: 01:51:56 ERROR juju.worker.caasapplicationprovisioner.runner exited "another-database": Get "https://10.152.183.1:443/api/v1/namespaces/test/services/another-database": dial tcp 10.152.183.1:443: connect: connection refused - error from a previous attempt: read tcp 10.1.142.197:46102->10.152.183.1:443: read: connection reset by peer
controller-0: 01:51:56 ERROR juju.worker.caasapplicationprovisioner.runner exited "database": Get "https://10.152.183.1:443/api/v1/namespaces/test/pods/database-0": dial tcp 10.152.183.1:443: connect: connection refused
unit-database-2: 01:51:58 ERROR unit.database/2.juju-log Uncaught exception while in charm code:
Traceback (most recent call last):
  File "/var/lib/juju/agents/unit-database-2/charm/venv/httpx/_transports/default.py", line 69, in map_httpcore_exceptions
    yield
  File "/var/lib/juju/agents/unit-database-2/charm/venv/httpx/_transports/default.py", line 233, in handle_request
    resp = self._pool.handle_request(req)
  File "/var/lib/juju/agents/unit-database-2/charm/venv/httpcore/_sync/connection_pool.py", line 216, in handle_request
    raise exc from None
  File "/var/lib/juju/agents/unit-database-2/charm/venv/httpcore/_sync/connection_pool.py", line 196, in handle_request
    response = connection.handle_request(
  File "/var/lib/juju/agents/unit-database-2/charm/venv/httpcore/_sync/connection.py", line 99, in handle_request
    raise exc
  File "/var/lib/juju/agents/unit-database-2/charm/venv/httpcore/_sync/connection.py", line 76, in handle_request
    stream = self._connect(request)
  File "/var/lib/juju/agents/unit-database-2/charm/venv/httpcore/_sync/connection.py", line 122, in _connect
    stream = self._network_backend.connect_tcp(**kwargs)
  File "/var/lib/juju/agents/unit-database-2/charm/venv/httpcore/_backends/sync.py", line 205, in connect_tcp
    with map_exceptions(exc_map):
  File "/usr/lib/python3.10/contextlib.py", line 153, in __exit__
    self.gen.throw(typ, value, traceback)
  File "/var/lib/juju/agents/unit-database-2/charm/venv/httpcore/_exceptions.py", line 14, in map_exceptions
    raise to_exc(exc) from exc
httpcore.ConnectError: [Errno 111] Connection refused

The above exception was the direct cause of the following exception:

Traceback (most recent call last):
  File "/var/lib/juju/agents/unit-database-2/charm/./src/charm.py", line 1837, in <module>
    main(PostgresqlOperatorCharm, use_juju_for_storage=True)
  File "/var/lib/juju/agents/unit-database-2/charm/venv/ops/main.py", line 548, in main
    manager.run()
  File "/var/lib/juju/agents/unit-database-2/charm/venv/ops/main.py", line 527, in run
    self._emit()
  File "/var/lib/juju/agents/unit-database-2/charm/venv/ops/main.py", line 513, in _emit
    self.framework.reemit()
  File "/var/lib/juju/agents/unit-database-2/charm/venv/ops/framework.py", line 870, in reemit
    self._reemit()
  File "/var/lib/juju/agents/unit-database-2/charm/venv/ops/framework.py", line 950, in _reemit
    custom_handler(event)
  File "/var/lib/juju/agents/unit-database-2/charm/lib/charms/tempo_k8s/v1/charm_tracing.py", line 544, in wrapped_function
    return callable(*args, **kwargs)  # type: ignore
  File "/var/lib/juju/agents/unit-database-2/charm/./src/charm.py", line 842, in _on_postgresql_pebble_ready
    self.push_tls_files_to_workload(container)
  File "/var/lib/juju/agents/unit-database-2/charm/lib/charms/tempo_k8s/v1/charm_tracing.py", line 544, in wrapped_function
    return callable(*args, **kwargs)  # type: ignore
  File "/var/lib/juju/agents/unit-database-2/charm/./src/charm.py", line 1534, in push_tls_files_to_workload
    return self.update_config()
  File "/var/lib/juju/agents/unit-database-2/charm/lib/charms/tempo_k8s/v1/charm_tracing.py", line 544, in wrapped_function
    return callable(*args, **kwargs)  # type: ignore
  File "/var/lib/juju/agents/unit-database-2/charm/./src/charm.py", line 1605, in update_config
    available_cpu_cores, available_memory = self.get_available_resources()
  File "/var/lib/juju/agents/unit-database-2/charm/lib/charms/tempo_k8s/v1/charm_tracing.py", line 544, in wrapped_function
    return callable(*args, **kwargs)  # type: ignore
  File "/var/lib/juju/agents/unit-database-2/charm/./src/charm.py", line 1796, in get_available_resources
    cpu_cores = self.get_node_cpu_cores()
  File "/var/lib/juju/agents/unit-database-2/charm/lib/charms/tempo_k8s/v1/charm_tracing.py", line 544, in wrapped_function
    return callable(*args, **kwargs)  # type: ignore
  File "/var/lib/juju/agents/unit-database-2/charm/./src/charm.py", line 1791, in get_node_cpu_cores
    node = client.get(Node, name=self._get_node_name_for_pod(), namespace=self._namespace)
  File "/var/lib/juju/agents/unit-database-2/charm/lib/charms/tempo_k8s/v1/charm_tracing.py", line 544, in wrapped_function
    return callable(*args, **kwargs)  # type: ignore
  File "/var/lib/juju/agents/unit-database-2/charm/./src/charm.py", line 1761, in _get_node_name_for_pod
    pod = client.get(
  File "/var/lib/juju/agents/unit-database-2/charm/venv/lightkube/core/client.py", line 140, in get
    return self._client.request("get", res=res, name=name, namespace=namespace)
  File "/var/lib/juju/agents/unit-database-2/charm/venv/lightkube/core/generic_client.py", line 244, in request
    resp = self.send(req)
  File "/var/lib/juju/agents/unit-database-2/charm/venv/lightkube/core/generic_client.py", line 216, in send
    return self._client.send(req, stream=stream)
  File "/var/lib/juju/agents/unit-database-2/charm/venv/httpx/_client.py", line 914, in send
    response = self._send_handling_auth(
  File "/var/lib/juju/agents/unit-database-2/charm/venv/httpx/_client.py", line 942, in _send_handling_auth
    response = self._send_handling_redirects(
  File "/var/lib/juju/agents/unit-database-2/charm/venv/httpx/_client.py", line 979, in _send_handling_redirects
    response = self._send_single_request(request)
  File "/var/lib/juju/agents/unit-database-2/charm/venv/httpx/_client.py", line 1015, in _send_single_request
    response = transport.handle_request(request)
  File "/var/lib/juju/agents/unit-database-2/charm/venv/httpx/_transports/default.py", line 232, in handle_request
    with map_httpcore_exceptions():
  File "/usr/lib/python3.10/contextlib.py", line 153, in __exit__
    self.gen.throw(typ, value, traceback)
  File "/var/lib/juju/agents/unit-database-2/charm/venv/httpx/_transports/default.py", line 86, in map_httpcore_exceptions
    raise mapped_exc(message) from exc
httpx.ConnectError: [Errno 111] Connection refused
unit-database-2: 01:51:58 ERROR juju.worker.uniter.operation hook "leader-settings-changed" (via hook dispatching script: dispatch) failed: exit status 1
controller-0: 01:51:59 ERROR juju.worker.caasapplicationprovisioner.runner exited "another-database": checking if "another-database" has an operator pod due to upgrading the charm from a pod-spec charm to a sidecar charm: Get "https://10.152.183.1:443/apis/apps/v1/namespaces/test/statefulsets/another-database-operator": dial tcp 10.152.183.1:443: connect: connection refused
controller-0: 01:51:59 ERROR juju.worker.caasapplicationprovisioner.runner exited "postgresql-test-app": checking if "postgresql-test-app" has an operator pod due to upgrading the charm from a pod-spec charm to a sidecar charm: Get "https://10.152.183.1:443/apis/apps/v1/namespaces/test/statefulsets/postgresql-test-app-operator": dial tcp 10.152.183.1:443: connect: connection refused
controller-0: 01:51:59 ERROR juju.worker.caasapplicationprovisioner.runner exited "database": checking if "database" has an operator pod due to upgrading the charm from a pod-spec charm to a sidecar charm: Get "https://10.152.183.1:443/apis/apps/v1/namespaces/test/statefulsets/database-operator": dial tcp 10.152.183.1:443: connect: connection refused
unit-database-2: 01:52:00 ERROR unit.database/2.juju-log Uncaught exception while in charm code:
Traceback (most recent call last):
  File "/var/lib/juju/agents/unit-database-2/charm/venv/ops/model.py", line 3139, in _run
    result = subprocess.run(args, **kwargs)  # type: ignore
  File "/usr/lib/python3.10/subprocess.py", line 526, in run
    raise CalledProcessError(retcode, process.args,
subprocess.CalledProcessError: Command '('/var/lib/juju/tools/unit-database-2/secret-get', '--label', 'database-peers.database.app', '--format=json')' returned non-zero exit status 1.

The above exception was the direct cause of the following exception:

Traceback (most recent call last):
  File "/var/lib/juju/agents/unit-database-2/charm/./src/charm.py", line 1837, in <module>
    main(PostgresqlOperatorCharm, use_juju_for_storage=True)
  File "/var/lib/juju/agents/unit-database-2/charm/venv/ops/main.py", line 548, in main
    manager.run()
  File "/var/lib/juju/agents/unit-database-2/charm/venv/ops/main.py", line 527, in run
    self._emit()
  File "/var/lib/juju/agents/unit-database-2/charm/venv/ops/main.py", line 513, in _emit
    self.framework.reemit()
  File "/var/lib/juju/agents/unit-database-2/charm/venv/ops/framework.py", line 870, in reemit
    self._reemit()
  File "/var/lib/juju/agents/unit-database-2/charm/venv/ops/framework.py", line 950, in _reemit
    custom_handler(event)
  File "/var/lib/juju/agents/unit-database-2/charm/lib/charms/tempo_k8s/v1/charm_tracing.py", line 544, in wrapped_function
    return callable(*args, **kwargs)  # type: ignore
  File "/var/lib/juju/agents/unit-database-2/charm/./src/charm.py", line 827, in _on_postgresql_pebble_ready
    self.unit.set_workload_version(self._patroni.rock_postgresql_version)
  File "/var/lib/juju/agents/unit-database-2/charm/./src/charm.py", line 1334, in _patroni
    self.get_secret(APP_SCOPE, USER_PASSWORD_KEY),
  File "/var/lib/juju/agents/unit-database-2/charm/lib/charms/tempo_k8s/v1/charm_tracing.py", line 544, in wrapped_function
    return callable(*args, **kwargs)  # type: ignore
  File "/var/lib/juju/agents/unit-database-2/charm/./src/charm.py", line 300, in get_secret
    if result := self.peer_relation_data(scope).fetch_my_relation_field(peers.id, key):
  File "/var/lib/juju/agents/unit-database-2/charm/lib/charms/data_platform_libs/v0/data_interfaces.py", line 1260, in fetch_my_relation_field
    if relation_data := self.fetch_my_relation_data([relation_id], [field], relation_name):
  File "/var/lib/juju/agents/unit-database-2/charm/lib/charms/data_platform_libs/v0/data_interfaces.py", line 1249, in fetch_my_relation_data
    data[relation.id] = self._fetch_my_specific_relation_data(relation, fields)
  File "/var/lib/juju/agents/unit-database-2/charm/lib/charms/data_platform_libs/v0/data_interfaces.py", line 534, in wrapper
    return f(self, *args, **kwargs)
  File "/var/lib/juju/agents/unit-database-2/charm/lib/charms/data_platform_libs/v0/data_interfaces.py", line 2083, in _fetch_my_specific_relation_data
    self.component, self.secret_fields, relation, fields
  File "/var/lib/juju/agents/unit-database-2/charm/lib/charms/data_platform_libs/v0/data_interfaces.py", line 1817, in secret_fields
    self.static_secret_fields if self.static_secret_fields else self.current_secret_fields
  File "/var/lib/juju/agents/unit-database-2/charm/lib/charms/data_platform_libs/v0/data_interfaces.py", line 1836, in current_secret_fields
    if content := self._get_group_secret_contents(relation, group):
  File "/var/lib/juju/agents/unit-database-2/charm/lib/charms/data_platform_libs/v0/data_interfaces.py", line 2070, in _get_group_secret_contents
    result = super()._get_group_secret_contents(relation, group, secret_fields)
  File "/var/lib/juju/agents/unit-database-2/charm/lib/charms/data_platform_libs/v0/data_interfaces.py", line 1000, in _get_group_secret_contents
    if (secret := self._get_relation_secret(relation.id, group)) and (
  File "/var/lib/juju/agents/unit-database-2/charm/lib/charms/data_platform_libs/v0/data_interfaces.py", line 506, in wrapper
    return f(self, *args, **kwargs)
  File "/var/lib/juju/agents/unit-database-2/charm/lib/charms/data_platform_libs/v0/data_interfaces.py", line 2059, in _get_relation_secret
    return self.secrets.get(label, secret_uri, legacy_labels=self._previous_labels())
  File "/var/lib/juju/agents/unit-database-2/charm/lib/charms/data_platform_libs/v0/data_interfaces.py", line 706, in get
    if secret.meta:
  File "/var/lib/juju/agents/unit-database-2/charm/lib/charms/data_platform_libs/v0/data_interfaces.py", line 605, in meta
    self._secret_meta = self._model.get_secret(label=label)
  File "/var/lib/juju/agents/unit-database-2/charm/venv/ops/model.py", line 285, in get_secret
    content = self._backend.secret_get(id=id, label=label)
  File "/var/lib/juju/agents/unit-database-2/charm/venv/ops/model.py", line 3504, in secret_get
    result = self._run('secret-get', *args, return_output=True, use_json=True)
  File "/var/lib/juju/agents/unit-database-2/charm/venv/ops/model.py", line 3141, in _run
    raise ModelError(e.stderr) from e
ops.model.ModelError: ERROR unable to determine legacy status for namespace "test": Get "https://10.152.183.1:443/api/v1/namespaces/test": dial tcp 10.152.183.1:443: connect: connection refused

unit-database-2: 01:52:00 ERROR juju.worker.uniter.operation hook "stop" (via hook dispatching script: dispatch) failed: exit status 1
unit-another-database-1: 01:52:36 ERROR unit.another-database/1.juju-log failed to change plugins: 
Traceback (most recent call last):
  File "/var/lib/juju/agents/unit-another-database-1/charm/lib/charms/postgresql_k8s/v0/postgresql.py", line 303, in enable_disable_extensions
    with self._connect_to_database() as connection, connection.cursor() as cursor:
  File "/var/lib/juju/agents/unit-another-database-1/charm/lib/charms/tempo_k8s/v1/charm_tracing.py", line 544, in wrapped_function
    return callable(*args, **kwargs)  # type: ignore
  File "/var/lib/juju/agents/unit-another-database-1/charm/lib/charms/postgresql_k8s/v0/postgresql.py", line 127, in _connect_to_database
    connection = psycopg2.connect(
  File "/var/lib/juju/agents/unit-another-database-1/charm/venv/psycopg2/__init__.py", line 122, in connect
    conn = _connect(dsn, connection_factory=connection_factory, **kwasync)
psycopg2.OperationalError: connection to server at "another-database-primary.test.svc.cluster.local" (10.152.183.239), port 5432 failed: Connection refused
	Is the server running on that host and accepting TCP/IP connections?


During handling of the above exception, another exception occurred:

Traceback (most recent call last):
  File "/var/lib/juju/agents/unit-another-database-1/charm/./src/charm.py", line 639, in enable_disable_extensions
    self.postgresql.enable_disable_extensions(extensions, database)
  File "/var/lib/juju/agents/unit-another-database-1/charm/lib/charms/tempo_k8s/v1/charm_tracing.py", line 544, in wrapped_function
    return callable(*args, **kwargs)  # type: ignore
  File "/var/lib/juju/agents/unit-another-database-1/charm/lib/charms/postgresql_k8s/v0/postgresql.py", line 327, in enable_disable_extensions
    raise PostgreSQLEnableDisableExtensionError()
charms.postgresql_k8s.v0.postgresql.PostgreSQLEnableDisableExtensionError
unit-another-database-2: 01:52:36 ERROR unit.another-database/2.juju-log failed to change plugins: 
Traceback (most recent call last):
  File "/var/lib/juju/agents/unit-another-database-2/charm/lib/charms/postgresql_k8s/v0/postgresql.py", line 303, in enable_disable_extensions
    with self._connect_to_database() as connection, connection.cursor() as cursor:
  File "/var/lib/juju/agents/unit-another-database-2/charm/lib/charms/tempo_k8s/v1/charm_tracing.py", line 544, in wrapped_function
    return callable(*args, **kwargs)  # type: ignore
  File "/var/lib/juju/agents/unit-another-database-2/charm/lib/charms/postgresql_k8s/v0/postgresql.py", line 127, in _connect_to_database
    connection = psycopg2.connect(
  File "/var/lib/juju/agents/unit-another-database-2/charm/venv/psycopg2/__init__.py", line 122, in connect
    conn = _connect(dsn, connection_factory=connection_factory, **kwasync)
psycopg2.OperationalError: connection to server at "another-database-primary.test.svc.cluster.local" (10.152.183.239), port 5432 failed: Connection refused
	Is the server running on that host and accepting TCP/IP connections?


During handling of the above exception, another exception occurred:

Traceback (most recent call last):
  File "/var/lib/juju/agents/unit-another-database-2/charm/./src/charm.py", line 639, in enable_disable_extensions
    self.postgresql.enable_disable_extensions(extensions, database)
  File "/var/lib/juju/agents/unit-another-database-2/charm/lib/charms/tempo_k8s/v1/charm_tracing.py", line 544, in wrapped_function
    return callable(*args, **kwargs)  # type: ignore
  File "/var/lib/juju/agents/unit-another-database-2/charm/lib/charms/postgresql_k8s/v0/postgresql.py", line 327, in enable_disable_extensions
    raise PostgreSQLEnableDisableExtensionError()
charms.postgresql_k8s.v0.postgresql.PostgreSQLEnableDisableExtensionError
unit-another-database-1: 01:53:05 ERROR unit.another-database/1.juju-log failed to change plugins: 
Traceback (most recent call last):
  File "/var/lib/juju/agents/unit-another-database-1/charm/lib/charms/postgresql_k8s/v0/postgresql.py", line 303, in enable_disable_extensions
    with self._connect_to_database() as connection, connection.cursor() as cursor:
  File "/var/lib/juju/agents/unit-another-database-1/charm/lib/charms/tempo_k8s/v1/charm_tracing.py", line 544, in wrapped_function
    return callable(*args, **kwargs)  # type: ignore
  File "/var/lib/juju/agents/unit-another-database-1/charm/lib/charms/postgresql_k8s/v0/postgresql.py", line 127, in _connect_to_database
    connection = psycopg2.connect(
  File "/var/lib/juju/agents/unit-another-database-1/charm/venv/psycopg2/__init__.py", line 122, in connect
    conn = _connect(dsn, connection_factory=connection_factory, **kwasync)
psycopg2.OperationalError: connection to server at "another-database-primary.test.svc.cluster.local" (10.152.183.239), port 5432 failed: Connection refused
	Is the server running on that host and accepting TCP/IP connections?


During handling of the above exception, another exception occurred:

Traceback (most recent call last):
  File "/var/lib/juju/agents/unit-another-database-1/charm/./src/charm.py", line 639, in enable_disable_extensions
    self.postgresql.enable_disable_extensions(extensions, database)
  File "/var/lib/juju/agents/unit-another-database-1/charm/lib/charms/tempo_k8s/v1/charm_tracing.py", line 544, in wrapped_function
    return callable(*args, **kwargs)  # type: ignore
  File "/var/lib/juju/agents/unit-another-database-1/charm/lib/charms/postgresql_k8s/v0/postgresql.py", line 327, in enable_disable_extensions
    raise PostgreSQLEnableDisableExtensionError()
charms.postgresql_k8s.v0.postgresql.PostgreSQLEnableDisableExtensionError

[32mINFO    [0m pytest_operator.plugin:plugin.py:947 Forgetting model main...