[33mWARNING [0m juju.client.connection:connection.py:654 RPC: Connection closed, reconnecting
[1m[31mERROR   [0m juju.client.connection:connection.py:662 RPC: Automatic reconnect failed
[32mINFO    [0m pytest_operator.plugin:plugin.py:862 Model status:

Model  Controller          Cloud/Region        Version  SLA          Timestamp
test   microk8s-localhost  microk8s/localhost  3.4.4    unsupported  02:12:29Z

App             Version  Status  Scale  Charm           Channel  Rev  Address        Exposed  Message
postgresql-k8s  14.12    active    3/0  postgresql-k8s             0  10.152.183.24  no       

Unit               Workload  Agent      Address      Ports  Message
postgresql-k8s/0   active    executing  10.1.192.76         Primary
postgresql-k8s/1*  active    executing  10.1.192.78         
postgresql-k8s/2   active    executing  10.1.192.77         

[32mINFO    [0m pytest_operator.plugin:plugin.py:868 Juju error logs:

controller-0: 02:02:12 ERROR juju.worker.caasapplicationprovisioner.runner exited "postgresql-k8s": refreshing application status for "postgresql-k8s": Get "https://10.152.183.1:443/apis/apps/v1/namespaces/test/statefulsets/postgresql-k8s": dial tcp 10.152.183.1:443: connect: connection refused - error from a previous attempt: unexpected EOF
controller-0: 02:02:16 ERROR juju.worker.caasapplicationprovisioner.runner exited "postgresql-k8s": checking if "postgresql-k8s" has an operator pod due to upgrading the charm from a pod-spec charm to a sidecar charm: Get "https://10.152.183.1:443/apis/apps/v1/namespaces/test/statefulsets/postgresql-k8s-operator": dial tcp 10.152.183.1:443: connect: connection refused
controller-0: 02:02:19 ERROR juju.worker.caasapplicationprovisioner.runner exited "postgresql-k8s": checking if "postgresql-k8s" has an operator pod due to upgrading the charm from a pod-spec charm to a sidecar charm: Get "https://10.152.183.1:443/apis/apps/v1/namespaces/test/statefulsets/postgresql-k8s-operator": dial tcp 10.152.183.1:443: connect: connection refused
unit-postgresql-k8s-0: 02:02:20 ERROR juju.worker.dependency "log-sender" manifold worker returned unexpected error: sending log message: write tcp 10.1.192.76:36964->10.152.183.99:17070: i/o timeout: write tcp 10.1.192.76:36964->10.152.183.99:17070: i/o timeout
unit-postgresql-k8s-0: 02:02:22 ERROR juju.worker.caasunitterminationworker error while terminating unit: getting caas client: unable to determine legacy status for namespace "test": Get "https://10.152.183.1:443/api/v1/namespaces/test": dial tcp 10.152.183.1:443: connect: connection refused
unit-postgresql-k8s-0: 02:02:22 ERROR juju.worker.dependency "caas-unit-termination-worker" manifold worker returned unexpected error: getting caas client: unable to determine legacy status for namespace "test": Get "https://10.152.183.1:443/api/v1/namespaces/test": dial tcp 10.152.183.1:443: connect: connection refused
controller-0: 02:02:22 ERROR juju.worker.caasapplicationprovisioner.runner exited "postgresql-k8s": checking if "postgresql-k8s" has an operator pod due to upgrading the charm from a pod-spec charm to a sidecar charm: Get "https://10.152.183.1:443/apis/apps/v1/namespaces/test/statefulsets/postgresql-k8s-operator": dial tcp 10.152.183.1:443: connect: connection refused
unit-postgresql-k8s-1: 02:02:25 ERROR juju.worker.caasunitterminationworker error while terminating unit: getting caas client: unable to determine legacy status for namespace "test": Get "https://10.152.183.1:443/api/v1/namespaces/test": dial tcp 10.152.183.1:443: connect: connection refused
unit-postgresql-k8s-1: 02:02:25 ERROR juju.worker.dependency "caas-unit-termination-worker" manifold worker returned unexpected error: getting caas client: unable to determine legacy status for namespace "test": Get "https://10.152.183.1:443/api/v1/namespaces/test": dial tcp 10.152.183.1:443: connect: connection refused
controller-0: 02:02:25 ERROR juju.worker.caasapplicationprovisioner.runner exited "postgresql-k8s": checking if "postgresql-k8s" has an operator pod due to upgrading the charm from a pod-spec charm to a sidecar charm: Get "https://10.152.183.1:443/apis/apps/v1/namespaces/test/statefulsets/postgresql-k8s-operator": dial tcp 10.152.183.1:443: connect: connection refused
unit-postgresql-k8s-2: 02:02:28 ERROR juju.worker.dependency "log-sender" manifold worker returned unexpected error: sending log message: write tcp 10.1.192.77:41196->10.152.183.99:17070: write: broken pipe: write tcp 10.1.192.77:41196->10.152.183.99:17070: write: broken pipe
controller-0: 02:02:28 ERROR juju.worker.caasapplicationprovisioner.runner exited "postgresql-k8s": checking if "postgresql-k8s" has an operator pod due to upgrading the charm from a pod-spec charm to a sidecar charm: Get "https://10.152.183.1:443/apis/apps/v1/namespaces/test/statefulsets/postgresql-k8s-operator": dial tcp 10.152.183.1:443: connect: connection refused
controller-0: 02:02:32 ERROR juju.worker.caasapplicationprovisioner.runner exited "postgresql-k8s": checking if "postgresql-k8s" has an operator pod due to upgrading the charm from a pod-spec charm to a sidecar charm: Get "https://10.152.183.1:443/apis/apps/v1/namespaces/test/statefulsets/postgresql-k8s-operator": dial tcp 10.152.183.1:443: connect: connection refused
controller-0: 02:02:35 ERROR juju.worker.caasapplicationprovisioner.runner exited "postgresql-k8s": checking if "postgresql-k8s" has an operator pod due to upgrading the charm from a pod-spec charm to a sidecar charm: Get "https://10.152.183.1:443/apis/apps/v1/namespaces/test/statefulsets/postgresql-k8s-operator": dial tcp 10.152.183.1:443: connect: connection refused
controller-0: 02:02:39 ERROR juju.worker.caasapplicationprovisioner.runner exited "postgresql-k8s": checking if "postgresql-k8s" has an operator pod due to upgrading the charm from a pod-spec charm to a sidecar charm: Get "https://10.152.183.1:443/apis/apps/v1/namespaces/test/statefulsets/postgresql-k8s-operator": dial tcp 10.152.183.1:443: connect: connection refused
controller-0: 02:02:43 ERROR juju.worker.caasapplicationprovisioner.runner exited "postgresql-k8s": checking if "postgresql-k8s" has an operator pod due to upgrading the charm from a pod-spec charm to a sidecar charm: Get "https://10.152.183.1:443/apis/apps/v1/namespaces/test/statefulsets/postgresql-k8s-operator": dial tcp 10.152.183.1:443: connect: connection refused
controller-0: 02:02:46 ERROR juju.worker.caasapplicationprovisioner.runner exited "postgresql-k8s": checking if "postgresql-k8s" has an operator pod due to upgrading the charm from a pod-spec charm to a sidecar charm: Get "https://10.152.183.1:443/apis/apps/v1/namespaces/test/statefulsets/postgresql-k8s-operator": dial tcp 10.152.183.1:443: connect: connection refused
unit-postgresql-k8s-2: 02:02:47 ERROR unit.postgresql-k8s/2.juju-log Uncaught exception while in charm code:
Traceback (most recent call last):
  File "/var/lib/juju/agents/unit-postgresql-k8s-2/charm/venv/httpx/_transports/default.py", line 69, in map_httpcore_exceptions
    yield
  File "/var/lib/juju/agents/unit-postgresql-k8s-2/charm/venv/httpx/_transports/default.py", line 233, in handle_request
    resp = self._pool.handle_request(req)
  File "/var/lib/juju/agents/unit-postgresql-k8s-2/charm/venv/httpcore/_sync/connection_pool.py", line 216, in handle_request
    raise exc from None
  File "/var/lib/juju/agents/unit-postgresql-k8s-2/charm/venv/httpcore/_sync/connection_pool.py", line 196, in handle_request
    response = connection.handle_request(
  File "/var/lib/juju/agents/unit-postgresql-k8s-2/charm/venv/httpcore/_sync/connection.py", line 99, in handle_request
    raise exc
  File "/var/lib/juju/agents/unit-postgresql-k8s-2/charm/venv/httpcore/_sync/connection.py", line 76, in handle_request
    stream = self._connect(request)
  File "/var/lib/juju/agents/unit-postgresql-k8s-2/charm/venv/httpcore/_sync/connection.py", line 122, in _connect
    stream = self._network_backend.connect_tcp(**kwargs)
  File "/var/lib/juju/agents/unit-postgresql-k8s-2/charm/venv/httpcore/_backends/sync.py", line 205, in connect_tcp
    with map_exceptions(exc_map):
  File "/usr/lib/python3.10/contextlib.py", line 153, in __exit__
    self.gen.throw(typ, value, traceback)
  File "/var/lib/juju/agents/unit-postgresql-k8s-2/charm/venv/httpcore/_exceptions.py", line 14, in map_exceptions
    raise to_exc(exc) from exc
httpcore.ConnectError: [Errno 111] Connection refused

The above exception was the direct cause of the following exception:

Traceback (most recent call last):
  File "/var/lib/juju/agents/unit-postgresql-k8s-2/charm/./src/charm.py", line 1837, in <module>
    main(PostgresqlOperatorCharm, use_juju_for_storage=True)
  File "/var/lib/juju/agents/unit-postgresql-k8s-2/charm/venv/ops/main.py", line 548, in main
    manager.run()
  File "/var/lib/juju/agents/unit-postgresql-k8s-2/charm/venv/ops/main.py", line 527, in run
    self._emit()
  File "/var/lib/juju/agents/unit-postgresql-k8s-2/charm/venv/ops/main.py", line 516, in _emit
    _emit_charm_event(self.charm, self.dispatcher.event_name)
  File "/var/lib/juju/agents/unit-postgresql-k8s-2/charm/venv/ops/main.py", line 147, in _emit_charm_event
    event_to_emit.emit(*args, **kwargs)
  File "/var/lib/juju/agents/unit-postgresql-k8s-2/charm/venv/ops/framework.py", line 348, in emit
    framework._emit(event)
  File "/var/lib/juju/agents/unit-postgresql-k8s-2/charm/venv/ops/framework.py", line 860, in _emit
    self._reemit(event_path)
  File "/var/lib/juju/agents/unit-postgresql-k8s-2/charm/venv/ops/framework.py", line 950, in _reemit
    custom_handler(event)
  File "/var/lib/juju/agents/unit-postgresql-k8s-2/charm/lib/charms/observability_libs/v1/kubernetes_service_patch.py", line 277, in _patch
    if self._is_patched(client):
  File "/var/lib/juju/agents/unit-postgresql-k8s-2/charm/lib/charms/observability_libs/v1/kubernetes_service_patch.py", line 309, in _is_patched
    service = client.get(Service, name=self.service_name, namespace=self._namespace)
  File "/var/lib/juju/agents/unit-postgresql-k8s-2/charm/venv/lightkube/core/client.py", line 140, in get
    return self._client.request("get", res=res, name=name, namespace=namespace)
  File "/var/lib/juju/agents/unit-postgresql-k8s-2/charm/venv/lightkube/core/generic_client.py", line 244, in request
    resp = self.send(req)
  File "/var/lib/juju/agents/unit-postgresql-k8s-2/charm/venv/lightkube/core/generic_client.py", line 216, in send
    return self._client.send(req, stream=stream)
  File "/var/lib/juju/agents/unit-postgresql-k8s-2/charm/venv/httpx/_client.py", line 914, in send
    response = self._send_handling_auth(
  File "/var/lib/juju/agents/unit-postgresql-k8s-2/charm/venv/httpx/_client.py", line 942, in _send_handling_auth
    response = self._send_handling_redirects(
  File "/var/lib/juju/agents/unit-postgresql-k8s-2/charm/venv/httpx/_client.py", line 979, in _send_handling_redirects
    response = self._send_single_request(request)
  File "/var/lib/juju/agents/unit-postgresql-k8s-2/charm/venv/httpx/_client.py", line 1015, in _send_single_request
    response = transport.handle_request(request)
  File "/var/lib/juju/agents/unit-postgresql-k8s-2/charm/venv/httpx/_transports/default.py", line 232, in handle_request
    with map_httpcore_exceptions():
  File "/usr/lib/python3.10/contextlib.py", line 153, in __exit__
    self.gen.throw(typ, value, traceback)
  File "/var/lib/juju/agents/unit-postgresql-k8s-2/charm/venv/httpx/_transports/default.py", line 86, in map_httpcore_exceptions
    raise mapped_exc(message) from exc
httpx.ConnectError: [Errno 111] Connection refused
unit-postgresql-k8s-2: 02:02:48 ERROR juju.worker.uniter.operation hook "update-status" (via hook dispatching script: dispatch) failed: exit status 1
unit-postgresql-k8s-1: 02:02:48 ERROR unit.postgresql-k8s/1.juju-log Uncaught exception while in charm code:
Traceback (most recent call last):
  File "/var/lib/juju/agents/unit-postgresql-k8s-1/charm/venv/ops/model.py", line 3180, in _run
    result = subprocess.run(args, **kwargs)  # type: ignore
  File "/usr/lib/python3.10/subprocess.py", line 526, in run
    raise CalledProcessError(retcode, process.args,
subprocess.CalledProcessError: Command '('/var/lib/juju/tools/unit-postgresql-k8s-1/secret-get', '--label', 'database-peers.postgresql-k8s.app', '--format=json')' returned non-zero exit status 1.

The above exception was the direct cause of the following exception:

Traceback (most recent call last):
  File "/var/lib/juju/agents/unit-postgresql-k8s-1/charm/./src/charm.py", line 1837, in <module>
    main(PostgresqlOperatorCharm, use_juju_for_storage=True)
  File "/var/lib/juju/agents/unit-postgresql-k8s-1/charm/venv/ops/main.py", line 548, in main
    manager.run()
  File "/var/lib/juju/agents/unit-postgresql-k8s-1/charm/venv/ops/main.py", line 527, in run
    self._emit()
  File "/var/lib/juju/agents/unit-postgresql-k8s-1/charm/venv/ops/main.py", line 516, in _emit
    _emit_charm_event(self.charm, self.dispatcher.event_name)
  File "/var/lib/juju/agents/unit-postgresql-k8s-1/charm/venv/ops/main.py", line 147, in _emit_charm_event
    event_to_emit.emit(*args, **kwargs)
  File "/var/lib/juju/agents/unit-postgresql-k8s-1/charm/venv/ops/framework.py", line 348, in emit
    framework._emit(event)
  File "/var/lib/juju/agents/unit-postgresql-k8s-1/charm/venv/ops/framework.py", line 860, in _emit
    self._reemit(event_path)
  File "/var/lib/juju/agents/unit-postgresql-k8s-1/charm/venv/ops/framework.py", line 950, in _reemit
    custom_handler(event)
  File "/var/lib/juju/agents/unit-postgresql-k8s-1/charm/lib/charms/tempo_k8s/v1/charm_tracing.py", line 647, in wrapped_function
    return callable(*args, **kwargs)  # type: ignore
  File "/var/lib/juju/agents/unit-postgresql-k8s-1/charm/./src/charm.py", line 1271, in _on_update_status
    if self._handle_processes_failures():
  File "/var/lib/juju/agents/unit-postgresql-k8s-1/charm/lib/charms/tempo_k8s/v1/charm_tracing.py", line 647, in wrapped_function
    return callable(*args, **kwargs)  # type: ignore
  File "/var/lib/juju/agents/unit-postgresql-k8s-1/charm/./src/charm.py", line 1290, in _handle_processes_failures
    if not self._patroni.member_started and self._patroni.is_database_running:
  File "/var/lib/juju/agents/unit-postgresql-k8s-1/charm/./src/charm.py", line 1334, in _patroni
    self.get_secret(APP_SCOPE, USER_PASSWORD_KEY),
  File "/var/lib/juju/agents/unit-postgresql-k8s-1/charm/lib/charms/tempo_k8s/v1/charm_tracing.py", line 647, in wrapped_function
    return callable(*args, **kwargs)  # type: ignore
  File "/var/lib/juju/agents/unit-postgresql-k8s-1/charm/./src/charm.py", line 300, in get_secret
    if result := self.peer_relation_data(scope).fetch_my_relation_field(peers.id, key):
  File "/var/lib/juju/agents/unit-postgresql-k8s-1/charm/lib/charms/data_platform_libs/v0/data_interfaces.py", line 1260, in fetch_my_relation_field
    if relation_data := self.fetch_my_relation_data([relation_id], [field], relation_name):
  File "/var/lib/juju/agents/unit-postgresql-k8s-1/charm/lib/charms/data_platform_libs/v0/data_interfaces.py", line 1249, in fetch_my_relation_data
    data[relation.id] = self._fetch_my_specific_relation_data(relation, fields)
  File "/var/lib/juju/agents/unit-postgresql-k8s-1/charm/lib/charms/data_platform_libs/v0/data_interfaces.py", line 534, in wrapper
    return f(self, *args, **kwargs)
  File "/var/lib/juju/agents/unit-postgresql-k8s-1/charm/lib/charms/data_platform_libs/v0/data_interfaces.py", line 2083, in _fetch_my_specific_relation_data
    self.component, self.secret_fields, relation, fields
  File "/var/lib/juju/agents/unit-postgresql-k8s-1/charm/lib/charms/data_platform_libs/v0/data_interfaces.py", line 1817, in secret_fields
    self.static_secret_fields if self.static_secret_fields else self.current_secret_fields
  File "/var/lib/juju/agents/unit-postgresql-k8s-1/charm/lib/charms/data_platform_libs/v0/data_interfaces.py", line 1836, in current_secret_fields
    if content := self._get_group_secret_contents(relation, group):
  File "/var/lib/juju/agents/unit-postgresql-k8s-1/charm/lib/charms/data_platform_libs/v0/data_interfaces.py", line 2070, in _get_group_secret_contents
    result = super()._get_group_secret_contents(relation, group, secret_fields)
  File "/var/lib/juju/agents/unit-postgresql-k8s-1/charm/lib/charms/data_platform_libs/v0/data_interfaces.py", line 1000, in _get_group_secret_contents
    if (secret := self._get_relation_secret(relation.id, group)) and (
  File "/var/lib/juju/agents/unit-postgresql-k8s-1/charm/lib/charms/data_platform_libs/v0/data_interfaces.py", line 506, in wrapper
    return f(self, *args, **kwargs)
  File "/var/lib/juju/agents/unit-postgresql-k8s-1/charm/lib/charms/data_platform_libs/v0/data_interfaces.py", line 2059, in _get_relation_secret
    return self.secrets.get(label, secret_uri, legacy_labels=self._previous_labels())
  File "/var/lib/juju/agents/unit-postgresql-k8s-1/charm/lib/charms/data_platform_libs/v0/data_interfaces.py", line 706, in get
    if secret.meta:
  File "/var/lib/juju/agents/unit-postgresql-k8s-1/charm/lib/charms/data_platform_libs/v0/data_interfaces.py", line 605, in meta
    self._secret_meta = self._model.get_secret(label=label)
  File "/var/lib/juju/agents/unit-postgresql-k8s-1/charm/venv/ops/model.py", line 291, in get_secret
    content = self._backend.secret_get(id=id, label=label)
  File "/var/lib/juju/agents/unit-postgresql-k8s-1/charm/venv/ops/model.py", line 3545, in secret_get
    result = self._run('secret-get', *args, return_output=True, use_json=True)
  File "/var/lib/juju/agents/unit-postgresql-k8s-1/charm/venv/ops/model.py", line 3182, in _run
    raise ModelError(e.stderr) from e
ops.model.ModelError: ERROR unable to determine legacy status for namespace "test": Get "https://10.152.183.1:443/api/v1/namespaces/test": dial tcp 10.152.183.1:443: connect: connection refused

unit-postgresql-k8s-0: 02:02:48 ERROR unit.postgresql-k8s/0.juju-log Uncaught exception while in charm code:
Traceback (most recent call last):
  File "/var/lib/juju/agents/unit-postgresql-k8s-0/charm/venv/ops/model.py", line 3180, in _run
    result = subprocess.run(args, **kwargs)  # type: ignore
  File "/usr/lib/python3.10/subprocess.py", line 526, in run
    raise CalledProcessError(retcode, process.args,
subprocess.CalledProcessError: Command '('/var/lib/juju/tools/unit-postgresql-k8s-0/secret-get', '--label', 'database-peers.postgresql-k8s.app', '--format=json')' returned non-zero exit status 1.

The above exception was the direct cause of the following exception:

Traceback (most recent call last):
  File "/var/lib/juju/agents/unit-postgresql-k8s-0/charm/./src/charm.py", line 1837, in <module>
    main(PostgresqlOperatorCharm, use_juju_for_storage=True)
  File "/var/lib/juju/agents/unit-postgresql-k8s-0/charm/venv/ops/main.py", line 548, in main
    manager.run()
  File "/var/lib/juju/agents/unit-postgresql-k8s-0/charm/venv/ops/main.py", line 527, in run
    self._emit()
  File "/var/lib/juju/agents/unit-postgresql-k8s-0/charm/venv/ops/main.py", line 516, in _emit
    _emit_charm_event(self.charm, self.dispatcher.event_name)
  File "/var/lib/juju/agents/unit-postgresql-k8s-0/charm/venv/ops/main.py", line 147, in _emit_charm_event
    event_to_emit.emit(*args, **kwargs)
  File "/var/lib/juju/agents/unit-postgresql-k8s-0/charm/venv/ops/framework.py", line 348, in emit
    framework._emit(event)
  File "/var/lib/juju/agents/unit-postgresql-k8s-0/charm/venv/ops/framework.py", line 860, in _emit
    self._reemit(event_path)
  File "/var/lib/juju/agents/unit-postgresql-k8s-0/charm/venv/ops/framework.py", line 950, in _reemit
    custom_handler(event)
  File "/var/lib/juju/agents/unit-postgresql-k8s-0/charm/lib/charms/tempo_k8s/v1/charm_tracing.py", line 647, in wrapped_function
    return callable(*args, **kwargs)  # type: ignore
  File "/var/lib/juju/agents/unit-postgresql-k8s-0/charm/./src/charm.py", line 1271, in _on_update_status
    if self._handle_processes_failures():
  File "/var/lib/juju/agents/unit-postgresql-k8s-0/charm/lib/charms/tempo_k8s/v1/charm_tracing.py", line 647, in wrapped_function
    return callable(*args, **kwargs)  # type: ignore
  File "/var/lib/juju/agents/unit-postgresql-k8s-0/charm/./src/charm.py", line 1290, in _handle_processes_failures
    if not self._patroni.member_started and self._patroni.is_database_running:
  File "/var/lib/juju/agents/unit-postgresql-k8s-0/charm/./src/charm.py", line 1334, in _patroni
    self.get_secret(APP_SCOPE, USER_PASSWORD_KEY),
  File "/var/lib/juju/agents/unit-postgresql-k8s-0/charm/lib/charms/tempo_k8s/v1/charm_tracing.py", line 647, in wrapped_function
    return callable(*args, **kwargs)  # type: ignore
  File "/var/lib/juju/agents/unit-postgresql-k8s-0/charm/./src/charm.py", line 300, in get_secret
    if result := self.peer_relation_data(scope).fetch_my_relation_field(peers.id, key):
  File "/var/lib/juju/agents/unit-postgresql-k8s-0/charm/lib/charms/data_platform_libs/v0/data_interfaces.py", line 1260, in fetch_my_relation_field
    if relation_data := self.fetch_my_relation_data([relation_id], [field], relation_name):
  File "/var/lib/juju/agents/unit-postgresql-k8s-0/charm/lib/charms/data_platform_libs/v0/data_interfaces.py", line 1249, in fetch_my_relation_data
    data[relation.id] = self._fetch_my_specific_relation_data(relation, fields)
  File "/var/lib/juju/agents/unit-postgresql-k8s-0/charm/lib/charms/data_platform_libs/v0/data_interfaces.py", line 534, in wrapper
    return f(self, *args, **kwargs)
  File "/var/lib/juju/agents/unit-postgresql-k8s-0/charm/lib/charms/data_platform_libs/v0/data_interfaces.py", line 2083, in _fetch_my_specific_relation_data
    self.component, self.secret_fields, relation, fields
  File "/var/lib/juju/agents/unit-postgresql-k8s-0/charm/lib/charms/data_platform_libs/v0/data_interfaces.py", line 1817, in secret_fields
    self.static_secret_fields if self.static_secret_fields else self.current_secret_fields
  File "/var/lib/juju/agents/unit-postgresql-k8s-0/charm/lib/charms/data_platform_libs/v0/data_interfaces.py", line 1836, in current_secret_fields
    if content := self._get_group_secret_contents(relation, group):
  File "/var/lib/juju/agents/unit-postgresql-k8s-0/charm/lib/charms/data_platform_libs/v0/data_interfaces.py", line 2070, in _get_group_secret_contents
    result = super()._get_group_secret_contents(relation, group, secret_fields)
  File "/var/lib/juju/agents/unit-postgresql-k8s-0/charm/lib/charms/data_platform_libs/v0/data_interfaces.py", line 1000, in _get_group_secret_contents
    if (secret := self._get_relation_secret(relation.id, group)) and (
  File "/var/lib/juju/agents/unit-postgresql-k8s-0/charm/lib/charms/data_platform_libs/v0/data_interfaces.py", line 506, in wrapper
    return f(self, *args, **kwargs)
  File "/var/lib/juju/agents/unit-postgresql-k8s-0/charm/lib/charms/data_platform_libs/v0/data_interfaces.py", line 2059, in _get_relation_secret
    return self.secrets.get(label, secret_uri, legacy_labels=self._previous_labels())
  File "/var/lib/juju/agents/unit-postgresql-k8s-0/charm/lib/charms/data_platform_libs/v0/data_interfaces.py", line 706, in get
    if secret.meta:
  File "/var/lib/juju/agents/unit-postgresql-k8s-0/charm/lib/charms/data_platform_libs/v0/data_interfaces.py", line 605, in meta
    self._secret_meta = self._model.get_secret(label=label)
  File "/var/lib/juju/agents/unit-postgresql-k8s-0/charm/venv/ops/model.py", line 291, in get_secret
    content = self._backend.secret_get(id=id, label=label)
  File "/var/lib/juju/agents/unit-postgresql-k8s-0/charm/venv/ops/model.py", line 3545, in secret_get
    result = self._run('secret-get', *args, return_output=True, use_json=True)
  File "/var/lib/juju/agents/unit-postgresql-k8s-0/charm/venv/ops/model.py", line 3182, in _run
    raise ModelError(e.stderr) from e
ops.model.ModelError: ERROR unable to determine legacy status for namespace "test": Get "https://10.152.183.1:443/api/v1/namespaces/test": dial tcp 10.152.183.1:443: connect: connection refused

unit-postgresql-k8s-1: 02:02:48 ERROR juju.worker.uniter.operation hook "update-status" (via hook dispatching script: dispatch) failed: exit status 1
unit-postgresql-k8s-0: 02:02:48 ERROR juju.worker.uniter.operation hook "update-status" (via hook dispatching script: dispatch) failed: exit status 1
controller-0: 02:02:49 ERROR juju.worker.caasapplicationprovisioner.runner exited "postgresql-k8s": checking if "postgresql-k8s" has an operator pod due to upgrading the charm from a pod-spec charm to a sidecar charm: Get "https://10.152.183.1:443/apis/apps/v1/namespaces/test/statefulsets/postgresql-k8s-operator": dial tcp 10.152.183.1:443: connect: connection refused

[32mINFO    [0m pytest_operator.plugin:plugin.py:947 Forgetting model main...