[32mINFO    [0m pytest_operator.plugin:plugin.py:734 Connecting to existing model microk8s-localhost:test on unspecified cloud
[32mINFO    [0m juju.model:model.py:2097 Deploying local:jammy/postgresql-k8s-0
[32mINFO    [0m juju.model:model.py:2971 Waiting for model:
  postgresql-k8s/0 [allocating] waiting: installing agent
  postgresql-k8s/1 [allocating] waiting: installing agent
[32mINFO    [0m juju.model:model.py:2971 Waiting for model:
  postgresql-k8s/0 [allocating] waiting: installing agent
  postgresql-k8s/1 [allocating] waiting: installing agent
[32mINFO    [0m juju.model:model.py:2971 Waiting for model:
  postgresql-k8s/0 [executing] maintenance: installing charm software
  postgresql-k8s/1 [executing] maintenance: installing charm software
[32mINFO    [0m juju.model:model.py:2971 Waiting for model:
  postgresql-k8s/0 [executing] waiting: awaiting for cluster to start
  postgresql-k8s/1 [executing] unknown: 
[32mINFO    [0m juju.model:model.py:2971 Waiting for model:
  postgresql-k8s/0 [executing] waiting: awaiting for primary endpoint to be ready
  postgresql-k8s/1 [idle] unknown: 
[32mINFO    [0m juju.model:model.py:2971 Waiting for model:
  postgresql-k8s/0 [idle] waiting: awaiting for primary endpoint to be ready
  postgresql-k8s/1 [idle] unknown: 
[32mINFO    [0m juju.model:model.py:2971 Waiting for model:
  postgresql-k8s/0 [idle] active: Primary
  postgresql-k8s/1 [executing] unknown: 
[32mINFO    [0m juju.model:model.py:2971 Waiting for model:
  postgresql-k8s/0 [executing] active: Primary
  postgresql-k8s/1 [idle] unknown: 
[32mINFO    [0m juju.model:model.py:2971 Waiting for model:
  postgresql-k8s/0 [executing] active: Primary
  postgresql-k8s/1 [idle] unknown: 
[32mINFO    [0m juju.model:model.py:2971 Waiting for model:
  postgresql-k8s/0 [executing] maintenance: reconfiguring cluster
  postgresql-k8s/1 [idle] unknown: 
[32mINFO    [0m juju.model:model.py:2971 Waiting for model:
  postgresql-k8s/0 [idle] maintenance: stopping charm software
  postgresql-k8s/1 [idle] unknown:
[32mINFO    [0m pytest_operator.plugin:plugin.py:862 Model status:

Model  Controller          Cloud/Region        Version  SLA          Timestamp
test   microk8s-localhost  microk8s/localhost  3.1.8    unsupported  01:37:19Z

App             Version  Status   Scale  Charm           Channel  Rev  Address         Exposed  Message
postgresql-k8s  14.11    waiting      2  postgresql-k8s             0  10.152.183.170  no       installing agent

Unit               Workload  Agent      Address      Ports  Message
postgresql-k8s/0*  error     idle       10.1.137.11         hook failed: "database-peers-relation-changed"
postgresql-k8s/1   waiting   executing  10.1.137.10         (start) awaiting for cluster to start

[32mINFO    [0m pytest_operator.plugin:plugin.py:868 Juju error logs:

unit-postgresql-k8s-0: 01:37:17 ERROR unit.postgresql-k8s/0.juju-log database-peers:0: Uncaught exception while in charm code:
Traceback (most recent call last):
  File "/var/lib/juju/agents/unit-postgresql-k8s-0/charm/venv/urllib3/connection.py", line 198, in _new_conn
    sock = connection.create_connection(
  File "/var/lib/juju/agents/unit-postgresql-k8s-0/charm/venv/urllib3/util/connection.py", line 85, in create_connection
    raise err
  File "/var/lib/juju/agents/unit-postgresql-k8s-0/charm/venv/urllib3/util/connection.py", line 73, in create_connection
    sock.connect(sa)
ConnectionRefusedError: [Errno 111] Connection refused

The above exception was the direct cause of the following exception:

Traceback (most recent call last):
  File "/var/lib/juju/agents/unit-postgresql-k8s-0/charm/venv/urllib3/connectionpool.py", line 793, in urlopen
    response = self._make_request(
  File "/var/lib/juju/agents/unit-postgresql-k8s-0/charm/venv/urllib3/connectionpool.py", line 496, in _make_request
    conn.request(
  File "/var/lib/juju/agents/unit-postgresql-k8s-0/charm/venv/urllib3/connection.py", line 400, in request
    self.endheaders()
  File "/usr/lib/python3.10/http/client.py", line 1278, in endheaders
    self._send_output(message_body, encode_chunked=encode_chunked)
  File "/usr/lib/python3.10/http/client.py", line 1038, in _send_output
    self.send(msg)
  File "/usr/lib/python3.10/http/client.py", line 976, in send
    self.connect()
  File "/var/lib/juju/agents/unit-postgresql-k8s-0/charm/venv/urllib3/connection.py", line 238, in connect
    self.sock = self._new_conn()
  File "/var/lib/juju/agents/unit-postgresql-k8s-0/charm/venv/urllib3/connection.py", line 213, in _new_conn
    raise NewConnectionError(
urllib3.exceptions.NewConnectionError: <urllib3.connection.HTTPConnection object at 0xffff8496e6e0>: Failed to establish a new connection: [Errno 111] Connection refused

The above exception was the direct cause of the following exception:

Traceback (most recent call last):
  File "/var/lib/juju/agents/unit-postgresql-k8s-0/charm/venv/requests/adapters.py", line 667, in send
    resp = conn.urlopen(
  File "/var/lib/juju/agents/unit-postgresql-k8s-0/charm/venv/urllib3/connectionpool.py", line 847, in urlopen
    retries = retries.increment(
  File "/var/lib/juju/agents/unit-postgresql-k8s-0/charm/venv/urllib3/util/retry.py", line 515, in increment
    raise MaxRetryError(_pool, url, reason) from reason  # type: ignore[arg-type]
urllib3.exceptions.MaxRetryError: HTTPConnectionPool(host='postgresql-k8s-0.postgresql-k8s-endpoints', port=8008): Max retries exceeded with url: /cluster (Caused by NewConnectionError('<urllib3.connection.HTTPConnection object at 0xffff8496e6e0>: Failed to establish a new connection: [Errno 111] Connection refused'))

During handling of the above exception, another exception occurred:

Traceback (most recent call last):
  File "/var/lib/juju/agents/unit-postgresql-k8s-0/charm/venv/tenacity/__init__.py", line 470, in __call__
    result = fn(*args, **kwargs)
  File "/var/lib/juju/agents/unit-postgresql-k8s-0/charm/src/patroni.py", line 200, in cluster_members
    r = requests.get(f"{self._patroni_url}/cluster", verify=self._verify)
  File "/var/lib/juju/agents/unit-postgresql-k8s-0/charm/venv/requests/api.py", line 73, in get
    return request("get", url, params=params, **kwargs)
  File "/var/lib/juju/agents/unit-postgresql-k8s-0/charm/venv/requests/api.py", line 59, in request
    return session.request(method=method, url=url, **kwargs)
  File "/var/lib/juju/agents/unit-postgresql-k8s-0/charm/venv/requests/sessions.py", line 589, in request
    resp = self.send(prep, **send_kwargs)
  File "/var/lib/juju/agents/unit-postgresql-k8s-0/charm/venv/requests/sessions.py", line 703, in send
    r = adapter.send(request, **kwargs)
  File "/var/lib/juju/agents/unit-postgresql-k8s-0/charm/venv/requests/adapters.py", line 700, in send
    raise ConnectionError(e, request=request)
requests.exceptions.ConnectionError: HTTPConnectionPool(host='postgresql-k8s-0.postgresql-k8s-endpoints', port=8008): Max retries exceeded with url: /cluster (Caused by NewConnectionError('<urllib3.connection.HTTPConnection object at 0xffff8496e6e0>: Failed to establish a new connection: [Errno 111] Connection refused'))

The above exception was the direct cause of the following exception:

Traceback (most recent call last):
  File "/var/lib/juju/agents/unit-postgresql-k8s-0/charm/./src/charm.py", line 1691, in <module>
    main(PostgresqlOperatorCharm, use_juju_for_storage=True)
  File "/var/lib/juju/agents/unit-postgresql-k8s-0/charm/venv/ops/main.py", line 544, in main
    manager.run()
  File "/var/lib/juju/agents/unit-postgresql-k8s-0/charm/venv/ops/main.py", line 520, in run
    self._emit()
  File "/var/lib/juju/agents/unit-postgresql-k8s-0/charm/venv/ops/main.py", line 509, in _emit
    _emit_charm_event(self.charm, self.dispatcher.event_name)
  File "/var/lib/juju/agents/unit-postgresql-k8s-0/charm/venv/ops/main.py", line 143, in _emit_charm_event
    event_to_emit.emit(*args, **kwargs)
  File "/var/lib/juju/agents/unit-postgresql-k8s-0/charm/venv/ops/framework.py", line 352, in emit
    framework._emit(event)
  File "/var/lib/juju/agents/unit-postgresql-k8s-0/charm/venv/ops/framework.py", line 851, in _emit
    self._reemit(event_path)
  File "/var/lib/juju/agents/unit-postgresql-k8s-0/charm/venv/ops/framework.py", line 941, in _reemit
    custom_handler(event)
  File "/var/lib/juju/agents/unit-postgresql-k8s-0/charm/./src/charm.py", line 396, in _on_peer_relation_changed
    self._add_members(event)
  File "/var/lib/juju/agents/unit-postgresql-k8s-0/charm/./src/charm.py", line 586, in _add_members
    if self._patroni.cluster_members == self._hosts:
  File "/var/lib/juju/agents/unit-postgresql-k8s-0/charm/venv/tenacity/__init__.py", line 330, in wrapped_f
    return self(f, *args, **kw)
  File "/var/lib/juju/agents/unit-postgresql-k8s-0/charm/venv/tenacity/__init__.py", line 467, in __call__
    do = self.iter(retry_state=retry_state)
  File "/var/lib/juju/agents/unit-postgresql-k8s-0/charm/venv/tenacity/__init__.py", line 368, in iter
    result = action(retry_state)
  File "/var/lib/juju/agents/unit-postgresql-k8s-0/charm/venv/tenacity/__init__.py", line 411, in exc_check
    raise retry_exc from fut.exception()
tenacity.RetryError: RetryError[<Future at 0xffff8496ebc0 state=finished raised ConnectionError>]
unit-postgresql-k8s-0: 01:37:17 ERROR juju.worker.uniter.operation hook "database-peers-relation-changed" (via hook dispatching script: dispatch) failed: exit status 1

[32mINFO    [0m pytest_operator.plugin:plugin.py:947 Forgetting model main...