[32mINFO    [0m pytest_operator.plugin:plugin.py:766 Connecting to existing model microk8s-localhost:test on unspecified cloud
[32mINFO    [0m juju.model:model.py:2098 Deploying ch:arm64/jammy/s3-integrator-32
[32mINFO    [0m juju.model:model.py:2098 Deploying ch:arm64/jammy/self-signed-certificates-205
[32mINFO    [0m juju.model:model.py:2098 Deploying local:jammy/postgresql-k8s-0
[33mWARNING [0m juju.model:model.py:1564 relate is deprecated and will be removed. Use integrate instead.
[32mINFO    [0m juju.model:model.py:2972 Waiting for model:
  postgresql-k8s-gcp/0 [allocating] waiting: installing agent
  postgresql-k8s-gcp/1 [allocating] waiting: installing agent
[32mINFO    [0m juju.model:model.py:2972 Waiting for model:
  postgresql-k8s-gcp/0 [allocating] waiting: agent initialising
  postgresql-k8s-gcp/1 [allocating] waiting: agent initialising
[32mINFO    [0m juju.model:model.py:2972 Waiting for model:
  postgresql-k8s-gcp/0 [executing] maintenance: installing charm software
  postgresql-k8s-gcp/1 [executing] waiting: awaiting for cluster to start
[32mINFO    [0m juju.model:model.py:2972 Waiting for model:
  postgresql-k8s-gcp/0 [executing] unknown: 
  postgresql-k8s-gcp/1 [executing] waiting: awaiting for primary endpoint to be ready
[32mINFO    [0m juju.model:model.py:2972 Waiting for model:
  postgresql-k8s-gcp/0 [executing] unknown: 
  postgresql-k8s-gcp/1 [executing] waiting: awaiting for primary endpoint to be ready
[32mINFO    [0m juju.model:model.py:2972 Waiting for model:
  postgresql-k8s-gcp/0 [idle] unknown: 
  postgresql-k8s-gcp/1 [idle] waiting: awaiting for primary endpoint to be ready
[32mINFO    [0m juju.model:model.py:2972 Waiting for model:
  postgresql-k8s-gcp/0 [idle] unknown: 
  postgresql-k8s-gcp/1 [idle] active: Primary
[32mINFO    [0m juju.model:model.py:2972 Waiting for model:
  postgresql-k8s-gcp/0 [idle] waiting: awaiting for cluster to start
  postgresql-k8s-gcp/1 [idle] maintenance: Executing restart operation
[32mINFO    [0m juju.model:model.py:2972 Waiting for model:
  postgresql-k8s-gcp/0 [idle] waiting: awaiting for cluster to start
  postgresql-k8s-gcp/1 [executing] active: Primary
[32mINFO    [0m juju.model:model.py:2972 Waiting for model:
  postgresql-k8s-gcp/0 [idle] waiting: awaiting for cluster to start
  postgresql-k8s-gcp/1 [executing] active: Primary
[32mINFO    [0m juju.model:model.py:2972 Waiting for model:
  postgresql-k8s-gcp/0 [idle] waiting: awaiting for member to start
  postgresql-k8s-gcp/1 [executing] active: Primary
[32mINFO    [0m juju.model:model.py:2972 Waiting for model:
  postgresql-k8s-gcp/0 [idle] active: 
  postgresql-k8s-gcp/1 [executing] active: Primary
[33mWARNING [0m juju.model:model.py:1564 relate is deprecated and will be removed. Use integrate instead.
[32mINFO    [0m integration.test_backups_pitr:test_backups_pitr.py:123 configuring S3 integrator for gcp
[32mINFO    [0m juju.model:model.py:2972 Waiting for model:
  postgresql-k8s-gcp/0 [idle] active: 
  postgresql-k8s-gcp/1 [executing] active: Primary
  s3-integrator/0 [executing] blocked: Missing parameters: ['access-key', 'secret-key']
[32mINFO    [0m juju.model:model.py:2972 Waiting for model:
  postgresql-k8s-gcp/0 [executing] active: 
  s3-integrator/0 [idle] blocked: Missing parameters: ['access-key', 'secret-key']
[32mINFO    [0m juju.model:model.py:2972 Waiting for model:
  postgresql-k8s-gcp/0 [executing] active: 
  s3-integrator/0 [idle] blocked: Missing parameters: ['access-key', 'secret-key']
[32mINFO    [0m juju.model:model.py:2972 Waiting for model:
  postgresql-k8s-gcp/0 [executing] active: 
  s3-integrator/0 [idle] blocked: Missing parameters: ['access-key', 'secret-key']
[32mINFO    [0m juju.model:model.py:2972 Waiting for model:
  postgresql-k8s-gcp/0 [idle] active: 
  s3-integrator/0 [idle] blocked: Missing parameters: ['access-key', 'secret-key']
[32mINFO    [0m juju.model:model.py:2972 Waiting for model:
  s3-integrator/0 [idle] blocked: Missing parameters: ['access-key', 'secret-key']
[32mINFO    [0m juju.model:model.py:2972 Waiting for model:
  s3-integrator/0 [idle] blocked: Missing parameters: ['access-key', 'secret-key']
[32mINFO    [0m juju.model:model.py:2972 Waiting for model:
  s3-integrator/0 [idle] blocked: Missing parameters: ['access-key', 'secret-key']
[32mINFO    [0m juju.model:model.py:2972 Waiting for model:
  s3-integrator/0 [idle] blocked: Missing parameters: ['access-key', 'secret-key']
[32mINFO    [0m juju.model:model.py:2972 Waiting for model:
  s3-integrator/0 [idle] blocked: Missing parameters: ['access-key', 'secret-key']
[32mINFO    [0m juju.model:model.py:2972 Waiting for model:
  s3-integrator/0 [idle] blocked: Missing parameters: ['access-key', 'secret-key']
[32mINFO    [0m juju.model:model.py:2972 Waiting for model:
  s3-integrator/0 [idle] blocked: Missing parameters: ['access-key', 'secret-key']
[32mINFO    [0m juju.model:model.py:2972 Waiting for model:
  s3-integrator/0 [idle] blocked: Missing parameters: ['access-key', 'secret-key']
[32mINFO    [0m juju.model:model.py:2972 Waiting for model:
  s3-integrator/0 [idle] blocked: Missing parameters: ['access-key', 'secret-key']
[32mINFO    [0m juju.model:model.py:2972 Waiting for model:
  s3-integrator/0 [idle] blocked: Missing parameters: ['access-key', 'secret-key']
[32mINFO    [0m juju.model:model.py:2972 Waiting for model:
  s3-integrator/0 [idle] blocked: Missing parameters: ['access-key', 'secret-key']
[32mINFO    [0m juju.model:model.py:2972 Waiting for model:
  s3-integrator/0 [idle] blocked: Missing parameters: ['access-key', 'secret-key']
[32mINFO    [0m juju.model:model.py:2972 Waiting for model:
  s3-integrator/0 [idle] blocked: Missing parameters: ['access-key', 'secret-key']
[32mINFO    [0m juju.model:model.py:2972 Waiting for model:
  s3-integrator/0 [idle] blocked: Missing parameters: ['access-key', 'secret-key']
[32mINFO    [0m juju.model:model.py:2972 Waiting for model:
  s3-integrator/0 [idle] blocked: Missing parameters: ['access-key', 'secret-key']
[32mINFO    [0m juju.model:model.py:2972 Waiting for model:
  s3-integrator/0 [idle] blocked: Missing parameters: ['access-key', 'secret-key']
[32mINFO    [0m juju.model:model.py:2972 Waiting for model:
  s3-integrator/0 [idle] blocked: Missing parameters: ['access-key', 'secret-key']
[32mINFO    [0m juju.model:model.py:2972 Waiting for model:
  s3-integrator/0 [idle] blocked: Missing parameters: ['access-key', 'secret-key']
[32mINFO    [0m juju.model:model.py:2972 Waiting for model:
  s3-integrator/0 [idle] blocked: Missing parameters: ['access-key', 'secret-key']
[32mINFO    [0m juju.model:model.py:2972 Waiting for model:
  s3-integrator/0 [idle] blocked: Missing parameters: ['access-key', 'secret-key']
[32mINFO    [0m juju.model:model.py:2972 Waiting for model:
  s3-integrator/0 [idle] blocked: Missing parameters: ['access-key', 'secret-key']
[32mINFO    [0m juju.model:model.py:2972 Waiting for model:
  s3-integrator/0 [idle] blocked: Missing parameters: ['access-key', 'secret-key']
[32mINFO    [0m juju.model:model.py:2972 Waiting for model:
  s3-integrator/0 [idle] blocked: Missing parameters: ['access-key', 'secret-key']
[32mINFO    [0m juju.model:model.py:2972 Waiting for model:
  s3-integrator/0 [idle] blocked: Missing parameters: ['access-key', 'secret-key']
[32mINFO    [0m juju.model:model.py:2972 Waiting for model:
  s3-integrator/0 [idle] blocked: Missing parameters: ['access-key', 'secret-key']
[32mINFO    [0m juju.model:model.py:2972 Waiting for model:
  s3-integrator/0 [idle] blocked: Missing parameters: ['access-key', 'secret-key']
[32mINFO    [0m juju.model:model.py:2972 Waiting for model:
  s3-integrator/0 [idle] blocked: Missing parameters: ['access-key', 'secret-key']
[32mINFO    [0m juju.model:model.py:2972 Waiting for model:
  s3-integrator/0 [idle] blocked: Missing parameters: ['access-key', 'secret-key']
[32mINFO    [0m integration.test_backups_pitr:test_backups_pitr.py:79 deleting the previously created backups
[32mINFO    [0m pytest_operator.plugin:plugin.py:903 Model status:

Model  Controller          Cloud/Region        Version  SLA          Timestamp
test   microk8s-localhost  microk8s/localhost  3.4.5    unsupported  01:56:48Z

App                       Version  Status   Scale  Charm                     Channel        Rev  Address         Exposed  Message
postgresql-k8s-gcp        14.13    active       2  postgresql-k8s                             0  10.152.183.93   no       
s3-integrator                      waiting      1  s3-integrator             latest/stable   32  10.152.183.202  no       installing agent
self-signed-certificates           active       1  self-signed-certificates  latest/edge    205  10.152.183.156  no       

Unit                         Workload  Agent  Address     Ports  Message
postgresql-k8s-gcp/0         active    idle   10.1.53.12         
postgresql-k8s-gcp/1*        active    idle   10.1.53.13         Primary
s3-integrator/0*             blocked   idle   10.1.53.8          Missing parameters: ['access-key', 'secret-key']
self-signed-certificates/0*  active    idle   10.1.53.9          

[32mINFO    [0m pytest_operator.plugin:plugin.py:909 Juju error logs:

unit-postgresql-k8s-gcp-0: 01:35:04 ERROR unit.postgresql-k8s-gcp/0.juju-log Uncaught exception while in charm code:
Traceback (most recent call last):
  File "/var/lib/juju/agents/unit-postgresql-k8s-gcp-0/charm/venv/ops/model.py", line 3213, in _run
    result = subprocess.run(args, **kwargs)  # type: ignore
  File "/usr/lib/python3.10/subprocess.py", line 526, in run
    raise CalledProcessError(retcode, process.args,
subprocess.CalledProcessError: Command '('/var/lib/juju/tools/unit-postgresql-k8s-gcp-0/secret-get', '--label', 'database-peers.postgresql-k8s-gcp.app', '--format=json')' returned non-zero exit status 1.

The above exception was the direct cause of the following exception:

Traceback (most recent call last):
  File "/var/lib/juju/agents/unit-postgresql-k8s-gcp-0/charm/./src/charm.py", line 2202, in <module>
    main(PostgresqlOperatorCharm, use_juju_for_storage=True)
  File "/var/lib/juju/agents/unit-postgresql-k8s-gcp-0/charm/venv/ops/main.py", line 553, in main
    manager.run()
  File "/var/lib/juju/agents/unit-postgresql-k8s-gcp-0/charm/venv/ops/main.py", line 529, in run
    self._emit()
  File "/var/lib/juju/agents/unit-postgresql-k8s-gcp-0/charm/venv/ops/main.py", line 518, in _emit
    _emit_charm_event(self.charm, self.dispatcher.event_name, self._juju_context)
  File "/var/lib/juju/agents/unit-postgresql-k8s-gcp-0/charm/venv/ops/main.py", line 139, in _emit_charm_event
    event_to_emit.emit(*args, **kwargs)
  File "/var/lib/juju/agents/unit-postgresql-k8s-gcp-0/charm/venv/ops/framework.py", line 347, in emit
    framework._emit(event)
  File "/var/lib/juju/agents/unit-postgresql-k8s-gcp-0/charm/venv/ops/framework.py", line 853, in _emit
    self._reemit(event_path)
  File "/var/lib/juju/agents/unit-postgresql-k8s-gcp-0/charm/venv/ops/framework.py", line 943, in _reemit
    custom_handler(event)
  File "/var/lib/juju/agents/unit-postgresql-k8s-gcp-0/charm/lib/charms/tempo_k8s/v1/charm_tracing.py", line 735, in wrapped_function
    return callable(*args, **kwargs)  # type: ignore
  File "/var/lib/juju/agents/unit-postgresql-k8s-gcp-0/charm/./src/charm.py", line 916, in _on_postgresql_pebble_ready
    self.unit.set_workload_version(self._patroni.rock_postgresql_version)
  File "/var/lib/juju/agents/unit-postgresql-k8s-gcp-0/charm/./src/charm.py", line 1536, in _patroni
    self.get_secret(APP_SCOPE, REWIND_PASSWORD_KEY),
  File "/var/lib/juju/agents/unit-postgresql-k8s-gcp-0/charm/lib/charms/tempo_k8s/v1/charm_tracing.py", line 735, in wrapped_function
    return callable(*args, **kwargs)  # type: ignore
  File "/var/lib/juju/agents/unit-postgresql-k8s-gcp-0/charm/./src/charm.py", line 347, in get_secret
    if result := self.peer_relation_data(scope).fetch_my_relation_field(peers.id, key):
  File "/var/lib/juju/agents/unit-postgresql-k8s-gcp-0/charm/lib/charms/data_platform_libs/v0/data_interfaces.py", line 1393, in fetch_my_relation_field
    if relation_data := self.fetch_my_relation_data([relation_id], [field], relation_name):
  File "/var/lib/juju/agents/unit-postgresql-k8s-gcp-0/charm/lib/charms/data_platform_libs/v0/data_interfaces.py", line 1382, in fetch_my_relation_data
    data[relation.id] = self._fetch_my_specific_relation_data(relation, fields)
  File "/var/lib/juju/agents/unit-postgresql-k8s-gcp-0/charm/lib/charms/data_platform_libs/v0/data_interfaces.py", line 532, in wrapper
    return f(self, *args, **kwargs)
  File "/var/lib/juju/agents/unit-postgresql-k8s-gcp-0/charm/lib/charms/data_platform_libs/v0/data_interfaces.py", line 2329, in _fetch_my_specific_relation_data
    self.component, self.secret_fields, relation, fields
  File "/var/lib/juju/agents/unit-postgresql-k8s-gcp-0/charm/lib/charms/data_platform_libs/v0/data_interfaces.py", line 1966, in secret_fields
    self.static_secret_fields if self.static_secret_fields else self.current_secret_fields
  File "/var/lib/juju/agents/unit-postgresql-k8s-gcp-0/charm/lib/charms/data_platform_libs/v0/data_interfaces.py", line 1985, in current_secret_fields
    if content := self._get_group_secret_contents(relation, group):
  File "/var/lib/juju/agents/unit-postgresql-k8s-gcp-0/charm/lib/charms/data_platform_libs/v0/data_interfaces.py", line 2316, in _get_group_secret_contents
    result = super()._get_group_secret_contents(relation, group, secret_fields)
  File "/var/lib/juju/agents/unit-postgresql-k8s-gcp-0/charm/lib/charms/data_platform_libs/v0/data_interfaces.py", line 1119, in _get_group_secret_contents
    if (secret := self._get_relation_secret(relation.id, group)) and (
  File "/var/lib/juju/agents/unit-postgresql-k8s-gcp-0/charm/lib/charms/data_platform_libs/v0/data_interfaces.py", line 504, in wrapper
    return f(self, *args, **kwargs)
  File "/var/lib/juju/agents/unit-postgresql-k8s-gcp-0/charm/lib/charms/data_platform_libs/v0/data_interfaces.py", line 2303, in _get_relation_secret
    return self.secrets.get(
  File "/var/lib/juju/agents/unit-postgresql-k8s-gcp-0/charm/lib/charms/data_platform_libs/v0/data_interfaces.py", line 808, in get
    if secret.meta:
  File "/var/lib/juju/agents/unit-postgresql-k8s-gcp-0/charm/lib/charms/data_platform_libs/v0/data_interfaces.py", line 638, in meta
    self._secret_meta = self._model.get_secret(label=self.label)
  File "/var/lib/juju/agents/unit-postgresql-k8s-gcp-0/charm/venv/ops/model.py", line 299, in get_secret
    content = self._backend.secret_get(id=id, label=label)
  File "/var/lib/juju/agents/unit-postgresql-k8s-gcp-0/charm/venv/ops/model.py", line 3579, in secret_get
    result = self._run('secret-get', *args, return_output=True, use_json=True)
  File "/var/lib/juju/agents/unit-postgresql-k8s-gcp-0/charm/venv/ops/model.py", line 3215, in _run
    raise ModelError(e.stderr) from e
ops.model.ModelError: ERROR permission denied

unit-postgresql-k8s-gcp-0: 01:35:04 ERROR juju.worker.uniter.operation hook "postgresql-pebble-ready" (via hook dispatching script: dispatch) failed: exit status 1
unit-postgresql-k8s-gcp-0: 01:35:04 ERROR juju.worker.uniter pebble poll failed for container "postgresql": failed to send pebble-ready event: hook failed

[32mINFO    [0m pytest_operator.plugin:plugin.py:991 Forgetting model main...