[32mINFO    [0m pytest_operator.plugin:plugin.py:734 Connecting to existing model microk8s-localhost:test on unspecified cloud
[32mINFO    [0m juju.model:model.py:2098 Deploying local:jammy/postgresql-k8s-0
[32mINFO    [0m juju.model:model.py:2972 Waiting for model:
  postgresql-k8s/0 [allocating] waiting: installing agent
  postgresql-k8s/1 [allocating] waiting: installing agent
[32mINFO    [0m juju.model:model.py:2972 Waiting for model:
  postgresql-k8s/0 [allocating] waiting: installing agent
  postgresql-k8s/1 [allocating] waiting: installing agent
[32mINFO    [0m juju.model:model.py:2972 Waiting for model:
  postgresql-k8s/0 [allocating] waiting: installing agent
  postgresql-k8s/1 [allocating] waiting: installing agent
[32mINFO    [0m juju.model:model.py:2972 Waiting for model:
  postgresql-k8s/0 [allocating] waiting: agent initialising
  postgresql-k8s/1 [allocating] waiting: installing agent
[32mINFO    [0m juju.model:model.py:2972 Waiting for model:
  postgresql-k8s/0 [executing] maintenance: installing charm software
  postgresql-k8s/1 [executing] maintenance: installing charm software
[32mINFO    [0m juju.model:model.py:2972 Waiting for model:
  postgresql-k8s/0 [executing] waiting: awaiting for cluster to start
  postgresql-k8s/1 [executing] maintenance: installing charm software
[32mINFO    [0m juju.model:model.py:2972 Waiting for model:
  postgresql-k8s/0 [executing] waiting: awaiting for cluster to start
  postgresql-k8s/1 [executing] unknown: 
[32mINFO    [0m juju.model:model.py:2972 Waiting for model:
  postgresql-k8s/0 [executing] waiting: awaiting for cluster to start
  postgresql-k8s/1 [idle] unknown: 
[32mINFO    [0m juju.model:model.py:2972 Waiting for model:
  postgresql-k8s/0 [executing] waiting: awaiting for cluster to start
  postgresql-k8s/1 [idle] unknown: 
[32mINFO    [0m juju.model:model.py:2972 Waiting for model:
  postgresql-k8s/0 [executing] waiting: awaiting for cluster to start
  postgresql-k8s/1 [idle] unknown: 
[32mINFO    [0m juju.model:model.py:2972 Waiting for model:
  postgresql-k8s/0 [executing] waiting: awaiting for cluster to start
  postgresql-k8s/1 [idle] unknown: 
[32mINFO    [0m juju.model:model.py:2972 Waiting for model:
  postgresql-k8s/0 [executing] waiting: awaiting for cluster to start
  postgresql-k8s/1 [executing] maintenance: 
[32mINFO    [0m juju.model:model.py:2972 Waiting for model:
  postgresql-k8s/0 [executing] waiting: awaiting for cluster to start
  postgresql-k8s/1 [executing] maintenance: 
[32mINFO    [0m juju.model:model.py:2972 Waiting for model:
  postgresql-k8s/0 [executing] waiting: awaiting for cluster to start
  postgresql-k8s/1 [executing] maintenance: 
[32mINFO    [0m juju.model:model.py:2972 Waiting for model:
  postgresql-k8s/0 [executing] waiting: awaiting for cluster to start
  postgresql-k8s/1 [idle] unknown: 
[32mINFO    [0m juju.model:model.py:2972 Waiting for model:
  postgresql-k8s/0 [executing] waiting: awaiting for cluster to start
  postgresql-k8s/1 [idle] unknown: 
[32mINFO    [0m juju.model:model.py:2972 Waiting for model:
  postgresql-k8s/0 [executing] waiting: awaiting for cluster to start
  postgresql-k8s/1 [idle] unknown: 
[33mWARNING [0m juju.client.connection:connection.py:578 Receiver: Connection closed, reconnecting
[33mWARNING [0m juju.client.connection:connection.py:578 Receiver: Connection closed, reconnecting
[1m[31mERROR   [0m asyncio:base_events.py:1758 Task exception was never retrieved
future: <Task finished name='Task-2510' coro=<Connection.reconnect() done, defined at /home/ubuntu/actions-runner/_work/test-runners-2-is-arm64-postgresql-k8s-operator/test-runners-2-is-arm64-postgresql-k8s-operator/.tox/integration/lib/python3.10/site-packages/juju/client/connection.py:779> exception=OSError(9, 'Bad file descriptor')>
Traceback (most recent call last):
  File "/home/ubuntu/actions-runner/_work/test-runners-2-is-arm64-postgresql-k8s-operator/test-runners-2-is-arm64-postgresql-k8s-operator/.tox/integration/lib/python3.10/site-packages/juju/client/connection.py", line 788, in reconnect
    res = await connector(
  File "/home/ubuntu/actions-runner/_work/test-runners-2-is-arm64-postgresql-k8s-operator/test-runners-2-is-arm64-postgresql-k8s-operator/.tox/integration/lib/python3.10/site-packages/juju/client/connection.py", line 868, in _connect_with_login
    await self._connect(endpoints)
  File "/home/ubuntu/actions-runner/_work/test-runners-2-is-arm64-postgresql-k8s-operator/test-runners-2-is-arm64-postgresql-k8s-operator/.tox/integration/lib/python3.10/site-packages/juju/client/connection.py", line 817, in _connect
    result = await task
  File "/usr/lib/python3.10/asyncio/tasks.py", line 571, in _wait_for_one
    return f.result()  # May raise f.exception().
  File "/home/ubuntu/actions-runner/_work/test-runners-2-is-arm64-postgresql-k8s-operator/test-runners-2-is-arm64-postgresql-k8s-operator/.tox/integration/lib/python3.10/site-packages/juju/client/connection.py", line 806, in _try_endpoint
    return await self._open(endpoint, cacert)
  File "/home/ubuntu/actions-runner/_work/test-runners-2-is-arm64-postgresql-k8s-operator/test-runners-2-is-arm64-postgresql-k8s-operator/.tox/integration/lib/python3.10/site-packages/juju/client/connection.py", line 427, in _open
    return (await websockets.connect(
  File "/home/ubuntu/actions-runner/_work/test-runners-2-is-arm64-postgresql-k8s-operator/test-runners-2-is-arm64-postgresql-k8s-operator/.tox/integration/lib/python3.10/site-packages/websockets/legacy/client.py", line 647, in __await_impl_timeout__
    return await self.__await_impl__()
  File "/home/ubuntu/actions-runner/_work/test-runners-2-is-arm64-postgresql-k8s-operator/test-runners-2-is-arm64-postgresql-k8s-operator/.tox/integration/lib/python3.10/site-packages/websockets/legacy/client.py", line 651, in __await_impl__
    _transport, _protocol = await self._create_connection()
  File "/usr/lib/python3.10/asyncio/base_events.py", line 1103, in create_connection
    transport, protocol = await self._create_connection_transport(
  File "/usr/lib/python3.10/asyncio/base_events.py", line 1119, in _create_connection_transport
    sock.setblocking(False)
OSError: [Errno 9] Bad file descriptor
[1m[31mERROR   [0m asyncio:base_events.py:1758 Task exception was never retrieved
future: <Task finished name='Task-2511' coro=<Connection.reconnect() done, defined at /home/ubuntu/actions-runner/_work/test-runners-2-is-arm64-postgresql-k8s-operator/test-runners-2-is-arm64-postgresql-k8s-operator/.tox/integration/lib/python3.10/site-packages/juju/client/connection.py:779> exception=OSError(9, 'Bad file descriptor')>
Traceback (most recent call last):
  File "/home/ubuntu/actions-runner/_work/test-runners-2-is-arm64-postgresql-k8s-operator/test-runners-2-is-arm64-postgresql-k8s-operator/.tox/integration/lib/python3.10/site-packages/juju/client/connection.py", line 788, in reconnect
    res = await connector(
  File "/home/ubuntu/actions-runner/_work/test-runners-2-is-arm64-postgresql-k8s-operator/test-runners-2-is-arm64-postgresql-k8s-operator/.tox/integration/lib/python3.10/site-packages/juju/client/connection.py", line 868, in _connect_with_login
    await self._connect(endpoints)
  File "/home/ubuntu/actions-runner/_work/test-runners-2-is-arm64-postgresql-k8s-operator/test-runners-2-is-arm64-postgresql-k8s-operator/.tox/integration/lib/python3.10/site-packages/juju/client/connection.py", line 817, in _connect
    result = await task
  File "/usr/lib/python3.10/asyncio/tasks.py", line 571, in _wait_for_one
    return f.result()  # May raise f.exception().
  File "/home/ubuntu/actions-runner/_work/test-runners-2-is-arm64-postgresql-k8s-operator/test-runners-2-is-arm64-postgresql-k8s-operator/.tox/integration/lib/python3.10/site-packages/juju/client/connection.py", line 806, in _try_endpoint
    return await self._open(endpoint, cacert)
  File "/home/ubuntu/actions-runner/_work/test-runners-2-is-arm64-postgresql-k8s-operator/test-runners-2-is-arm64-postgresql-k8s-operator/.tox/integration/lib/python3.10/site-packages/juju/client/connection.py", line 427, in _open
    return (await websockets.connect(
  File "/home/ubuntu/actions-runner/_work/test-runners-2-is-arm64-postgresql-k8s-operator/test-runners-2-is-arm64-postgresql-k8s-operator/.tox/integration/lib/python3.10/site-packages/websockets/legacy/client.py", line 647, in __await_impl_timeout__
    return await self.__await_impl__()
  File "/home/ubuntu/actions-runner/_work/test-runners-2-is-arm64-postgresql-k8s-operator/test-runners-2-is-arm64-postgresql-k8s-operator/.tox/integration/lib/python3.10/site-packages/websockets/legacy/client.py", line 651, in __await_impl__
    _transport, _protocol = await self._create_connection()
  File "/usr/lib/python3.10/asyncio/base_events.py", line 1103, in create_connection
    transport, protocol = await self._create_connection_transport(
  File "/usr/lib/python3.10/asyncio/base_events.py", line 1119, in _create_connection_transport
    sock.setblocking(False)
OSError: [Errno 9] Bad file descriptor
[32mINFO    [0m pytest_operator.plugin:plugin.py:862 Model status:

Model  Controller          Cloud/Region        Version  SLA          Timestamp
test   microk8s-localhost  microk8s/localhost  3.4.4    unsupported  03:04:39Z

App             Version  Status   Scale  Charm           Channel  Rev  Address         Exposed  Message
postgresql-k8s  14.12    waiting    1/2  postgresql-k8s             0  10.152.183.181  no       installing agent

Unit               Workload  Agent      Address       Ports  Message
postgresql-k8s/0*  waiting   executing  10.1.199.204         (start) awaiting for cluster to start
postgresql-k8s/1   error     lost       10.1.199.205         hook failed: "update-status"

[32mINFO    [0m pytest_operator.plugin:plugin.py:868 Juju error logs:

controller-0: 03:03:29 ERROR juju.worker.caasapplicationprovisioner.runner exited "postgresql-k8s": Get "https://10.152.183.1:443/api/v1/namespaces/test/pods/postgresql-k8s-1": dial tcp 10.152.183.1:443: connect: connection refused - error from a previous attempt: read tcp 10.1.199.199:39952->10.152.183.1:443: read: connection reset by peer
controller-0: 03:03:35 ERROR juju.worker.caasapplicationprovisioner.runner exited "postgresql-k8s": checking if "postgresql-k8s" has an operator pod due to upgrading the charm from a pod-spec charm to a sidecar charm: Get "https://10.152.183.1:443/apis/apps/v1/namespaces/test/statefulsets/postgresql-k8s-operator": dial tcp 10.152.183.1:443: connect: connection refused
controller-0: 03:03:38 ERROR juju.worker.caasapplicationprovisioner.runner exited "postgresql-k8s": checking if "postgresql-k8s" has an operator pod due to upgrading the charm from a pod-spec charm to a sidecar charm: Get "https://10.152.183.1:443/apis/apps/v1/namespaces/test/statefulsets/postgresql-k8s-operator": dial tcp 10.152.183.1:443: connect: connection refused
controller-0: 03:03:41 ERROR juju.worker.caasapplicationprovisioner.runner exited "postgresql-k8s": checking if "postgresql-k8s" has an operator pod due to upgrading the charm from a pod-spec charm to a sidecar charm: Get "https://10.152.183.1:443/apis/apps/v1/namespaces/test/statefulsets/postgresql-k8s-operator": dial tcp 10.152.183.1:443: connect: connection refused
unit-postgresql-k8s-1: 03:03:41 ERROR unit.postgresql-k8s/1.juju-log Uncaught exception while in charm code:
Traceback (most recent call last):
  File "/var/lib/juju/agents/unit-postgresql-k8s-1/charm/venv/httpx/_transports/default.py", line 69, in map_httpcore_exceptions
    yield
  File "/var/lib/juju/agents/unit-postgresql-k8s-1/charm/venv/httpx/_transports/default.py", line 233, in handle_request
    resp = self._pool.handle_request(req)
  File "/var/lib/juju/agents/unit-postgresql-k8s-1/charm/venv/httpcore/_sync/connection_pool.py", line 216, in handle_request
    raise exc from None
  File "/var/lib/juju/agents/unit-postgresql-k8s-1/charm/venv/httpcore/_sync/connection_pool.py", line 196, in handle_request
    response = connection.handle_request(
  File "/var/lib/juju/agents/unit-postgresql-k8s-1/charm/venv/httpcore/_sync/connection.py", line 101, in handle_request
    return self._connection.handle_request(request)
  File "/var/lib/juju/agents/unit-postgresql-k8s-1/charm/venv/httpcore/_sync/http11.py", line 143, in handle_request
    raise exc
  File "/var/lib/juju/agents/unit-postgresql-k8s-1/charm/venv/httpcore/_sync/http11.py", line 113, in handle_request
    ) = self._receive_response_headers(**kwargs)
  File "/var/lib/juju/agents/unit-postgresql-k8s-1/charm/venv/httpcore/_sync/http11.py", line 186, in _receive_response_headers
    event = self._receive_event(timeout=timeout)
  File "/var/lib/juju/agents/unit-postgresql-k8s-1/charm/venv/httpcore/_sync/http11.py", line 238, in _receive_event
    raise RemoteProtocolError(msg)
httpcore.RemoteProtocolError: Server disconnected without sending a response.

The above exception was the direct cause of the following exception:

Traceback (most recent call last):
  File "/var/lib/juju/agents/unit-postgresql-k8s-1/charm/./src/charm.py", line 1837, in <module>
    main(PostgresqlOperatorCharm, use_juju_for_storage=True)
  File "/var/lib/juju/agents/unit-postgresql-k8s-1/charm/venv/ops/main.py", line 548, in main
    manager.run()
  File "/var/lib/juju/agents/unit-postgresql-k8s-1/charm/venv/ops/main.py", line 527, in run
    self._emit()
  File "/var/lib/juju/agents/unit-postgresql-k8s-1/charm/venv/ops/main.py", line 516, in _emit
    _emit_charm_event(self.charm, self.dispatcher.event_name)
  File "/var/lib/juju/agents/unit-postgresql-k8s-1/charm/venv/ops/main.py", line 147, in _emit_charm_event
    event_to_emit.emit(*args, **kwargs)
  File "/var/lib/juju/agents/unit-postgresql-k8s-1/charm/venv/ops/framework.py", line 348, in emit
    framework._emit(event)
  File "/var/lib/juju/agents/unit-postgresql-k8s-1/charm/venv/ops/framework.py", line 860, in _emit
    self._reemit(event_path)
  File "/var/lib/juju/agents/unit-postgresql-k8s-1/charm/venv/ops/framework.py", line 950, in _reemit
    custom_handler(event)
  File "/var/lib/juju/agents/unit-postgresql-k8s-1/charm/lib/charms/observability_libs/v1/kubernetes_service_patch.py", line 277, in _patch
    if self._is_patched(client):
  File "/var/lib/juju/agents/unit-postgresql-k8s-1/charm/lib/charms/observability_libs/v1/kubernetes_service_patch.py", line 309, in _is_patched
    service = client.get(Service, name=self.service_name, namespace=self._namespace)
  File "/var/lib/juju/agents/unit-postgresql-k8s-1/charm/venv/lightkube/core/client.py", line 140, in get
    return self._client.request("get", res=res, name=name, namespace=namespace)
  File "/var/lib/juju/agents/unit-postgresql-k8s-1/charm/venv/lightkube/core/generic_client.py", line 244, in request
    resp = self.send(req)
  File "/var/lib/juju/agents/unit-postgresql-k8s-1/charm/venv/lightkube/core/generic_client.py", line 216, in send
    return self._client.send(req, stream=stream)
  File "/var/lib/juju/agents/unit-postgresql-k8s-1/charm/venv/httpx/_client.py", line 914, in send
    response = self._send_handling_auth(
  File "/var/lib/juju/agents/unit-postgresql-k8s-1/charm/venv/httpx/_client.py", line 942, in _send_handling_auth
    response = self._send_handling_redirects(
  File "/var/lib/juju/agents/unit-postgresql-k8s-1/charm/venv/httpx/_client.py", line 979, in _send_handling_redirects
    response = self._send_single_request(request)
  File "/var/lib/juju/agents/unit-postgresql-k8s-1/charm/venv/httpx/_client.py", line 1015, in _send_single_request
    response = transport.handle_request(request)
  File "/var/lib/juju/agents/unit-postgresql-k8s-1/charm/venv/httpx/_transports/default.py", line 232, in handle_request
    with map_httpcore_exceptions():
  File "/usr/lib/python3.10/contextlib.py", line 153, in __exit__
    self.gen.throw(typ, value, traceback)
  File "/var/lib/juju/agents/unit-postgresql-k8s-1/charm/venv/httpx/_transports/default.py", line 86, in map_httpcore_exceptions
    raise mapped_exc(message) from exc
httpx.RemoteProtocolError: Server disconnected without sending a response.
unit-postgresql-k8s-1: 03:03:43 ERROR juju.worker.uniter.operation hook "update-status" (via hook dispatching script: dispatch) failed: exit status 1
controller-0: 03:03:44 ERROR juju.worker.caasapplicationprovisioner.runner exited "postgresql-k8s": checking if "postgresql-k8s" has an operator pod due to upgrading the charm from a pod-spec charm to a sidecar charm: Get "https://10.152.183.1:443/apis/apps/v1/namespaces/test/statefulsets/postgresql-k8s-operator": dial tcp 10.152.183.1:443: connect: connection refused

[32mINFO    [0m pytest_operator.plugin:plugin.py:947 Forgetting model main...