[32mINFO    [0m pytest_operator.plugin:plugin.py:734 Connecting to existing model microk8s-localhost:test on unspecified cloud
[32mINFO    [0m juju.model:model.py:2098 Deploying local:jammy/postgresql-k8s-0
[32mINFO    [0m juju.model:model.py:2972 Waiting for model:
  postgresql-k8s/0 [allocating] waiting: installing agent
[32mINFO    [0m juju.model:model.py:2972 Waiting for model:
  postgresql-k8s/0 [allocating] waiting: agent initialising
[32mINFO    [0m juju.model:model.py:2972 Waiting for model:
  postgresql-k8s/0 [executing] maintenance: installing charm software
[32mINFO    [0m juju.model:model.py:2972 Waiting for model:
  postgresql-k8s/0 [executing] waiting: awaiting for cluster to start
[32mINFO    [0m juju.model:model.py:2972 Waiting for model:
  postgresql-k8s/0 [executing] waiting: awaiting for cluster to start
[32mINFO    [0m juju.model:model.py:2972 Waiting for model:
  postgresql-k8s/0 [executing] waiting: awaiting for cluster to start
[32mINFO    [0m juju.model:model.py:2972 Waiting for model:
  postgresql-k8s/0 [executing] waiting: awaiting for cluster to start
[32mINFO    [0m juju.model:model.py:2972 Waiting for model:
  postgresql-k8s/0 [executing] waiting: awaiting for cluster to start
[32mINFO    [0m juju.model:model.py:2972 Waiting for model:
  postgresql-k8s/0 [executing] waiting: awaiting for cluster to start
[32mINFO    [0m juju.model:model.py:2972 Waiting for model:
  postgresql-k8s/0 [executing] waiting: awaiting for cluster to start
[32mINFO    [0m juju.model:model.py:2972 Waiting for model:
  postgresql-k8s/0 [executing] waiting: awaiting for primary endpoint to be ready
[32mINFO    [0m juju.model:model.py:2972 Waiting for model:
  postgresql-k8s/0 [executing] waiting: awaiting for primary endpoint to be ready
[32mINFO    [0m juju.model:model.py:2972 Waiting for model:
  postgresql-k8s/0 [executing] waiting: awaiting for primary endpoint to be ready
[32mINFO    [0m juju.model:model.py:2972 Waiting for model:
  postgresql-k8s/0 [executing] waiting: awaiting for cluster to start
[32mINFO    [0m juju.model:model.py:2972 Waiting for model:
  postgresql-k8s/0 [idle] waiting: awaiting for cluster to start
[32mINFO    [0m juju.model:model.py:2972 Waiting for model:
  postgresql-k8s/0 [idle] active: Primary
[32mINFO    [0m juju.model:model.py:2972 Waiting for model:
  postgresql-k8s/0 [idle] active: Primary
[32mINFO    [0m juju.model:model.py:2972 Waiting for model:
  postgresql-k8s/0 [executing] active: Primary
[32mINFO    [0m integration.test_config:test_config.py:92 durability_synchronous_commit
[32mINFO    [0m integration.test_config:test_config.py:92 instance_password_encryption
[32mINFO    [0m integration.test_config:test_config.py:92 logging_log_min_duration_statement
[32mINFO    [0m integration.test_config:test_config.py:92 memory_maintenance_work_mem
[32mINFO    [0m integration.test_config:test_config.py:92 memory_max_prepared_transactions
[32mINFO    [0m integration.test_config:test_config.py:92 memory_shared_buffers
[32mINFO    [0m integration.test_config:test_config.py:92 memory_temp_buffers
[32mINFO    [0m integration.test_config:test_config.py:92 memory_work_mem
[32mINFO    [0m integration.test_config:test_config.py:92 optimizer_constraint_exclusion
[32mINFO    [0m integration.test_config:test_config.py:92 optimizer_default_statistics_target
[32mINFO    [0m integration.test_config:test_config.py:92 optimizer_from_collapse_limit
[32mINFO    [0m integration.test_config:test_config.py:92 optimizer_join_collapse_limit
[32mINFO    [0m integration.test_config:test_config.py:92 profile
[32mINFO    [0m integration.test_config:test_config.py:92 response_bytea_output
[32mINFO    [0m integration.test_config:test_config.py:92 vacuum_autovacuum_analyze_scale_factor
[32mINFO    [0m integration.test_config:test_config.py:92 vacuum_autovacuum_vacuum_scale_factor
[32mINFO    [0m integration.test_config:test_config.py:92 vacuum_autovacuum_analyze_threshold
[32mINFO    [0m integration.test_config:test_config.py:92 vacuum_autovacuum_freeze_max_age
[32mINFO    [0m integration.test_config:test_config.py:92 vacuum_autovacuum_vacuum_cost_delay
[32mINFO    [0m integration.test_config:test_config.py:92 vacuum_vacuum_freeze_table_age
[32mINFO    [0m integration.test_config:test_config.py:92 instance_default_text_search_config
[32mINFO    [0m integration.test_config:test_config.py:92 request_date_style
[32mINFO    [0m integration.test_config:test_config.py:92 request_time_zone
[32mINFO    [0m pytest_operator.plugin:plugin.py:862 Model status:

Model  Controller          Cloud/Region        Version  SLA          Timestamp
test   microk8s-localhost  microk8s/localhost  3.4.4    unsupported  02:05:08Z

App             Version  Status  Scale  Charm           Channel  Rev  Address        Exposed  Message
postgresql-k8s  14.12    active      1  postgresql-k8s             0  10.152.183.41  no       

Unit               Workload  Agent      Address     Ports  Message
postgresql-k8s/0*  active    executing  10.1.127.9         (config-changed) 

[32mINFO    [0m pytest_operator.plugin:plugin.py:868 Juju error logs:

unit-postgresql-k8s-0: 02:03:40 ERROR unit.postgresql-k8s/0.juju-log failed to change plugins: 
Traceback (most recent call last):
  File "/var/lib/juju/agents/unit-postgresql-k8s-0/charm/lib/charms/postgresql_k8s/v0/postgresql.py", line 326, in enable_disable_extensions
    cursor.execute(
psycopg2.errors.ReadOnlySqlTransaction: cannot execute DROP EXTENSION in a read-only transaction


During handling of the above exception, another exception occurred:

Traceback (most recent call last):
  File "/var/lib/juju/agents/unit-postgresql-k8s-0/charm/./src/charm.py", line 639, in enable_disable_extensions
    self.postgresql.enable_disable_extensions(extensions, database)
  File "/var/lib/juju/agents/unit-postgresql-k8s-0/charm/lib/charms/tempo_k8s/v1/charm_tracing.py", line 647, in wrapped_function
    return callable(*args, **kwargs)  # type: ignore
  File "/var/lib/juju/agents/unit-postgresql-k8s-0/charm/lib/charms/postgresql_k8s/v0/postgresql.py", line 334, in enable_disable_extensions
    raise PostgreSQLEnableDisableExtensionError()
charms.postgresql_k8s.v0.postgresql.PostgreSQLEnableDisableExtensionError
unit-postgresql-k8s-0: 02:04:56 ERROR unit.postgresql-k8s/0.juju-log Invalid configuration: 1 validation error for CharmConfig
durability_synchronous_commit
  Value not one of 'on', 'remote_apply' or 'remote_write' (type=value_error)

[32mINFO    [0m pytest_operator.plugin:plugin.py:947 Forgetting model main...