[32mINFO    [0m pytest_operator.plugin:plugin.py:734 Connecting to existing model microk8s-localhost:test on unspecified cloud
[32mINFO    [0m juju.model:model.py:2097 Deploying local:jammy/postgresql-k8s-0
[32mINFO    [0m juju.model:model.py:2971 Waiting for model:
  postgresql-k8s/0 [allocating] waiting: installing agent
[32mINFO    [0m juju.model:model.py:2971 Waiting for model:
  postgresql-k8s/0 [executing] maintenance: installing charm software
[32mINFO    [0m juju.model:model.py:2971 Waiting for model:
  postgresql-k8s/0 [executing] waiting: awaiting for cluster to start
[32mINFO    [0m juju.model:model.py:2971 Waiting for model:
  postgresql-k8s/0 [executing] waiting: awaiting for primary endpoint to be ready
[32mINFO    [0m juju.model:model.py:2971 Waiting for model:
  postgresql-k8s/0 [executing] waiting: awaiting for primary endpoint to be ready
[32mINFO    [0m juju.model:model.py:2971 Waiting for model:
  postgresql-k8s/0 [idle] waiting: awaiting for primary endpoint to be ready
[32mINFO    [0m juju.model:model.py:2971 Waiting for model:
  postgresql-k8s/0 [executing] maintenance: 
[32mINFO    [0m juju.model:model.py:2971 Waiting for model:
  postgresql-k8s/0 [idle] maintenance: 
[32mINFO    [0m juju.model:model.py:2971 Waiting for model:
  postgresql-k8s/0 [idle] active: Primary
[32mINFO    [0m juju.model:model.py:2971 Waiting for model:
  postgresql-k8s/0 [idle] active: Primary
[32mINFO    [0m juju.model:model.py:2971 Waiting for model:
  postgresql-k8s/0 [executing] waiting: awaiting for cluster to start
[32mINFO    [0m juju.model:model.py:2971 Waiting for model:
  postgresql-k8s/0 [idle] waiting: awaiting for cluster to start
[32mINFO    [0m juju.model:model.py:2971 Waiting for model:
  postgresql-k8s/0 [idle] waiting: awaiting for cluster to start
[32mINFO    [0m juju.model:model.py:2971 Waiting for model:
  postgresql-k8s/0 [idle] maintenance: stopping charm software
[32mINFO    [0m juju.model:model.py:2097 Deploying ch:arm64/jammy/data-integrator-26
[32mINFO    [0m juju.model:model.py:2971 Waiting for model:
  data-integrator/0 [allocating] waiting: installing agent
[32mINFO    [0m juju.model:model.py:2971 Waiting for model:
  data-integrator/0 [idle] blocked: Please relate the data-integrator with the desired product
[33mWARNING [0m juju.model:model.py:1563 relate is deprecated and will be removed. Use integrate instead.
[32mINFO    [0m juju.model:model.py:2971 Waiting for model:
  postgresql-k8s/0 [executing] waiting: awaiting for cluster to start
  data-integrator/0 [idle] blocked: Please relate the data-integrator with the desired product
[32mINFO    [0m juju.model:model.py:2971 Waiting for model:
  postgresql-k8s/0 [idle] active: Primary
  data-integrator/0 [idle] blocked: Please relate the data-integrator with the desired product
[32mINFO    [0m juju.model:model.py:2971 Waiting for model:
  postgresql-k8s/0 [executing] active: Primary
  data-integrator/0 [idle] blocked: Please relate the data-integrator with the desired product
[32mINFO    [0m juju.model:model.py:2971 Waiting for model:
  postgresql-k8s/0 [idle] active: Primary
  data-integrator/0 [idle] active: 
[32mINFO    [0m juju.model:model.py:2971 Waiting for model:
  data-integrator/0 [idle] active: 
[32mINFO    [0m httpx:_client.py:1773 HTTP Request: GET https://10.145.225.211:16443/api/v1/namespaces/test/services/postgresql-k8s-primary "HTTP/1.1 200 OK"
[32mINFO    [0m juju.model:model.py:2971 Waiting for model:
  data-integrator/0 [idle] active: 
[33mWARNING [0m juju.model:model.py:1563 relate is deprecated and will be removed. Use integrate instead.
[32mINFO    [0m juju.model:model.py:2971 Waiting for model:
  postgresql-k8s/0 [idle] active: Primary
  data-integrator/0 [idle] blocked: Please relate the data-integrator with the desired product
[32mINFO    [0m httpx:_client.py:1773 HTTP Request: GET https://10.145.225.211:16443/api/v1/namespaces/test/services/postgresql-k8s-primary "HTTP/1.1 200 OK"
[32mINFO    [0m juju.model:model.py:2971 Waiting for model:
  data-integrator/0 [idle] active: 
[33mWARNING [0m juju.model:model.py:1563 relate is deprecated and will be removed. Use integrate instead.
[32mINFO    [0m juju.model:model.py:2971 Waiting for model:
  postgresql-k8s/0 [idle] active: Primary
  data-integrator/0 [idle] blocked: Please relate the data-integrator with the desired product
[32mINFO    [0m integration.new_relations.test_relations_coherence:test_relations_coherence.py:126 connecting to the following database: data_integrator
[32mINFO    [0m httpx:_client.py:1773 HTTP Request: GET https://10.145.225.211:16443/api/v1/namespaces/test/services/postgresql-k8s-primary "HTTP/1.1 200 OK"
[32mINFO    [0m integration.new_relations.test_relations_coherence:test_relations_coherence.py:126 connecting to the following database: postgres
[32mINFO    [0m httpx:_client.py:1773 HTTP Request: GET https://10.145.225.211:16443/api/v1/namespaces/test/services/postgresql-k8s-primary "HTTP/1.1 200 OK"
[32mINFO    [0m pytest_operator.plugin:plugin.py:862 Model status:

Model  Controller          Cloud/Region        Version  SLA          Timestamp
test   microk8s-localhost  microk8s/localhost  3.1.8    unsupported  01:43:08Z

App              Version  Status  Scale  Charm            Channel        Rev  Address        Exposed  Message
data-integrator           active      1  data-integrator  latest/stable   26  10.152.183.43  no       
postgresql-k8s   14.11    active      1  postgresql-k8s                    0  10.152.183.59  no       

Unit                Workload  Agent  Address      Ports  Message
data-integrator/0*  active    idle   10.1.79.138         
postgresql-k8s/0*   active    idle   10.1.79.137         Primary

[32mINFO    [0m pytest_operator.plugin:plugin.py:868 Juju error logs:

unit-postgresql-k8s-0: 01:34:40 ERROR unit.postgresql-k8s/0.juju-log upgrade:1: Uncaught exception while in charm code:
Traceback (most recent call last):
  File "/var/lib/juju/agents/unit-postgresql-k8s-0/charm/venv/urllib3/connection.py", line 196, in _new_conn
    sock = connection.create_connection(
  File "/var/lib/juju/agents/unit-postgresql-k8s-0/charm/venv/urllib3/util/connection.py", line 85, in create_connection
    raise err
  File "/var/lib/juju/agents/unit-postgresql-k8s-0/charm/venv/urllib3/util/connection.py", line 73, in create_connection
    sock.connect(sa)
ConnectionRefusedError: [Errno 111] Connection refused

The above exception was the direct cause of the following exception:

Traceback (most recent call last):
  File "/var/lib/juju/agents/unit-postgresql-k8s-0/charm/venv/urllib3/connectionpool.py", line 789, in urlopen
    response = self._make_request(
  File "/var/lib/juju/agents/unit-postgresql-k8s-0/charm/venv/urllib3/connectionpool.py", line 495, in _make_request
    conn.request(
  File "/var/lib/juju/agents/unit-postgresql-k8s-0/charm/venv/urllib3/connection.py", line 398, in request
    self.endheaders()
  File "/usr/lib/python3.10/http/client.py", line 1278, in endheaders
    self._send_output(message_body, encode_chunked=encode_chunked)
  File "/usr/lib/python3.10/http/client.py", line 1038, in _send_output
    self.send(msg)
  File "/usr/lib/python3.10/http/client.py", line 976, in send
    self.connect()
  File "/var/lib/juju/agents/unit-postgresql-k8s-0/charm/venv/urllib3/connection.py", line 236, in connect
    self.sock = self._new_conn()
  File "/var/lib/juju/agents/unit-postgresql-k8s-0/charm/venv/urllib3/connection.py", line 211, in _new_conn
    raise NewConnectionError(
urllib3.exceptions.NewConnectionError: <urllib3.connection.HTTPConnection object at 0xffff8744ce80>: Failed to establish a new connection: [Errno 111] Connection refused

The above exception was the direct cause of the following exception:

Traceback (most recent call last):
  File "/var/lib/juju/agents/unit-postgresql-k8s-0/charm/venv/requests/adapters.py", line 667, in send
    resp = conn.urlopen(
  File "/var/lib/juju/agents/unit-postgresql-k8s-0/charm/venv/urllib3/connectionpool.py", line 843, in urlopen
    retries = retries.increment(
  File "/var/lib/juju/agents/unit-postgresql-k8s-0/charm/venv/urllib3/util/retry.py", line 519, in increment
    raise MaxRetryError(_pool, url, reason) from reason  # type: ignore[arg-type]
urllib3.exceptions.MaxRetryError: HTTPConnectionPool(host='postgresql-k8s-0.postgresql-k8s-endpoints', port=8008): Max retries exceeded with url: /cluster (Caused by NewConnectionError('<urllib3.connection.HTTPConnection object at 0xffff8744ce80>: Failed to establish a new connection: [Errno 111] Connection refused'))

During handling of the above exception, another exception occurred:

Traceback (most recent call last):
  File "/var/lib/juju/agents/unit-postgresql-k8s-0/charm/src/patroni.py", line 136, in get_primary
    r = requests.get(f"{url}/cluster", verify=self._verify, timeout=5)
  File "/var/lib/juju/agents/unit-postgresql-k8s-0/charm/venv/requests/api.py", line 73, in get
    return request("get", url, params=params, **kwargs)
  File "/var/lib/juju/agents/unit-postgresql-k8s-0/charm/venv/requests/api.py", line 59, in request
    return session.request(method=method, url=url, **kwargs)
  File "/var/lib/juju/agents/unit-postgresql-k8s-0/charm/venv/requests/sessions.py", line 589, in request
    resp = self.send(prep, **send_kwargs)
  File "/var/lib/juju/agents/unit-postgresql-k8s-0/charm/venv/requests/sessions.py", line 703, in send
    r = adapter.send(request, **kwargs)
  File "/var/lib/juju/agents/unit-postgresql-k8s-0/charm/venv/requests/adapters.py", line 700, in send
    raise ConnectionError(e, request=request)
requests.exceptions.ConnectionError: HTTPConnectionPool(host='postgresql-k8s-0.postgresql-k8s-endpoints', port=8008): Max retries exceeded with url: /cluster (Caused by NewConnectionError('<urllib3.connection.HTTPConnection object at 0xffff8744ce80>: Failed to establish a new connection: [Errno 111] Connection refused'))

The above exception was the direct cause of the following exception:

Traceback (most recent call last):
  File "/var/lib/juju/agents/unit-postgresql-k8s-0/charm/./src/charm.py", line 1837, in <module>
    main(PostgresqlOperatorCharm, use_juju_for_storage=True)
  File "/var/lib/juju/agents/unit-postgresql-k8s-0/charm/venv/ops/main.py", line 548, in main
    manager.run()
  File "/var/lib/juju/agents/unit-postgresql-k8s-0/charm/venv/ops/main.py", line 527, in run
    self._emit()
  File "/var/lib/juju/agents/unit-postgresql-k8s-0/charm/venv/ops/main.py", line 513, in _emit
    self.framework.reemit()
  File "/var/lib/juju/agents/unit-postgresql-k8s-0/charm/venv/ops/framework.py", line 870, in reemit
    self._reemit()
  File "/var/lib/juju/agents/unit-postgresql-k8s-0/charm/venv/ops/framework.py", line 950, in _reemit
    custom_handler(event)
  File "/var/lib/juju/agents/unit-postgresql-k8s-0/charm/lib/charms/tempo_k8s/v1/charm_tracing.py", line 544, in wrapped_function
    return callable(*args, **kwargs)  # type: ignore
  File "/var/lib/juju/agents/unit-postgresql-k8s-0/charm/./src/charm.py", line 868, in _on_postgresql_pebble_ready
    self.enable_disable_extensions()
  File "/var/lib/juju/agents/unit-postgresql-k8s-0/charm/lib/charms/tempo_k8s/v1/charm_tracing.py", line 544, in wrapped_function
    return callable(*args, **kwargs)  # type: ignore
  File "/var/lib/juju/agents/unit-postgresql-k8s-0/charm/./src/charm.py", line 611, in enable_disable_extensions
    if self._patroni.get_primary() is None:
  File "/var/lib/juju/agents/unit-postgresql-k8s-0/charm/lib/charms/tempo_k8s/v1/charm_tracing.py", line 544, in wrapped_function
    return callable(*args, **kwargs)  # type: ignore
  File "/var/lib/juju/agents/unit-postgresql-k8s-0/charm/src/patroni.py", line 133, in get_primary
    for attempt in Retrying(stop=stop_after_attempt(len(self._endpoints) + 1)):
  File "/var/lib/juju/agents/unit-postgresql-k8s-0/charm/venv/tenacity/__init__.py", line 437, in __iter__
    do = self.iter(retry_state=retry_state)
  File "/var/lib/juju/agents/unit-postgresql-k8s-0/charm/venv/tenacity/__init__.py", line 370, in iter
    result = action(retry_state)
  File "/var/lib/juju/agents/unit-postgresql-k8s-0/charm/venv/tenacity/__init__.py", line 413, in exc_check
    raise retry_exc from fut.exception()
tenacity.RetryError: RetryError[<Future at 0xffff8744cbb0 state=finished raised ConnectionError>]
unit-postgresql-k8s-0: 01:34:42 ERROR juju.worker.uniter.operation hook "upgrade-relation-changed" (via hook dispatching script: dispatch) failed: exit status 1
unit-postgresql-k8s-0: 01:35:27 ERROR unit.postgresql-k8s/0.juju-log failed to change plugins: 
Traceback (most recent call last):
  File "/var/lib/juju/agents/unit-postgresql-k8s-0/charm/lib/charms/postgresql_k8s/v0/postgresql.py", line 303, in enable_disable_extensions
    with self._connect_to_database() as connection, connection.cursor() as cursor:
  File "/var/lib/juju/agents/unit-postgresql-k8s-0/charm/lib/charms/tempo_k8s/v1/charm_tracing.py", line 544, in wrapped_function
    return callable(*args, **kwargs)  # type: ignore
  File "/var/lib/juju/agents/unit-postgresql-k8s-0/charm/lib/charms/postgresql_k8s/v0/postgresql.py", line 127, in _connect_to_database
    connection = psycopg2.connect(
  File "/var/lib/juju/agents/unit-postgresql-k8s-0/charm/venv/psycopg2/__init__.py", line 122, in connect
    conn = _connect(dsn, connection_factory=connection_factory, **kwasync)
psycopg2.OperationalError: connection to server at "postgresql-k8s-primary.test.svc.cluster.local" (10.152.183.136), port 5432 failed: Connection refused
	Is the server running on that host and accepting TCP/IP connections?


During handling of the above exception, another exception occurred:

Traceback (most recent call last):
  File "/var/lib/juju/agents/unit-postgresql-k8s-0/charm/./src/charm.py", line 639, in enable_disable_extensions
    self.postgresql.enable_disable_extensions(extensions, database)
  File "/var/lib/juju/agents/unit-postgresql-k8s-0/charm/lib/charms/tempo_k8s/v1/charm_tracing.py", line 544, in wrapped_function
    return callable(*args, **kwargs)  # type: ignore
  File "/var/lib/juju/agents/unit-postgresql-k8s-0/charm/lib/charms/postgresql_k8s/v0/postgresql.py", line 327, in enable_disable_extensions
    raise PostgreSQLEnableDisableExtensionError()
charms.postgresql_k8s.v0.postgresql.PostgreSQLEnableDisableExtensionError
unit-postgresql-k8s-0: 01:35:41 ERROR unit.postgresql-k8s/0.juju-log failed to change plugins: 
Traceback (most recent call last):
  File "/var/lib/juju/agents/unit-postgresql-k8s-0/charm/lib/charms/postgresql_k8s/v0/postgresql.py", line 303, in enable_disable_extensions
    with self._connect_to_database() as connection, connection.cursor() as cursor:
  File "/var/lib/juju/agents/unit-postgresql-k8s-0/charm/lib/charms/tempo_k8s/v1/charm_tracing.py", line 544, in wrapped_function
    return callable(*args, **kwargs)  # type: ignore
  File "/var/lib/juju/agents/unit-postgresql-k8s-0/charm/lib/charms/postgresql_k8s/v0/postgresql.py", line 127, in _connect_to_database
    connection = psycopg2.connect(
  File "/var/lib/juju/agents/unit-postgresql-k8s-0/charm/venv/psycopg2/__init__.py", line 122, in connect
    conn = _connect(dsn, connection_factory=connection_factory, **kwasync)
psycopg2.OperationalError: connection to server at "postgresql-k8s-primary.test.svc.cluster.local" (10.152.183.136), port 5432 failed: Connection refused
	Is the server running on that host and accepting TCP/IP connections?


During handling of the above exception, another exception occurred:

Traceback (most recent call last):
  File "/var/lib/juju/agents/unit-postgresql-k8s-0/charm/./src/charm.py", line 639, in enable_disable_extensions
    self.postgresql.enable_disable_extensions(extensions, database)
  File "/var/lib/juju/agents/unit-postgresql-k8s-0/charm/lib/charms/tempo_k8s/v1/charm_tracing.py", line 544, in wrapped_function
    return callable(*args, **kwargs)  # type: ignore
  File "/var/lib/juju/agents/unit-postgresql-k8s-0/charm/lib/charms/postgresql_k8s/v0/postgresql.py", line 327, in enable_disable_extensions
    raise PostgreSQLEnableDisableExtensionError()
charms.postgresql_k8s.v0.postgresql.PostgreSQLEnableDisableExtensionError
unit-postgresql-k8s-0: 01:37:22 ERROR unit.postgresql-k8s/0.juju-log Failed to check if restart is pending: connection already closed
unit-postgresql-k8s-0: 01:37:25 ERROR juju.worker.uniter pebble poll failed for container "postgresql": failed to send pebble-ready event: terminated

[32mINFO    [0m pytest_operator.plugin:plugin.py:947 Forgetting model main...