[32mINFO    [0m pytest_operator.plugin:plugin.py:766 Connecting to existing model microk8s-localhost:test on unspecified cloud
[32mINFO    [0m juju.model:model.py:2098 Deploying ch:arm64/jammy/s3-integrator-78
[32mINFO    [0m juju.model:model.py:2098 Deploying ch:arm64/jammy/self-signed-certificates-208
[32mINFO    [0m juju.model:model.py:2098 Deploying local:jammy/postgresql-k8s-0
[33mWARNING [0m juju.model:model.py:1564 relate is deprecated and will be removed. Use integrate instead.
[32mINFO    [0m juju.model:model.py:2972 Waiting for model:
  postgresql-k8s-aws/0 [allocating] waiting: installing agent
  postgresql-k8s-aws/1 [allocating] waiting: installing agent
[32mINFO    [0m juju.model:model.py:2972 Waiting for model:
  postgresql-k8s-aws/0 [allocating] waiting: agent initialising
  postgresql-k8s-aws/1 [allocating] waiting: agent initialising
[32mINFO    [0m juju.model:model.py:2972 Waiting for model:
  postgresql-k8s-aws/0 [executing] maintenance: installing charm software
  postgresql-k8s-aws/1 [executing] maintenance: installing charm software
[32mINFO    [0m juju.model:model.py:2972 Waiting for model:
  postgresql-k8s-aws/0 [executing] waiting: awaiting for cluster to start
  postgresql-k8s-aws/1 [executing] unknown: 
[32mINFO    [0m juju.model:model.py:2972 Waiting for model:
  postgresql-k8s-aws/0 [executing] waiting: awaiting for primary endpoint to be ready
  postgresql-k8s-aws/1 [executing] unknown: 
[32mINFO    [0m juju.model:model.py:2972 Waiting for model:
  postgresql-k8s-aws/0 [executing] waiting: awaiting for primary endpoint to be ready
  postgresql-k8s-aws/1 [executing] unknown: 
[32mINFO    [0m juju.model:model.py:2972 Waiting for model:
  postgresql-k8s-aws/0 [idle] waiting: awaiting for primary endpoint to be ready
  postgresql-k8s-aws/1 [idle] unknown: 
[32mINFO    [0m juju.model:model.py:2972 Waiting for model:
  postgresql-k8s-aws/0 [executing] active: Primary
  postgresql-k8s-aws/1 [executing] unknown: 
[32mINFO    [0m juju.model:model.py:2972 Waiting for model:
  postgresql-k8s-aws/0 [executing] active: Primary
  postgresql-k8s-aws/1 [idle] waiting: awaiting for cluster to start
[32mINFO    [0m juju.model:model.py:2972 Waiting for model:
  postgresql-k8s-aws/0 [idle] active: Primary
  postgresql-k8s-aws/1 [executing] waiting: awaiting for cluster to start
[32mINFO    [0m juju.model:model.py:2972 Waiting for model:
  postgresql-k8s-aws/0 [executing] waiting: Awaiting restart operation
  postgresql-k8s-aws/1 [executing] active: 
[32mINFO    [0m juju.model:model.py:2972 Waiting for model:
  postgresql-k8s-aws/0 [executing] waiting: Awaiting restart operation
  postgresql-k8s-aws/1 [idle] active: 
[32mINFO    [0m juju.model:model.py:2972 Waiting for model:
  postgresql-k8s-aws/0 [idle] active: 
  postgresql-k8s-aws/1 [idle] active: 
[33mWARNING [0m juju.model:model.py:1564 relate is deprecated and will be removed. Use integrate instead.
[32mINFO    [0m integration.helpers:helpers.py:850 configuring S3 integrator for AWS
[32mINFO    [0m juju.model:model.py:2972 Waiting for model:
  postgresql-k8s-aws/0 [executing] active: Primary
  postgresql-k8s-aws/1 [executing] active: 
  s3-integrator/0 [executing] blocked: Missing parameters: ['access-key', 'secret-key']
[32mINFO    [0m juju.model:model.py:2972 Waiting for model:
  postgresql-k8s-aws/0 [executing] maintenance: initialising stanza
  postgresql-k8s-aws/1 [idle] active: 
[32mINFO    [0m juju.model:model.py:2972 Waiting for model:
  postgresql-k8s-aws/0 [executing] maintenance: initialising stanza
  postgresql-k8s-aws/1 [idle] active: 
[32mINFO    [0m juju.model:model.py:2972 Waiting for model:
  postgresql-k8s-aws/0 [executing] maintenance: initialising stanza
  postgresql-k8s-aws/1 [idle] active: 
[32mINFO    [0m juju.model:model.py:2972 Waiting for model:
  postgresql-k8s-aws/0 [executing] maintenance: initialising stanza
  postgresql-k8s-aws/1 [idle] active: 
[32mINFO    [0m juju.model:model.py:2972 Waiting for model:
  postgresql-k8s-aws/0 [executing] active: Primary
  postgresql-k8s-aws/1 [idle] active: 
[32mINFO    [0m juju.model:model.py:2972 Waiting for model:
  postgresql-k8s-aws/0 [executing] maintenance: initialising stanza
  postgresql-k8s-aws/1 [idle] active: 
[32mINFO    [0m juju.model:model.py:2972 Waiting for model:
  postgresql-k8s-aws/0 [executing] active: Primary
  postgresql-k8s-aws/1 [executing] active: 
[32mINFO    [0m integration.helpers:helpers.py:871 creating a table in the database
[32mINFO    [0m juju.model:model.py:2972 Waiting for model:
  s3-integrator/0 [idle] active: 
  self-signed-certificates/0 [idle] active: 
  postgresql-k8s-aws/0 [idle] active: Primary
  postgresql-k8s-aws/1 [idle] active: 
[32mINFO    [0m integration.helpers:helpers.py:882 creating a backup
[32mINFO    [0m juju.model:model.py:2972 Waiting for model:
  s3-integrator/0 [idle] active: 
  self-signed-certificates/0 [idle] active: 
  postgresql-k8s-aws/0 [executing] active: Primary
  postgresql-k8s-aws/1 [idle] active: 
[32mINFO    [0m juju.model:model.py:2972 Waiting for model:
  postgresql-k8s-aws/0 [idle] active: Primary
[32mINFO    [0m integration.helpers:helpers.py:891 listing the available backups
[32mINFO    [0m juju.model:model.py:2972 Waiting for model:
  s3-integrator/0 [idle] active: 
  self-signed-certificates/0 [idle] active: 
  postgresql-k8s-aws/0 [idle] active: Primary
  postgresql-k8s-aws/1 [idle] active: 
[32mINFO    [0m integration.helpers:helpers.py:900 creating a second table in the database
[32mINFO    [0m integration.helpers:helpers.py:907 creating a backup
[32mINFO    [0m juju.model:model.py:2972 Waiting for model:
  s3-integrator/0 [idle] active: 
  self-signed-certificates/0 [idle] active: 
  postgresql-k8s-aws/0 [idle] active: Primary
  postgresql-k8s-aws/1 [idle] active: 
[32mINFO    [0m integration.helpers:helpers.py:918 listing the available backups
[32mINFO    [0m juju.model:model.py:2972 Waiting for model:
  s3-integrator/0 [idle] active: 
  self-signed-certificates/0 [idle] active: 
  postgresql-k8s-aws/0 [idle] active: Primary
  postgresql-k8s-aws/1 [idle] active: 
[32mINFO    [0m integration.helpers:helpers.py:927 creating a second table in the database
[32mINFO    [0m juju.model:model.py:2972 Waiting for model:
  postgresql-k8s-aws (waiting for exactly 1 units, current : 2)
[32mINFO    [0m juju.model:model.py:2972 Waiting for model:
  postgresql-k8s-aws (waiting for exactly 1 units, current : 2)
[32mINFO    [0m juju.model:model.py:2972 Waiting for model:
  postgresql-k8s-aws/0 [idle] active: Primary
[32mINFO    [0m integration.helpers:helpers.py:943 restoring the backup
[32mINFO    [0m integration.helpers:helpers.py:960 checking that the backup was correctly restored
[32mINFO    [0m integration.helpers:helpers.py:992 restoring the backup
[32mINFO    [0m integration.helpers:helpers.py:1009 checking that the backup was correctly restored
[32mINFO    [0m integration.test_backups:test_backups.py:124 removing the TLS relation
[32mINFO    [0m integration.test_backups:test_backups.py:141 ensuring that the replication is working correctly
[32mINFO    [0m integration.test_backups:test_backups.py:171 performing a switchover from postgresql-k8s-aws/0 to postgresql-k8s-aws/1
[32mINFO    [0m integration.test_backups:test_backups.py:174 checking that the primary unit has changed
[32mINFO    [0m integration.test_backups:test_backups.py:183 listing the available backups to ensure that the stanza is working correctly
[32mINFO    [0m juju.model:model.py:2972 Waiting for model:
  s3-integrator/0 [idle] active: 
  self-signed-certificates/0 [idle] active: 
  postgresql-k8s-aws/0 [executing] blocked: Move restored cluster to another S3 bucket
  postgresql-k8s-aws/1 [executing] blocked: Move restored cluster to another S3 bucket
[32mINFO    [0m juju.model:model.py:2972 Waiting for model:
  postgresql-k8s-aws/0 [idle] active: 
  postgresql-k8s-aws/1 [idle] active: Primary
[32mINFO    [0m integration.test_backups:test_backups.py:88 deleting the previously created backups
[32mINFO    [0m pytest_operator.plugin:plugin.py:903 Model status:

Model  Controller          Cloud/Region        Version  SLA          Timestamp
test   microk8s-localhost  microk8s/localhost  3.4.5    unsupported  02:18:48Z

App            Version  Status  Scale  Charm          Channel        Rev  Address        Exposed  Message
s3-integrator           active      1  s3-integrator  latest/stable   78  10.152.183.59  no       

Unit              Workload  Agent  Address    Ports  Message
s3-integrator/0*  active    idle   10.1.53.8         

[32mINFO    [0m pytest_operator.plugin:plugin.py:909 Juju error logs:

unit-postgresql-k8s-aws-1: 02:03:36 ERROR unit.postgresql-k8s-aws/1.juju-log failed to patch k8s Endpoints patroni-postgresql-k8s-aws
Traceback (most recent call last):
  File "/var/lib/juju/agents/unit-postgresql-k8s-aws-1/charm/venv/lightkube/core/generic_client.py", line 232, in raise_for_status
    resp.raise_for_status()
  File "/var/lib/juju/agents/unit-postgresql-k8s-aws-1/charm/venv/httpx/_models.py", line 763, in raise_for_status
    raise HTTPStatusError(message, request=request, response=self)
httpx.HTTPStatusError: Client error '409 Conflict' for url 'https://10.152.183.1/api/v1/namespaces/test/endpoints/patroni-postgresql-k8s-aws?force=true&fieldManager=postgresql-k8s-aws'
For more information check: https://developer.mozilla.org/en-US/docs/Web/HTTP/Status/409

During handling of the above exception, another exception occurred:

Traceback (most recent call last):
  File "/var/lib/juju/agents/unit-postgresql-k8s-aws-1/charm/./src/charm.py", line 1338, in _on_stop
    client.apply(
  File "/var/lib/juju/agents/unit-postgresql-k8s-aws-1/charm/venv/lightkube/core/client.py", line 754, in apply
    return self.patch(
  File "/var/lib/juju/agents/unit-postgresql-k8s-aws-1/charm/venv/lightkube/core/client.py", line 489, in patch
    return self._client.request(
  File "/var/lib/juju/agents/unit-postgresql-k8s-aws-1/charm/venv/lightkube/core/generic_client.py", line 308, in request
    return self.handle_response(method, resp, br)
  File "/var/lib/juju/agents/unit-postgresql-k8s-aws-1/charm/venv/lightkube/core/generic_client.py", line 248, in handle_response
    self.raise_for_status(resp)
  File "/var/lib/juju/agents/unit-postgresql-k8s-aws-1/charm/venv/lightkube/core/generic_client.py", line 234, in raise_for_status
    raise transform_exception(e)
lightkube.core.exceptions.ApiError: Operation cannot be fulfilled on endpoints "patroni-postgresql-k8s-aws": the object has been modified; please apply your changes to the latest version and try again
unit-postgresql-k8s-aws-0: 02:04:28 ERROR unit.postgresql-k8s-aws/0.juju-log Kubernetes service get failed: services "postgresql-k8s-aws" not found
unit-postgresql-k8s-aws-0: 02:04:28 ERROR unit.postgresql-k8s-aws/0.juju-log Kubernetes service patch failed: services "postgresql-k8s-aws" not found
unit-postgresql-k8s-aws-0: 02:10:42 ERROR unit.postgresql-k8s-aws/0.juju-log Kubernetes service get failed: services "postgresql-k8s-aws" not found
unit-postgresql-k8s-aws-0: 02:10:42 ERROR unit.postgresql-k8s-aws/0.juju-log Kubernetes service patch failed: services "postgresql-k8s-aws" not found
unit-postgresql-k8s-aws-0: 02:10:54 ERROR unit.postgresql-k8s-aws/0.juju-log Kubernetes service get failed: services "postgresql-k8s-aws" not found
unit-postgresql-k8s-aws-0: 02:10:54 ERROR unit.postgresql-k8s-aws/0.juju-log Kubernetes service patch failed: services "postgresql-k8s-aws" not found
unit-postgresql-k8s-aws-0: 02:11:04 ERROR unit.postgresql-k8s-aws/0.juju-log Kubernetes service get failed: services "postgresql-k8s-aws" not found
unit-postgresql-k8s-aws-0: 02:11:04 ERROR unit.postgresql-k8s-aws/0.juju-log Kubernetes service patch failed: services "postgresql-k8s-aws" not found
unit-postgresql-k8s-aws-0: 02:11:12 ERROR unit.postgresql-k8s-aws/0.juju-log Kubernetes service get failed: services "postgresql-k8s-aws" not found
unit-postgresql-k8s-aws-0: 02:11:12 ERROR unit.postgresql-k8s-aws/0.juju-log Kubernetes service patch failed: services "postgresql-k8s-aws" not found
unit-postgresql-k8s-aws-0: 02:11:22 ERROR unit.postgresql-k8s-aws/0.juju-log Kubernetes service get failed: services "postgresql-k8s-aws" not found
unit-postgresql-k8s-aws-0: 02:11:22 ERROR unit.postgresql-k8s-aws/0.juju-log Kubernetes service patch failed: services "postgresql-k8s-aws" not found
unit-postgresql-k8s-aws-0: 02:11:33 ERROR unit.postgresql-k8s-aws/0.juju-log Kubernetes service get failed: services "postgresql-k8s-aws" not found
unit-postgresql-k8s-aws-0: 02:11:33 ERROR unit.postgresql-k8s-aws/0.juju-log Kubernetes service patch failed: services "postgresql-k8s-aws" not found
unit-postgresql-k8s-aws-0: 02:11:44 ERROR unit.postgresql-k8s-aws/0.juju-log Kubernetes service get failed: services "postgresql-k8s-aws" not found
unit-postgresql-k8s-aws-0: 02:11:44 ERROR unit.postgresql-k8s-aws/0.juju-log Kubernetes service patch failed: services "postgresql-k8s-aws" not found
unit-postgresql-k8s-aws-0: 02:11:54 ERROR unit.postgresql-k8s-aws/0.juju-log Kubernetes service get failed: services "postgresql-k8s-aws" not found
unit-postgresql-k8s-aws-0: 02:11:54 ERROR unit.postgresql-k8s-aws/0.juju-log Kubernetes service patch failed: services "postgresql-k8s-aws" not found
unit-postgresql-k8s-aws-0: 02:12:03 ERROR unit.postgresql-k8s-aws/0.juju-log Kubernetes service get failed: services "postgresql-k8s-aws" not found
unit-postgresql-k8s-aws-0: 02:12:03 ERROR unit.postgresql-k8s-aws/0.juju-log Kubernetes service patch failed: services "postgresql-k8s-aws" not found
unit-postgresql-k8s-aws-0: 02:12:12 ERROR unit.postgresql-k8s-aws/0.juju-log Kubernetes service get failed: services "postgresql-k8s-aws" not found
unit-postgresql-k8s-aws-0: 02:12:12 ERROR unit.postgresql-k8s-aws/0.juju-log Kubernetes service patch failed: services "postgresql-k8s-aws" not found
unit-postgresql-k8s-aws-0: 02:12:20 ERROR unit.postgresql-k8s-aws/0.juju-log Kubernetes service get failed: services "postgresql-k8s-aws" not found
unit-postgresql-k8s-aws-0: 02:12:20 ERROR unit.postgresql-k8s-aws/0.juju-log Kubernetes service patch failed: services "postgresql-k8s-aws" not found
unit-postgresql-k8s-aws-0: 02:12:30 ERROR unit.postgresql-k8s-aws/0.juju-log Kubernetes service get failed: services "postgresql-k8s-aws" not found
unit-postgresql-k8s-aws-0: 02:12:30 ERROR unit.postgresql-k8s-aws/0.juju-log Kubernetes service patch failed: services "postgresql-k8s-aws" not found
unit-postgresql-k8s-aws-0: 02:12:39 ERROR unit.postgresql-k8s-aws/0.juju-log Kubernetes service get failed: services "postgresql-k8s-aws" not found
unit-postgresql-k8s-aws-0: 02:12:39 ERROR unit.postgresql-k8s-aws/0.juju-log Kubernetes service patch failed: services "postgresql-k8s-aws" not found
unit-postgresql-k8s-aws-0: 02:12:49 ERROR unit.postgresql-k8s-aws/0.juju-log Kubernetes service get failed: services "postgresql-k8s-aws" not found
unit-postgresql-k8s-aws-0: 02:12:49 ERROR unit.postgresql-k8s-aws/0.juju-log Kubernetes service patch failed: services "postgresql-k8s-aws" not found
unit-postgresql-k8s-aws-0: 02:12:58 ERROR unit.postgresql-k8s-aws/0.juju-log Kubernetes service get failed: services "postgresql-k8s-aws" not found
unit-postgresql-k8s-aws-0: 02:12:58 ERROR unit.postgresql-k8s-aws/0.juju-log Kubernetes service patch failed: services "postgresql-k8s-aws" not found
unit-postgresql-k8s-aws-0: 02:13:08 ERROR unit.postgresql-k8s-aws/0.juju-log Kubernetes service get failed: services "postgresql-k8s-aws" not found
unit-postgresql-k8s-aws-0: 02:13:08 ERROR unit.postgresql-k8s-aws/0.juju-log Kubernetes service patch failed: services "postgresql-k8s-aws" not found
unit-postgresql-k8s-aws-0: 02:13:16 ERROR unit.postgresql-k8s-aws/0.juju-log Kubernetes service get failed: services "postgresql-k8s-aws" not found
unit-postgresql-k8s-aws-0: 02:13:16 ERROR unit.postgresql-k8s-aws/0.juju-log Kubernetes service patch failed: services "postgresql-k8s-aws" not found
unit-postgresql-k8s-aws-0: 02:13:26 ERROR unit.postgresql-k8s-aws/0.juju-log Kubernetes service get failed: services "postgresql-k8s-aws" not found
unit-postgresql-k8s-aws-0: 02:13:26 ERROR unit.postgresql-k8s-aws/0.juju-log Kubernetes service patch failed: services "postgresql-k8s-aws" not found
unit-postgresql-k8s-aws-0: 02:13:41 ERROR unit.postgresql-k8s-aws/0.juju-log Kubernetes service get failed: services "postgresql-k8s-aws" not found
unit-postgresql-k8s-aws-0: 02:13:41 ERROR unit.postgresql-k8s-aws/0.juju-log Kubernetes service patch failed: services "postgresql-k8s-aws" not found
unit-postgresql-k8s-aws-0: 02:14:54 ERROR juju.worker.dependency "uniter" manifold worker returned unexpected error: relation scope id "e8ae00c2-524c-4052-8839-02662ff033c3:r#4#self-signed-certificates": settings e8ae00c2-524c-4052-8839-02662ff033c3:r#4#self-signed-certificates not found (not found)
controller-0: 02:18:00 ERROR juju.worker.caasapplicationprovisioner.runner exited "postgresql-k8s-aws": getting OCI image resources: unable to fetch OCI image resources for postgresql-k8s-aws: application "postgresql-k8s-aws" dying or dead

[32mINFO    [0m pytest_operator.plugin:plugin.py:991 Forgetting model main...