{"uid":"45c08d55dffe4bf3","name":"test_audit_plugin","fullName":"tests.integration.test_audit#test_audit_plugin","historyId":"8496e52e5b9bcd0c0d0ad10f352f9541","time":{"start":1732498595668,"stop":1732499072409,"duration":476741},"description":"Test the audit plugin.","descriptionHtml":"<p>Test the audit plugin.</p>\n","status":"broken","statusMessage":"AttributeError: 'NoneType' object has no attribute 'split'","statusTrace":"Traceback (most recent call last):\n  File \"/home/ubuntu/actions-runner/_work/test-runners-2-is-arm64-postgresql-k8s-operator/test-runners-2-is-arm64-postgresql-k8s-operator/.tox/integration/lib/python3.10/site-packages/_pytest/runner.py\", line 341, in from_call\n    result: TResult | None = func()\n  File \"/home/ubuntu/actions-runner/_work/test-runners-2-is-arm64-postgresql-k8s-operator/test-runners-2-is-arm64-postgresql-k8s-operator/.tox/integration/lib/python3.10/site-packages/_pytest/runner.py\", line 242, in <lambda>\n    lambda: runtest_hook(item=item, **kwds), when=when, reraise=reraise\n  File \"/home/ubuntu/actions-runner/_work/test-runners-2-is-arm64-postgresql-k8s-operator/test-runners-2-is-arm64-postgresql-k8s-operator/.tox/integration/lib/python3.10/site-packages/pluggy/_hooks.py\", line 513, in __call__\n    return self._hookexec(self.name, self._hookimpls.copy(), kwargs, firstresult)\n  File \"/home/ubuntu/actions-runner/_work/test-runners-2-is-arm64-postgresql-k8s-operator/test-runners-2-is-arm64-postgresql-k8s-operator/.tox/integration/lib/python3.10/site-packages/pluggy/_manager.py\", line 120, in _hookexec\n    return self._inner_hookexec(hook_name, methods, kwargs, firstresult)\n  File \"/home/ubuntu/actions-runner/_work/test-runners-2-is-arm64-postgresql-k8s-operator/test-runners-2-is-arm64-postgresql-k8s-operator/.tox/integration/lib/python3.10/site-packages/pluggy/_callers.py\", line 182, in _multicall\n    return outcome.get_result()\n  File \"/home/ubuntu/actions-runner/_work/test-runners-2-is-arm64-postgresql-k8s-operator/test-runners-2-is-arm64-postgresql-k8s-operator/.tox/integration/lib/python3.10/site-packages/pluggy/_result.py\", line 100, in get_result\n    raise exc.with_traceback(exc.__traceback__)\n  File \"/home/ubuntu/actions-runner/_work/test-runners-2-is-arm64-postgresql-k8s-operator/test-runners-2-is-arm64-postgresql-k8s-operator/.tox/integration/lib/python3.10/site-packages/pluggy/_callers.py\", line 167, in _multicall\n    teardown.throw(outcome._exception)\n  File \"/home/ubuntu/actions-runner/_work/test-runners-2-is-arm64-postgresql-k8s-operator/test-runners-2-is-arm64-postgresql-k8s-operator/.tox/integration/lib/python3.10/site-packages/_pytest/threadexception.py\", line 92, in pytest_runtest_call\n    yield from thread_exception_runtest_hook()\n  File \"/home/ubuntu/actions-runner/_work/test-runners-2-is-arm64-postgresql-k8s-operator/test-runners-2-is-arm64-postgresql-k8s-operator/.tox/integration/lib/python3.10/site-packages/_pytest/threadexception.py\", line 68, in thread_exception_runtest_hook\n    yield\n  File \"/home/ubuntu/actions-runner/_work/test-runners-2-is-arm64-postgresql-k8s-operator/test-runners-2-is-arm64-postgresql-k8s-operator/.tox/integration/lib/python3.10/site-packages/pluggy/_callers.py\", line 167, in _multicall\n    teardown.throw(outcome._exception)\n  File \"/home/ubuntu/actions-runner/_work/test-runners-2-is-arm64-postgresql-k8s-operator/test-runners-2-is-arm64-postgresql-k8s-operator/.tox/integration/lib/python3.10/site-packages/_pytest/unraisableexception.py\", line 95, in pytest_runtest_call\n    yield from unraisable_exception_runtest_hook()\n  File \"/home/ubuntu/actions-runner/_work/test-runners-2-is-arm64-postgresql-k8s-operator/test-runners-2-is-arm64-postgresql-k8s-operator/.tox/integration/lib/python3.10/site-packages/_pytest/unraisableexception.py\", line 70, in unraisable_exception_runtest_hook\n    yield\n  File \"/home/ubuntu/actions-runner/_work/test-runners-2-is-arm64-postgresql-k8s-operator/test-runners-2-is-arm64-postgresql-k8s-operator/.tox/integration/lib/python3.10/site-packages/pluggy/_callers.py\", line 167, in _multicall\n    teardown.throw(outcome._exception)\n  File \"/home/ubuntu/actions-runner/_work/test-runners-2-is-arm64-postgresql-k8s-operator/test-runners-2-is-arm64-postgresql-k8s-operator/.tox/integration/lib/python3.10/site-packages/_pytest/logging.py\", line 846, in pytest_runtest_call\n    yield from self._runtest_for(item, \"call\")\n  File \"/home/ubuntu/actions-runner/_work/test-runners-2-is-arm64-postgresql-k8s-operator/test-runners-2-is-arm64-postgresql-k8s-operator/.tox/integration/lib/python3.10/site-packages/_pytest/logging.py\", line 829, in _runtest_for\n    yield\n  File \"/home/ubuntu/actions-runner/_work/test-runners-2-is-arm64-postgresql-k8s-operator/test-runners-2-is-arm64-postgresql-k8s-operator/.tox/integration/lib/python3.10/site-packages/pluggy/_callers.py\", line 167, in _multicall\n    teardown.throw(outcome._exception)\n  File \"/home/ubuntu/actions-runner/_work/test-runners-2-is-arm64-postgresql-k8s-operator/test-runners-2-is-arm64-postgresql-k8s-operator/.tox/integration/lib/python3.10/site-packages/_pytest/capture.py\", line 880, in pytest_runtest_call\n    return (yield)\n  File \"/home/ubuntu/actions-runner/_work/test-runners-2-is-arm64-postgresql-k8s-operator/test-runners-2-is-arm64-postgresql-k8s-operator/.tox/integration/lib/python3.10/site-packages/pluggy/_callers.py\", line 167, in _multicall\n    teardown.throw(outcome._exception)\n  File \"/home/ubuntu/actions-runner/_work/test-runners-2-is-arm64-postgresql-k8s-operator/test-runners-2-is-arm64-postgresql-k8s-operator/.tox/integration/lib/python3.10/site-packages/_pytest/skipping.py\", line 257, in pytest_runtest_call\n    return (yield)\n  File \"/home/ubuntu/actions-runner/_work/test-runners-2-is-arm64-postgresql-k8s-operator/test-runners-2-is-arm64-postgresql-k8s-operator/.tox/integration/lib/python3.10/site-packages/pluggy/_callers.py\", line 103, in _multicall\n    res = hook_impl.function(*args)\n  File \"/home/ubuntu/actions-runner/_work/test-runners-2-is-arm64-postgresql-k8s-operator/test-runners-2-is-arm64-postgresql-k8s-operator/.tox/integration/lib/python3.10/site-packages/_pytest/runner.py\", line 174, in pytest_runtest_call\n    item.runtest()\n  File \"/home/ubuntu/actions-runner/_work/test-runners-2-is-arm64-postgresql-k8s-operator/test-runners-2-is-arm64-postgresql-k8s-operator/.tox/integration/lib/python3.10/site-packages/_pytest/python.py\", line 1627, in runtest\n    self.ihook.pytest_pyfunc_call(pyfuncitem=self)\n  File \"/home/ubuntu/actions-runner/_work/test-runners-2-is-arm64-postgresql-k8s-operator/test-runners-2-is-arm64-postgresql-k8s-operator/.tox/integration/lib/python3.10/site-packages/pluggy/_hooks.py\", line 513, in __call__\n    return self._hookexec(self.name, self._hookimpls.copy(), kwargs, firstresult)\n  File \"/home/ubuntu/actions-runner/_work/test-runners-2-is-arm64-postgresql-k8s-operator/test-runners-2-is-arm64-postgresql-k8s-operator/.tox/integration/lib/python3.10/site-packages/pluggy/_manager.py\", line 120, in _hookexec\n    return self._inner_hookexec(hook_name, methods, kwargs, firstresult)\n  File \"/home/ubuntu/actions-runner/_work/test-runners-2-is-arm64-postgresql-k8s-operator/test-runners-2-is-arm64-postgresql-k8s-operator/.tox/integration/lib/python3.10/site-packages/pluggy/_callers.py\", line 182, in _multicall\n    return outcome.get_result()\n  File \"/home/ubuntu/actions-runner/_work/test-runners-2-is-arm64-postgresql-k8s-operator/test-runners-2-is-arm64-postgresql-k8s-operator/.tox/integration/lib/python3.10/site-packages/pluggy/_result.py\", line 100, in get_result\n    raise exc.with_traceback(exc.__traceback__)\n  File \"/home/ubuntu/actions-runner/_work/test-runners-2-is-arm64-postgresql-k8s-operator/test-runners-2-is-arm64-postgresql-k8s-operator/.tox/integration/lib/python3.10/site-packages/pluggy/_callers.py\", line 103, in _multicall\n    res = hook_impl.function(*args)\n  File \"/home/ubuntu/actions-runner/_work/test-runners-2-is-arm64-postgresql-k8s-operator/test-runners-2-is-arm64-postgresql-k8s-operator/.tox/integration/lib/python3.10/site-packages/_pytest/python.py\", line 159, in pytest_pyfunc_call\n    result = testfunction(**testargs)\n  File \"/home/ubuntu/actions-runner/_work/test-runners-2-is-arm64-postgresql-k8s-operator/test-runners-2-is-arm64-postgresql-k8s-operator/.tox/integration/lib/python3.10/site-packages/pytest_asyncio/plugin.py\", line 529, in inner\n    _loop.run_until_complete(task)\n  File \"/usr/lib/python3.10/asyncio/base_events.py\", line 649, in run_until_complete\n    return future.result()\n  File \"/home/ubuntu/actions-runner/_work/test-runners-2-is-arm64-postgresql-k8s-operator/test-runners-2-is-arm64-postgresql-k8s-operator/tests/integration/test_audit.py\", line 37, in test_audit_plugin\n    connection_string = await build_connection_string(\n  File \"/home/ubuntu/actions-runner/_work/test-runners-2-is-arm64-postgresql-k8s-operator/test-runners-2-is-arm64-postgresql-k8s-operator/tests/integration/new_relations/helpers.py\", line 78, in build_connection_string\n    host = endpoints.split(\",\")[0].split(\":\")[0]\nAttributeError: 'NoneType' object has no attribute 'split'","flaky":false,"newFailed":false,"newBroken":true,"newPassed":false,"retriesCount":1,"retriesStatusChange":true,"beforeStages":[{"name":"event_loop","time":{"start":1732498595139,"stop":1732498595140,"duration":1},"status":"passed","steps":[],"attachments":[],"parameters":[],"stepsCount":0,"shouldDisplayMessage":false,"attachmentsCount":0,"hasContent":false,"attachmentStep":false},{"name":"tmp_path_factory","time":{"start":1732498595140,"stop":1732498595140,"duration":0},"status":"passed","steps":[],"attachments":[],"parameters":[],"stepsCount":0,"shouldDisplayMessage":false,"attachmentsCount":0,"hasContent":false,"attachmentStep":false},{"name":"ops_test","time":{"start":1732498595140,"stop":1732498595667,"duration":527},"status":"passed","steps":[],"attachments":[],"parameters":[],"stepsCount":0,"shouldDisplayMessage":false,"attachmentsCount":0,"hasContent":false,"attachmentStep":false},{"name":"abort_on_fail","time":{"start":1732498595667,"stop":1732498595667,"duration":0},"status":"passed","steps":[],"attachments":[],"parameters":[],"stepsCount":0,"shouldDisplayMessage":false,"attachmentsCount":0,"hasContent":false,"attachmentStep":false}],"testStage":{"description":"Test the audit plugin.","status":"broken","statusMessage":"AttributeError: 'NoneType' object has no attribute 'split'","statusTrace":"Traceback (most recent call last):\n  File \"/home/ubuntu/actions-runner/_work/test-runners-2-is-arm64-postgresql-k8s-operator/test-runners-2-is-arm64-postgresql-k8s-operator/.tox/integration/lib/python3.10/site-packages/_pytest/runner.py\", line 341, in from_call\n    result: TResult | None = func()\n  File \"/home/ubuntu/actions-runner/_work/test-runners-2-is-arm64-postgresql-k8s-operator/test-runners-2-is-arm64-postgresql-k8s-operator/.tox/integration/lib/python3.10/site-packages/_pytest/runner.py\", line 242, in <lambda>\n    lambda: runtest_hook(item=item, **kwds), when=when, reraise=reraise\n  File \"/home/ubuntu/actions-runner/_work/test-runners-2-is-arm64-postgresql-k8s-operator/test-runners-2-is-arm64-postgresql-k8s-operator/.tox/integration/lib/python3.10/site-packages/pluggy/_hooks.py\", line 513, in __call__\n    return self._hookexec(self.name, self._hookimpls.copy(), kwargs, firstresult)\n  File \"/home/ubuntu/actions-runner/_work/test-runners-2-is-arm64-postgresql-k8s-operator/test-runners-2-is-arm64-postgresql-k8s-operator/.tox/integration/lib/python3.10/site-packages/pluggy/_manager.py\", line 120, in _hookexec\n    return self._inner_hookexec(hook_name, methods, kwargs, firstresult)\n  File \"/home/ubuntu/actions-runner/_work/test-runners-2-is-arm64-postgresql-k8s-operator/test-runners-2-is-arm64-postgresql-k8s-operator/.tox/integration/lib/python3.10/site-packages/pluggy/_callers.py\", line 182, in _multicall\n    return outcome.get_result()\n  File \"/home/ubuntu/actions-runner/_work/test-runners-2-is-arm64-postgresql-k8s-operator/test-runners-2-is-arm64-postgresql-k8s-operator/.tox/integration/lib/python3.10/site-packages/pluggy/_result.py\", line 100, in get_result\n    raise exc.with_traceback(exc.__traceback__)\n  File \"/home/ubuntu/actions-runner/_work/test-runners-2-is-arm64-postgresql-k8s-operator/test-runners-2-is-arm64-postgresql-k8s-operator/.tox/integration/lib/python3.10/site-packages/pluggy/_callers.py\", line 167, in _multicall\n    teardown.throw(outcome._exception)\n  File \"/home/ubuntu/actions-runner/_work/test-runners-2-is-arm64-postgresql-k8s-operator/test-runners-2-is-arm64-postgresql-k8s-operator/.tox/integration/lib/python3.10/site-packages/_pytest/threadexception.py\", line 92, in pytest_runtest_call\n    yield from thread_exception_runtest_hook()\n  File \"/home/ubuntu/actions-runner/_work/test-runners-2-is-arm64-postgresql-k8s-operator/test-runners-2-is-arm64-postgresql-k8s-operator/.tox/integration/lib/python3.10/site-packages/_pytest/threadexception.py\", line 68, in thread_exception_runtest_hook\n    yield\n  File \"/home/ubuntu/actions-runner/_work/test-runners-2-is-arm64-postgresql-k8s-operator/test-runners-2-is-arm64-postgresql-k8s-operator/.tox/integration/lib/python3.10/site-packages/pluggy/_callers.py\", line 167, in _multicall\n    teardown.throw(outcome._exception)\n  File \"/home/ubuntu/actions-runner/_work/test-runners-2-is-arm64-postgresql-k8s-operator/test-runners-2-is-arm64-postgresql-k8s-operator/.tox/integration/lib/python3.10/site-packages/_pytest/unraisableexception.py\", line 95, in pytest_runtest_call\n    yield from unraisable_exception_runtest_hook()\n  File \"/home/ubuntu/actions-runner/_work/test-runners-2-is-arm64-postgresql-k8s-operator/test-runners-2-is-arm64-postgresql-k8s-operator/.tox/integration/lib/python3.10/site-packages/_pytest/unraisableexception.py\", line 70, in unraisable_exception_runtest_hook\n    yield\n  File \"/home/ubuntu/actions-runner/_work/test-runners-2-is-arm64-postgresql-k8s-operator/test-runners-2-is-arm64-postgresql-k8s-operator/.tox/integration/lib/python3.10/site-packages/pluggy/_callers.py\", line 167, in _multicall\n    teardown.throw(outcome._exception)\n  File \"/home/ubuntu/actions-runner/_work/test-runners-2-is-arm64-postgresql-k8s-operator/test-runners-2-is-arm64-postgresql-k8s-operator/.tox/integration/lib/python3.10/site-packages/_pytest/logging.py\", line 846, in pytest_runtest_call\n    yield from self._runtest_for(item, \"call\")\n  File \"/home/ubuntu/actions-runner/_work/test-runners-2-is-arm64-postgresql-k8s-operator/test-runners-2-is-arm64-postgresql-k8s-operator/.tox/integration/lib/python3.10/site-packages/_pytest/logging.py\", line 829, in _runtest_for\n    yield\n  File \"/home/ubuntu/actions-runner/_work/test-runners-2-is-arm64-postgresql-k8s-operator/test-runners-2-is-arm64-postgresql-k8s-operator/.tox/integration/lib/python3.10/site-packages/pluggy/_callers.py\", line 167, in _multicall\n    teardown.throw(outcome._exception)\n  File \"/home/ubuntu/actions-runner/_work/test-runners-2-is-arm64-postgresql-k8s-operator/test-runners-2-is-arm64-postgresql-k8s-operator/.tox/integration/lib/python3.10/site-packages/_pytest/capture.py\", line 880, in pytest_runtest_call\n    return (yield)\n  File \"/home/ubuntu/actions-runner/_work/test-runners-2-is-arm64-postgresql-k8s-operator/test-runners-2-is-arm64-postgresql-k8s-operator/.tox/integration/lib/python3.10/site-packages/pluggy/_callers.py\", line 167, in _multicall\n    teardown.throw(outcome._exception)\n  File \"/home/ubuntu/actions-runner/_work/test-runners-2-is-arm64-postgresql-k8s-operator/test-runners-2-is-arm64-postgresql-k8s-operator/.tox/integration/lib/python3.10/site-packages/_pytest/skipping.py\", line 257, in pytest_runtest_call\n    return (yield)\n  File \"/home/ubuntu/actions-runner/_work/test-runners-2-is-arm64-postgresql-k8s-operator/test-runners-2-is-arm64-postgresql-k8s-operator/.tox/integration/lib/python3.10/site-packages/pluggy/_callers.py\", line 103, in _multicall\n    res = hook_impl.function(*args)\n  File \"/home/ubuntu/actions-runner/_work/test-runners-2-is-arm64-postgresql-k8s-operator/test-runners-2-is-arm64-postgresql-k8s-operator/.tox/integration/lib/python3.10/site-packages/_pytest/runner.py\", line 174, in pytest_runtest_call\n    item.runtest()\n  File \"/home/ubuntu/actions-runner/_work/test-runners-2-is-arm64-postgresql-k8s-operator/test-runners-2-is-arm64-postgresql-k8s-operator/.tox/integration/lib/python3.10/site-packages/_pytest/python.py\", line 1627, in runtest\n    self.ihook.pytest_pyfunc_call(pyfuncitem=self)\n  File \"/home/ubuntu/actions-runner/_work/test-runners-2-is-arm64-postgresql-k8s-operator/test-runners-2-is-arm64-postgresql-k8s-operator/.tox/integration/lib/python3.10/site-packages/pluggy/_hooks.py\", line 513, in __call__\n    return self._hookexec(self.name, self._hookimpls.copy(), kwargs, firstresult)\n  File \"/home/ubuntu/actions-runner/_work/test-runners-2-is-arm64-postgresql-k8s-operator/test-runners-2-is-arm64-postgresql-k8s-operator/.tox/integration/lib/python3.10/site-packages/pluggy/_manager.py\", line 120, in _hookexec\n    return self._inner_hookexec(hook_name, methods, kwargs, firstresult)\n  File \"/home/ubuntu/actions-runner/_work/test-runners-2-is-arm64-postgresql-k8s-operator/test-runners-2-is-arm64-postgresql-k8s-operator/.tox/integration/lib/python3.10/site-packages/pluggy/_callers.py\", line 182, in _multicall\n    return outcome.get_result()\n  File \"/home/ubuntu/actions-runner/_work/test-runners-2-is-arm64-postgresql-k8s-operator/test-runners-2-is-arm64-postgresql-k8s-operator/.tox/integration/lib/python3.10/site-packages/pluggy/_result.py\", line 100, in get_result\n    raise exc.with_traceback(exc.__traceback__)\n  File \"/home/ubuntu/actions-runner/_work/test-runners-2-is-arm64-postgresql-k8s-operator/test-runners-2-is-arm64-postgresql-k8s-operator/.tox/integration/lib/python3.10/site-packages/pluggy/_callers.py\", line 103, in _multicall\n    res = hook_impl.function(*args)\n  File \"/home/ubuntu/actions-runner/_work/test-runners-2-is-arm64-postgresql-k8s-operator/test-runners-2-is-arm64-postgresql-k8s-operator/.tox/integration/lib/python3.10/site-packages/_pytest/python.py\", line 159, in pytest_pyfunc_call\n    result = testfunction(**testargs)\n  File \"/home/ubuntu/actions-runner/_work/test-runners-2-is-arm64-postgresql-k8s-operator/test-runners-2-is-arm64-postgresql-k8s-operator/.tox/integration/lib/python3.10/site-packages/pytest_asyncio/plugin.py\", line 529, in inner\n    _loop.run_until_complete(task)\n  File \"/usr/lib/python3.10/asyncio/base_events.py\", line 649, in run_until_complete\n    return future.result()\n  File \"/home/ubuntu/actions-runner/_work/test-runners-2-is-arm64-postgresql-k8s-operator/test-runners-2-is-arm64-postgresql-k8s-operator/tests/integration/test_audit.py\", line 37, in test_audit_plugin\n    connection_string = await build_connection_string(\n  File \"/home/ubuntu/actions-runner/_work/test-runners-2-is-arm64-postgresql-k8s-operator/test-runners-2-is-arm64-postgresql-k8s-operator/tests/integration/new_relations/helpers.py\", line 78, in build_connection_string\n    host = endpoints.split(\",\")[0].split(\":\")[0]\nAttributeError: 'NoneType' object has no attribute 'split'","steps":[],"attachments":[{"uid":"f060f700ab0e195b","name":"log","source":"f060f700ab0e195b.txt","type":"text/plain","size":3452}],"parameters":[],"stepsCount":0,"shouldDisplayMessage":true,"attachmentsCount":1,"hasContent":true,"attachmentStep":false},"afterStages":[{"name":"abort_on_fail::0","time":{"start":1732499072413,"stop":1732499072413,"duration":0},"status":"passed","steps":[],"attachments":[],"parameters":[],"stepsCount":0,"shouldDisplayMessage":false,"attachmentsCount":0,"hasContent":false,"attachmentStep":false},{"name":"ops_test::finalizer","time":{"start":1732499072414,"stop":1732499073064,"duration":650},"status":"passed","steps":[],"attachments":[],"parameters":[],"stepsCount":0,"shouldDisplayMessage":false,"attachmentsCount":0,"hasContent":false,"attachmentStep":false},{"name":"event_loop::2","time":{"start":1732499073066,"stop":1732499073066,"duration":0},"status":"passed","steps":[],"attachments":[],"parameters":[],"stepsCount":0,"shouldDisplayMessage":false,"attachmentsCount":0,"hasContent":false,"attachmentStep":false},{"name":"event_loop::_close_event_loop","time":{"start":1732499073066,"stop":1732499073066,"duration":0},"status":"passed","steps":[],"attachments":[],"parameters":[],"stepsCount":0,"shouldDisplayMessage":false,"attachmentsCount":0,"hasContent":false,"attachmentStep":false},{"name":"event_loop::_provide_clean_event_loop","time":{"start":1732499073066,"stop":1732499073066,"duration":0},"status":"passed","steps":[],"attachments":[],"parameters":[],"stepsCount":0,"shouldDisplayMessage":false,"attachmentsCount":0,"hasContent":false,"attachmentStep":false}],"labels":[{"name":"tag","value":"abort_on_fail"},{"name":"tag","value":"group(1)"},{"name":"tag","value":"asyncio"},{"name":"parentSuite","value":"tests.integration"},{"name":"suite","value":"test_audit"},{"name":"host","value":"github-runner"},{"name":"thread","value":"40101-MainThread"},{"name":"framework","value":"pytest"},{"name":"language","value":"cpython3"},{"name":"package","value":"tests.integration.test_audit"},{"name":"resultFormat","value":"allure2"}],"parameters":[],"links":[],"hidden":false,"retry":false,"extra":{"severity":"normal","retries":[{"uid":"46fbc9aeec3c9212","status":"unknown","time":{}}],"categories":[{"name":"Test defects","matchedStatuses":[],"flaky":false}],"history":{"statistic":{"failed":0,"broken":23,"skipped":0,"passed":35,"unknown":3,"total":61},"items":[{"uid":"8ca1634bf47dc484","reportUrl":"../247//#testresult/8ca1634bf47dc484","status":"unknown","time":{}},{"uid":"1ecd86ae59bf03a8","reportUrl":"../246//#testresult/1ecd86ae59bf03a8","status":"passed","time":{"start":1732325943602,"stop":1732326796813,"duration":853211}},{"uid":"48da7629896ccc59","reportUrl":"../245//#testresult/48da7629896ccc59","status":"passed","time":{"start":1732239127768,"stop":1732239402677,"duration":274909}},{"uid":"986c8ee418d54850","reportUrl":"../244//#testresult/986c8ee418d54850","status":"unknown","time":{}},{"uid":"5480a047d29a9cfc","reportUrl":"../243//#testresult/5480a047d29a9cfc","status":"broken","statusDetails":"AttributeError: 'NoneType' object has no attribute 'split'","time":{"start":1732066465640,"stop":1732066615868,"duration":150228}},{"uid":"654f00821c4255ef","reportUrl":"../242//#testresult/654f00821c4255ef","status":"broken","statusDetails":"AttributeError: 'NoneType' object has no attribute 'split'","time":{"start":1731979958354,"stop":1731980384384,"duration":426030}},{"uid":"47e85590ec10e0cd","reportUrl":"../241//#testresult/47e85590ec10e0cd","status":"broken","statusDetails":"AttributeError: 'NoneType' object has no attribute 'split'","time":{"start":1731893711062,"stop":1731894497249,"duration":786187}},{"uid":"1f4339a023531fb4","reportUrl":"../240//#testresult/1f4339a023531fb4","status":"passed","time":{"start":1731807336059,"stop":1731807623318,"duration":287259}},{"uid":"61db1113f652c43","reportUrl":"../239//#testresult/61db1113f652c43","status":"passed","time":{"start":1731720774910,"stop":1731721036150,"duration":261240}},{"uid":"12c32b7eeb2f51b","reportUrl":"../238//#testresult/12c32b7eeb2f51b","status":"passed","time":{"start":1731634460163,"stop":1731634750678,"duration":290515}},{"uid":"eab6f9aaa3d1b4db","reportUrl":"../237//#testresult/eab6f9aaa3d1b4db","status":"passed","time":{"start":1731548056884,"stop":1731548347190,"duration":290306}},{"uid":"e1bb5241ef4fb6c","reportUrl":"../236//#testresult/e1bb5241ef4fb6c","status":"passed","time":{"start":1731461567688,"stop":1731461851751,"duration":284063}},{"uid":"d77df82c057f78af","reportUrl":"../235//#testresult/d77df82c057f78af","status":"broken","statusDetails":"AttributeError: 'NoneType' object has no attribute 'split'","time":{"start":1731375397401,"stop":1731375853730,"duration":456329}},{"uid":"e4eca91a3a78ce8f","reportUrl":"../234//#testresult/e4eca91a3a78ce8f","status":"passed","time":{"start":1731288988820,"stop":1731289408504,"duration":419684}},{"uid":"8ebac1e04e8ae43c","reportUrl":"../233//#testresult/8ebac1e04e8ae43c","status":"passed","time":{"start":1731202526996,"stop":1731202798992,"duration":271996}},{"uid":"2db39ed2faacc941","reportUrl":"../232//#testresult/2db39ed2faacc941","status":"passed","time":{"start":1731115891739,"stop":1731116108884,"duration":217145}},{"uid":"7435175cfa850f9d","reportUrl":"../231//#testresult/7435175cfa850f9d","status":"passed","time":{"start":1731059134202,"stop":1731059410270,"duration":276068}},{"uid":"42e90c5284a551c3","reportUrl":"../230//#testresult/42e90c5284a551c3","status":"passed","time":{"start":1730943341350,"stop":1730943644613,"duration":303263}},{"uid":"9b34257b97a2aa6b","reportUrl":"../229//#testresult/9b34257b97a2aa6b","status":"passed","time":{"start":1730856744490,"stop":1730857264957,"duration":520467}},{"uid":"b1a65e7fe7511ed8","reportUrl":"../228//#testresult/b1a65e7fe7511ed8","status":"broken","statusDetails":"AttributeError: 'NoneType' object has no attribute 'split'","time":{"start":1730770583373,"stop":1730771030316,"duration":446943}}]},"tags":["asyncio","abort_on_fail","group(1)"]},"source":"45c08d55dffe4bf3.json","parameterValues":[]}